<?xml version="1.0" encoding="UTF-8"?>
<!-- Generated by org.testng.reporters.JUnitReportReporter -->
<testsuite hostname="QA001Ohio" failures="1" tests="12" name="com.hrsoft.test.compensation.ReviewingPageTestSuite" time="720.798" errors="0" timestamp="2023-08-02T15:02:58 UTC" skipped="4">
  <testcase classname="com.hrsoft.test.compensation.ReviewingPageTestSuite" name="SM161161B_Compensation_CompensationReview_SubmitRejectRollupGroup" time="90.710"/>
  <testcase classname="com.hrsoft.test.compensation.ReviewingPageTestSuite" name="SM_168_CompensationCompareBudgetValuesWithBelowSection" time="37.478"/>
  <testcase classname="com.hrsoft.test.compensation.ReviewingPageTestSuite" name="SM_166_CompensationReview_perfromDrillDownDrillupOperations" time="45.379">
    <skipped/>
  </testcase> <!-- SM_166_CompensationReview_perfromDrillDownDrillupOperations -->
  <testcase classname="com.hrsoft.test.compensation.ReviewingPageTestSuite" name="SM_16_CompViewReviewPage_PlanningPaginationAndScrolling" time="66.769">
    <failure message="expected [true] but found [false]" type="java.lang.AssertionError">
      <![CDATA[java.lang.AssertionError: expected [true] but found [false]
at org.testng.Assert.fail(Assert.java:111)
at org.testng.Assert.failNotEquals(Assert.java:1578)
at org.testng.Assert.assertTrue(Assert.java:57)
at org.testng.Assert.assertTrue(Assert.java:67)
at com.hrsoft.gui.compensation.PlanningPage.selectGroup(PlanningPage.java:90)
at com.hrsoft.test.compensation.ReviewingPageTestSuite.SM_16_CompViewReviewPage_PlanningPaginationAndScrolling(ReviewingPageTestSuite.java:214)
at java.base/jdk.internal.reflect.NativeMethodAccessorImpl.invoke0(Native Method)
at java.base/jdk.internal.reflect.NativeMethodAccessorImpl.invoke(NativeMethodAccessorImpl.java:77)
at java.base/jdk.internal.reflect.DelegatingMethodAccessorImpl.invoke(DelegatingMethodAccessorImpl.java:43)
at java.base/java.lang.reflect.Method.invoke(Method.java:568)
at org.testng.internal.invokers.MethodInvocationHelper.invokeMethod(MethodInvocationHelper.java:139)
at org.testng.internal.invokers.TestInvoker.invokeMethod(TestInvoker.java:664)
at org.testng.internal.invokers.TestInvoker.invokeTestMethod(TestInvoker.java:227)
at org.testng.internal.invokers.MethodRunner.runInSequence(MethodRunner.java:50)
at org.testng.internal.invokers.TestInvoker$MethodInvocationAgent.invoke(TestInvoker.java:957)
at org.testng.internal.invokers.TestInvoker.invokeTestMethods(TestInvoker.java:200)
at org.testng.internal.invokers.TestMethodWorker.invokeTestMethods(TestMethodWorker.java:148)
at org.testng.internal.invokers.TestMethodWorker.run(TestMethodWorker.java:128)
at java.base/java.util.ArrayList.forEach(ArrayList.java:1511)
at org.testng.TestRunner.privateRun(TestRunner.java:848)
at org.testng.TestRunner.run(TestRunner.java:621)
at org.testng.SuiteRunner.runTest(SuiteRunner.java:443)
at org.testng.SuiteRunner.runSequentially(SuiteRunner.java:437)
at org.testng.SuiteRunner.privateRun(SuiteRunner.java:397)
at org.testng.SuiteRunner.run(SuiteRunner.java:336)
at org.testng.SuiteRunnerWorker.runSuite(SuiteRunnerWorker.java:52)
at org.testng.SuiteRunnerWorker.run(SuiteRunnerWorker.java:95)
at org.testng.TestNG.runSuitesSequentially(TestNG.java:1280)
at org.testng.TestNG.runSuitesLocally(TestNG.java:1200)
at org.testng.TestNG.runSuites(TestNG.java:1114)
at org.testng.TestNG.run(TestNG.java:1082)
at org.testng.remote.AbstractRemoteTestNG.run(AbstractRemoteTestNG.java:115)
at org.testng.remote.RemoteTestNG.initAndRun(RemoteTestNG.java:251)
at org.testng.remote.RemoteTestNG.main(RemoteTestNG.java:77)
]]>
    </failure>
  </testcase> <!-- SM_16_CompViewReviewPage_PlanningPaginationAndScrolling -->
  <testcase classname="com.hrsoft.test.compensation.ReviewingPageTestSuite" name="SM_167_CompensationVerifyTopGrpValueEqualsToSumOfBelowGrpValues" time="37.088"/>
  <testcase classname="com.hrsoft.test.compensation.ReviewingPageTestSuite" name="SM_160_CompensationReview_CannotSubmitGroupWhenThereIsRedAlert" time="46.113">
    <skipped/>
  </testcase> <!-- SM_160_CompensationReview_CannotSubmitGroupWhenThereIsRedAlert -->
  <testcase classname="com.hrsoft.test.compensation.ReviewingPageTestSuite" name="SM162A_CompensationReview_WithdrawDirectGroupFunctionality" time="63.428"/>
  <testcase classname="com.hrsoft.test.compensation.ReviewingPageTestSuite" name="SM161A_CompensationReview_WithdrawRollupGroupFunctionality" time="91.826"/>
  <testcase classname="com.hrsoft.test.compensation.ReviewingPageTestSuite" name="SM_169_CompensationReview_VerifyBudgetValuesShouldChangeOnGroupsSwitch" time="44.061">
    <skipped/>
  </testcase> <!-- SM_169_CompensationReview_VerifyBudgetValuesShouldChangeOnGroupsSwitch -->
  <testcase classname="com.hrsoft.test.compensation.ReviewingPageTestSuite" name="SM_170_CompensationReview_VerifyGroupValuesShouldChangeOnGroupsSwitch" time="42.860">
    <skipped/>
  </testcase> <!-- SM_170_CompensationReview_VerifyGroupValuesShouldChangeOnGroupsSwitch -->
  <testcase classname="com.hrsoft.test.compensation.ReviewingPageTestSuite" name="SM_156_165_Compensation_ReviewPageClickOperationAndAddingNoteFunctionality" time="64.051"/>
  <testcase classname="com.hrsoft.test.compensation.ReviewingPageTestSuite" name="SM162162B_CompensationReview_SubmitRejectDirectGroupFunctionality" time="91.035"/>
</testsuite> <!-- com.hrsoft.test.compensation.ReviewingPageTestSuite -->
