<?xml version="1.0" encoding="UTF-8"?>
<!-- Generated by org.testng.reporters.JUnitReportReporter -->
<testsuite hostname="QA001Ohio" failures="1" tests="54" name="com.hrsoft.test.datamanagement.FileFeedTestSuite" time="3003.647" errors="5" timestamp="2023-08-02T15:02:58 UTC" skipped="26">
  <testcase classname="com.hrsoft.test.datamanagement.FileFeedTestSuite" name="SM_UMEI_FILE_02_UMEI_validCommonDemographicFileShouldBeImportedSuccessfully" time="120.468"/>
  <testcase classname="com.hrsoft.test.datamanagement.FileFeedTestSuite" name="SM_UMEI_FILE_47_UMEI_validP4PDemographicFileShouldBeImportedSuccessfully" time="121.434"/>
  <testcase classname="com.hrsoft.test.datamanagement.FileFeedTestSuite" name="SM_UMEI_FILE_33_UMEI_validateShouldFailForMultipleTopLevelManagers" time="1.953">
    <skipped/>
  </testcase> <!-- SM_UMEI_FILE_33_UMEI_validateShouldFailForMultipleTopLevelManagers -->
  <testcase classname="com.hrsoft.test.datamanagement.FileFeedTestSuite" name="SM_UMEI_FILE_14_UMEI_feedConfigurationShouldBeEditable" time="51.291"/>
  <testcase classname="com.hrsoft.test.datamanagement.FileFeedTestSuite" name="SM_UMEI_FILE_53_UMEI_validateAndImportShouldFailForMaxThresholdError" time="2.186">
    <skipped/>
  </testcase> <!-- SM_UMEI_FILE_53_UMEI_validateAndImportShouldFailForMaxThresholdError -->
  <testcase classname="com.hrsoft.test.datamanagement.FileFeedTestSuite" name="SM_UMEI_FILE_16_UMEI_feedValidationsShouldBeEditable" time="80.485"/>
  <testcase classname="com.hrsoft.test.datamanagement.FileFeedTestSuite" name="SM_UMEI_FILE_43_UMEI_validateShouldFailForUserRoleFileInvalidRole" time="2.404">
    <skipped/>
  </testcase> <!-- SM_UMEI_FILE_43_UMEI_validateShouldFailForUserRoleFileInvalidRole -->
  <testcase classname="com.hrsoft.test.datamanagement.FileFeedTestSuite" name="SM_UMEI_FILE_45_UMEI_periodFactorFormatValuesShouldBeImportedSuccessfully" time="2.408">
    <skipped/>
  </testcase> <!-- SM_UMEI_FILE_45_UMEI_periodFactorFormatValuesShouldBeImportedSuccessfully -->
  <testcase classname="com.hrsoft.test.datamanagement.FileFeedTestSuite" name="SM_UMEI_FILE_51_UMEI_validateShouldFailForFILTERPOOLNAMEFilter" time="2.180">
    <skipped/>
  </testcase> <!-- SM_UMEI_FILE_51_UMEI_validateShouldFailForFILTERPOOLNAMEFilter -->
  <testcase classname="com.hrsoft.test.datamanagement.FileFeedTestSuite" name="SM_UMEI_FILE_32_UMEI_dataFileDropDownListShouldBeProductSpecific" time="2.140">
    <skipped/>
  </testcase> <!-- SM_UMEI_FILE_32_UMEI_dataFileDropDownListShouldBeProductSpecific -->
  <testcase classname="com.hrsoft.test.datamanagement.FileFeedTestSuite" name="SM_UMEI_FILE_38_UMEI_previewShouldContainErrorRowsOnTop" time="2.286">
    <skipped/>
  </testcase> <!-- SM_UMEI_FILE_38_UMEI_previewShouldContainErrorRowsOnTop -->
  <testcase classname="com.hrsoft.test.datamanagement.FileFeedTestSuite" name="SM_UMEI_FILE_26_UMEI_validateShouldFailForMANDATORYFILTERNAME_Filter" time="98.716">
    <error message="Expected condition failed: waiting for visibility of element located by By.xpath: //div[contains(@class,&#039;modal_DEFAULT_window&#039;)]//button[@class=&#039;bootbox-close-button close&#039;] (tried for 10 second(s) with 500 milliseconds interval)
Build info: version: &#039;4.10.0&#039;, revision: &#039;c14d967899&#039;
System info: os.name: &#039;Windows Server 2022&#039;, os.arch: &#039;amd64&#039;, os.version: &#039;10.0&#039;, java.version: &#039;17.0.7&#039;
Driver info: org.openqa.selenium.edge.EdgeDriver
Capabilities {acceptInsecureCerts: false, browserName: msedge, browserVersion: 115.0.1901.188, ms:edgeOptions: {debuggerAddress: localhost:49165}, msedge: {msedgedriverVersion: 115.0.1901.188 (b51b39339c4..., userDataDir: C:\Users\KIRAN~1.YAJ\AppDat...}, networkConnectionEnabled: false, pageLoadStrategy: normal, platformName: windows, proxy: Proxy(), se:cdp: ws://localhost:49165/devtoo..., se:cdpVersion: 115.0.1901.188, setWindowRect: true, strictFileInteractability: false, timeouts: {implicit: 0, pageLoad: 300000, script: 30000}, unhandledPromptBehavior: dismiss and notify, webauthn:extension:credBlob: true, webauthn:extension:largeBlob: true, webauthn:extension:minPinLength: true, webauthn:extension:prf: true, webauthn:virtualAuthenticators: true}
Session ID: 96f40af56df0e225b58240af7f5b9c4c" type="org.openqa.selenium.TimeoutException">
      <![CDATA[org.openqa.selenium.TimeoutException: Expected condition failed: waiting for visibility of element located by By.xpath: //div[contains(@class,'modal_DEFAULT_window')]//button[@class='bootbox-close-button close'] (tried for 10 second(s) with 500 milliseconds interval)
Build info: version: '4.10.0', revision: 'c14d967899'
System info: os.name: 'Windows Server 2022', os.arch: 'amd64', os.version: '10.0', java.version: '17.0.7'
Driver info: org.openqa.selenium.edge.EdgeDriver
Capabilities {acceptInsecureCerts: false, browserName: msedge, browserVersion: 115.0.1901.188, ms:edgeOptions: {debuggerAddress: localhost:49165}, msedge: {msedgedriverVersion: 115.0.1901.188 (b51b39339c4..., userDataDir: C:\Users\KIRAN~1.YAJ\AppDat...}, networkConnectionEnabled: false, pageLoadStrategy: normal, platformName: windows, proxy: Proxy(), se:cdp: ws://localhost:49165/devtoo..., se:cdpVersion: 115.0.1901.188, setWindowRect: true, strictFileInteractability: false, timeouts: {implicit: 0, pageLoad: 300000, script: 30000}, unhandledPromptBehavior: dismiss and notify, webauthn:extension:credBlob: true, webauthn:extension:largeBlob: true, webauthn:extension:minPinLength: true, webauthn:extension:prf: true, webauthn:virtualAuthenticators: true}
Session ID: 96f40af56df0e225b58240af7f5b9c4c
at org.openqa.selenium.support.ui.WebDriverWait.timeoutException(WebDriverWait.java:84)
at org.openqa.selenium.support.ui.FluentWait.until(FluentWait.java:230)
at com.hrsoft.utils.seleniumfy.BasePage.waitForElementVisible(BasePage.java:407)
at com.hrsoft.utils.seleniumfy.BasePage.waitForElementVisible(BasePage.java:385)
at com.hrsoft.utils.seleniumfy.BasePage.click(BasePage.java:615)
at com.hrsoft.gui.cloudadmin.DataManagementPage.closePopup(DataManagementPage.java:159)
at com.hrsoft.test.datamanagement.FileFeedTestSuite.SM_UMEI_FILE_26_UMEI_validateShouldFailForMANDATORYFILTERNAME_Filter(FileFeedTestSuite.java:1475)
at java.base/jdk.internal.reflect.NativeMethodAccessorImpl.invoke0(Native Method)
at java.base/jdk.internal.reflect.NativeMethodAccessorImpl.invoke(NativeMethodAccessorImpl.java:77)
at java.base/jdk.internal.reflect.DelegatingMethodAccessorImpl.invoke(DelegatingMethodAccessorImpl.java:43)
at java.base/java.lang.reflect.Method.invoke(Method.java:568)
at org.testng.internal.invokers.MethodInvocationHelper.invokeMethod(MethodInvocationHelper.java:139)
at org.testng.internal.invokers.TestInvoker.invokeMethod(TestInvoker.java:664)
at org.testng.internal.invokers.TestInvoker.invokeTestMethod(TestInvoker.java:227)
at org.testng.internal.invokers.MethodRunner.runInSequence(MethodRunner.java:50)
at org.testng.internal.invokers.TestInvoker$MethodInvocationAgent.invoke(TestInvoker.java:957)
at org.testng.internal.invokers.TestInvoker.invokeTestMethods(TestInvoker.java:200)
at org.testng.internal.invokers.TestMethodWorker.invokeTestMethods(TestMethodWorker.java:148)
at org.testng.internal.invokers.TestMethodWorker.run(TestMethodWorker.java:128)
at java.base/java.util.ArrayList.forEach(ArrayList.java:1511)
at org.testng.TestRunner.privateRun(TestRunner.java:848)
at org.testng.TestRunner.run(TestRunner.java:621)
at org.testng.SuiteRunner.runTest(SuiteRunner.java:443)
at org.testng.SuiteRunner.runSequentially(SuiteRunner.java:437)
at org.testng.SuiteRunner.privateRun(SuiteRunner.java:397)
at org.testng.SuiteRunner.run(SuiteRunner.java:336)
at org.testng.SuiteRunnerWorker.runSuite(SuiteRunnerWorker.java:52)
at org.testng.SuiteRunnerWorker.run(SuiteRunnerWorker.java:95)
at org.testng.TestNG.runSuitesSequentially(TestNG.java:1280)
at org.testng.TestNG.runSuitesLocally(TestNG.java:1200)
at org.testng.TestNG.runSuites(TestNG.java:1114)
at org.testng.TestNG.run(TestNG.java:1082)
at org.testng.remote.AbstractRemoteTestNG.run(AbstractRemoteTestNG.java:115)
at org.testng.remote.RemoteTestNG.initAndRun(RemoteTestNG.java:251)
at org.testng.remote.RemoteTestNG.main(RemoteTestNG.java:77)
]]>
    </error>
  </testcase> <!-- SM_UMEI_FILE_26_UMEI_validateShouldFailForMANDATORYFILTERNAME_Filter -->
  <testcase classname="com.hrsoft.test.datamanagement.FileFeedTestSuite" name="SM_UMEI_FILE_37_UMEI_feedFileShouldThrowErrorForMaxColumnPercentThreshold" time="2.007">
    <skipped/>
  </testcase> <!-- SM_UMEI_FILE_37_UMEI_feedFileShouldThrowErrorForMaxColumnPercentThreshold -->
  <testcase classname="com.hrsoft.test.datamanagement.FileFeedTestSuite" name="SM_UMEI_FILE_42_UMEI_userRoleFileShouldBeImportedSuccessfully" time="2.346">
    <skipped/>
  </testcase> <!-- SM_UMEI_FILE_42_UMEI_userRoleFileShouldBeImportedSuccessfully -->
  <testcase classname="com.hrsoft.test.datamanagement.FileFeedTestSuite" name="SM_UMEI_FILE_28_UMEI_importShouldFail" time="2.618">
    <skipped/>
  </testcase> <!-- SM_UMEI_FILE_28_UMEI_importShouldFail -->
  <testcase classname="com.hrsoft.test.datamanagement.FileFeedTestSuite" name="SM_UMEI_FILE_36_UMEI_feedFileShouldThrowErrorForMissingRowData" time="2.332">
    <skipped/>
  </testcase> <!-- SM_UMEI_FILE_36_UMEI_feedFileShouldThrowErrorForMissingRowData -->
  <testcase classname="com.hrsoft.test.datamanagement.FileFeedTestSuite" name="SM_UMEI_FILE_04_UMEI_validCoPlannerFileShouldBeImportedSuccessfully" time="124.609"/>
  <testcase classname="com.hrsoft.test.datamanagement.FileFeedTestSuite" name="SM_UMEI_FILE_40_userAbleToSeeDetailsLogGridInStatusReports" time="2.121">
    <skipped/>
  </testcase> <!-- SM_UMEI_FILE_40_userAbleToSeeDetailsLogGridInStatusReports -->
  <testcase classname="com.hrsoft.test.datamanagement.FileFeedTestSuite" name="SM_UMEI_FILE_10_UMEI_previewValidateAndImportShouldFailForFileWithHeaderOnly" time="200.335"/>
  <testcase classname="com.hrsoft.test.datamanagement.FileFeedTestSuite" name="SM_UMEI_FILE_22_UMEI_importShouldBeSuccessForPartialMode" time="324.019"/>
  <testcase classname="com.hrsoft.test.datamanagement.FileFeedTestSuite" name="SM_UMEI_FILE_13_UMEI_previewValidateAndImportShouldFailForFileNameMismatch" time="32.471"/>
  <testcase classname="com.hrsoft.test.datamanagement.FileFeedTestSuite" name="SM_UMEI_FILE_07_UMEI_previewShouldPassButValidateAndImportShouldFailForInValidDateFormat" time="131.291"/>
  <testcase classname="com.hrsoft.test.datamanagement.FileFeedTestSuite" name="SM_UMEI_FILE_31_UMEI_productDropDownListShouldBeClientSpecific" time="2.241">
    <skipped/>
  </testcase> <!-- SM_UMEI_FILE_31_UMEI_productDropDownListShouldBeClientSpecific -->
  <testcase classname="com.hrsoft.test.datamanagement.FileFeedTestSuite" name="SM_UMEI_FILE_24_UMEI_dataValidationShouldThrowParseError" time="52.096"/>
  <testcase classname="com.hrsoft.test.datamanagement.FileFeedTestSuite" name="SM_UMEI_FILE_15_UMEI_feedFieldMappingShouldBeEditable" time="50.775">
    <failure message="Unable to save Feed Field Format" type="java.lang.AssertionError">
      <![CDATA[java.lang.AssertionError: Unable to save Feed Field Format
at org.testng.Assert.fail(Assert.java:111)
at com.hrsoft.test.datamanagement.FileFeedTestSuite.SM_UMEI_FILE_15_UMEI_feedFieldMappingShouldBeEditable(FileFeedTestSuite.java:724)
at java.base/jdk.internal.reflect.NativeMethodAccessorImpl.invoke0(Native Method)
at java.base/jdk.internal.reflect.NativeMethodAccessorImpl.invoke(NativeMethodAccessorImpl.java:77)
at java.base/jdk.internal.reflect.DelegatingMethodAccessorImpl.invoke(DelegatingMethodAccessorImpl.java:43)
at java.base/java.lang.reflect.Method.invoke(Method.java:568)
at org.testng.internal.invokers.MethodInvocationHelper.invokeMethod(MethodInvocationHelper.java:139)
at org.testng.internal.invokers.TestInvoker.invokeMethod(TestInvoker.java:664)
at org.testng.internal.invokers.TestInvoker.invokeTestMethod(TestInvoker.java:227)
at org.testng.internal.invokers.MethodRunner.runInSequence(MethodRunner.java:50)
at org.testng.internal.invokers.TestInvoker$MethodInvocationAgent.invoke(TestInvoker.java:957)
at org.testng.internal.invokers.TestInvoker.invokeTestMethods(TestInvoker.java:200)
at org.testng.internal.invokers.TestMethodWorker.invokeTestMethods(TestMethodWorker.java:148)
at org.testng.internal.invokers.TestMethodWorker.run(TestMethodWorker.java:128)
at java.base/java.util.ArrayList.forEach(ArrayList.java:1511)
at org.testng.TestRunner.privateRun(TestRunner.java:848)
at org.testng.TestRunner.run(TestRunner.java:621)
at org.testng.SuiteRunner.runTest(SuiteRunner.java:443)
at org.testng.SuiteRunner.runSequentially(SuiteRunner.java:437)
at org.testng.SuiteRunner.privateRun(SuiteRunner.java:397)
at org.testng.SuiteRunner.run(SuiteRunner.java:336)
at org.testng.SuiteRunnerWorker.runSuite(SuiteRunnerWorker.java:52)
at org.testng.SuiteRunnerWorker.run(SuiteRunnerWorker.java:95)
at org.testng.TestNG.runSuitesSequentially(TestNG.java:1280)
at org.testng.TestNG.runSuitesLocally(TestNG.java:1200)
at org.testng.TestNG.runSuites(TestNG.java:1114)
at org.testng.TestNG.run(TestNG.java:1082)
at org.testng.remote.AbstractRemoteTestNG.run(AbstractRemoteTestNG.java:115)
at org.testng.remote.RemoteTestNG.initAndRun(RemoteTestNG.java:251)
at org.testng.remote.RemoteTestNG.main(RemoteTestNG.java:77)
]]>
    </failure>
  </testcase> <!-- SM_UMEI_FILE_15_UMEI_feedFieldMappingShouldBeEditable -->
  <testcase classname="com.hrsoft.test.datamanagement.FileFeedTestSuite" name="SM_UMEI_FILE_29_UMEI_previewAndImportShouldWorkIfValidationErrorIsLessThanThresholdElseAbort" time="2.028">
    <skipped/>
  </testcase> <!-- SM_UMEI_FILE_29_UMEI_previewAndImportShouldWorkIfValidationErrorIsLessThanThresholdElseAbort -->
  <testcase classname="com.hrsoft.test.datamanagement.FileFeedTestSuite" name="setup" time="4.853">
    <error message="Could not start a new session. Response code 500. Message: session not created
from no such execution context: loader has changed while resolving nodes
  (Session info: MicrosoftEdge=115.0.1901.188) 
Host info: host: &#039;QA001OHIO&#039;, ip: &#039;10.42.252.37&#039;
Build info: version: &#039;4.10.0&#039;, revision: &#039;c14d967899&#039;
System info: os.name: &#039;Windows Server 2022&#039;, os.arch: &#039;amd64&#039;, os.version: &#039;10.0&#039;, java.version: &#039;17.0.7&#039;
Driver info: org.openqa.selenium.edge.EdgeDriver
Command: [null, newSession {capabilities=[Capabilities {browserName: MicrosoftEdge, ms:edgeOptions: {args: [--remote-allow-origins=*, --disable-notifications, --disable-extensions, --start-maximized], excludeSwitches: [load-extension, enable-automation], extensions: [], prefs: {credentials_enable_service: false, profile.password_manager_enabled: false}}}]}]" type="org.openqa.selenium.SessionNotCreatedException">
      <![CDATA[org.openqa.selenium.SessionNotCreatedException: Could not start a new session. Response code 500. Message: session not created
from no such execution context: loader has changed while resolving nodes
  (Session info: MicrosoftEdge=115.0.1901.188) 
Host info: host: 'QA001OHIO', ip: '10.42.252.37'
Build info: version: '4.10.0', revision: 'c14d967899'
System info: os.name: 'Windows Server 2022', os.arch: 'amd64', os.version: '10.0', java.version: '17.0.7'
Driver info: org.openqa.selenium.edge.EdgeDriver
Command: [null, newSession {capabilities=[Capabilities {browserName: MicrosoftEdge, ms:edgeOptions: {args: [--remote-allow-origins=*, --disable-notifications, --disable-extensions, --start-maximized], excludeSwitches: [load-extension, enable-automation], extensions: [], prefs: {credentials_enable_service: false, profile.password_manager_enabled: false}}}]}]
at org.openqa.selenium.remote.ProtocolHandshake.createSession(ProtocolHandshake.java:140)
at org.openqa.selenium.remote.ProtocolHandshake.createSession(ProtocolHandshake.java:96)
at org.openqa.selenium.remote.ProtocolHandshake.createSession(ProtocolHandshake.java:68)
at org.openqa.selenium.remote.HttpCommandExecutor.execute(HttpCommandExecutor.java:163)
at org.openqa.selenium.remote.service.DriverCommandExecutor.invokeExecute(DriverCommandExecutor.java:196)
at org.openqa.selenium.remote.service.DriverCommandExecutor.execute(DriverCommandExecutor.java:171)
at org.openqa.selenium.remote.RemoteWebDriver.execute(RemoteWebDriver.java:531)
at org.openqa.selenium.remote.RemoteWebDriver.startSession(RemoteWebDriver.java:227)
at org.openqa.selenium.remote.RemoteWebDriver.<init>(RemoteWebDriver.java:154)
at org.openqa.selenium.chromium.ChromiumDriver.<init>(ChromiumDriver.java:107)
at org.openqa.selenium.edge.EdgeDriver.<init>(EdgeDriver.java:59)
at org.openqa.selenium.edge.EdgeDriver.<init>(EdgeDriver.java:55)
at org.openqa.selenium.edge.EdgeDriver.<init>(EdgeDriver.java:47)
at com.hrsoft.driver.manager.web.local.EdgeManager.getDriver(EdgeManager.java:33)
at com.hrsoft.driver.factory.web.local.LocalDriverFactory.getDriver(LocalDriverFactory.java:28)
at com.hrsoft.driver.implement.LocalWebDriveImp.getDriver(LocalWebDriveImp.java:14)
at com.hrsoft.driver.Driver.initDriverWeb(Driver.java:20)
at com.hrsoft.test.setuphelpers.WebBaseTest.setup(WebBaseTest.java:36)
at jdk.internal.reflect.GeneratedMethodAccessor9.invoke(Unknown Source)
at java.base/jdk.internal.reflect.DelegatingMethodAccessorImpl.invoke(DelegatingMethodAccessorImpl.java:43)
at java.base/java.lang.reflect.Method.invoke(Method.java:568)
at org.testng.internal.invokers.MethodInvocationHelper.invokeMethod(MethodInvocationHelper.java:139)
at org.testng.internal.invokers.MethodInvocationHelper.invokeMethodConsideringTimeout(MethodInvocationHelper.java:69)
at org.testng.internal.invokers.ConfigInvoker.invokeConfigurationMethod(ConfigInvoker.java:390)
at org.testng.internal.invokers.ConfigInvoker.invokeConfigurations(ConfigInvoker.java:325)
at org.testng.internal.invokers.TestInvoker.runConfigMethods(TestInvoker.java:810)
at org.testng.internal.invokers.TestInvoker.invokeMethod(TestInvoker.java:577)
at org.testng.internal.invokers.TestInvoker.invokeTestMethod(TestInvoker.java:227)
at org.testng.internal.invokers.MethodRunner.runInSequence(MethodRunner.java:50)
at org.testng.internal.invokers.TestInvoker$MethodInvocationAgent.invoke(TestInvoker.java:957)
at org.testng.internal.invokers.TestInvoker.invokeTestMethods(TestInvoker.java:200)
at org.testng.internal.invokers.TestMethodWorker.invokeTestMethods(TestMethodWorker.java:148)
at org.testng.internal.invokers.TestMethodWorker.run(TestMethodWorker.java:128)
at java.base/java.util.ArrayList.forEach(ArrayList.java:1511)
at org.testng.TestRunner.privateRun(TestRunner.java:848)
at org.testng.TestRunner.run(TestRunner.java:621)
at org.testng.SuiteRunner.runTest(SuiteRunner.java:443)
at org.testng.SuiteRunner.runSequentially(SuiteRunner.java:437)
at org.testng.SuiteRunner.privateRun(SuiteRunner.java:397)
at org.testng.SuiteRunner.run(SuiteRunner.java:336)
at org.testng.SuiteRunnerWorker.runSuite(SuiteRunnerWorker.java:52)
at org.testng.SuiteRunnerWorker.run(SuiteRunnerWorker.java:95)
at org.testng.TestNG.runSuitesSequentially(TestNG.java:1280)
at org.testng.TestNG.runSuitesLocally(TestNG.java:1200)
at org.testng.TestNG.runSuites(TestNG.java:1114)
at org.testng.TestNG.run(TestNG.java:1082)
at org.testng.remote.AbstractRemoteTestNG.run(AbstractRemoteTestNG.java:115)
at org.testng.remote.RemoteTestNG.initAndRun(RemoteTestNG.java:251)
at org.testng.remote.RemoteTestNG.main(RemoteTestNG.java:77)
]]>
    </error>
  </testcase> <!-- setup -->
  <testcase classname="com.hrsoft.test.datamanagement.FileFeedTestSuite" name="SM_UMEI_FILE_18_UMEI_validateShouldBeSuccessForIncrementalMode" time="41.121"/>
  <testcase classname="com.hrsoft.test.datamanagement.FileFeedTestSuite" name="SM_UMEI_FILE_17_UMEI_previewShouldBeSuccessForIncrementalMode" time="27.938"/>
  <testcase classname="com.hrsoft.test.datamanagement.FileFeedTestSuite" name="SM_UMEI_FILE_11_UMEI_previewValidateAndImportShouldFailForNonUTF8File" time="203.466"/>
  <testcase classname="com.hrsoft.test.datamanagement.FileFeedTestSuite" name="SM_UMEI_FILE_23_UMEI_validateShouldFailForDuplicateUsers" time="56.895"/>
  <testcase classname="com.hrsoft.test.datamanagement.FileFeedTestSuite" name="SM_UMEI_FILE_10_UMEI_previewValidateAndImportShouldFailForEmptyFile" time="88.939">
    <error message="Expected condition failed: waiting for visibility of element located by By.xpath: //div[contains(@class,&#039;modal_DEFAULT_window&#039;)]//button[@class=&#039;bootbox-close-button close&#039;] (tried for 10 second(s) with 500 milliseconds interval)
Build info: version: &#039;4.10.0&#039;, revision: &#039;c14d967899&#039;
System info: os.name: &#039;Windows Server 2022&#039;, os.arch: &#039;amd64&#039;, os.version: &#039;10.0&#039;, java.version: &#039;17.0.7&#039;
Driver info: org.openqa.selenium.edge.EdgeDriver
Capabilities {acceptInsecureCerts: false, browserName: msedge, browserVersion: 115.0.1901.188, ms:edgeOptions: {debuggerAddress: localhost:64306}, msedge: {msedgedriverVersion: 115.0.1901.188 (b51b39339c4..., userDataDir: C:\Users\KIRAN~1.YAJ\AppDat...}, networkConnectionEnabled: false, pageLoadStrategy: normal, platformName: windows, proxy: Proxy(), se:cdp: ws://localhost:64306/devtoo..., se:cdpVersion: 115.0.1901.188, setWindowRect: true, strictFileInteractability: false, timeouts: {implicit: 0, pageLoad: 300000, script: 30000}, unhandledPromptBehavior: dismiss and notify, webauthn:extension:credBlob: true, webauthn:extension:largeBlob: true, webauthn:extension:minPinLength: true, webauthn:extension:prf: true, webauthn:virtualAuthenticators: true}
Session ID: 7fa1266561c839ff2594ed8fc91bdd83" type="org.openqa.selenium.TimeoutException">
      <![CDATA[org.openqa.selenium.TimeoutException: Expected condition failed: waiting for visibility of element located by By.xpath: //div[contains(@class,'modal_DEFAULT_window')]//button[@class='bootbox-close-button close'] (tried for 10 second(s) with 500 milliseconds interval)
Build info: version: '4.10.0', revision: 'c14d967899'
System info: os.name: 'Windows Server 2022', os.arch: 'amd64', os.version: '10.0', java.version: '17.0.7'
Driver info: org.openqa.selenium.edge.EdgeDriver
Capabilities {acceptInsecureCerts: false, browserName: msedge, browserVersion: 115.0.1901.188, ms:edgeOptions: {debuggerAddress: localhost:64306}, msedge: {msedgedriverVersion: 115.0.1901.188 (b51b39339c4..., userDataDir: C:\Users\KIRAN~1.YAJ\AppDat...}, networkConnectionEnabled: false, pageLoadStrategy: normal, platformName: windows, proxy: Proxy(), se:cdp: ws://localhost:64306/devtoo..., se:cdpVersion: 115.0.1901.188, setWindowRect: true, strictFileInteractability: false, timeouts: {implicit: 0, pageLoad: 300000, script: 30000}, unhandledPromptBehavior: dismiss and notify, webauthn:extension:credBlob: true, webauthn:extension:largeBlob: true, webauthn:extension:minPinLength: true, webauthn:extension:prf: true, webauthn:virtualAuthenticators: true}
Session ID: 7fa1266561c839ff2594ed8fc91bdd83
at org.openqa.selenium.support.ui.WebDriverWait.timeoutException(WebDriverWait.java:84)
at org.openqa.selenium.support.ui.FluentWait.until(FluentWait.java:230)
at com.hrsoft.utils.seleniumfy.BasePage.waitForElementVisible(BasePage.java:407)
at com.hrsoft.utils.seleniumfy.BasePage.waitForElementVisible(BasePage.java:385)
at com.hrsoft.utils.seleniumfy.BasePage.click(BasePage.java:615)
at com.hrsoft.gui.cloudadmin.DataManagementPage.closePopup(DataManagementPage.java:159)
at com.hrsoft.test.datamanagement.FileFeedTestSuite.SM_UMEI_FILE_10_UMEI_previewValidateAndImportShouldFailForEmptyFile(FileFeedTestSuite.java:382)
at java.base/jdk.internal.reflect.NativeMethodAccessorImpl.invoke0(Native Method)
at java.base/jdk.internal.reflect.NativeMethodAccessorImpl.invoke(NativeMethodAccessorImpl.java:77)
at java.base/jdk.internal.reflect.DelegatingMethodAccessorImpl.invoke(DelegatingMethodAccessorImpl.java:43)
at java.base/java.lang.reflect.Method.invoke(Method.java:568)
at org.testng.internal.invokers.MethodInvocationHelper.invokeMethod(MethodInvocationHelper.java:139)
at org.testng.internal.invokers.TestInvoker.invokeMethod(TestInvoker.java:664)
at org.testng.internal.invokers.TestInvoker.invokeTestMethod(TestInvoker.java:227)
at org.testng.internal.invokers.MethodRunner.runInSequence(MethodRunner.java:50)
at org.testng.internal.invokers.TestInvoker$MethodInvocationAgent.invoke(TestInvoker.java:957)
at org.testng.internal.invokers.TestInvoker.invokeTestMethods(TestInvoker.java:200)
at org.testng.internal.invokers.TestMethodWorker.invokeTestMethods(TestMethodWorker.java:148)
at org.testng.internal.invokers.TestMethodWorker.run(TestMethodWorker.java:128)
at java.base/java.util.ArrayList.forEach(ArrayList.java:1511)
at org.testng.TestRunner.privateRun(TestRunner.java:848)
at org.testng.TestRunner.run(TestRunner.java:621)
at org.testng.SuiteRunner.runTest(SuiteRunner.java:443)
at org.testng.SuiteRunner.runSequentially(SuiteRunner.java:437)
at org.testng.SuiteRunner.privateRun(SuiteRunner.java:397)
at org.testng.SuiteRunner.run(SuiteRunner.java:336)
at org.testng.SuiteRunnerWorker.runSuite(SuiteRunnerWorker.java:52)
at org.testng.SuiteRunnerWorker.run(SuiteRunnerWorker.java:95)
at org.testng.TestNG.runSuitesSequentially(TestNG.java:1280)
at org.testng.TestNG.runSuitesLocally(TestNG.java:1200)
at org.testng.TestNG.runSuites(TestNG.java:1114)
at org.testng.TestNG.run(TestNG.java:1082)
at org.testng.remote.AbstractRemoteTestNG.run(AbstractRemoteTestNG.java:115)
at org.testng.remote.RemoteTestNG.initAndRun(RemoteTestNG.java:251)
at org.testng.remote.RemoteTestNG.main(RemoteTestNG.java:77)
]]>
    </error>
  </testcase> <!-- SM_UMEI_FILE_10_UMEI_previewValidateAndImportShouldFailForEmptyFile -->
  <testcase classname="com.hrsoft.test.datamanagement.FileFeedTestSuite" name="SM_UMEI_FILE_52_UMEI_importShouldContinueForPartialModeFileWithNewUserError" time="2.353">
    <skipped/>
  </testcase> <!-- SM_UMEI_FILE_52_UMEI_importShouldContinueForPartialModeFileWithNewUserError -->
  <testcase classname="com.hrsoft.test.datamanagement.FileFeedTestSuite" name="SM_UMEI_FILE_12_UMEI_previewValidateAndImportShouldFailForFileWithHeaderColumnMismatch" time="204.836"/>
  <testcase classname="com.hrsoft.test.datamanagement.FileFeedTestSuite" name="SM_UMEI_FILE_48_UMEI_validFunctionalHierInputFileShouldBeImportedSuccessfully" time="2.201">
    <skipped/>
  </testcase> <!-- SM_UMEI_FILE_48_UMEI_validFunctionalHierInputFileShouldBeImportedSuccessfully -->
  <testcase classname="com.hrsoft.test.datamanagement.FileFeedTestSuite" name="SM_UMEI_FILE_39_UMEI_importShouldBeSuccessAndItShouldFillDisplayName" time="1.645">
    <skipped/>
  </testcase> <!-- SM_UMEI_FILE_39_UMEI_importShouldBeSuccessAndItShouldFillDisplayName -->
  <testcase classname="com.hrsoft.test.datamanagement.FileFeedTestSuite" name="SM_UMEI_FILE_30_UMEI_legacyFilesHeadersShouldBeReplacedWithFeedConfigOnImporting" time="1.969">
    <skipped/>
  </testcase> <!-- SM_UMEI_FILE_30_UMEI_legacyFilesHeadersShouldBeReplacedWithFeedConfigOnImporting -->
  <testcase classname="com.hrsoft.test.datamanagement.FileFeedTestSuite" name="SM_UMEI_FILE_06_UMEI_demographicFileWithEmptyHierarchyShouldBeImportedSuccessfully" time="121.287"/>
  <testcase classname="com.hrsoft.test.datamanagement.FileFeedTestSuite" name="SM_UMEI_FILE_44_defineFeedPipeDelimeterChangeShouldBeImportedSuccessfully" time="2.097">
    <skipped/>
  </testcase> <!-- SM_UMEI_FILE_44_defineFeedPipeDelimeterChangeShouldBeImportedSuccessfully -->
  <testcase classname="com.hrsoft.test.datamanagement.FileFeedTestSuite" name="SM_UMEI_FILE_46_UMEI_lastNameWithNoEmptyValuesShouldBeImportedSuccessfully" time="2.273">
    <skipped/>
  </testcase> <!-- SM_UMEI_FILE_46_UMEI_lastNameWithNoEmptyValuesShouldBeImportedSuccessfully -->
  <testcase classname="com.hrsoft.test.datamanagement.FileFeedTestSuite" name="SM_UMEI_FILE_03_UMEI_validHierInputFileShouldBeImportedSuccessfully" time="121.109"/>
  <testcase classname="com.hrsoft.test.datamanagement.FileFeedTestSuite" name="SM_UMEI_FILE_19_UMEI_validateShouldFailForPartialModeFileWithNewUserError" time="108.173"/>
  <testcase classname="com.hrsoft.test.datamanagement.FileFeedTestSuite" name="SM_UMEI_FILE_07_UMEI_previewValidateAndImportShouldSuccessForValidDateFormat" time="173.404"/>
  <testcase classname="com.hrsoft.test.datamanagement.FileFeedTestSuite" name="SM_UMEI_FILE_35_importShouldFailForAbortImportFiveOrMoreHierarchyFound" time="2.714">
    <skipped/>
  </testcase> <!-- SM_UMEI_FILE_35_importShouldFailForAbortImportFiveOrMoreHierarchyFound -->
  <testcase classname="com.hrsoft.test.datamanagement.FileFeedTestSuite" name="SM_UMEI_FILE_27_UMEI_validateShouldNotFail" time="1.971">
    <skipped/>
  </testcase> <!-- SM_UMEI_FILE_27_UMEI_validateShouldNotFail -->
  <testcase classname="com.hrsoft.test.datamanagement.FileFeedTestSuite" name="SM_UMEI_FILE_49_UMEI_validFunctionalCoPlannerFileShouldBeImportedSuccessfully" time="2.095">
    <skipped/>
  </testcase> <!-- SM_UMEI_FILE_49_UMEI_validFunctionalCoPlannerFileShouldBeImportedSuccessfully -->
  <testcase classname="com.hrsoft.test.datamanagement.FileFeedTestSuite" name="SM_UMEI_FILE_20_UMEI_stepLogsShouldAppearForPreviouslyRunFiles" time="29.145"/>
  <testcase classname="com.hrsoft.test.datamanagement.FileFeedTestSuite" name="SM_UMEI_FILE_34_UMEI_importShouldBeAbortedForAllInvalidRecords" time="2.239">
    <skipped/>
  </testcase> <!-- SM_UMEI_FILE_34_UMEI_importShouldBeAbortedForAllInvalidRecords -->
  <testcase classname="com.hrsoft.test.datamanagement.FileFeedTestSuite" name="SM_UMEI_FILE_05_UMEI_validEmpSparesFileShouldBeImportedSuccessfully" time="124.073"/>
  <testcase classname="com.hrsoft.test.datamanagement.FileFeedTestSuite" name="setup" time="4.048">
    <error message="Could not start a new session. Response code 500. Message: session not created
from no such execution context: uniqueContextId not found
  (Session info: MicrosoftEdge=115.0.1901.188) 
Host info: host: &#039;QA001OHIO&#039;, ip: &#039;10.42.252.37&#039;
Build info: version: &#039;4.10.0&#039;, revision: &#039;c14d967899&#039;
System info: os.name: &#039;Windows Server 2022&#039;, os.arch: &#039;amd64&#039;, os.version: &#039;10.0&#039;, java.version: &#039;17.0.7&#039;
Driver info: org.openqa.selenium.edge.EdgeDriver
Command: [null, newSession {capabilities=[Capabilities {browserName: MicrosoftEdge, ms:edgeOptions: {args: [--remote-allow-origins=*, --disable-notifications, --disable-extensions, --start-maximized], excludeSwitches: [load-extension, enable-automation], extensions: [], prefs: {credentials_enable_service: false, profile.password_manager_enabled: false}}}]}]" type="org.openqa.selenium.SessionNotCreatedException">
      <![CDATA[org.openqa.selenium.SessionNotCreatedException: Could not start a new session. Response code 500. Message: session not created
from no such execution context: uniqueContextId not found
  (Session info: MicrosoftEdge=115.0.1901.188) 
Host info: host: 'QA001OHIO', ip: '10.42.252.37'
Build info: version: '4.10.0', revision: 'c14d967899'
System info: os.name: 'Windows Server 2022', os.arch: 'amd64', os.version: '10.0', java.version: '17.0.7'
Driver info: org.openqa.selenium.edge.EdgeDriver
Command: [null, newSession {capabilities=[Capabilities {browserName: MicrosoftEdge, ms:edgeOptions: {args: [--remote-allow-origins=*, --disable-notifications, --disable-extensions, --start-maximized], excludeSwitches: [load-extension, enable-automation], extensions: [], prefs: {credentials_enable_service: false, profile.password_manager_enabled: false}}}]}]
at org.openqa.selenium.remote.ProtocolHandshake.createSession(ProtocolHandshake.java:140)
at org.openqa.selenium.remote.ProtocolHandshake.createSession(ProtocolHandshake.java:96)
at org.openqa.selenium.remote.ProtocolHandshake.createSession(ProtocolHandshake.java:68)
at org.openqa.selenium.remote.HttpCommandExecutor.execute(HttpCommandExecutor.java:163)
at org.openqa.selenium.remote.service.DriverCommandExecutor.invokeExecute(DriverCommandExecutor.java:196)
at org.openqa.selenium.remote.service.DriverCommandExecutor.execute(DriverCommandExecutor.java:171)
at org.openqa.selenium.remote.RemoteWebDriver.execute(RemoteWebDriver.java:531)
at org.openqa.selenium.remote.RemoteWebDriver.startSession(RemoteWebDriver.java:227)
at org.openqa.selenium.remote.RemoteWebDriver.<init>(RemoteWebDriver.java:154)
at org.openqa.selenium.chromium.ChromiumDriver.<init>(ChromiumDriver.java:107)
at org.openqa.selenium.edge.EdgeDriver.<init>(EdgeDriver.java:59)
at org.openqa.selenium.edge.EdgeDriver.<init>(EdgeDriver.java:55)
at org.openqa.selenium.edge.EdgeDriver.<init>(EdgeDriver.java:47)
at com.hrsoft.driver.manager.web.local.EdgeManager.getDriver(EdgeManager.java:33)
at com.hrsoft.driver.factory.web.local.LocalDriverFactory.getDriver(LocalDriverFactory.java:28)
at com.hrsoft.driver.implement.LocalWebDriveImp.getDriver(LocalWebDriveImp.java:14)
at com.hrsoft.driver.Driver.initDriverWeb(Driver.java:20)
at com.hrsoft.test.setuphelpers.WebBaseTest.setup(WebBaseTest.java:36)
at jdk.internal.reflect.GeneratedMethodAccessor9.invoke(Unknown Source)
at java.base/jdk.internal.reflect.DelegatingMethodAccessorImpl.invoke(DelegatingMethodAccessorImpl.java:43)
at java.base/java.lang.reflect.Method.invoke(Method.java:568)
at org.testng.internal.invokers.MethodInvocationHelper.invokeMethod(MethodInvocationHelper.java:139)
at org.testng.internal.invokers.MethodInvocationHelper.invokeMethodConsideringTimeout(MethodInvocationHelper.java:69)
at org.testng.internal.invokers.ConfigInvoker.invokeConfigurationMethod(ConfigInvoker.java:390)
at org.testng.internal.invokers.ConfigInvoker.invokeConfigurations(ConfigInvoker.java:325)
at org.testng.internal.invokers.TestInvoker.runConfigMethods(TestInvoker.java:810)
at org.testng.internal.invokers.TestInvoker.invokeMethod(TestInvoker.java:577)
at org.testng.internal.invokers.TestInvoker.invokeTestMethod(TestInvoker.java:227)
at org.testng.internal.invokers.MethodRunner.runInSequence(MethodRunner.java:50)
at org.testng.internal.invokers.TestInvoker$MethodInvocationAgent.invoke(TestInvoker.java:957)
at org.testng.internal.invokers.TestInvoker.invokeTestMethods(TestInvoker.java:200)
at org.testng.internal.invokers.TestMethodWorker.invokeTestMethods(TestMethodWorker.java:148)
at org.testng.internal.invokers.TestMethodWorker.run(TestMethodWorker.java:128)
at java.base/java.util.ArrayList.forEach(ArrayList.java:1511)
at org.testng.TestRunner.privateRun(TestRunner.java:848)
at org.testng.TestRunner.run(TestRunner.java:621)
at org.testng.SuiteRunner.runTest(SuiteRunner.java:443)
at org.testng.SuiteRunner.runSequentially(SuiteRunner.java:437)
at org.testng.SuiteRunner.privateRun(SuiteRunner.java:397)
at org.testng.SuiteRunner.run(SuiteRunner.java:336)
at org.testng.SuiteRunnerWorker.runSuite(SuiteRunnerWorker.java:52)
at org.testng.SuiteRunnerWorker.run(SuiteRunnerWorker.java:95)
at org.testng.TestNG.runSuitesSequentially(TestNG.java:1280)
at org.testng.TestNG.runSuitesLocally(TestNG.java:1200)
at org.testng.TestNG.runSuites(TestNG.java:1114)
at org.testng.TestNG.run(TestNG.java:1082)
at org.testng.remote.AbstractRemoteTestNG.run(AbstractRemoteTestNG.java:115)
at org.testng.remote.RemoteTestNG.initAndRun(RemoteTestNG.java:251)
at org.testng.remote.RemoteTestNG.main(RemoteTestNG.java:77)
]]>
    </error>
  </testcase> <!-- setup -->
  <testcase classname="com.hrsoft.test.datamanagement.FileFeedTestSuite" name="SM_UMEI_FILE_41_editUmeiAttribute" time="0.589">
    <skipped/>
  </testcase> <!-- SM_UMEI_FILE_41_editUmeiAttribute -->
  <testcase classname="com.hrsoft.test.datamanagement.FileFeedTestSuite" name="SM_UMEI_FILE_50_UMEI_validateShouldFailForPartialModeNewUserError" time="0.418">
    <skipped/>
  </testcase> <!-- SM_UMEI_FILE_50_UMEI_validateShouldFailForPartialModeNewUserError -->
  <testcase classname="com.hrsoft.test.datamanagement.FileFeedTestSuite" name="SM_UMEI_FILE_25_UMEI_validateShouldFailForTopManagerMissing" time="105.898">
    <error message="Expected condition failed: waiting for visibility of element located by By.xpath: //div[contains(@class,&#039;modal_DEFAULT_window&#039;)]//button[@class=&#039;bootbox-close-button close&#039;] (tried for 10 second(s) with 500 milliseconds interval)
Build info: version: &#039;4.10.0&#039;, revision: &#039;c14d967899&#039;
System info: os.name: &#039;Windows Server 2022&#039;, os.arch: &#039;amd64&#039;, os.version: &#039;10.0&#039;, java.version: &#039;17.0.7&#039;
Driver info: org.openqa.selenium.edge.EdgeDriver
Capabilities {acceptInsecureCerts: false, browserName: msedge, browserVersion: 115.0.1901.188, ms:edgeOptions: {debuggerAddress: localhost:65470}, msedge: {msedgedriverVersion: 115.0.1901.188 (b51b39339c4..., userDataDir: C:\Users\KIRAN~1.YAJ\AppDat...}, networkConnectionEnabled: false, pageLoadStrategy: normal, platformName: windows, proxy: Proxy(), se:cdp: ws://localhost:65470/devtoo..., se:cdpVersion: 115.0.1901.188, setWindowRect: true, strictFileInteractability: false, timeouts: {implicit: 0, pageLoad: 300000, script: 30000}, unhandledPromptBehavior: dismiss and notify, webauthn:extension:credBlob: true, webauthn:extension:largeBlob: true, webauthn:extension:minPinLength: true, webauthn:extension:prf: true, webauthn:virtualAuthenticators: true}
Session ID: 157039880688b6d43afe424fdb7bb59b" type="org.openqa.selenium.TimeoutException">
      <![CDATA[org.openqa.selenium.TimeoutException: Expected condition failed: waiting for visibility of element located by By.xpath: //div[contains(@class,'modal_DEFAULT_window')]//button[@class='bootbox-close-button close'] (tried for 10 second(s) with 500 milliseconds interval)
Build info: version: '4.10.0', revision: 'c14d967899'
System info: os.name: 'Windows Server 2022', os.arch: 'amd64', os.version: '10.0', java.version: '17.0.7'
Driver info: org.openqa.selenium.edge.EdgeDriver
Capabilities {acceptInsecureCerts: false, browserName: msedge, browserVersion: 115.0.1901.188, ms:edgeOptions: {debuggerAddress: localhost:65470}, msedge: {msedgedriverVersion: 115.0.1901.188 (b51b39339c4..., userDataDir: C:\Users\KIRAN~1.YAJ\AppDat...}, networkConnectionEnabled: false, pageLoadStrategy: normal, platformName: windows, proxy: Proxy(), se:cdp: ws://localhost:65470/devtoo..., se:cdpVersion: 115.0.1901.188, setWindowRect: true, strictFileInteractability: false, timeouts: {implicit: 0, pageLoad: 300000, script: 30000}, unhandledPromptBehavior: dismiss and notify, webauthn:extension:credBlob: true, webauthn:extension:largeBlob: true, webauthn:extension:minPinLength: true, webauthn:extension:prf: true, webauthn:virtualAuthenticators: true}
Session ID: 157039880688b6d43afe424fdb7bb59b
at org.openqa.selenium.support.ui.WebDriverWait.timeoutException(WebDriverWait.java:84)
at org.openqa.selenium.support.ui.FluentWait.until(FluentWait.java:230)
at com.hrsoft.utils.seleniumfy.BasePage.waitForElementVisible(BasePage.java:407)
at com.hrsoft.utils.seleniumfy.BasePage.waitForElementVisible(BasePage.java:385)
at com.hrsoft.utils.seleniumfy.BasePage.click(BasePage.java:615)
at com.hrsoft.gui.cloudadmin.DataManagementPage.closePopup(DataManagementPage.java:159)
at com.hrsoft.test.datamanagement.FileFeedTestSuite.SM_UMEI_FILE_25_UMEI_validateShouldFailForTopManagerMissing(FileFeedTestSuite.java:1425)
at java.base/jdk.internal.reflect.NativeMethodAccessorImpl.invoke0(Native Method)
at java.base/jdk.internal.reflect.NativeMethodAccessorImpl.invoke(NativeMethodAccessorImpl.java:77)
at java.base/jdk.internal.reflect.DelegatingMethodAccessorImpl.invoke(DelegatingMethodAccessorImpl.java:43)
at java.base/java.lang.reflect.Method.invoke(Method.java:568)
at org.testng.internal.invokers.MethodInvocationHelper.invokeMethod(MethodInvocationHelper.java:139)
at org.testng.internal.invokers.TestInvoker.invokeMethod(TestInvoker.java:664)
at org.testng.internal.invokers.TestInvoker.invokeTestMethod(TestInvoker.java:227)
at org.testng.internal.invokers.MethodRunner.runInSequence(MethodRunner.java:50)
at org.testng.internal.invokers.TestInvoker$MethodInvocationAgent.invoke(TestInvoker.java:957)
at org.testng.internal.invokers.TestInvoker.invokeTestMethods(TestInvoker.java:200)
at org.testng.internal.invokers.TestMethodWorker.invokeTestMethods(TestMethodWorker.java:148)
at org.testng.internal.invokers.TestMethodWorker.run(TestMethodWorker.java:128)
at java.base/java.util.ArrayList.forEach(ArrayList.java:1511)
at org.testng.TestRunner.privateRun(TestRunner.java:848)
at org.testng.TestRunner.run(TestRunner.java:621)
at org.testng.SuiteRunner.runTest(SuiteRunner.java:443)
at org.testng.SuiteRunner.runSequentially(SuiteRunner.java:437)
at org.testng.SuiteRunner.privateRun(SuiteRunner.java:397)
at org.testng.SuiteRunner.run(SuiteRunner.java:336)
at org.testng.SuiteRunnerWorker.runSuite(SuiteRunnerWorker.java:52)
at org.testng.SuiteRunnerWorker.run(SuiteRunnerWorker.java:95)
at org.testng.TestNG.runSuitesSequentially(TestNG.java:1280)
at org.testng.TestNG.runSuitesLocally(TestNG.java:1200)
at org.testng.TestNG.runSuites(TestNG.java:1114)
at org.testng.TestNG.run(TestNG.java:1082)
at org.testng.remote.AbstractRemoteTestNG.run(AbstractRemoteTestNG.java:115)
at org.testng.remote.RemoteTestNG.initAndRun(RemoteTestNG.java:251)
at org.testng.remote.RemoteTestNG.main(RemoteTestNG.java:77)
]]>
    </error>
  </testcase> <!-- SM_UMEI_FILE_25_UMEI_validateShouldFailForTopManagerMissing -->
  <testcase classname="com.hrsoft.test.datamanagement.FileFeedTestSuite" name="SM_UMEI_FILE_01_UMEI_validCommonDemographicFileShouldBePreviwedValidatedImportedSuccessfully" time="146.658"/>
</testsuite> <!-- com.hrsoft.test.datamanagement.FileFeedTestSuite -->
