<?xml version="1.0" encoding="UTF-8"?>
<!-- Generated by org.testng.reporters.JUnitReportReporter -->
<testsuite hostname="QA001Ohio" failures="0" tests="34" name="com.hrsoft.test.modelview.ModelViewTestSuite" time="355.940" errors="1" timestamp="2023-08-02T15:02:58 UTC" skipped="33">
  <testcase classname="com.hrsoft.test.modelview.ModelViewTestSuite" name="SM_177CreateModelviewSession" time="16.633">
    <skipped/>
  </testcase> <!-- SM_177CreateModelviewSession -->
  <testcase classname="com.hrsoft.test.modelview.ModelViewTestSuite" name="SM_179AModelViewclickNewTemplatWhichPopupsTemplate" time="15.721">
    <skipped/>
  </testcase> <!-- SM_179AModelViewclickNewTemplatWhichPopupsTemplate -->
  <testcase classname="com.hrsoft.test.modelview.ModelViewTestSuite" name="SM_202_ModelView_CanDeleteSession" time="16.537">
    <skipped/>
  </testcase> <!-- SM_202_ModelView_CanDeleteSession -->
  <testcase classname="com.hrsoft.test.modelview.ModelViewTestSuite" name="setup" time="4.168">
    <error message="Could not start a new session. Response code 500. Message: session not created
from no such execution context: uniqueContextId not found
  (Session info: MicrosoftEdge=115.0.1901.188) 
Host info: host: &#039;QA001OHIO&#039;, ip: &#039;10.42.252.37&#039;
Build info: version: &#039;4.10.0&#039;, revision: &#039;c14d967899&#039;
System info: os.name: &#039;Windows Server 2022&#039;, os.arch: &#039;amd64&#039;, os.version: &#039;10.0&#039;, java.version: &#039;17.0.7&#039;
Driver info: org.openqa.selenium.edge.EdgeDriver
Command: [null, newSession {capabilities=[Capabilities {browserName: MicrosoftEdge, ms:edgeOptions: {args: [--remote-allow-origins=*, --disable-notifications, --disable-extensions, --start-maximized], excludeSwitches: [load-extension, enable-automation], extensions: [], prefs: {credentials_enable_service: false, profile.password_manager_enabled: false}}}]}]" type="org.openqa.selenium.SessionNotCreatedException">
      <![CDATA[org.openqa.selenium.SessionNotCreatedException: Could not start a new session. Response code 500. Message: session not created
from no such execution context: uniqueContextId not found
  (Session info: MicrosoftEdge=115.0.1901.188) 
Host info: host: 'QA001OHIO', ip: '10.42.252.37'
Build info: version: '4.10.0', revision: 'c14d967899'
System info: os.name: 'Windows Server 2022', os.arch: 'amd64', os.version: '10.0', java.version: '17.0.7'
Driver info: org.openqa.selenium.edge.EdgeDriver
Command: [null, newSession {capabilities=[Capabilities {browserName: MicrosoftEdge, ms:edgeOptions: {args: [--remote-allow-origins=*, --disable-notifications, --disable-extensions, --start-maximized], excludeSwitches: [load-extension, enable-automation], extensions: [], prefs: {credentials_enable_service: false, profile.password_manager_enabled: false}}}]}]
at org.openqa.selenium.remote.ProtocolHandshake.createSession(ProtocolHandshake.java:140)
at org.openqa.selenium.remote.ProtocolHandshake.createSession(ProtocolHandshake.java:96)
at org.openqa.selenium.remote.ProtocolHandshake.createSession(ProtocolHandshake.java:68)
at org.openqa.selenium.remote.HttpCommandExecutor.execute(HttpCommandExecutor.java:163)
at org.openqa.selenium.remote.service.DriverCommandExecutor.invokeExecute(DriverCommandExecutor.java:196)
at org.openqa.selenium.remote.service.DriverCommandExecutor.execute(DriverCommandExecutor.java:171)
at org.openqa.selenium.remote.RemoteWebDriver.execute(RemoteWebDriver.java:531)
at org.openqa.selenium.remote.RemoteWebDriver.startSession(RemoteWebDriver.java:227)
at org.openqa.selenium.remote.RemoteWebDriver.<init>(RemoteWebDriver.java:154)
at org.openqa.selenium.chromium.ChromiumDriver.<init>(ChromiumDriver.java:107)
at org.openqa.selenium.edge.EdgeDriver.<init>(EdgeDriver.java:59)
at org.openqa.selenium.edge.EdgeDriver.<init>(EdgeDriver.java:55)
at org.openqa.selenium.edge.EdgeDriver.<init>(EdgeDriver.java:47)
at com.hrsoft.driver.manager.web.local.EdgeManager.getDriver(EdgeManager.java:33)
at com.hrsoft.driver.factory.web.local.LocalDriverFactory.getDriver(LocalDriverFactory.java:28)
at com.hrsoft.driver.implement.LocalWebDriveImp.getDriver(LocalWebDriveImp.java:14)
at com.hrsoft.driver.Driver.initDriverWeb(Driver.java:20)
at com.hrsoft.test.setuphelpers.WebBaseTest.setup(WebBaseTest.java:36)
at jdk.internal.reflect.GeneratedMethodAccessor9.invoke(Unknown Source)
at java.base/jdk.internal.reflect.DelegatingMethodAccessorImpl.invoke(DelegatingMethodAccessorImpl.java:43)
at java.base/java.lang.reflect.Method.invoke(Method.java:568)
at org.testng.internal.invokers.MethodInvocationHelper.invokeMethod(MethodInvocationHelper.java:139)
at org.testng.internal.invokers.MethodInvocationHelper.invokeMethodConsideringTimeout(MethodInvocationHelper.java:69)
at org.testng.internal.invokers.ConfigInvoker.invokeConfigurationMethod(ConfigInvoker.java:390)
at org.testng.internal.invokers.ConfigInvoker.invokeConfigurations(ConfigInvoker.java:325)
at org.testng.internal.invokers.TestInvoker.runConfigMethods(TestInvoker.java:810)
at org.testng.internal.invokers.TestInvoker.invokeMethod(TestInvoker.java:577)
at org.testng.internal.invokers.TestInvoker.invokeTestMethod(TestInvoker.java:227)
at org.testng.internal.invokers.MethodRunner.runInSequence(MethodRunner.java:50)
at org.testng.internal.invokers.TestInvoker$MethodInvocationAgent.invoke(TestInvoker.java:957)
at org.testng.internal.invokers.TestInvoker.invokeTestMethods(TestInvoker.java:200)
at org.testng.internal.invokers.TestMethodWorker.invokeTestMethods(TestMethodWorker.java:148)
at org.testng.internal.invokers.TestMethodWorker.run(TestMethodWorker.java:128)
at java.base/java.util.ArrayList.forEach(ArrayList.java:1511)
at org.testng.TestRunner.privateRun(TestRunner.java:848)
at org.testng.TestRunner.run(TestRunner.java:621)
at org.testng.SuiteRunner.runTest(SuiteRunner.java:443)
at org.testng.SuiteRunner.runSequentially(SuiteRunner.java:437)
at org.testng.SuiteRunner.privateRun(SuiteRunner.java:397)
at org.testng.SuiteRunner.run(SuiteRunner.java:336)
at org.testng.SuiteRunnerWorker.runSuite(SuiteRunnerWorker.java:52)
at org.testng.SuiteRunnerWorker.run(SuiteRunnerWorker.java:95)
at org.testng.TestNG.runSuitesSequentially(TestNG.java:1280)
at org.testng.TestNG.runSuitesLocally(TestNG.java:1200)
at org.testng.TestNG.runSuites(TestNG.java:1114)
at org.testng.TestNG.run(TestNG.java:1082)
at org.testng.remote.AbstractRemoteTestNG.run(AbstractRemoteTestNG.java:115)
at org.testng.remote.RemoteTestNG.initAndRun(RemoteTestNG.java:251)
at org.testng.remote.RemoteTestNG.main(RemoteTestNG.java:77)
]]>
    </error>
  </testcase> <!-- setup -->
  <testcase classname="com.hrsoft.test.modelview.ModelViewTestSuite" name="SM_204_ModelView_SessionProcess_CanEnableOrDisable" time="1.756">
    <skipped/>
  </testcase> <!-- SM_204_ModelView_SessionProcess_CanEnableOrDisable -->
  <testcase classname="com.hrsoft.test.modelview.ModelViewTestSuite" name="SM_188_ModelViewEditManageCurrencyAndVerifyTheChanges" time="16.919">
    <skipped/>
  </testcase> <!-- SM_188_ModelViewEditManageCurrencyAndVerifyTheChanges -->
  <testcase classname="com.hrsoft.test.modelview.ModelViewTestSuite" name="SM_199_ModelView_EditAnyRowValueInFieldMapping" time="16.646">
    <skipped/>
  </testcase> <!-- SM_199_ModelView_EditAnyRowValueInFieldMapping -->
  <testcase classname="com.hrsoft.test.modelview.ModelViewTestSuite" name="SM_189_191ModelView_AddAndSaveNewUnitAndCurrencyAndDelete" time="16.418">
    <skipped/>
  </testcase> <!-- SM_189_191ModelView_AddAndSaveNewUnitAndCurrencyAndDelete -->
  <testcase classname="com.hrsoft.test.modelview.ModelViewTestSuite" name="SM_185ModelViewOpenSettingsPage" time="16.612">
    <skipped/>
  </testcase> <!-- SM_185ModelViewOpenSettingsPage -->
  <testcase classname="com.hrsoft.test.modelview.ModelViewTestSuite" name="SM_183_ModelView_EditSessionAndDiscardItAndVerifySessionGotRemoved" time="16.406">
    <skipped/>
  </testcase> <!-- SM_183_ModelView_EditSessionAndDiscardItAndVerifySessionGotRemoved -->
  <testcase classname="com.hrsoft.test.modelview.ModelViewTestSuite" name="SM_214_215_216_217_ModelView_SessionProcess_UserActions" time="2.050">
    <skipped/>
  </testcase> <!-- SM_214_215_216_217_ModelView_SessionProcess_UserActions -->
  <testcase classname="com.hrsoft.test.modelview.ModelViewTestSuite" name="SM_205_ModelView_SessionProcess_CanHideChart" time="2.139">
    <skipped/>
  </testcase> <!-- SM_205_ModelView_SessionProcess_CanHideChart -->
  <testcase classname="com.hrsoft.test.modelview.ModelViewTestSuite" name="SM_197_ModelView_clickAddPoolButtonForAddingNewPool" time="16.328">
    <skipped/>
  </testcase> <!-- SM_197_ModelView_clickAddPoolButtonForAddingNewPool -->
  <testcase classname="com.hrsoft.test.modelview.ModelViewTestSuite" name="SM_200_ModelView_CanSaveMapping" time="16.776">
    <skipped/>
  </testcase> <!-- SM_200_ModelView_CanSaveMapping -->
  <testcase classname="com.hrsoft.test.modelview.ModelViewTestSuite" name="SM_201_ModelView_CanSaveMapping" time="16.612">
    <skipped/>
  </testcase> <!-- SM_201_ModelView_CanSaveMapping -->
  <testcase classname="com.hrsoft.test.modelview.ModelViewTestSuite" name="SM_192_193ModelView_CreateNewCurrencySetAndDeleteIt" time="16.752">
    <skipped/>
  </testcase> <!-- SM_192_193ModelView_CreateNewCurrencySetAndDeleteIt -->
  <testcase classname="com.hrsoft.test.modelview.ModelViewTestSuite" name="SM_177AModelviewEditAnySessionByCloning" time="16.934">
    <skipped/>
  </testcase> <!-- SM_177AModelviewEditAnySessionByCloning -->
  <testcase classname="com.hrsoft.test.modelview.ModelViewTestSuite" name="SM_178ModelviewEditAnySession" time="16.315">
    <skipped/>
  </testcase> <!-- SM_178ModelviewEditAnySession -->
  <testcase classname="com.hrsoft.test.modelview.ModelViewTestSuite" name="SM_194_196ModelView_UserPoolsDetails" time="16.793">
    <skipped/>
  </testcase> <!-- SM_194_196ModelView_UserPoolsDetails -->
  <testcase classname="com.hrsoft.test.modelview.ModelViewTestSuite" name="SM_203_ModelView_ChangeCurrency" time="16.147">
    <skipped/>
  </testcase> <!-- SM_203_ModelView_ChangeCurrency -->
  <testcase classname="com.hrsoft.test.modelview.ModelViewTestSuite" name="SM_210_211_ModelView_SessionProcess_CanSelectManagerFromManagerList" time="2.041">
    <skipped/>
  </testcase> <!-- SM_210_211_ModelView_SessionProcess_CanSelectManagerFromManagerList -->
  <testcase classname="com.hrsoft.test.modelview.ModelViewTestSuite" name="SM_186_ModelViewCanEditTemplateWithEditIconInSettingPage" time="16.671">
    <skipped/>
  </testcase> <!-- SM_186_ModelViewCanEditTemplateWithEditIconInSettingPage -->
  <testcase classname="com.hrsoft.test.modelview.ModelViewTestSuite" name="SM_182_ModelView_EditSessionAndVerifyItgotEdited" time="15.460">
    <skipped/>
  </testcase> <!-- SM_182_ModelView_EditSessionAndVerifyItgotEdited -->
  <testcase classname="com.hrsoft.test.modelview.ModelViewTestSuite" name="SM_212_ModelView_SessionProcess_CanDoBulkUpdate" time="2.139">
    <skipped/>
  </testcase> <!-- SM_212_ModelView_SessionProcess_CanDoBulkUpdate -->
  <testcase classname="com.hrsoft.test.modelview.ModelViewTestSuite" name="SM_187_ModelViewCanCloneTemplateWithEditIconInSettingPage" time="16.529">
    <skipped/>
  </testcase> <!-- SM_187_ModelViewCanCloneTemplateWithEditIconInSettingPage -->
  <testcase classname="com.hrsoft.test.modelview.ModelViewTestSuite" name="SM_26_ModelViewCalibrationFilters" time="2.044">
    <skipped/>
  </testcase> <!-- SM_26_ModelViewCalibrationFilters -->
  <testcase classname="com.hrsoft.test.modelview.ModelViewTestSuite" name="SM_218_ModelView_SessionProcess_BulkLock" time="2.049">
    <skipped/>
  </testcase> <!-- SM_218_ModelView_SessionProcess_BulkLock -->
  <testcase classname="com.hrsoft.test.modelview.ModelViewTestSuite" name="SM_206_207_208_209_ModelView_SessionProcess_CanSelectManagerFromManagerList" time="2.312">
    <skipped/>
  </testcase> <!-- SM_206_207_208_209_ModelView_SessionProcess_CanSelectManagerFromManagerList -->
  <testcase classname="com.hrsoft.test.modelview.ModelViewTestSuite" name="SM_198_ModelView_clickBrowsebuttonTopopupSearchAPP" time="17.621">
    <skipped/>
  </testcase> <!-- SM_198_ModelView_clickBrowsebuttonTopopupSearchAPP -->
  <testcase classname="com.hrsoft.test.modelview.ModelViewTestSuite" name="SM_27_28_ModelViewCalibrationFilters" time="2.060">
    <skipped/>
  </testcase> <!-- SM_27_28_ModelViewCalibrationFilters -->
  <testcase classname="com.hrsoft.test.modelview.ModelViewTestSuite" name="SM_219_220_221_ModelView_SessionProcess_UserActions" time="1.943">
    <skipped/>
  </testcase> <!-- SM_219_220_221_ModelView_SessionProcess_UserActions -->
  <testcase classname="com.hrsoft.test.modelview.ModelViewTestSuite" name="SM_213_ModelView_SessionProcess_CanDoBulkUpdate" time="0.409">
    <skipped/>
  </testcase> <!-- SM_213_ModelView_SessionProcess_CanDoBulkUpdate -->
  <testcase classname="com.hrsoft.test.modelview.ModelViewTestSuite" name="SM_184ModelViewSelectDiscardStatusFromDropdownAndVerifySessionStatus" time="0.000">
    <skipped/>
  </testcase> <!-- SM_184ModelViewSelectDiscardStatusFromDropdownAndVerifySessionStatus -->
  <testcase classname="com.hrsoft.test.modelview.ModelViewTestSuite" name="SM_190_ModelViewManageUnitPage">
    <skipped/>
  </testcase> <!-- SM_190_ModelViewManageUnitPage -->
</testsuite> <!-- com.hrsoft.test.modelview.ModelViewTestSuite -->
