<?xml version="1.0" encoding="UTF-8"?>
<!-- Generated by org.testng.reporters.JUnitReportReporter -->
<testsuite hostname="QA001Ohio" failures="0" tests="47" name="com.hrsoft.test.datamanagement.FileFeedRegressionTestSuite" time="4618.213" errors="3" timestamp="2023-08-02T15:02:58 UTC" skipped="0">
  <testcase classname="com.hrsoft.test.datamanagement.FileFeedRegressionTestSuite" name="RG_UMEI_FILE_19_UMEI_importShouldThrowErrorForNoTopManager" time="53.894"/>
  <testcase classname="com.hrsoft.test.datamanagement.FileFeedRegressionTestSuite" name="RG_UMEI_FILE_21_UMEI_importShouldThrowErrorForCircularReference" time="52.793"/>
  <testcase classname="com.hrsoft.test.datamanagement.FileFeedRegressionTestSuite" name="RG_UMEI_FILE_01_UMEI_importShouldThrowErrorForInvalidHierarchyType" time="145.843"/>
  <testcase classname="com.hrsoft.test.datamanagement.FileFeedRegressionTestSuite" name="RG_UMEI_FILE_03_UMEI_validateAndImportShouldFailForUserRoleExceding" time="112.868">
    <error message="Expected condition failed: waiting for visibility of element located by By.xpath: //div[contains(@class,&#039;modal_DEFAULT_window&#039;)]//button[@class=&#039;bootbox-close-button close&#039;] (tried for 10 second(s) with 500 milliseconds interval)
Build info: version: &#039;4.10.0&#039;, revision: &#039;c14d967899&#039;
System info: os.name: &#039;Windows Server 2022&#039;, os.arch: &#039;amd64&#039;, os.version: &#039;10.0&#039;, java.version: &#039;17.0.7&#039;
Driver info: org.openqa.selenium.edge.EdgeDriver
Capabilities {acceptInsecureCerts: false, browserName: msedge, browserVersion: 115.0.1901.188, ms:edgeOptions: {debuggerAddress: localhost:58706}, msedge: {msedgedriverVersion: 115.0.1901.188 (b51b39339c4..., userDataDir: C:\Users\KIRAN~1.YAJ\AppDat...}, networkConnectionEnabled: false, pageLoadStrategy: normal, platformName: windows, proxy: Proxy(), se:cdp: ws://localhost:58706/devtoo..., se:cdpVersion: 115.0.1901.188, setWindowRect: true, strictFileInteractability: false, timeouts: {implicit: 0, pageLoad: 300000, script: 30000}, unhandledPromptBehavior: dismiss and notify, webauthn:extension:credBlob: true, webauthn:extension:largeBlob: true, webauthn:extension:minPinLength: true, webauthn:extension:prf: true, webauthn:virtualAuthenticators: true}
Session ID: 2a4e274ad470a5556572a18f14bf688d" type="org.openqa.selenium.TimeoutException">
      <![CDATA[org.openqa.selenium.TimeoutException: Expected condition failed: waiting for visibility of element located by By.xpath: //div[contains(@class,'modal_DEFAULT_window')]//button[@class='bootbox-close-button close'] (tried for 10 second(s) with 500 milliseconds interval)
Build info: version: '4.10.0', revision: 'c14d967899'
System info: os.name: 'Windows Server 2022', os.arch: 'amd64', os.version: '10.0', java.version: '17.0.7'
Driver info: org.openqa.selenium.edge.EdgeDriver
Capabilities {acceptInsecureCerts: false, browserName: msedge, browserVersion: 115.0.1901.188, ms:edgeOptions: {debuggerAddress: localhost:58706}, msedge: {msedgedriverVersion: 115.0.1901.188 (b51b39339c4..., userDataDir: C:\Users\KIRAN~1.YAJ\AppDat...}, networkConnectionEnabled: false, pageLoadStrategy: normal, platformName: windows, proxy: Proxy(), se:cdp: ws://localhost:58706/devtoo..., se:cdpVersion: 115.0.1901.188, setWindowRect: true, strictFileInteractability: false, timeouts: {implicit: 0, pageLoad: 300000, script: 30000}, unhandledPromptBehavior: dismiss and notify, webauthn:extension:credBlob: true, webauthn:extension:largeBlob: true, webauthn:extension:minPinLength: true, webauthn:extension:prf: true, webauthn:virtualAuthenticators: true}
Session ID: 2a4e274ad470a5556572a18f14bf688d
at org.openqa.selenium.support.ui.WebDriverWait.timeoutException(WebDriverWait.java:84)
at org.openqa.selenium.support.ui.FluentWait.until(FluentWait.java:230)
at com.hrsoft.utils.seleniumfy.BasePage.waitForElementVisible(BasePage.java:407)
at com.hrsoft.utils.seleniumfy.BasePage.waitForElementVisible(BasePage.java:385)
at com.hrsoft.utils.seleniumfy.BasePage.click(BasePage.java:615)
at com.hrsoft.gui.cloudadmin.DataManagementPage.closePopup(DataManagementPage.java:159)
at com.hrsoft.test.datamanagement.FileFeedRegressionTestSuite.RG_UMEI_FILE_03_UMEI_validateAndImportShouldFailForUserRoleExceding(FileFeedRegressionTestSuite.java:297)
at java.base/jdk.internal.reflect.NativeMethodAccessorImpl.invoke0(Native Method)
at java.base/jdk.internal.reflect.NativeMethodAccessorImpl.invoke(NativeMethodAccessorImpl.java:77)
at java.base/jdk.internal.reflect.DelegatingMethodAccessorImpl.invoke(DelegatingMethodAccessorImpl.java:43)
at java.base/java.lang.reflect.Method.invoke(Method.java:568)
at org.testng.internal.invokers.MethodInvocationHelper.invokeMethod(MethodInvocationHelper.java:139)
at org.testng.internal.invokers.TestInvoker.invokeMethod(TestInvoker.java:664)
at org.testng.internal.invokers.TestInvoker.invokeTestMethod(TestInvoker.java:227)
at org.testng.internal.invokers.MethodRunner.runInSequence(MethodRunner.java:50)
at org.testng.internal.invokers.TestInvoker$MethodInvocationAgent.invoke(TestInvoker.java:957)
at org.testng.internal.invokers.TestInvoker.invokeTestMethods(TestInvoker.java:200)
at org.testng.internal.invokers.TestMethodWorker.invokeTestMethods(TestMethodWorker.java:148)
at org.testng.internal.invokers.TestMethodWorker.run(TestMethodWorker.java:128)
at java.base/java.util.ArrayList.forEach(ArrayList.java:1511)
at org.testng.TestRunner.privateRun(TestRunner.java:848)
at org.testng.TestRunner.run(TestRunner.java:621)
at org.testng.SuiteRunner.runTest(SuiteRunner.java:443)
at org.testng.SuiteRunner.runSequentially(SuiteRunner.java:437)
at org.testng.SuiteRunner.privateRun(SuiteRunner.java:397)
at org.testng.SuiteRunner.run(SuiteRunner.java:336)
at org.testng.SuiteRunnerWorker.runSuite(SuiteRunnerWorker.java:52)
at org.testng.SuiteRunnerWorker.run(SuiteRunnerWorker.java:95)
at org.testng.TestNG.runSuitesSequentially(TestNG.java:1280)
at org.testng.TestNG.runSuitesLocally(TestNG.java:1200)
at org.testng.TestNG.runSuites(TestNG.java:1114)
at org.testng.TestNG.run(TestNG.java:1082)
at org.testng.remote.AbstractRemoteTestNG.run(AbstractRemoteTestNG.java:115)
at org.testng.remote.RemoteTestNG.initAndRun(RemoteTestNG.java:251)
at org.testng.remote.RemoteTestNG.main(RemoteTestNG.java:77)
]]>
    </error>
  </testcase> <!-- RG_UMEI_FILE_03_UMEI_validateAndImportShouldFailForUserRoleExceding -->
  <testcase classname="com.hrsoft.test.datamanagement.FileFeedRegressionTestSuite" name="RG_UMEI_FILE_27_UMEI_importShouldThrowErrorForMarkerDataValidationIncorrectCurrencyCode" time="48.954"/>
  <testcase classname="com.hrsoft.test.datamanagement.FileFeedRegressionTestSuite" name="RG_UMEI_FILE_27_UMEI_importShouldThrowErrorForMarkerDataValidationIncorrectCurrencyCode" time="49.136"/>
  <testcase classname="com.hrsoft.test.datamanagement.FileFeedRegressionTestSuite" name="RG_UMEI_FILE_12_UMEI_imporShouldThrowErrorForInvalidHierarchyName" time="61.013"/>
  <testcase classname="com.hrsoft.test.datamanagement.FileFeedRegressionTestSuite" name="RG_UMEI_FILE_22_UMEI_importShouldThrowErrorForInvalidCompPlanName" time="49.679"/>
  <testcase classname="com.hrsoft.test.datamanagement.FileFeedRegressionTestSuite" name="RG_UMEI_FILE_26_UMEI_importShouldThrowErrorForMarkerDataValidationIncorrectGeoPayId" time="48.352"/>
  <testcase classname="com.hrsoft.test.datamanagement.FileFeedRegressionTestSuite" name="RG_UMEI_FILE_08_UMEI_importShouldThrowErrorForInvalidPartTimeFactor" time="147.049"/>
  <testcase classname="com.hrsoft.test.datamanagement.FileFeedRegressionTestSuite" name="RG_UMEI_FILE_05_UMEI_importShouldThrowErrorForInvalidEmpId" time="148.100"/>
  <testcase classname="com.hrsoft.test.datamanagement.FileFeedRegressionTestSuite" name="RG_UMEI_FILE_17_UMEI_importShouldThrowErrorForSelfReference" time="144.640"/>
  <testcase classname="com.hrsoft.test.datamanagement.FileFeedRegressionTestSuite" name="RG_UMEI_FILE_06_UMEI_importShouldThrowErrorForInvalidJobCode" time="148.919"/>
  <testcase classname="com.hrsoft.test.datamanagement.FileFeedRegressionTestSuite" name="RG_UMEI_FILE_11_UMEI_importShouldThrowErrorCoPlannerIdCheckFailed" time="51.106"/>
  <testcase classname="com.hrsoft.test.datamanagement.FileFeedRegressionTestSuite" name="RG_UMEI_FILE_07_UMEI_importShouldThrowErrorForInvalidEmpStatus" time="146.490"/>
  <testcase classname="com.hrsoft.test.datamanagement.FileFeedRegressionTestSuite" name="RG_UMEI_FILE_04_UMEI_importShouldThrowErrorForInvalidUserName" time="146.364"/>
  <testcase classname="com.hrsoft.test.datamanagement.FileFeedRegressionTestSuite" name="RG_UMEI_FILE_19_UMEI_importShouldThrowErrorForNoTopManager" time="51.700"/>
  <testcase classname="com.hrsoft.test.datamanagement.FileFeedRegressionTestSuite" name="RG_UMEI_FILE_01_UMEI_importShouldThrowErrorForInvalidHierarchyType" time="144.335"/>
  <testcase classname="com.hrsoft.test.datamanagement.FileFeedRegressionTestSuite" name="RG_UMEI_FILE_12_UMEI_imporShouldThrowErrorForInvalidHierarchyName" time="62.101"/>
  <testcase classname="com.hrsoft.test.datamanagement.FileFeedRegressionTestSuite" name="RG_UMEI_FILE_15_UMEI_imporShouldThrowErrorForInvalidManagerId" time="61.068"/>
  <testcase classname="com.hrsoft.test.datamanagement.FileFeedRegressionTestSuite" name="RG_UMEI_FILE_11_UMEI_importShouldThrowErrorCoPlannerIdCheckFailed" time="55.801"/>
  <testcase classname="com.hrsoft.test.datamanagement.FileFeedRegressionTestSuite" name="RG_UMEI_FILE_20_UMEI_importShouldThrowErrorForTopManageChangeWithoutNewTopManager" time="146.064"/>
  <testcase classname="com.hrsoft.test.datamanagement.FileFeedRegressionTestSuite" name="RG_UMEI_FILE_09_UMEI_importShouldThrowErrorForMarkerDataValidationIncorrectCompPlan" time="47.303"/>
  <testcase classname="com.hrsoft.test.datamanagement.FileFeedRegressionTestSuite" name="RG_UMEI_FILE_07_UMEI_importShouldThrowErrorForInvalidEmpStatus" time="150.238"/>
  <testcase classname="com.hrsoft.test.datamanagement.FileFeedRegressionTestSuite" name="RG_UMEI_FILE_02_UMEI_importShouldThrowErrorForNullColumn" time="145.202"/>
  <testcase classname="com.hrsoft.test.datamanagement.FileFeedRegressionTestSuite" name="RG_UMEI_FILE_17_UMEI_importShouldThrowErrorForSelfReference" time="143.204"/>
  <testcase classname="com.hrsoft.test.datamanagement.FileFeedRegressionTestSuite" name="RG_UMEI_FILE_10_UMEI_importForTerminatingUser" time="9.847">
    <error message="Cannot read the array length because &quot;listOfFiles&quot; is null" type="java.lang.NullPointerException">
      <![CDATA[java.lang.NullPointerException: Cannot read the array length because "listOfFiles" is null
at com.hrsoft.test.datamanagement.FileFeedRegressionTestSuite.getAvailableFilePathFromFolder(FileFeedRegressionTestSuite.java:787)
at com.hrsoft.test.datamanagement.FileFeedRegressionTestSuite.RG_UMEI_FILE_10_UMEI_importForTerminatingUser(FileFeedRegressionTestSuite.java:734)
at java.base/jdk.internal.reflect.NativeMethodAccessorImpl.invoke0(Native Method)
at java.base/jdk.internal.reflect.NativeMethodAccessorImpl.invoke(NativeMethodAccessorImpl.java:77)
at java.base/jdk.internal.reflect.DelegatingMethodAccessorImpl.invoke(DelegatingMethodAccessorImpl.java:43)
at java.base/java.lang.reflect.Method.invoke(Method.java:568)
at org.testng.internal.invokers.MethodInvocationHelper.invokeMethod(MethodInvocationHelper.java:139)
at org.testng.internal.invokers.TestInvoker.invokeMethod(TestInvoker.java:664)
at org.testng.internal.invokers.TestInvoker.invokeTestMethod(TestInvoker.java:227)
at org.testng.internal.invokers.MethodRunner.runInSequence(MethodRunner.java:50)
at org.testng.internal.invokers.TestInvoker$MethodInvocationAgent.invoke(TestInvoker.java:957)
at org.testng.internal.invokers.TestInvoker.invokeTestMethods(TestInvoker.java:200)
at org.testng.internal.invokers.TestMethodWorker.invokeTestMethods(TestMethodWorker.java:148)
at org.testng.internal.invokers.TestMethodWorker.run(TestMethodWorker.java:128)
at java.base/java.util.ArrayList.forEach(ArrayList.java:1511)
at org.testng.TestRunner.privateRun(TestRunner.java:848)
at org.testng.TestRunner.run(TestRunner.java:621)
at org.testng.SuiteRunner.runTest(SuiteRunner.java:443)
at org.testng.SuiteRunner.runSequentially(SuiteRunner.java:437)
at org.testng.SuiteRunner.privateRun(SuiteRunner.java:397)
at org.testng.SuiteRunner.run(SuiteRunner.java:336)
at org.testng.SuiteRunnerWorker.runSuite(SuiteRunnerWorker.java:52)
at org.testng.SuiteRunnerWorker.run(SuiteRunnerWorker.java:95)
at org.testng.TestNG.runSuitesSequentially(TestNG.java:1280)
at org.testng.TestNG.runSuitesLocally(TestNG.java:1200)
at org.testng.TestNG.runSuites(TestNG.java:1114)
at org.testng.TestNG.run(TestNG.java:1082)
at org.testng.remote.AbstractRemoteTestNG.run(AbstractRemoteTestNG.java:115)
at org.testng.remote.RemoteTestNG.initAndRun(RemoteTestNG.java:251)
at org.testng.remote.RemoteTestNG.main(RemoteTestNG.java:77)
]]>
    </error>
  </testcase> <!-- RG_UMEI_FILE_10_UMEI_importForTerminatingUser -->
  <testcase classname="com.hrsoft.test.datamanagement.FileFeedRegressionTestSuite" name="RG_UMEI_FILE_16_UMEI_importShouldThrowErrorForUserWithoutHierarchy" time="145.102"/>
  <testcase classname="com.hrsoft.test.datamanagement.FileFeedRegressionTestSuite" name="RG_UMEI_FILE_18_UMEI_importShouldThrowErrorForDuplicateEmpId" time="150.115"/>
  <testcase classname="com.hrsoft.test.datamanagement.FileFeedRegressionTestSuite" name="RG_UMEI_FILE_14_importShouldThrowErrorForInvalidCoPlannerData" time="53.272"/>
  <testcase classname="com.hrsoft.test.datamanagement.FileFeedRegressionTestSuite" name="RG_UMEI_FILE_04_UMEI_importShouldThrowErrorForInvalidUserName" time="144.885"/>
  <testcase classname="com.hrsoft.test.datamanagement.FileFeedRegressionTestSuite" name="RG_UMEI_FILE_05_UMEI_importShouldThrowErrorForInvalidEmpId" time="146.066"/>
  <testcase classname="com.hrsoft.test.datamanagement.FileFeedRegressionTestSuite" name="RG_UMEI_FILE_25_UMEI_importShouldThrowErrorForMarkerDataValidationIncorrectMarkerSet" time="48.195"/>
  <testcase classname="com.hrsoft.test.datamanagement.FileFeedRegressionTestSuite" name="RG_UMEI_FILE_09_UMEI_importShouldThrowErrorForMarkerDataValidationIncorrectCompPlan" time="55.994"/>
  <testcase classname="com.hrsoft.test.datamanagement.FileFeedRegressionTestSuite" name="RG_UMEI_FILE_16_UMEI_importShouldThrowErrorForUserWithoutHierarchy" time="145.190"/>
  <testcase classname="com.hrsoft.test.datamanagement.FileFeedRegressionTestSuite" name="RG_UMEI_FILE_02_UMEI_importShouldThrowErrorForNullColumn" time="145.876"/>
  <testcase classname="com.hrsoft.test.datamanagement.FileFeedRegressionTestSuite" name="RG_UMEI_FILE_08_UMEI_importShouldThrowErrorForInvalidPartTimeFactor" time="144.287"/>
  <testcase classname="com.hrsoft.test.datamanagement.FileFeedRegressionTestSuite" name="RG_UMEI_FILE_22_UMEI_importShouldThrowErrorForInvalidCompPlanName" time="49.213"/>
  <testcase classname="com.hrsoft.test.datamanagement.FileFeedRegressionTestSuite" name="RG_UMEI_FILE_03_UMEI_validateAndImportShouldFailForUserRoleExceding" time="114.982">
    <error message="Expected condition failed: waiting for visibility of element located by By.xpath: //div[contains(@class,&#039;modal_DEFAULT_window&#039;)]//button[@class=&#039;bootbox-close-button close&#039;] (tried for 10 second(s) with 500 milliseconds interval)
Build info: version: &#039;4.10.0&#039;, revision: &#039;c14d967899&#039;
System info: os.name: &#039;Windows Server 2022&#039;, os.arch: &#039;amd64&#039;, os.version: &#039;10.0&#039;, java.version: &#039;17.0.7&#039;
Driver info: org.openqa.selenium.edge.EdgeDriver
Capabilities {acceptInsecureCerts: false, browserName: msedge, browserVersion: 115.0.1901.188, ms:edgeOptions: {debuggerAddress: localhost:58573}, msedge: {msedgedriverVersion: 115.0.1901.188 (b51b39339c4..., userDataDir: C:\Users\KIRAN~1.YAJ\AppDat...}, networkConnectionEnabled: false, pageLoadStrategy: normal, platformName: windows, proxy: Proxy(), se:cdp: ws://localhost:58573/devtoo..., se:cdpVersion: 115.0.1901.188, setWindowRect: true, strictFileInteractability: false, timeouts: {implicit: 0, pageLoad: 300000, script: 30000}, unhandledPromptBehavior: dismiss and notify, webauthn:extension:credBlob: true, webauthn:extension:largeBlob: true, webauthn:extension:minPinLength: true, webauthn:extension:prf: true, webauthn:virtualAuthenticators: true}
Session ID: 45c32200bcdd9b18b5c6c1c0b8f82715" type="org.openqa.selenium.TimeoutException">
      <![CDATA[org.openqa.selenium.TimeoutException: Expected condition failed: waiting for visibility of element located by By.xpath: //div[contains(@class,'modal_DEFAULT_window')]//button[@class='bootbox-close-button close'] (tried for 10 second(s) with 500 milliseconds interval)
Build info: version: '4.10.0', revision: 'c14d967899'
System info: os.name: 'Windows Server 2022', os.arch: 'amd64', os.version: '10.0', java.version: '17.0.7'
Driver info: org.openqa.selenium.edge.EdgeDriver
Capabilities {acceptInsecureCerts: false, browserName: msedge, browserVersion: 115.0.1901.188, ms:edgeOptions: {debuggerAddress: localhost:58573}, msedge: {msedgedriverVersion: 115.0.1901.188 (b51b39339c4..., userDataDir: C:\Users\KIRAN~1.YAJ\AppDat...}, networkConnectionEnabled: false, pageLoadStrategy: normal, platformName: windows, proxy: Proxy(), se:cdp: ws://localhost:58573/devtoo..., se:cdpVersion: 115.0.1901.188, setWindowRect: true, strictFileInteractability: false, timeouts: {implicit: 0, pageLoad: 300000, script: 30000}, unhandledPromptBehavior: dismiss and notify, webauthn:extension:credBlob: true, webauthn:extension:largeBlob: true, webauthn:extension:minPinLength: true, webauthn:extension:prf: true, webauthn:virtualAuthenticators: true}
Session ID: 45c32200bcdd9b18b5c6c1c0b8f82715
at org.openqa.selenium.support.ui.WebDriverWait.timeoutException(WebDriverWait.java:84)
at org.openqa.selenium.support.ui.FluentWait.until(FluentWait.java:230)
at com.hrsoft.utils.seleniumfy.BasePage.waitForElementVisible(BasePage.java:407)
at com.hrsoft.utils.seleniumfy.BasePage.waitForElementVisible(BasePage.java:385)
at com.hrsoft.utils.seleniumfy.BasePage.click(BasePage.java:615)
at com.hrsoft.gui.cloudadmin.DataManagementPage.closePopup(DataManagementPage.java:159)
at com.hrsoft.test.datamanagement.FileFeedRegressionTestSuite.RG_UMEI_FILE_03_UMEI_validateAndImportShouldFailForUserRoleExceding(FileFeedRegressionTestSuite.java:297)
at java.base/jdk.internal.reflect.NativeMethodAccessorImpl.invoke0(Native Method)
at java.base/jdk.internal.reflect.NativeMethodAccessorImpl.invoke(NativeMethodAccessorImpl.java:77)
at java.base/jdk.internal.reflect.DelegatingMethodAccessorImpl.invoke(DelegatingMethodAccessorImpl.java:43)
at java.base/java.lang.reflect.Method.invoke(Method.java:568)
at org.testng.internal.invokers.MethodInvocationHelper.invokeMethod(MethodInvocationHelper.java:139)
at org.testng.internal.invokers.TestInvoker.invokeMethod(TestInvoker.java:664)
at org.testng.internal.invokers.TestInvoker.invokeTestMethod(TestInvoker.java:227)
at org.testng.internal.invokers.MethodRunner.runInSequence(MethodRunner.java:50)
at org.testng.internal.invokers.TestInvoker$MethodInvocationAgent.invoke(TestInvoker.java:957)
at org.testng.internal.invokers.TestInvoker.invokeTestMethods(TestInvoker.java:200)
at org.testng.internal.invokers.TestMethodWorker.invokeTestMethods(TestMethodWorker.java:148)
at org.testng.internal.invokers.TestMethodWorker.run(TestMethodWorker.java:128)
at java.base/java.util.ArrayList.forEach(ArrayList.java:1511)
at org.testng.TestRunner.privateRun(TestRunner.java:848)
at org.testng.TestRunner.run(TestRunner.java:621)
at org.testng.SuiteRunner.runTest(SuiteRunner.java:443)
at org.testng.SuiteRunner.runSequentially(SuiteRunner.java:437)
at org.testng.SuiteRunner.privateRun(SuiteRunner.java:397)
at org.testng.SuiteRunner.run(SuiteRunner.java:336)
at org.testng.SuiteRunnerWorker.runSuite(SuiteRunnerWorker.java:52)
at org.testng.SuiteRunnerWorker.run(SuiteRunnerWorker.java:95)
at org.testng.TestNG.runSuitesSequentially(TestNG.java:1280)
at org.testng.TestNG.runSuitesLocally(TestNG.java:1200)
at org.testng.TestNG.runSuites(TestNG.java:1114)
at org.testng.TestNG.run(TestNG.java:1082)
at org.testng.remote.AbstractRemoteTestNG.run(AbstractRemoteTestNG.java:115)
at org.testng.remote.RemoteTestNG.initAndRun(RemoteTestNG.java:251)
at org.testng.remote.RemoteTestNG.main(RemoteTestNG.java:77)
]]>
    </error>
  </testcase> <!-- RG_UMEI_FILE_03_UMEI_validateAndImportShouldFailForUserRoleExceding -->
  <testcase classname="com.hrsoft.test.datamanagement.FileFeedRegressionTestSuite" name="RG_UMEI_FILE_26_UMEI_importShouldThrowErrorForMarkerDataValidationIncorrectGeoPayId" time="48.840"/>
  <testcase classname="com.hrsoft.test.datamanagement.FileFeedRegressionTestSuite" name="RG_UMEI_FILE_06_UMEI_importShouldThrowErrorForInvalidJobCode" time="144.747"/>
  <testcase classname="com.hrsoft.test.datamanagement.FileFeedRegressionTestSuite" name="RG_UMEI_FILE_21_UMEI_importShouldThrowErrorForCircularReference" time="52.381"/>
  <testcase classname="com.hrsoft.test.datamanagement.FileFeedRegressionTestSuite" name="RG_UMEI_FILE_20_UMEI_importShouldThrowErrorForTopManageChangeWithoutNewTopManager" time="145.648"/>
  <testcase classname="com.hrsoft.test.datamanagement.FileFeedRegressionTestSuite" name="RG_UMEI_FILE_14_importShouldThrowErrorForInvalidCoPlannerData" time="53.187"/>
  <testcase classname="com.hrsoft.test.datamanagement.FileFeedRegressionTestSuite" name="RG_UMEI_FILE_18_UMEI_importShouldThrowErrorForDuplicateEmpId" time="147.674"/>
  <testcase classname="com.hrsoft.test.datamanagement.FileFeedRegressionTestSuite" name="RG_UMEI_FILE_15_UMEI_imporShouldThrowErrorForInvalidManagerId" time="60.346"/>
  <testcase classname="com.hrsoft.test.datamanagement.FileFeedRegressionTestSuite" name="RG_UMEI_FILE_25_UMEI_importShouldThrowErrorForMarkerDataValidationIncorrectMarkerSet" time="50.150"/>
</testsuite> <!-- com.hrsoft.test.datamanagement.FileFeedRegressionTestSuite -->
