<?xml version="1.0" encoding="UTF-8"?>
<!-- Generated by org.testng.reporters.JUnitXMLReporter -->
<testsuite ignored="16" hostname="QA001Ohio" failures="23" tests="255" name="SmokeTest" time="13431.621" errors="0" timestamp="2023-08-02T15:02:56 UTC">
  <testcase classname="com.hrsoft.test.setuphelpers.WebBaseTest" name="@BeforeMethod setup" time="1.967">
    <failure type="org.openqa.selenium.SessionNotCreatedException" message="Could not start a new session. Response code 500. Message: session not created
from no such execution context: loader has changed while resolving nodes
  (Session info: MicrosoftEdge=115.0.1901.188) 
Host info: host: &amp;apos;QA001OHIO&amp;apos;, ip: &amp;apos;10.42.252.37&amp;apos;
Build info: version: &amp;apos;4.10.0&amp;apos;, revision: &amp;apos;c14d967899&amp;apos;
System info: os.name: &amp;apos;Windows Server 2022&amp;apos;, os.arch: &amp;apos;amd64&amp;apos;, os.version: &amp;apos;10.0&amp;apos;, java.version: &amp;apos;17.0.7&amp;apos;
Driver info: org.openqa.selenium.edge.EdgeDriver
Command: [null, newSession {capabilities=[Capabilities {browserName: MicrosoftEdge, ms:edgeOptions: {args: [--remote-allow-origins=*, --disable-notifications, --disable-extensions, --start-maximized], excludeSwitches: [load-extension, enable-automation], extensions: [], prefs: {credentials_enable_service: false, profile.password_manager_enabled: false}}}]}]">
      <![CDATA[org.openqa.selenium.SessionNotCreatedException: Could not start a new session. Response code 500. Message: session not created
from no such execution context: loader has changed while resolving nodes
  (Session info: MicrosoftEdge=115.0.1901.188) 
Host info: host: 'QA001OHIO', ip: '10.42.252.37'
Build info: version: '4.10.0', revision: 'c14d967899'
System info: os.name: 'Windows Server 2022', os.arch: 'amd64', os.version: '10.0', java.version: '17.0.7'
Driver info: org.openqa.selenium.edge.EdgeDriver
Command: [null, newSession {capabilities=[Capabilities {browserName: MicrosoftEdge, ms:edgeOptions: {args: [--remote-allow-origins=*, --disable-notifications, --disable-extensions, --start-maximized], excludeSwitches: [load-extension, enable-automation], extensions: [], prefs: {credentials_enable_service: false, profile.password_manager_enabled: false}}}]}]
at org.openqa.selenium.remote.ProtocolHandshake.createSession(ProtocolHandshake.java:140)
at org.openqa.selenium.remote.ProtocolHandshake.createSession(ProtocolHandshake.java:96)
at org.openqa.selenium.remote.ProtocolHandshake.createSession(ProtocolHandshake.java:68)
at org.openqa.selenium.remote.HttpCommandExecutor.execute(HttpCommandExecutor.java:163)
at org.openqa.selenium.remote.service.DriverCommandExecutor.invokeExecute(DriverCommandExecutor.java:196)
at org.openqa.selenium.remote.service.DriverCommandExecutor.execute(DriverCommandExecutor.java:171)
at org.openqa.selenium.remote.RemoteWebDriver.execute(RemoteWebDriver.java:531)
at org.openqa.selenium.remote.RemoteWebDriver.startSession(RemoteWebDriver.java:227)
at org.openqa.selenium.remote.RemoteWebDriver.<init>(RemoteWebDriver.java:154)
at org.openqa.selenium.chromium.ChromiumDriver.<init>(ChromiumDriver.java:107)
at org.openqa.selenium.edge.EdgeDriver.<init>(EdgeDriver.java:59)
at org.openqa.selenium.edge.EdgeDriver.<init>(EdgeDriver.java:55)
at org.openqa.selenium.edge.EdgeDriver.<init>(EdgeDriver.java:47)
at com.hrsoft.driver.manager.web.local.EdgeManager.getDriver(EdgeManager.java:33)
at com.hrsoft.driver.factory.web.local.LocalDriverFactory.getDriver(LocalDriverFactory.java:28)
at com.hrsoft.driver.implement.LocalWebDriveImp.getDriver(LocalWebDriveImp.java:14)
at com.hrsoft.driver.Driver.initDriverWeb(Driver.java:20)
at com.hrsoft.test.setuphelpers.WebBaseTest.setup(WebBaseTest.java:36)
at java.base/java.util.ArrayList.forEach(ArrayList.java:1511)
... Removed 30 stack frames]]>
    </failure>
  </testcase> <!-- @BeforeMethod setup -->
  <testcase classname="com.hrsoft.test.setuphelpers.WebBaseTest" name="@AfterMethod teardown" time="0.004">
    <failure type="java.lang.NullPointerException" message="Cannot invoke &amp;quot;org.assertj.core.api.SoftAssertions.assertAll()&amp;quot; because &amp;quot;this.softAssertions&amp;quot; is null">
      <![CDATA[java.lang.NullPointerException: Cannot invoke "org.assertj.core.api.SoftAssertions.assertAll()" because "this.softAssertions" is null
at com.hrsoft.test.setuphelpers.WebBaseTest.teardown(WebBaseTest.java:44)
at java.base/java.util.ArrayList.forEach(ArrayList.java:1511)
... Removed 31 stack frames]]>
    </failure>
  </testcase> <!-- @AfterMethod teardown -->
  <testcase classname="com.hrsoft.test.setuphelpers.WebBaseTest" name="@BeforeMethod setup" time="2.09">
    <failure type="org.openqa.selenium.SessionNotCreatedException" message="Could not start a new session. Response code 500. Message: session not created
from no such execution context: loader has changed while resolving nodes
  (Session info: MicrosoftEdge=115.0.1901.188) 
Host info: host: &amp;apos;QA001OHIO&amp;apos;, ip: &amp;apos;10.42.252.37&amp;apos;
Build info: version: &amp;apos;4.10.0&amp;apos;, revision: &amp;apos;c14d967899&amp;apos;
System info: os.name: &amp;apos;Windows Server 2022&amp;apos;, os.arch: &amp;apos;amd64&amp;apos;, os.version: &amp;apos;10.0&amp;apos;, java.version: &amp;apos;17.0.7&amp;apos;
Driver info: org.openqa.selenium.edge.EdgeDriver
Command: [null, newSession {capabilities=[Capabilities {browserName: MicrosoftEdge, ms:edgeOptions: {args: [--remote-allow-origins=*, --disable-notifications, --disable-extensions, --start-maximized], excludeSwitches: [load-extension, enable-automation], extensions: [], prefs: {credentials_enable_service: false, profile.password_manager_enabled: false}}}]}]">
      <![CDATA[org.openqa.selenium.SessionNotCreatedException: Could not start a new session. Response code 500. Message: session not created
from no such execution context: loader has changed while resolving nodes
  (Session info: MicrosoftEdge=115.0.1901.188) 
Host info: host: 'QA001OHIO', ip: '10.42.252.37'
Build info: version: '4.10.0', revision: 'c14d967899'
System info: os.name: 'Windows Server 2022', os.arch: 'amd64', os.version: '10.0', java.version: '17.0.7'
Driver info: org.openqa.selenium.edge.EdgeDriver
Command: [null, newSession {capabilities=[Capabilities {browserName: MicrosoftEdge, ms:edgeOptions: {args: [--remote-allow-origins=*, --disable-notifications, --disable-extensions, --start-maximized], excludeSwitches: [load-extension, enable-automation], extensions: [], prefs: {credentials_enable_service: false, profile.password_manager_enabled: false}}}]}]
at org.openqa.selenium.remote.ProtocolHandshake.createSession(ProtocolHandshake.java:140)
at org.openqa.selenium.remote.ProtocolHandshake.createSession(ProtocolHandshake.java:96)
at org.openqa.selenium.remote.ProtocolHandshake.createSession(ProtocolHandshake.java:68)
at org.openqa.selenium.remote.HttpCommandExecutor.execute(HttpCommandExecutor.java:163)
at org.openqa.selenium.remote.service.DriverCommandExecutor.invokeExecute(DriverCommandExecutor.java:196)
at org.openqa.selenium.remote.service.DriverCommandExecutor.execute(DriverCommandExecutor.java:171)
at org.openqa.selenium.remote.RemoteWebDriver.execute(RemoteWebDriver.java:531)
at org.openqa.selenium.remote.RemoteWebDriver.startSession(RemoteWebDriver.java:227)
at org.openqa.selenium.remote.RemoteWebDriver.<init>(RemoteWebDriver.java:154)
at org.openqa.selenium.chromium.ChromiumDriver.<init>(ChromiumDriver.java:107)
at org.openqa.selenium.edge.EdgeDriver.<init>(EdgeDriver.java:59)
at org.openqa.selenium.edge.EdgeDriver.<init>(EdgeDriver.java:55)
at org.openqa.selenium.edge.EdgeDriver.<init>(EdgeDriver.java:47)
at com.hrsoft.driver.manager.web.local.EdgeManager.getDriver(EdgeManager.java:33)
at com.hrsoft.driver.factory.web.local.LocalDriverFactory.getDriver(LocalDriverFactory.java:28)
at com.hrsoft.driver.implement.LocalWebDriveImp.getDriver(LocalWebDriveImp.java:14)
at com.hrsoft.driver.Driver.initDriverWeb(Driver.java:20)
at com.hrsoft.test.setuphelpers.WebBaseTest.setup(WebBaseTest.java:36)
at java.base/java.util.ArrayList.forEach(ArrayList.java:1511)
... Removed 30 stack frames]]>
    </failure>
  </testcase> <!-- @BeforeMethod setup -->
  <testcase classname="com.hrsoft.test.setuphelpers.WebBaseTest" name="@BeforeMethod setup" time="2.041">
    <failure type="org.openqa.selenium.SessionNotCreatedException" message="Could not start a new session. Response code 500. Message: session not created
from no such execution context: uniqueContextId not found
  (Session info: MicrosoftEdge=115.0.1901.188) 
Host info: host: &amp;apos;QA001OHIO&amp;apos;, ip: &amp;apos;10.42.252.37&amp;apos;
Build info: version: &amp;apos;4.10.0&amp;apos;, revision: &amp;apos;c14d967899&amp;apos;
System info: os.name: &amp;apos;Windows Server 2022&amp;apos;, os.arch: &amp;apos;amd64&amp;apos;, os.version: &amp;apos;10.0&amp;apos;, java.version: &amp;apos;17.0.7&amp;apos;
Driver info: org.openqa.selenium.edge.EdgeDriver
Command: [null, newSession {capabilities=[Capabilities {browserName: MicrosoftEdge, ms:edgeOptions: {args: [--remote-allow-origins=*, --disable-notifications, --disable-extensions, --start-maximized], excludeSwitches: [load-extension, enable-automation], extensions: [], prefs: {credentials_enable_service: false, profile.password_manager_enabled: false}}}]}]">
      <![CDATA[org.openqa.selenium.SessionNotCreatedException: Could not start a new session. Response code 500. Message: session not created
from no such execution context: uniqueContextId not found
  (Session info: MicrosoftEdge=115.0.1901.188) 
Host info: host: 'QA001OHIO', ip: '10.42.252.37'
Build info: version: '4.10.0', revision: 'c14d967899'
System info: os.name: 'Windows Server 2022', os.arch: 'amd64', os.version: '10.0', java.version: '17.0.7'
Driver info: org.openqa.selenium.edge.EdgeDriver
Command: [null, newSession {capabilities=[Capabilities {browserName: MicrosoftEdge, ms:edgeOptions: {args: [--remote-allow-origins=*, --disable-notifications, --disable-extensions, --start-maximized], excludeSwitches: [load-extension, enable-automation], extensions: [], prefs: {credentials_enable_service: false, profile.password_manager_enabled: false}}}]}]
at org.openqa.selenium.remote.ProtocolHandshake.createSession(ProtocolHandshake.java:140)
at org.openqa.selenium.remote.ProtocolHandshake.createSession(ProtocolHandshake.java:96)
at org.openqa.selenium.remote.ProtocolHandshake.createSession(ProtocolHandshake.java:68)
at org.openqa.selenium.remote.HttpCommandExecutor.execute(HttpCommandExecutor.java:163)
at org.openqa.selenium.remote.service.DriverCommandExecutor.invokeExecute(DriverCommandExecutor.java:196)
at org.openqa.selenium.remote.service.DriverCommandExecutor.execute(DriverCommandExecutor.java:171)
at org.openqa.selenium.remote.RemoteWebDriver.execute(RemoteWebDriver.java:531)
at org.openqa.selenium.remote.RemoteWebDriver.startSession(RemoteWebDriver.java:227)
at org.openqa.selenium.remote.RemoteWebDriver.<init>(RemoteWebDriver.java:154)
at org.openqa.selenium.chromium.ChromiumDriver.<init>(ChromiumDriver.java:107)
at org.openqa.selenium.edge.EdgeDriver.<init>(EdgeDriver.java:59)
at org.openqa.selenium.edge.EdgeDriver.<init>(EdgeDriver.java:55)
at org.openqa.selenium.edge.EdgeDriver.<init>(EdgeDriver.java:47)
at com.hrsoft.driver.manager.web.local.EdgeManager.getDriver(EdgeManager.java:33)
at com.hrsoft.driver.factory.web.local.LocalDriverFactory.getDriver(LocalDriverFactory.java:28)
at com.hrsoft.driver.implement.LocalWebDriveImp.getDriver(LocalWebDriveImp.java:14)
at com.hrsoft.driver.Driver.initDriverWeb(Driver.java:20)
at com.hrsoft.test.setuphelpers.WebBaseTest.setup(WebBaseTest.java:36)
at java.base/java.util.ArrayList.forEach(ArrayList.java:1511)
... Removed 30 stack frames]]>
    </failure>
  </testcase> <!-- @BeforeMethod setup -->
  <testcase classname="com.hrsoft.test.setuphelpers.WebBaseTest" name="@BeforeMethod setup" time="1.976">
    <failure type="org.openqa.selenium.SessionNotCreatedException" message="Could not start a new session. Response code 500. Message: session not created
from no such execution context: uniqueContextId not found
  (Session info: MicrosoftEdge=115.0.1901.188) 
Host info: host: &amp;apos;QA001OHIO&amp;apos;, ip: &amp;apos;10.42.252.37&amp;apos;
Build info: version: &amp;apos;4.10.0&amp;apos;, revision: &amp;apos;c14d967899&amp;apos;
System info: os.name: &amp;apos;Windows Server 2022&amp;apos;, os.arch: &amp;apos;amd64&amp;apos;, os.version: &amp;apos;10.0&amp;apos;, java.version: &amp;apos;17.0.7&amp;apos;
Driver info: org.openqa.selenium.edge.EdgeDriver
Command: [null, newSession {capabilities=[Capabilities {browserName: MicrosoftEdge, ms:edgeOptions: {args: [--remote-allow-origins=*, --disable-notifications, --disable-extensions, --start-maximized], excludeSwitches: [load-extension, enable-automation], extensions: [], prefs: {credentials_enable_service: false, profile.password_manager_enabled: false}}}]}]">
      <![CDATA[org.openqa.selenium.SessionNotCreatedException: Could not start a new session. Response code 500. Message: session not created
from no such execution context: uniqueContextId not found
  (Session info: MicrosoftEdge=115.0.1901.188) 
Host info: host: 'QA001OHIO', ip: '10.42.252.37'
Build info: version: '4.10.0', revision: 'c14d967899'
System info: os.name: 'Windows Server 2022', os.arch: 'amd64', os.version: '10.0', java.version: '17.0.7'
Driver info: org.openqa.selenium.edge.EdgeDriver
Command: [null, newSession {capabilities=[Capabilities {browserName: MicrosoftEdge, ms:edgeOptions: {args: [--remote-allow-origins=*, --disable-notifications, --disable-extensions, --start-maximized], excludeSwitches: [load-extension, enable-automation], extensions: [], prefs: {credentials_enable_service: false, profile.password_manager_enabled: false}}}]}]
at org.openqa.selenium.remote.ProtocolHandshake.createSession(ProtocolHandshake.java:140)
at org.openqa.selenium.remote.ProtocolHandshake.createSession(ProtocolHandshake.java:96)
at org.openqa.selenium.remote.ProtocolHandshake.createSession(ProtocolHandshake.java:68)
at org.openqa.selenium.remote.HttpCommandExecutor.execute(HttpCommandExecutor.java:163)
at org.openqa.selenium.remote.service.DriverCommandExecutor.invokeExecute(DriverCommandExecutor.java:196)
at org.openqa.selenium.remote.service.DriverCommandExecutor.execute(DriverCommandExecutor.java:171)
at org.openqa.selenium.remote.RemoteWebDriver.execute(RemoteWebDriver.java:531)
at org.openqa.selenium.remote.RemoteWebDriver.startSession(RemoteWebDriver.java:227)
at org.openqa.selenium.remote.RemoteWebDriver.<init>(RemoteWebDriver.java:154)
at org.openqa.selenium.chromium.ChromiumDriver.<init>(ChromiumDriver.java:107)
at org.openqa.selenium.edge.EdgeDriver.<init>(EdgeDriver.java:59)
at org.openqa.selenium.edge.EdgeDriver.<init>(EdgeDriver.java:55)
at org.openqa.selenium.edge.EdgeDriver.<init>(EdgeDriver.java:47)
at com.hrsoft.driver.manager.web.local.EdgeManager.getDriver(EdgeManager.java:33)
at com.hrsoft.driver.factory.web.local.LocalDriverFactory.getDriver(LocalDriverFactory.java:28)
at com.hrsoft.driver.implement.LocalWebDriveImp.getDriver(LocalWebDriveImp.java:14)
at com.hrsoft.driver.Driver.initDriverWeb(Driver.java:20)
at com.hrsoft.test.setuphelpers.WebBaseTest.setup(WebBaseTest.java:36)
at java.base/java.util.ArrayList.forEach(ArrayList.java:1511)
... Removed 30 stack frames]]>
    </failure>
  </testcase> <!-- @BeforeMethod setup -->
  <testcase classname="com.hrsoft.test.compensation.CompManageFilterTestSuite" name="SM_88_90_CompensationFilters_copyAndDeleteFilter" time="30.869">
    <skipped/>
  </testcase> <!-- SM_88_90_CompensationFilters_copyAndDeleteFilter -->
  <testcase classname="com.hrsoft.test.compensation.CompManageFilterTestSuite" name="SM_91_94_CompensationFilters_CreateNewFilterAndDelete" time="16.03">
    <skipped/>
  </testcase> <!-- SM_91_94_CompensationFilters_CreateNewFilterAndDelete -->
  <testcase classname="com.hrsoft.test.compensation.PlanningPageTestSuite" name="SM_108_To_SM119_PlanningPage_PageVerifications" time="101.228"/>
  <testcase classname="com.hrsoft.test.compensation.PlanningPageTestSuite" name="SM_112_To_SM113_PlanningPage_Verifications" time="94.712"/>
  <testcase classname="com.hrsoft.test.compensation.PlanningPageTestSuite" name="SM_116_PlanningPageTest_ChangeColumnOrder" time="38.97">
    <skipped/>
  </testcase> <!-- SM_116_PlanningPageTest_ChangeColumnOrder -->
  <testcase classname="com.hrsoft.test.compensation.PlanningPageTestSuite" name="SM_121_To_SM126_PlanningGrid_Verifications" time="135.664"/>
  <testcase classname="com.hrsoft.test.compensation.PlanningPageTestSuite" name="SM_127_SM128_SM130_SM131_PlanningGrid_Verifications" time="84.645">
    <failure type="org.openqa.selenium.TimeoutException" message="Expected condition failed: waiting for visibility of element located by By.xpath: //a[@empname=&amp;apos;LName01188, FName01188&amp;apos;]//i[@class=&amp;apos;tcc-emp-spares-audit fa fa-history&amp;apos;] (tried for 10 second(s) with 500 milliseconds interval)
Build info: version: &amp;apos;4.10.0&amp;apos;, revision: &amp;apos;c14d967899&amp;apos;
System info: os.name: &amp;apos;Windows Server 2022&amp;apos;, os.arch: &amp;apos;amd64&amp;apos;, os.version: &amp;apos;10.0&amp;apos;, java.version: &amp;apos;17.0.7&amp;apos;
Driver info: org.openqa.selenium.edge.EdgeDriver
Capabilities {acceptInsecureCerts: false, browserName: msedge, browserVersion: 115.0.1901.188, ms:edgeOptions: {debuggerAddress: localhost:53049}, msedge: {msedgedriverVersion: 115.0.1901.188 (b51b39339c4..., userDataDir: C:\Users\KIRAN~1.YAJ\AppDat...}, networkConnectionEnabled: false, pageLoadStrategy: normal, platformName: windows, proxy: Proxy(), se:cdp: ws://localhost:53049/devtoo..., se:cdpVersion: 115.0.1901.188, setWindowRect: true, strictFileInteractability: false, timeouts: {implicit: 0, pageLoad: 300000, script: 30000}, unhandledPromptBehavior: dismiss and notify, webauthn:extension:credBlob: true, webauthn:extension:largeBlob: true, webauthn:extension:minPinLength: true, webauthn:extension:prf: true, webauthn:virtualAuthenticators: true}
Session ID: d64c53e5f751f3aa61b48da14f37e134">
      <![CDATA[org.openqa.selenium.TimeoutException: Expected condition failed: waiting for visibility of element located by By.xpath: //a[@empname='LName01188, FName01188']//i[@class='tcc-emp-spares-audit fa fa-history'] (tried for 10 second(s) with 500 milliseconds interval)
Build info: version: '4.10.0', revision: 'c14d967899'
System info: os.name: 'Windows Server 2022', os.arch: 'amd64', os.version: '10.0', java.version: '17.0.7'
Driver info: org.openqa.selenium.edge.EdgeDriver
Capabilities {acceptInsecureCerts: false, browserName: msedge, browserVersion: 115.0.1901.188, ms:edgeOptions: {debuggerAddress: localhost:53049}, msedge: {msedgedriverVersion: 115.0.1901.188 (b51b39339c4..., userDataDir: C:\Users\KIRAN~1.YAJ\AppDat...}, networkConnectionEnabled: false, pageLoadStrategy: normal, platformName: windows, proxy: Proxy(), se:cdp: ws://localhost:53049/devtoo..., se:cdpVersion: 115.0.1901.188, setWindowRect: true, strictFileInteractability: false, timeouts: {implicit: 0, pageLoad: 300000, script: 30000}, unhandledPromptBehavior: dismiss and notify, webauthn:extension:credBlob: true, webauthn:extension:largeBlob: true, webauthn:extension:minPinLength: true, webauthn:extension:prf: true, webauthn:virtualAuthenticators: true}
Session ID: d64c53e5f751f3aa61b48da14f37e134
at org.openqa.selenium.support.ui.WebDriverWait.timeoutException(WebDriverWait.java:84)
at org.openqa.selenium.support.ui.FluentWait.until(FluentWait.java:230)
at com.hrsoft.utils.seleniumfy.BasePage.waitForElementVisible(BasePage.java:407)
at com.hrsoft.utils.seleniumfy.BasePage.waitForElementVisible(BasePage.java:385)
at com.hrsoft.utils.seleniumfy.BasePage.click(BasePage.java:615)
at com.hrsoft.gui.compensation.PlanningPage.clickSpareFieldChange(PlanningPage.java:612)
at com.hrsoft.test.compensation.PlanningPageTestSuite.SM_127_SM128_SM130_SM131_PlanningGrid_Verifications(PlanningPageTestSuite.java:164)
at java.base/java.util.ArrayList.forEach(ArrayList.java:1511)
... Removed 27 stack frames]]>
    </failure>
  </testcase> <!-- SM_127_SM128_SM130_SM131_PlanningGrid_Verifications -->
  <testcase classname="com.hrsoft.test.compensation.PlanningPageTestSuite" name="SM_129_Compensation_VerifyEmpHistoryColumnAndHistoryAreVisible" time="62.801"/>
  <testcase classname="com.hrsoft.test.compensation.PlanningPageTestSuite" name="SM_132_To_137_PlanningGrid_Verifications" time="39.953">
    <skipped/>
  </testcase> <!-- SM_132_To_137_PlanningGrid_Verifications -->
  <testcase classname="com.hrsoft.test.compensation.PlanningPageTestSuite" name="SM_138_PlanningGrid_ColorChangeToGrey" time="39.926">
    <skipped/>
  </testcase> <!-- SM_138_PlanningGrid_ColorChangeToGrey -->
  <testcase classname="com.hrsoft.test.compensation.PlanningPageTestSuite" name="SM_139_SM140_PlanningGrid_Verifications" time="68.045">
    <skipped/>
  </testcase> <!-- SM_139_SM140_PlanningGrid_Verifications -->
  <testcase classname="com.hrsoft.test.compensation.PlanningPageTestSuite" name="SM_141_143_CompensationEmployeeDetails_VerifyingEmployeeDetails" time="102.635"/>
  <testcase classname="com.hrsoft.test.compensation.PlanningPageTestSuite" name="SM_146_147_CompensationEmployeeDetails_VerifyingEmployeeAwardAmountValue" time="83.086">
    <failure type="org.openqa.selenium.TimeoutException" message="Expected condition failed: waiting for visibility of element located by By.xpath: //table/tbody/tr/td[@typecode=&amp;apos;WS_Display_Name&amp;apos;]/a[contains(text(),&amp;apos;LName01196, FName01196&amp;apos;)] (tried for 10 second(s) with 500 milliseconds interval)
Build info: version: &amp;apos;4.10.0&amp;apos;, revision: &amp;apos;c14d967899&amp;apos;
System info: os.name: &amp;apos;Windows Server 2022&amp;apos;, os.arch: &amp;apos;amd64&amp;apos;, os.version: &amp;apos;10.0&amp;apos;, java.version: &amp;apos;17.0.7&amp;apos;
Driver info: org.openqa.selenium.edge.EdgeDriver
Capabilities {acceptInsecureCerts: false, browserName: msedge, browserVersion: 115.0.1901.188, ms:edgeOptions: {debuggerAddress: localhost:53805}, msedge: {msedgedriverVersion: 115.0.1901.188 (b51b39339c4..., userDataDir: C:\Users\KIRAN~1.YAJ\AppDat...}, networkConnectionEnabled: false, pageLoadStrategy: normal, platformName: windows, proxy: Proxy(), se:cdp: ws://localhost:53805/devtoo..., se:cdpVersion: 115.0.1901.188, setWindowRect: true, strictFileInteractability: false, timeouts: {implicit: 0, pageLoad: 300000, script: 30000}, unhandledPromptBehavior: dismiss and notify, webauthn:extension:credBlob: true, webauthn:extension:largeBlob: true, webauthn:extension:minPinLength: true, webauthn:extension:prf: true, webauthn:virtualAuthenticators: true}
Session ID: 8760036826e6a6a90561907cadd2cdcf">
      <![CDATA[org.openqa.selenium.TimeoutException: Expected condition failed: waiting for visibility of element located by By.xpath: //table/tbody/tr/td[@typecode='WS_Display_Name']/a[contains(text(),'LName01196, FName01196')] (tried for 10 second(s) with 500 milliseconds interval)
Build info: version: '4.10.0', revision: 'c14d967899'
System info: os.name: 'Windows Server 2022', os.arch: 'amd64', os.version: '10.0', java.version: '17.0.7'
Driver info: org.openqa.selenium.edge.EdgeDriver
Capabilities {acceptInsecureCerts: false, browserName: msedge, browserVersion: 115.0.1901.188, ms:edgeOptions: {debuggerAddress: localhost:53805}, msedge: {msedgedriverVersion: 115.0.1901.188 (b51b39339c4..., userDataDir: C:\Users\KIRAN~1.YAJ\AppDat...}, networkConnectionEnabled: false, pageLoadStrategy: normal, platformName: windows, proxy: Proxy(), se:cdp: ws://localhost:53805/devtoo..., se:cdpVersion: 115.0.1901.188, setWindowRect: true, strictFileInteractability: false, timeouts: {implicit: 0, pageLoad: 300000, script: 30000}, unhandledPromptBehavior: dismiss and notify, webauthn:extension:credBlob: true, webauthn:extension:largeBlob: true, webauthn:extension:minPinLength: true, webauthn:extension:prf: true, webauthn:virtualAuthenticators: true}
Session ID: 8760036826e6a6a90561907cadd2cdcf
at org.openqa.selenium.support.ui.WebDriverWait.timeoutException(WebDriverWait.java:84)
at org.openqa.selenium.support.ui.FluentWait.until(FluentWait.java:230)
at com.hrsoft.utils.seleniumfy.BasePage.waitForElementVisible(BasePage.java:407)
at com.hrsoft.utils.seleniumfy.BasePage.waitForElementVisible(BasePage.java:385)
at com.hrsoft.utils.seleniumfy.BasePage.click(BasePage.java:615)
at com.hrsoft.gui.compensation.PlanningPage.clickAnyEmployee(PlanningPage.java:738)
at com.hrsoft.test.compensation.PlanningPageTestSuite.SM_146_147_CompensationEmployeeDetails_VerifyingEmployeeAwardAmountValue(PlanningPageTestSuite.java:339)
at java.base/java.util.ArrayList.forEach(ArrayList.java:1511)
... Removed 27 stack frames]]>
    </failure>
  </testcase> <!-- SM_146_147_CompensationEmployeeDetails_VerifyingEmployeeAwardAmountValue -->
  <testcase classname="com.hrsoft.test.compensation.PlanningPageTestSuite" name="SM_148_CompensationEmployeeDetails_IsEmpSpareHistoryReportVisible" time="39.119">
    <skipped/>
  </testcase> <!-- SM_148_CompensationEmployeeDetails_IsEmpSpareHistoryReportVisible -->
  <testcase classname="com.hrsoft.test.compensation.PlanningPageTestSuite" name="SM_149_CompensationJobSearch_SearchJobsBasedOnCriterias" time="27.665">
    <skipped/>
  </testcase> <!-- SM_149_CompensationJobSearch_SearchJobsBasedOnCriterias -->
  <testcase classname="com.hrsoft.test.compensation.PlanningPageTestSuite" name="SM_150_152_CompensationJobRecommendation_VerifyJobRecommendationAndRevertingFunctionality" time="26.78">
    <skipped/>
  </testcase> <!-- SM_150_152_CompensationJobRecommendation_VerifyJobRecommendationAndRevertingFunctionality -->
  <testcase classname="com.hrsoft.test.compensation.PlanningPageTestSuite" name="SM_155_Compensation_displayCorrectReportsAtSupportingDataSection" time="27.921">
    <skipped/>
  </testcase> <!-- SM_155_Compensation_displayCorrectReportsAtSupportingDataSection -->
  <testcase classname="com.hrsoft.test.compensation.PlanningPageTestSuite" name="SM_16_CompViewPlanningPage_PlanningPaginationAndScrolling" time="125.25"/>
  <testcase classname="com.hrsoft.test.compensation.PlanningPageTestSuite" name="SM_31_CompViewPlanningPage_ShowOnlyEligibleEmployees" time="32.261">
    <failure type="org.openqa.selenium.InvalidSelectorException" message="invalid selector: Unable to locate an element with the xpath expression dictionarykey=&amp;apos;WS_Tab_Program@Mrt&amp;apos; because of the following error:
TypeError: Failed to execute &amp;apos;evaluate&amp;apos; on &amp;apos;Document&amp;apos;: The result is not a node set, and therefore cannot be converted to the desired type.
  (Session info: MicrosoftEdge=115.0.1901.188)
For documentation on this error, please visit: https://www.selenium.dev/documentation/webdriver/troubleshooting/errors#invalid-selector-exception
Build info: version: &amp;apos;4.10.0&amp;apos;, revision: &amp;apos;c14d967899&amp;apos;
System info: os.name: &amp;apos;Windows Server 2022&amp;apos;, os.arch: &amp;apos;amd64&amp;apos;, os.version: &amp;apos;10.0&amp;apos;, java.version: &amp;apos;17.0.7&amp;apos;
Driver info: org.openqa.selenium.edge.EdgeDriver
Command: [49101538755dc5274131dd71a33b9cda, findElement {using=xpath, value=dictionarykey=&amp;apos;WS_Tab_Program@Mrt&amp;apos;}]
Capabilities {acceptInsecureCerts: false, browserName: msedge, browserVersion: 115.0.1901.188, ms:edgeOptions: {debuggerAddress: localhost:54406}, msedge: {msedgedriverVersion: 115.0.1901.188 (b51b39339c4..., userDataDir: C:\Users\KIRAN~1.YAJ\AppDat...}, networkConnectionEnabled: false, pageLoadStrategy: normal, platformName: windows, proxy: Proxy(), se:cdp: ws://localhost:54406/devtoo..., se:cdpVersion: 115.0.1901.188, setWindowRect: true, strictFileInteractability: false, timeouts: {implicit: 0, pageLoad: 300000, script: 30000}, unhandledPromptBehavior: dismiss and notify, webauthn:extension:credBlob: true, webauthn:extension:largeBlob: true, webauthn:extension:minPinLength: true, webauthn:extension:prf: true, webauthn:virtualAuthenticators: true}
Session ID: 49101538755dc5274131dd71a33b9cda">
      <![CDATA[org.openqa.selenium.InvalidSelectorException: invalid selector: Unable to locate an element with the xpath expression dictionarykey='WS_Tab_Program@Mrt' because of the following error:
TypeError: Failed to execute 'evaluate' on 'Document': The result is not a node set, and therefore cannot be converted to the desired type.
  (Session info: MicrosoftEdge=115.0.1901.188)
For documentation on this error, please visit: https://www.selenium.dev/documentation/webdriver/troubleshooting/errors#invalid-selector-exception
Build info: version: '4.10.0', revision: 'c14d967899'
System info: os.name: 'Windows Server 2022', os.arch: 'amd64', os.version: '10.0', java.version: '17.0.7'
Driver info: org.openqa.selenium.edge.EdgeDriver
Command: [49101538755dc5274131dd71a33b9cda, findElement {using=xpath, value=dictionarykey='WS_Tab_Program@Mrt'}]
Capabilities {acceptInsecureCerts: false, browserName: msedge, browserVersion: 115.0.1901.188, ms:edgeOptions: {debuggerAddress: localhost:54406}, msedge: {msedgedriverVersion: 115.0.1901.188 (b51b39339c4..., userDataDir: C:\Users\KIRAN~1.YAJ\AppDat...}, networkConnectionEnabled: false, pageLoadStrategy: normal, platformName: windows, proxy: Proxy(), se:cdp: ws://localhost:54406/devtoo..., se:cdpVersion: 115.0.1901.188, setWindowRect: true, strictFileInteractability: false, timeouts: {implicit: 0, pageLoad: 300000, script: 30000}, unhandledPromptBehavior: dismiss and notify, webauthn:extension:credBlob: true, webauthn:extension:largeBlob: true, webauthn:extension:minPinLength: true, webauthn:extension:prf: true, webauthn:virtualAuthenticators: true}
Session ID: 49101538755dc5274131dd71a33b9cda
at org.openqa.selenium.remote.codec.w3c.W3CHttpResponseCodec.createException(W3CHttpResponseCodec.java:199)
at org.openqa.selenium.remote.codec.w3c.W3CHttpResponseCodec.decode(W3CHttpResponseCodec.java:132)
at org.openqa.selenium.remote.codec.w3c.W3CHttpResponseCodec.decode(W3CHttpResponseCodec.java:51)
at org.openqa.selenium.remote.HttpCommandExecutor.execute(HttpCommandExecutor.java:191)
at org.openqa.selenium.remote.service.DriverCommandExecutor.invokeExecute(DriverCommandExecutor.java:196)
at org.openqa.selenium.remote.service.DriverCommandExecutor.execute(DriverCommandExecutor.java:171)
at org.openqa.selenium.remote.RemoteWebDriver.execute(RemoteWebDriver.java:531)
at org.openqa.selenium.remote.ElementLocation$ElementFinder$2.findElement(ElementLocation.java:165)
at org.openqa.selenium.remote.ElementLocation.findElement(ElementLocation.java:59)
at org.openqa.selenium.remote.RemoteWebDriver.findElement(RemoteWebDriver.java:350)
at org.openqa.selenium.remote.RemoteWebDriver.findElement(RemoteWebDriver.java:344)
at org.openqa.selenium.support.ui.ExpectedConditions$7.apply(ExpectedConditions.java:194)
at org.openqa.selenium.support.ui.ExpectedConditions$7.apply(ExpectedConditions.java:190)
at org.openqa.selenium.support.ui.FluentWait.until(FluentWait.java:205)
at com.hrsoft.utils.seleniumfy.BasePage.waitForElementVisible(BasePage.java:407)
at com.hrsoft.utils.seleniumfy.BasePage.waitForElementVisible(BasePage.java:385)
at com.hrsoft.utils.seleniumfy.BasePage.click(BasePage.java:615)
at com.hrsoft.gui.compensation.PlanningPage.clickSalaryTab(PlanningPage.java:273)
at com.hrsoft.test.compensation.PlanningPageTestSuite.SM_31_CompViewPlanningPage_ShowOnlyEligibleEmployees(PlanningPageTestSuite.java:457)
at java.base/java.util.ArrayList.forEach(ArrayList.java:1511)
... Removed 32 stack frames]]>
    </failure>
  </testcase> <!-- SM_31_CompViewPlanningPage_ShowOnlyEligibleEmployees -->
  <testcase classname="com.hrsoft.test.compensation.CompOverviewTestSuite" name="SM_09C_CompViewPlanning_CanRevertPLanToConfigureStage" time="57.874">
    <failure type="org.openqa.selenium.TimeoutException" message="Expected condition failed: waiting for visibility of element located by By.xpath: //li//a[text()=&amp;apos;Staging&amp;apos; and @pageid=&amp;apos;WZ_CPC_Staging&amp;apos;] (tried for 10 second(s) with 500 milliseconds interval)
Build info: version: &amp;apos;4.10.0&amp;apos;, revision: &amp;apos;c14d967899&amp;apos;
System info: os.name: &amp;apos;Windows Server 2022&amp;apos;, os.arch: &amp;apos;amd64&amp;apos;, os.version: &amp;apos;10.0&amp;apos;, java.version: &amp;apos;17.0.7&amp;apos;
Driver info: org.openqa.selenium.edge.EdgeDriver
Capabilities {acceptInsecureCerts: false, browserName: msedge, browserVersion: 115.0.1901.188, ms:edgeOptions: {debuggerAddress: localhost:54484}, msedge: {msedgedriverVersion: 115.0.1901.188 (b51b39339c4..., userDataDir: C:\Users\KIRAN~1.YAJ\AppDat...}, networkConnectionEnabled: false, pageLoadStrategy: normal, platformName: windows, proxy: Proxy(), se:cdp: ws://localhost:54484/devtoo..., se:cdpVersion: 115.0.1901.188, setWindowRect: true, strictFileInteractability: false, timeouts: {implicit: 0, pageLoad: 300000, script: 30000}, unhandledPromptBehavior: dismiss and notify, webauthn:extension:credBlob: true, webauthn:extension:largeBlob: true, webauthn:extension:minPinLength: true, webauthn:extension:prf: true, webauthn:virtualAuthenticators: true}
Session ID: 4e71b325dcde5722f92727570af8e751">
      <![CDATA[org.openqa.selenium.TimeoutException: Expected condition failed: waiting for visibility of element located by By.xpath: //li//a[text()='Staging' and @pageid='WZ_CPC_Staging'] (tried for 10 second(s) with 500 milliseconds interval)
Build info: version: '4.10.0', revision: 'c14d967899'
System info: os.name: 'Windows Server 2022', os.arch: 'amd64', os.version: '10.0', java.version: '17.0.7'
Driver info: org.openqa.selenium.edge.EdgeDriver
Capabilities {acceptInsecureCerts: false, browserName: msedge, browserVersion: 115.0.1901.188, ms:edgeOptions: {debuggerAddress: localhost:54484}, msedge: {msedgedriverVersion: 115.0.1901.188 (b51b39339c4..., userDataDir: C:\Users\KIRAN~1.YAJ\AppDat...}, networkConnectionEnabled: false, pageLoadStrategy: normal, platformName: windows, proxy: Proxy(), se:cdp: ws://localhost:54484/devtoo..., se:cdpVersion: 115.0.1901.188, setWindowRect: true, strictFileInteractability: false, timeouts: {implicit: 0, pageLoad: 300000, script: 30000}, unhandledPromptBehavior: dismiss and notify, webauthn:extension:credBlob: true, webauthn:extension:largeBlob: true, webauthn:extension:minPinLength: true, webauthn:extension:prf: true, webauthn:virtualAuthenticators: true}
Session ID: 4e71b325dcde5722f92727570af8e751
at org.openqa.selenium.support.ui.WebDriverWait.timeoutException(WebDriverWait.java:84)
at org.openqa.selenium.support.ui.FluentWait.until(FluentWait.java:230)
at com.hrsoft.utils.seleniumfy.BasePage.waitForElementVisible(BasePage.java:407)
at com.hrsoft.utils.seleniumfy.BasePage.waitForElementVisible(BasePage.java:385)
at com.hrsoft.utils.seleniumfy.BasePage.click(BasePage.java:615)
at com.hrsoft.gui.cloudadmin.ManagePlansPage.clickStagingTab(ManagePlansPage.java:50)
at com.hrsoft.test.compensation.CompOverviewTestSuite.SM_09C_CompViewPlanning_CanRevertPLanToConfigureStage(CompOverviewTestSuite.java:251)
at java.base/java.util.ArrayList.forEach(ArrayList.java:1511)
... Removed 27 stack frames]]>
    </failure>
  </testcase> <!-- SM_09C_CompViewPlanning_CanRevertPLanToConfigureStage -->
  <testcase classname="com.hrsoft.test.compensation.CompOverviewTestSuite" name="SM_14_CompViewPlanningVerifyCoPlannerField" time="149.04">
    <failure type="org.openqa.selenium.TimeoutException" message="Expected condition failed: waiting for visibility of element located by By.xpath: //ul[@class=&amp;apos;flyout-compplan&amp;apos;]//li[@planid=&amp;apos;13&amp;apos;][contains(text(),&amp;apos;PLAN Promotion Recommended Group&amp;apos;)] (tried for 10 second(s) with 500 milliseconds interval)
Build info: version: &amp;apos;4.10.0&amp;apos;, revision: &amp;apos;c14d967899&amp;apos;
System info: os.name: &amp;apos;Windows Server 2022&amp;apos;, os.arch: &amp;apos;amd64&amp;apos;, os.version: &amp;apos;10.0&amp;apos;, java.version: &amp;apos;17.0.7&amp;apos;
Driver info: org.openqa.selenium.edge.EdgeDriver
Capabilities {acceptInsecureCerts: false, browserName: msedge, browserVersion: 115.0.1901.188, ms:edgeOptions: {debuggerAddress: localhost:54572}, msedge: {msedgedriverVersion: 115.0.1901.188 (b51b39339c4..., userDataDir: C:\Users\KIRAN~1.YAJ\AppDat...}, networkConnectionEnabled: false, pageLoadStrategy: normal, platformName: windows, proxy: Proxy(), se:cdp: ws://localhost:54572/devtoo..., se:cdpVersion: 115.0.1901.188, setWindowRect: true, strictFileInteractability: false, timeouts: {implicit: 0, pageLoad: 300000, script: 30000}, unhandledPromptBehavior: dismiss and notify, webauthn:extension:credBlob: true, webauthn:extension:largeBlob: true, webauthn:extension:minPinLength: true, webauthn:extension:prf: true, webauthn:virtualAuthenticators: true}
Session ID: aa807ac82c5baa393121f37f0b5dcc48">
      <![CDATA[org.openqa.selenium.TimeoutException: Expected condition failed: waiting for visibility of element located by By.xpath: //ul[@class='flyout-compplan']//li[@planid='13'][contains(text(),'PLAN Promotion Recommended Group')] (tried for 10 second(s) with 500 milliseconds interval)
Build info: version: '4.10.0', revision: 'c14d967899'
System info: os.name: 'Windows Server 2022', os.arch: 'amd64', os.version: '10.0', java.version: '17.0.7'
Driver info: org.openqa.selenium.edge.EdgeDriver
Capabilities {acceptInsecureCerts: false, browserName: msedge, browserVersion: 115.0.1901.188, ms:edgeOptions: {debuggerAddress: localhost:54572}, msedge: {msedgedriverVersion: 115.0.1901.188 (b51b39339c4..., userDataDir: C:\Users\KIRAN~1.YAJ\AppDat...}, networkConnectionEnabled: false, pageLoadStrategy: normal, platformName: windows, proxy: Proxy(), se:cdp: ws://localhost:54572/devtoo..., se:cdpVersion: 115.0.1901.188, setWindowRect: true, strictFileInteractability: false, timeouts: {implicit: 0, pageLoad: 300000, script: 30000}, unhandledPromptBehavior: dismiss and notify, webauthn:extension:credBlob: true, webauthn:extension:largeBlob: true, webauthn:extension:minPinLength: true, webauthn:extension:prf: true, webauthn:virtualAuthenticators: true}
Session ID: aa807ac82c5baa393121f37f0b5dcc48
at org.openqa.selenium.support.ui.WebDriverWait.timeoutException(WebDriverWait.java:84)
at org.openqa.selenium.support.ui.FluentWait.until(FluentWait.java:230)
at com.hrsoft.utils.seleniumfy.BasePage.waitForElementVisible(BasePage.java:407)
at com.hrsoft.utils.seleniumfy.BasePage.waitForElementVisible(BasePage.java:385)
at com.hrsoft.utils.seleniumfy.BasePage.click(BasePage.java:615)
at com.hrsoft.gui.HRSoftPage.openPlanningPageForRestricted(HRSoftPage.java:319)
at com.hrsoft.test.compensation.CompOverviewTestSuite.SM_14_CompViewPlanningVerifyCoPlannerField(CompOverviewTestSuite.java:46)
at java.base/java.util.ArrayList.forEach(ArrayList.java:1511)
... Removed 27 stack frames]]>
    </failure>
  </testcase> <!-- SM_14_CompViewPlanningVerifyCoPlannerField -->
  <testcase classname="com.hrsoft.test.compensation.CompOverviewTestSuite" name="SM_17_CompViewPlanningEnterNoteBasedOnEnvironmentRule" time="55.558">
    <skipped/>
  </testcase> <!-- SM_17_CompViewPlanningEnterNoteBasedOnEnvironmentRule -->
  <testcase classname="com.hrsoft.test.compensation.CompOverviewTestSuite" name="SM_18_CompViewPlannerCanResetEnteredAwardAndChangedJob" time="48.169">
    <skipped/>
  </testcase> <!-- SM_18_CompViewPlannerCanResetEnteredAwardAndChangedJob -->
  <testcase classname="com.hrsoft.test.compensation.CompOverviewTestSuite" name="SM_19_CompView_PlannerCanResetEnteredAwardAndChangedJob" time="81.57">
    <failure type="org.openqa.selenium.TimeoutException" message="Expected condition failed: waiting for visibility of element located by By.xpath: (//label[text()=&amp;apos;Rollup&amp;apos;])[1] (tried for 10 second(s) with 500 milliseconds interval)
Build info: version: &amp;apos;4.10.0&amp;apos;, revision: &amp;apos;c14d967899&amp;apos;
System info: os.name: &amp;apos;Windows Server 2022&amp;apos;, os.arch: &amp;apos;amd64&amp;apos;, os.version: &amp;apos;10.0&amp;apos;, java.version: &amp;apos;17.0.7&amp;apos;
Driver info: org.openqa.selenium.edge.EdgeDriver
Capabilities {acceptInsecureCerts: false, browserName: msedge, browserVersion: 115.0.1901.188, ms:edgeOptions: {debuggerAddress: localhost:54917}, msedge: {msedgedriverVersion: 115.0.1901.188 (b51b39339c4..., userDataDir: C:\Users\KIRAN~1.YAJ\AppDat...}, networkConnectionEnabled: false, pageLoadStrategy: normal, platformName: windows, proxy: Proxy(), se:cdp: ws://localhost:54917/devtoo..., se:cdpVersion: 115.0.1901.188, setWindowRect: true, strictFileInteractability: false, timeouts: {implicit: 0, pageLoad: 300000, script: 30000}, unhandledPromptBehavior: dismiss and notify, webauthn:extension:credBlob: true, webauthn:extension:largeBlob: true, webauthn:extension:minPinLength: true, webauthn:extension:prf: true, webauthn:virtualAuthenticators: true}
Session ID: 28a08315cf4d747c8fb5c52d44fc164c">
      <![CDATA[org.openqa.selenium.TimeoutException: Expected condition failed: waiting for visibility of element located by By.xpath: (//label[text()='Rollup'])[1] (tried for 10 second(s) with 500 milliseconds interval)
Build info: version: '4.10.0', revision: 'c14d967899'
System info: os.name: 'Windows Server 2022', os.arch: 'amd64', os.version: '10.0', java.version: '17.0.7'
Driver info: org.openqa.selenium.edge.EdgeDriver
Capabilities {acceptInsecureCerts: false, browserName: msedge, browserVersion: 115.0.1901.188, ms:edgeOptions: {debuggerAddress: localhost:54917}, msedge: {msedgedriverVersion: 115.0.1901.188 (b51b39339c4..., userDataDir: C:\Users\KIRAN~1.YAJ\AppDat...}, networkConnectionEnabled: false, pageLoadStrategy: normal, platformName: windows, proxy: Proxy(), se:cdp: ws://localhost:54917/devtoo..., se:cdpVersion: 115.0.1901.188, setWindowRect: true, strictFileInteractability: false, timeouts: {implicit: 0, pageLoad: 300000, script: 30000}, unhandledPromptBehavior: dismiss and notify, webauthn:extension:credBlob: true, webauthn:extension:largeBlob: true, webauthn:extension:minPinLength: true, webauthn:extension:prf: true, webauthn:virtualAuthenticators: true}
Session ID: 28a08315cf4d747c8fb5c52d44fc164c
at org.openqa.selenium.support.ui.WebDriverWait.timeoutException(WebDriverWait.java:84)
at org.openqa.selenium.support.ui.FluentWait.until(FluentWait.java:230)
at com.hrsoft.utils.seleniumfy.BasePage.waitForElementVisible(BasePage.java:407)
at com.hrsoft.utils.seleniumfy.BasePage.waitForElementVisible(BasePage.java:385)
at com.hrsoft.utils.seleniumfy.BasePage.click(BasePage.java:615)
at com.hrsoft.gui.compensation.PlanningPage.clickRollup(PlanningPage.java:111)
at com.hrsoft.test.compensation.CompOverviewTestSuite.SM_19_CompView_PlannerCanResetEnteredAwardAndChangedJob(CompOverviewTestSuite.java:140)
at java.base/java.util.ArrayList.forEach(ArrayList.java:1511)
... Removed 27 stack frames]]>
    </failure>
  </testcase> <!-- SM_19_CompView_PlannerCanResetEnteredAwardAndChangedJob -->
  <testcase classname="com.hrsoft.test.compensation.CompOverviewTestSuite" name="SM_24_CompView_ChangeJob" time="55.776">
    <skipped/>
  </testcase> <!-- SM_24_CompView_ChangeJob -->
  <testcase classname="com.hrsoft.test.compensation.CompOverviewTestSuite" name="SM_25_CompView_ChangeJob" time="53.689">
    <skipped/>
  </testcase> <!-- SM_25_CompView_ChangeJob -->
  <testcase classname="com.hrsoft.test.compensation.CompOverviewTestSuite" name="SM_38_39_CompView_PlannerCanResetEnteredAwardAndChangedJob" time="30.831">
    <failure type="org.openqa.selenium.InvalidSelectorException" message="invalid selector: Unable to locate an element with the xpath expression dictionarykey=&amp;apos;WS_Tab_Program@Mrt&amp;apos; because of the following error:
TypeError: Failed to execute &amp;apos;evaluate&amp;apos; on &amp;apos;Document&amp;apos;: The result is not a node set, and therefore cannot be converted to the desired type.
  (Session info: MicrosoftEdge=115.0.1901.188)
For documentation on this error, please visit: https://www.selenium.dev/documentation/webdriver/troubleshooting/errors#invalid-selector-exception
Build info: version: &amp;apos;4.10.0&amp;apos;, revision: &amp;apos;c14d967899&amp;apos;
System info: os.name: &amp;apos;Windows Server 2022&amp;apos;, os.arch: &amp;apos;amd64&amp;apos;, os.version: &amp;apos;10.0&amp;apos;, java.version: &amp;apos;17.0.7&amp;apos;
Driver info: org.openqa.selenium.edge.EdgeDriver
Command: [ea1dadb208d011e5fb9659e75582ff88, findElement {using=xpath, value=dictionarykey=&amp;apos;WS_Tab_Program@Mrt&amp;apos;}]
Capabilities {acceptInsecureCerts: false, browserName: msedge, browserVersion: 115.0.1901.188, ms:edgeOptions: {debuggerAddress: localhost:55196}, msedge: {msedgedriverVersion: 115.0.1901.188 (b51b39339c4..., userDataDir: C:\Users\KIRAN~1.YAJ\AppDat...}, networkConnectionEnabled: false, pageLoadStrategy: normal, platformName: windows, proxy: Proxy(), se:cdp: ws://localhost:55196/devtoo..., se:cdpVersion: 115.0.1901.188, setWindowRect: true, strictFileInteractability: false, timeouts: {implicit: 0, pageLoad: 300000, script: 30000}, unhandledPromptBehavior: dismiss and notify, webauthn:extension:credBlob: true, webauthn:extension:largeBlob: true, webauthn:extension:minPinLength: true, webauthn:extension:prf: true, webauthn:virtualAuthenticators: true}
Session ID: ea1dadb208d011e5fb9659e75582ff88">
      <![CDATA[org.openqa.selenium.InvalidSelectorException: invalid selector: Unable to locate an element with the xpath expression dictionarykey='WS_Tab_Program@Mrt' because of the following error:
TypeError: Failed to execute 'evaluate' on 'Document': The result is not a node set, and therefore cannot be converted to the desired type.
  (Session info: MicrosoftEdge=115.0.1901.188)
For documentation on this error, please visit: https://www.selenium.dev/documentation/webdriver/troubleshooting/errors#invalid-selector-exception
Build info: version: '4.10.0', revision: 'c14d967899'
System info: os.name: 'Windows Server 2022', os.arch: 'amd64', os.version: '10.0', java.version: '17.0.7'
Driver info: org.openqa.selenium.edge.EdgeDriver
Command: [ea1dadb208d011e5fb9659e75582ff88, findElement {using=xpath, value=dictionarykey='WS_Tab_Program@Mrt'}]
Capabilities {acceptInsecureCerts: false, browserName: msedge, browserVersion: 115.0.1901.188, ms:edgeOptions: {debuggerAddress: localhost:55196}, msedge: {msedgedriverVersion: 115.0.1901.188 (b51b39339c4..., userDataDir: C:\Users\KIRAN~1.YAJ\AppDat...}, networkConnectionEnabled: false, pageLoadStrategy: normal, platformName: windows, proxy: Proxy(), se:cdp: ws://localhost:55196/devtoo..., se:cdpVersion: 115.0.1901.188, setWindowRect: true, strictFileInteractability: false, timeouts: {implicit: 0, pageLoad: 300000, script: 30000}, unhandledPromptBehavior: dismiss and notify, webauthn:extension:credBlob: true, webauthn:extension:largeBlob: true, webauthn:extension:minPinLength: true, webauthn:extension:prf: true, webauthn:virtualAuthenticators: true}
Session ID: ea1dadb208d011e5fb9659e75582ff88
at org.openqa.selenium.remote.codec.w3c.W3CHttpResponseCodec.createException(W3CHttpResponseCodec.java:199)
at org.openqa.selenium.remote.codec.w3c.W3CHttpResponseCodec.decode(W3CHttpResponseCodec.java:132)
at org.openqa.selenium.remote.codec.w3c.W3CHttpResponseCodec.decode(W3CHttpResponseCodec.java:51)
at org.openqa.selenium.remote.HttpCommandExecutor.execute(HttpCommandExecutor.java:191)
at org.openqa.selenium.remote.service.DriverCommandExecutor.invokeExecute(DriverCommandExecutor.java:196)
at org.openqa.selenium.remote.service.DriverCommandExecutor.execute(DriverCommandExecutor.java:171)
at org.openqa.selenium.remote.RemoteWebDriver.execute(RemoteWebDriver.java:531)
at org.openqa.selenium.remote.ElementLocation$ElementFinder$2.findElement(ElementLocation.java:165)
at org.openqa.selenium.remote.ElementLocation.findElement(ElementLocation.java:59)
at org.openqa.selenium.remote.RemoteWebDriver.findElement(RemoteWebDriver.java:350)
at org.openqa.selenium.remote.RemoteWebDriver.findElement(RemoteWebDriver.java:344)
at org.openqa.selenium.support.ui.ExpectedConditions$7.apply(ExpectedConditions.java:194)
at org.openqa.selenium.support.ui.ExpectedConditions$7.apply(ExpectedConditions.java:190)
at org.openqa.selenium.support.ui.FluentWait.until(FluentWait.java:205)
at com.hrsoft.utils.seleniumfy.BasePage.waitForElementVisible(BasePage.java:407)
at com.hrsoft.utils.seleniumfy.BasePage.waitForElementVisible(BasePage.java:385)
at com.hrsoft.utils.seleniumfy.BasePage.click(BasePage.java:615)
at com.hrsoft.gui.compensation.PlanningPage.clickSalaryTab(PlanningPage.java:273)
at com.hrsoft.test.compensation.CompOverviewTestSuite.SM_38_39_CompView_PlannerCanResetEnteredAwardAndChangedJob(CompOverviewTestSuite.java:194)
at java.base/java.util.ArrayList.forEach(ArrayList.java:1511)
... Removed 32 stack frames]]>
    </failure>
  </testcase> <!-- SM_38_39_CompView_PlannerCanResetEnteredAwardAndChangedJob -->
  <testcase classname="com.hrsoft.test.compensation.CompOverviewTestSuite" name="SM_82_86_CompensationCompOverview_areLinksClickable" time="42.481"/>
  <testcase classname="com.hrsoft.test.compensation.CompOverviewTestSuite" name="SM_87_CompensationCompOverview_OpenCompTasksLinks" time="20.63"/>
  <testcase classname="com.hrsoft.test.compensation.DistributeFundTestSuite" name="SM_171_172_CompensationDistributionFund_OpenDistFundPageAndEnterBudget" time="18.947">
    <skipped/>
  </testcase> <!-- SM_171_172_CompensationDistributionFund_OpenDistFundPageAndEnterBudget -->
  <testcase classname="com.hrsoft.test.compensation.DistributeFundTestSuite" name="SM_173_CompensationDistributionFund_holdBackAmounttAndDistAmountCalculation" time="16.586">
    <skipped/>
  </testcase> <!-- SM_173_CompensationDistributionFund_holdBackAmounttAndDistAmountCalculation -->
  <testcase classname="com.hrsoft.test.compensation.DistributeFundTestSuite" name="SM_174_CompensationDistributionFund_EnterBudgetAndVerifyByProxying" time="17.351">
    <skipped/>
  </testcase> <!-- SM_174_CompensationDistributionFund_EnterBudgetAndVerifyByProxying -->
  <testcase classname="com.hrsoft.test.compensation.DistributeFundTestSuite" name="SM_175_176_Verify_CascadingBudget_For_Rollup_Group" time="16.67">
    <skipped/>
  </testcase> <!-- SM_175_176_Verify_CascadingBudget_For_Rollup_Group -->
  <testcase classname="com.hrsoft.test.compensation.PlanOverviewPageTestSuite" name="SM_104_PlanOverViewPage_Verifications" time="36.359"/>
  <testcase classname="com.hrsoft.test.compensation.PlanOverviewPageTestSuite" name="SM_105_106_PlanOverView_PageChangeColumnOrder" time="62.924">
    <failure type="org.openqa.selenium.TimeoutException" message="Expected condition failed: waiting for visibility of element located by By.xpath: //a[@href=&amp;apos;#WS_Funding&amp;apos;] (tried for 10 second(s) with 500 milliseconds interval)
Build info: version: &amp;apos;4.10.0&amp;apos;, revision: &amp;apos;c14d967899&amp;apos;
System info: os.name: &amp;apos;Windows Server 2022&amp;apos;, os.arch: &amp;apos;amd64&amp;apos;, os.version: &amp;apos;10.0&amp;apos;, java.version: &amp;apos;17.0.7&amp;apos;
Driver info: org.openqa.selenium.edge.EdgeDriver
Capabilities {acceptInsecureCerts: false, browserName: msedge, browserVersion: 115.0.1901.188, ms:edgeOptions: {debuggerAddress: localhost:55770}, msedge: {msedgedriverVersion: 115.0.1901.188 (b51b39339c4..., userDataDir: C:\Users\KIRAN~1.YAJ\AppDat...}, networkConnectionEnabled: false, pageLoadStrategy: normal, platformName: windows, proxy: Proxy(), se:cdp: ws://localhost:55770/devtoo..., se:cdpVersion: 115.0.1901.188, setWindowRect: true, strictFileInteractability: false, timeouts: {implicit: 0, pageLoad: 300000, script: 30000}, unhandledPromptBehavior: dismiss and notify, webauthn:extension:credBlob: true, webauthn:extension:largeBlob: true, webauthn:extension:minPinLength: true, webauthn:extension:prf: true, webauthn:virtualAuthenticators: true}
Session ID: 2ca2fbb7f42a97be147023fa9c25e8a4">
      <![CDATA[org.openqa.selenium.TimeoutException: Expected condition failed: waiting for visibility of element located by By.xpath: //a[@href='#WS_Funding'] (tried for 10 second(s) with 500 milliseconds interval)
Build info: version: '4.10.0', revision: 'c14d967899'
System info: os.name: 'Windows Server 2022', os.arch: 'amd64', os.version: '10.0', java.version: '17.0.7'
Driver info: org.openqa.selenium.edge.EdgeDriver
Capabilities {acceptInsecureCerts: false, browserName: msedge, browserVersion: 115.0.1901.188, ms:edgeOptions: {debuggerAddress: localhost:55770}, msedge: {msedgedriverVersion: 115.0.1901.188 (b51b39339c4..., userDataDir: C:\Users\KIRAN~1.YAJ\AppDat...}, networkConnectionEnabled: false, pageLoadStrategy: normal, platformName: windows, proxy: Proxy(), se:cdp: ws://localhost:55770/devtoo..., se:cdpVersion: 115.0.1901.188, setWindowRect: true, strictFileInteractability: false, timeouts: {implicit: 0, pageLoad: 300000, script: 30000}, unhandledPromptBehavior: dismiss and notify, webauthn:extension:credBlob: true, webauthn:extension:largeBlob: true, webauthn:extension:minPinLength: true, webauthn:extension:prf: true, webauthn:virtualAuthenticators: true}
Session ID: 2ca2fbb7f42a97be147023fa9c25e8a4
at org.openqa.selenium.support.ui.WebDriverWait.timeoutException(WebDriverWait.java:84)
at org.openqa.selenium.support.ui.FluentWait.until(FluentWait.java:230)
at com.hrsoft.utils.seleniumfy.BasePage.waitForElementVisible(BasePage.java:407)
at com.hrsoft.utils.seleniumfy.BasePage.waitForElementVisible(BasePage.java:385)
at com.hrsoft.utils.seleniumfy.BasePage.click(BasePage.java:615)
at com.hrsoft.gui.compensation.PlanOverviewPage.clickFundingTab(PlanOverviewPage.java:123)
at com.hrsoft.test.compensation.PlanOverviewPageTestSuite.SM_105_106_PlanOverView_PageChangeColumnOrder(PlanOverviewPageTestSuite.java:117)
at java.base/java.util.ArrayList.forEach(ArrayList.java:1511)
... Removed 27 stack frames]]>
    </failure>
  </testcase> <!-- SM_105_106_PlanOverView_PageChangeColumnOrder -->
  <testcase classname="com.hrsoft.test.compensation.PlanOverviewPageTestSuite" name="SM_107_PlanOverView_PageChangeColumnOrder" time="38.228">
    <skipped/>
  </testcase> <!-- SM_107_PlanOverView_PageChangeColumnOrder -->
  <testcase classname="com.hrsoft.test.compensation.PlanOverviewPageTestSuite" name="SM_13_CompensationPrintCompDocument" time="11.903"/>
  <testcase classname="com.hrsoft.test.compensation.PlanOverviewPageTestSuite" name="SM_95_To_103_107_PlanOverViewPage_Verifications" time="105.248"/>
  <testcase classname="com.hrsoft.test.compensation.ReviewingPageTestSuite" name="SM161161B_Compensation_CompensationReview_SubmitRejectRollupGroup" time="88.557"/>
  <testcase classname="com.hrsoft.test.compensation.ReviewingPageTestSuite" name="SM161A_CompensationReview_WithdrawRollupGroupFunctionality" time="89.573"/>
  <testcase classname="com.hrsoft.test.compensation.ReviewingPageTestSuite" name="SM162162B_CompensationReview_SubmitRejectDirectGroupFunctionality" time="88.841"/>
  <testcase classname="com.hrsoft.test.compensation.ReviewingPageTestSuite" name="SM162A_CompensationReview_WithdrawDirectGroupFunctionality" time="60.716"/>
  <testcase classname="com.hrsoft.test.compensation.ReviewingPageTestSuite" name="SM_156_165_Compensation_ReviewPageClickOperationAndAddingNoteFunctionality" time="61.965"/>
  <testcase classname="com.hrsoft.test.compensation.ReviewingPageTestSuite" name="SM_160_CompensationReview_CannotSubmitGroupWhenThereIsRedAlert" time="43.741">
    <skipped/>
  </testcase> <!-- SM_160_CompensationReview_CannotSubmitGroupWhenThereIsRedAlert -->
  <testcase classname="com.hrsoft.test.compensation.ReviewingPageTestSuite" name="SM_166_CompensationReview_perfromDrillDownDrillupOperations" time="43.171">
    <skipped/>
  </testcase> <!-- SM_166_CompensationReview_perfromDrillDownDrillupOperations -->
  <testcase classname="com.hrsoft.test.compensation.ReviewingPageTestSuite" name="SM_167_CompensationVerifyTopGrpValueEqualsToSumOfBelowGrpValues" time="34.768"/>
  <testcase classname="com.hrsoft.test.compensation.ReviewingPageTestSuite" name="SM_168_CompensationCompareBudgetValuesWithBelowSection" time="35.342"/>
  <testcase classname="com.hrsoft.test.compensation.ReviewingPageTestSuite" name="SM_169_CompensationReview_VerifyBudgetValuesShouldChangeOnGroupsSwitch" time="41.886">
    <skipped/>
  </testcase> <!-- SM_169_CompensationReview_VerifyBudgetValuesShouldChangeOnGroupsSwitch -->
  <testcase classname="com.hrsoft.test.compensation.ReviewingPageTestSuite" name="SM_16_CompViewReviewPage_PlanningPaginationAndScrolling" time="64.647">
    <failure type="java.lang.AssertionError" message="expected [true] but found [false]">
      <![CDATA[java.lang.AssertionError: expected [true] but found [false]
at com.hrsoft.gui.compensation.PlanningPage.selectGroup(PlanningPage.java:90)
at com.hrsoft.test.compensation.ReviewingPageTestSuite.SM_16_CompViewReviewPage_PlanningPaginationAndScrolling(ReviewingPageTestSuite.java:214)
at java.base/java.util.ArrayList.forEach(ArrayList.java:1511)
... Removed 31 stack frames]]>
    </failure>
  </testcase> <!-- SM_16_CompViewReviewPage_PlanningPaginationAndScrolling -->
  <testcase classname="com.hrsoft.test.compensation.ReviewingPageTestSuite" name="SM_170_CompensationReview_VerifyGroupValuesShouldChangeOnGroupsSwitch" time="40.632">
    <skipped/>
  </testcase> <!-- SM_170_CompensationReview_VerifyGroupValuesShouldChangeOnGroupsSwitch -->
  <testcase classname="com.hrsoft.test.datamanagement.ApiFeedTestSuite" name="SMAPI02_UMEI_API_editPartnerCfgMainApiUrl" time="0.0">
    <skipped/>
  </testcase> <!-- SMAPI02_UMEI_API_editPartnerCfgMainApiUrl -->
  <testcase classname="com.hrsoft.test.datamanagement.ApiFeedTestSuite" name="SMAPI04_UMEI_API_checkingUltiSetIdAttributeTest" time="0.0">
    <skipped/>
  </testcase> <!-- SMAPI04_UMEI_API_checkingUltiSetIdAttributeTest -->
  <testcase classname="com.hrsoft.test.datamanagement.ApiFeedTestSuite" name="SMAPI05_UMEI_API_editUltiSetIdAttributeTest" time="0.0">
    <skipped/>
  </testcase> <!-- SMAPI05_UMEI_API_editUltiSetIdAttributeTest -->
  <testcase classname="com.hrsoft.test.datamanagement.ApiFeedTestSuite" name="SMAPI06_UMEI_API_checkingADPSetIdAttributeTest" time="0.0">
    <skipped/>
  </testcase> <!-- SMAPI06_UMEI_API_checkingADPSetIdAttributeTest -->
  <testcase classname="com.hrsoft.test.datamanagement.ApiFeedTestSuite" name="SMAPI07_UMEI_API_editADPSetIdAttributeTest" time="0.0">
    <skipped/>
  </testcase> <!-- SMAPI07_UMEI_API_editADPSetIdAttributeTest -->
  <testcase classname="com.hrsoft.test.datamanagement.ApiFeedTestSuite" name="SMAPI08_UMEI_API_editEndpointPathTest" time="0.001">
    <skipped/>
  </testcase> <!-- SMAPI08_UMEI_API_editEndpointPathTest -->
  <testcase classname="com.hrsoft.test.datamanagement.ApiFeedTestSuite" name="SMAPI09_UMEI_API_isEndpointNameDisableTest" time="0.0">
    <skipped/>
  </testcase> <!-- SMAPI09_UMEI_API_isEndpointNameDisableTest -->
  <testcase classname="com.hrsoft.test.datamanagement.ApiFeedTestSuite" name="SMAPI10_UMEI_API_editTransformActiveStatusTest" time="0.0">
    <skipped/>
  </testcase> <!-- SMAPI10_UMEI_API_editTransformActiveStatusTest -->
  <testcase classname="com.hrsoft.test.datamanagement.ApiFeedTestSuite" name="SMAPI11_UMEI_API_editTransformValueAndActiveStatusTest" time="0.0">
    <skipped/>
  </testcase> <!-- SMAPI11_UMEI_API_editTransformValueAndActiveStatusTest -->
  <testcase classname="com.hrsoft.test.datamanagement.ApiFeedTestSuite" name="SMAPI12_UMEI_API_apiEndpointIdEditTest" time="0.0">
    <skipped/>
  </testcase> <!-- SMAPI12_UMEI_API_apiEndpointIdEditTest -->
  <testcase classname="com.hrsoft.test.datamanagement.ApiFeedTestSuite" name="SMAPI13_UMEI_API_apiFeedPreviewTest_UltiDemographic" time="0.0">
    <skipped/>
  </testcase> <!-- SMAPI13_UMEI_API_apiFeedPreviewTest_UltiDemographic -->
  <testcase classname="com.hrsoft.test.datamanagement.ApiFeedTestSuite" name="SMAPI14_UMEI_API_apiFeedPreviewTest_AdpDemographic" time="0.0">
    <skipped/>
  </testcase> <!-- SMAPI14_UMEI_API_apiFeedPreviewTest_AdpDemographic -->
  <testcase classname="com.hrsoft.test.datamanagement.ApiFeedTestSuite" name="SMAPI15_UMEI_API_apiFeedPreviewTest_UltiJobCode" time="0.0">
    <skipped/>
  </testcase> <!-- SMAPI15_UMEI_API_apiFeedPreviewTest_UltiJobCode -->
  <testcase classname="com.hrsoft.test.datamanagement.ApiFeedTestSuite" name="SMAPI16_UMEI_API_apiFeedPreviewTest_AdpJobCode" time="0.0">
    <skipped/>
  </testcase> <!-- SMAPI16_UMEI_API_apiFeedPreviewTest_AdpJobCode -->
  <testcase classname="com.hrsoft.test.datamanagement.ApiFeedTestSuite" name="SMAPI17_UMEI_API_apiFeedImportTest_UltiDemographic" time="0.0">
    <skipped/>
  </testcase> <!-- SMAPI17_UMEI_API_apiFeedImportTest_UltiDemographic -->
  <testcase classname="com.hrsoft.test.datamanagement.ApiFeedTestSuite" name="SMAPI18_UMEI_API_apiFeedImportTest_AdpDemographic" time="0.0">
    <skipped/>
  </testcase> <!-- SMAPI18_UMEI_API_apiFeedImportTest_AdpDemographic -->
  <testcase classname="com.hrsoft.test.datamanagement.ApiFeedTestSuite" name="SMAPI19_UMEI_API_apiFeedImportTest_UltiJobCode" time="0.0">
    <skipped/>
  </testcase> <!-- SMAPI19_UMEI_API_apiFeedImportTest_UltiJobCode -->
  <testcase classname="com.hrsoft.test.datamanagement.ApiFeedTestSuite" name="SMAPI20_UMEI_API_apiFeedPreviewTest_UltiP4PDemographic" time="0.0">
    <skipped/>
  </testcase> <!-- SMAPI20_UMEI_API_apiFeedPreviewTest_UltiP4PDemographic -->
  <testcase classname="com.hrsoft.test.datamanagement.ApiFeedTestSuite" name="SMAPI21_UMEI_API_apiFeedImportTestUltiP4PDemographic" time="0.0">
    <skipped/>
  </testcase> <!-- SMAPI21_UMEI_API_apiFeedImportTestUltiP4PDemographic -->
  <testcase classname="com.hrsoft.test.datamanagement.ApiFeedTestSuite" name="SMAPI22_UMEI_API_apiFeedPreviewTest_UltiEmpSpare" time="0.0">
    <skipped/>
  </testcase> <!-- SMAPI22_UMEI_API_apiFeedPreviewTest_UltiEmpSpare -->
  <testcase classname="com.hrsoft.test.datamanagement.ApiFeedTestSuite" name="SMAPI23_UMEI_API_apiFeedPreviewTest_AdpMarkerData" time="0.0">
    <skipped/>
  </testcase> <!-- SMAPI23_UMEI_API_apiFeedPreviewTest_AdpMarkerData -->
  <testcase classname="com.hrsoft.test.datamanagement.ApiFeedTestSuite" name="SMAPI24_UMEI_API_apiFeedPreviewTest_UltiPerfRatingEmp" time="0.0">
    <skipped/>
  </testcase> <!-- SMAPI24_UMEI_API_apiFeedPreviewTest_UltiPerfRatingEmp -->
  <testcase classname="com.hrsoft.test.datamanagement.ApiFeedTestSuite" name="SMAPI25_UMEI_API_apiFeedImportTest_UltiEmpSpare" time="0.0">
    <skipped/>
  </testcase> <!-- SMAPI25_UMEI_API_apiFeedImportTest_UltiEmpSpare -->
  <testcase classname="com.hrsoft.test.datamanagement.ApiFeedTestSuite" name="SMAPI26_UMEI_API_apiFeedImportTest_AdpMarkerData" time="0.0">
    <skipped/>
  </testcase> <!-- SMAPI26_UMEI_API_apiFeedImportTest_AdpMarkerData -->
  <testcase classname="com.hrsoft.test.datamanagement.ApiFeedTestSuite" name="SMAPI27_UMEI_API_apiFeedImportTest_UltiPerfRatingEmp" time="0.0">
    <skipped/>
  </testcase> <!-- SMAPI27_UMEI_API_apiFeedImportTest_UltiPerfRatingEmp -->
  <testcase classname="com.hrsoft.test.datamanagement.ApiFeedTestSuite" name="SMAPI30_UMEI_API_apiFeedPreviewTest_UltiPlatformEmpSpares" time="0.0">
    <skipped/>
  </testcase> <!-- SMAPI30_UMEI_API_apiFeedPreviewTest_UltiPlatformEmpSpares -->
  <testcase classname="com.hrsoft.test.datamanagement.ApiFeedTestSuite" name="SMAPI31_UMEI_API_apiFeedImportTest_UltiPlaformEmpSpares" time="0.0">
    <skipped/>
  </testcase> <!-- SMAPI31_UMEI_API_apiFeedImportTest_UltiPlaformEmpSpares -->
  <testcase classname="com.hrsoft.test.datamanagement.ApiFeedTestSuite" name="SMAPI32_UMEI_API_isTransformNameCannotBeModifiedTest" time="0.0">
    <skipped/>
  </testcase> <!-- SMAPI32_UMEI_API_isTransformNameCannotBeModifiedTest -->
  <testcase classname="com.hrsoft.test.datamanagement.ApiFeedTestSuite" name="SMAPI37_UMEI_API_previewGridAndCheckForTransformValueOfPartTimeFactorTest" time="0.0">
    <skipped/>
  </testcase> <!-- SMAPI37_UMEI_API_previewGridAndCheckForTransformValueOfPartTimeFactorTest -->
  <testcase classname="com.hrsoft.test.datamanagement.ApiFeedTestSuite" name="SMAPI38_UMEI_API_previewGridAndCheckForTransformValueOfCurrencyCodeTest" time="0.0">
    <skipped/>
  </testcase> <!-- SMAPI38_UMEI_API_previewGridAndCheckForTransformValueOfCurrencyCodeTest -->
  <testcase classname="com.hrsoft.test.datamanagement.ApiFeedTestSuite" name="SMAPI39_UMEI_API_feedCloneInFeedMangementTest" time="0.0">
    <skipped/>
  </testcase> <!-- SMAPI39_UMEI_API_feedCloneInFeedMangementTest -->
  <testcase classname="com.hrsoft.test.datamanagement.ApiFeedTestSuite" name="SMAPI40_UMEI_API_apiDataProviderFeedConfigureTest" time="0.0">
    <skipped/>
  </testcase> <!-- SMAPI40_UMEI_API_apiDataProviderFeedConfigureTest -->
  <testcase classname="com.hrsoft.test.datamanagement.ApiFeedTestSuite" name="SMAPI41_UMEI_API_previewGridForActiveStatusOfRemoveTermTest" time="0.001">
    <skipped/>
  </testcase> <!-- SMAPI41_UMEI_API_previewGridForActiveStatusOfRemoveTermTest -->
  <testcase classname="com.hrsoft.test.datamanagement.ApiFeedTestSuite" name="SMAPI44_UMEI_API_apiFeedImportTestAdpJobCode" time="0.0">
    <skipped/>
  </testcase> <!-- SMAPI44_UMEI_API_apiFeedImportTestAdpJobCode -->
  <testcase classname="com.hrsoft.test.datamanagement.ApiFeedTestSuite" name="SMAPI45_UMEI_API_apiFeedImportTest_AdpEmpSpares" time="0.0">
    <skipped/>
  </testcase> <!-- SMAPI45_UMEI_API_apiFeedImportTest_AdpEmpSpares -->
  <testcase classname="com.hrsoft.test.datamanagement.ApiFeedTestSuite" name="SMAPI46_UMEI_API_apiFeedPreviewTest_AdpEmpSpare" time="0.0">
    <skipped/>
  </testcase> <!-- SMAPI46_UMEI_API_apiFeedPreviewTest_AdpEmpSpare -->
  <testcase classname="com.hrsoft.test.datamanagement.FileFeedRegressionTestSuite" name="RG_UMEI_FILE_01_UMEI_importShouldThrowErrorForInvalidHierarchyType" time="142.141"/>
  <testcase classname="com.hrsoft.test.datamanagement.FileFeedRegressionTestSuite" name="RG_UMEI_FILE_01_UMEI_importShouldThrowErrorForInvalidHierarchyType" time="143.059"/>
  <testcase classname="com.hrsoft.test.datamanagement.FileFeedRegressionTestSuite" name="RG_UMEI_FILE_02_UMEI_importShouldThrowErrorForNullColumn" time="143.567"/>
  <testcase classname="com.hrsoft.test.datamanagement.FileFeedRegressionTestSuite" name="RG_UMEI_FILE_02_UMEI_importShouldThrowErrorForNullColumn" time="142.822"/>
  <testcase classname="com.hrsoft.test.datamanagement.FileFeedRegressionTestSuite" name="RG_UMEI_FILE_03_UMEI_validateAndImportShouldFailForUserRoleExceding" time="112.469">
    <failure type="org.openqa.selenium.TimeoutException" message="Expected condition failed: waiting for visibility of element located by By.xpath: //div[contains(@class,&amp;apos;modal_DEFAULT_window&amp;apos;)]//button[@class=&amp;apos;bootbox-close-button close&amp;apos;] (tried for 10 second(s) with 500 milliseconds interval)
Build info: version: &amp;apos;4.10.0&amp;apos;, revision: &amp;apos;c14d967899&amp;apos;
System info: os.name: &amp;apos;Windows Server 2022&amp;apos;, os.arch: &amp;apos;amd64&amp;apos;, os.version: &amp;apos;10.0&amp;apos;, java.version: &amp;apos;17.0.7&amp;apos;
Driver info: org.openqa.selenium.edge.EdgeDriver
Capabilities {acceptInsecureCerts: false, browserName: msedge, browserVersion: 115.0.1901.188, ms:edgeOptions: {debuggerAddress: localhost:58573}, msedge: {msedgedriverVersion: 115.0.1901.188 (b51b39339c4..., userDataDir: C:\Users\KIRAN~1.YAJ\AppDat...}, networkConnectionEnabled: false, pageLoadStrategy: normal, platformName: windows, proxy: Proxy(), se:cdp: ws://localhost:58573/devtoo..., se:cdpVersion: 115.0.1901.188, setWindowRect: true, strictFileInteractability: false, timeouts: {implicit: 0, pageLoad: 300000, script: 30000}, unhandledPromptBehavior: dismiss and notify, webauthn:extension:credBlob: true, webauthn:extension:largeBlob: true, webauthn:extension:minPinLength: true, webauthn:extension:prf: true, webauthn:virtualAuthenticators: true}
Session ID: 45c32200bcdd9b18b5c6c1c0b8f82715">
      <![CDATA[org.openqa.selenium.TimeoutException: Expected condition failed: waiting for visibility of element located by By.xpath: //div[contains(@class,'modal_DEFAULT_window')]//button[@class='bootbox-close-button close'] (tried for 10 second(s) with 500 milliseconds interval)
Build info: version: '4.10.0', revision: 'c14d967899'
System info: os.name: 'Windows Server 2022', os.arch: 'amd64', os.version: '10.0', java.version: '17.0.7'
Driver info: org.openqa.selenium.edge.EdgeDriver
Capabilities {acceptInsecureCerts: false, browserName: msedge, browserVersion: 115.0.1901.188, ms:edgeOptions: {debuggerAddress: localhost:58573}, msedge: {msedgedriverVersion: 115.0.1901.188 (b51b39339c4..., userDataDir: C:\Users\KIRAN~1.YAJ\AppDat...}, networkConnectionEnabled: false, pageLoadStrategy: normal, platformName: windows, proxy: Proxy(), se:cdp: ws://localhost:58573/devtoo..., se:cdpVersion: 115.0.1901.188, setWindowRect: true, strictFileInteractability: false, timeouts: {implicit: 0, pageLoad: 300000, script: 30000}, unhandledPromptBehavior: dismiss and notify, webauthn:extension:credBlob: true, webauthn:extension:largeBlob: true, webauthn:extension:minPinLength: true, webauthn:extension:prf: true, webauthn:virtualAuthenticators: true}
Session ID: 45c32200bcdd9b18b5c6c1c0b8f82715
at org.openqa.selenium.support.ui.WebDriverWait.timeoutException(WebDriverWait.java:84)
at org.openqa.selenium.support.ui.FluentWait.until(FluentWait.java:230)
at com.hrsoft.utils.seleniumfy.BasePage.waitForElementVisible(BasePage.java:407)
at com.hrsoft.utils.seleniumfy.BasePage.waitForElementVisible(BasePage.java:385)
at com.hrsoft.utils.seleniumfy.BasePage.click(BasePage.java:615)
at com.hrsoft.gui.cloudadmin.DataManagementPage.closePopup(DataManagementPage.java:159)
at com.hrsoft.test.datamanagement.FileFeedRegressionTestSuite.RG_UMEI_FILE_03_UMEI_validateAndImportShouldFailForUserRoleExceding(FileFeedRegressionTestSuite.java:297)
at java.base/java.util.ArrayList.forEach(ArrayList.java:1511)
... Removed 27 stack frames]]>
    </failure>
  </testcase> <!-- RG_UMEI_FILE_03_UMEI_validateAndImportShouldFailForUserRoleExceding -->
  <testcase classname="com.hrsoft.test.datamanagement.FileFeedRegressionTestSuite" name="RG_UMEI_FILE_03_UMEI_validateAndImportShouldFailForUserRoleExceding" time="110.598">
    <failure type="org.openqa.selenium.TimeoutException" message="Expected condition failed: waiting for visibility of element located by By.xpath: //div[contains(@class,&amp;apos;modal_DEFAULT_window&amp;apos;)]//button[@class=&amp;apos;bootbox-close-button close&amp;apos;] (tried for 10 second(s) with 500 milliseconds interval)
Build info: version: &amp;apos;4.10.0&amp;apos;, revision: &amp;apos;c14d967899&amp;apos;
System info: os.name: &amp;apos;Windows Server 2022&amp;apos;, os.arch: &amp;apos;amd64&amp;apos;, os.version: &amp;apos;10.0&amp;apos;, java.version: &amp;apos;17.0.7&amp;apos;
Driver info: org.openqa.selenium.edge.EdgeDriver
Capabilities {acceptInsecureCerts: false, browserName: msedge, browserVersion: 115.0.1901.188, ms:edgeOptions: {debuggerAddress: localhost:58706}, msedge: {msedgedriverVersion: 115.0.1901.188 (b51b39339c4..., userDataDir: C:\Users\KIRAN~1.YAJ\AppDat...}, networkConnectionEnabled: false, pageLoadStrategy: normal, platformName: windows, proxy: Proxy(), se:cdp: ws://localhost:58706/devtoo..., se:cdpVersion: 115.0.1901.188, setWindowRect: true, strictFileInteractability: false, timeouts: {implicit: 0, pageLoad: 300000, script: 30000}, unhandledPromptBehavior: dismiss and notify, webauthn:extension:credBlob: true, webauthn:extension:largeBlob: true, webauthn:extension:minPinLength: true, webauthn:extension:prf: true, webauthn:virtualAuthenticators: true}
Session ID: 2a4e274ad470a5556572a18f14bf688d">
      <![CDATA[org.openqa.selenium.TimeoutException: Expected condition failed: waiting for visibility of element located by By.xpath: //div[contains(@class,'modal_DEFAULT_window')]//button[@class='bootbox-close-button close'] (tried for 10 second(s) with 500 milliseconds interval)
Build info: version: '4.10.0', revision: 'c14d967899'
System info: os.name: 'Windows Server 2022', os.arch: 'amd64', os.version: '10.0', java.version: '17.0.7'
Driver info: org.openqa.selenium.edge.EdgeDriver
Capabilities {acceptInsecureCerts: false, browserName: msedge, browserVersion: 115.0.1901.188, ms:edgeOptions: {debuggerAddress: localhost:58706}, msedge: {msedgedriverVersion: 115.0.1901.188 (b51b39339c4..., userDataDir: C:\Users\KIRAN~1.YAJ\AppDat...}, networkConnectionEnabled: false, pageLoadStrategy: normal, platformName: windows, proxy: Proxy(), se:cdp: ws://localhost:58706/devtoo..., se:cdpVersion: 115.0.1901.188, setWindowRect: true, strictFileInteractability: false, timeouts: {implicit: 0, pageLoad: 300000, script: 30000}, unhandledPromptBehavior: dismiss and notify, webauthn:extension:credBlob: true, webauthn:extension:largeBlob: true, webauthn:extension:minPinLength: true, webauthn:extension:prf: true, webauthn:virtualAuthenticators: true}
Session ID: 2a4e274ad470a5556572a18f14bf688d
at org.openqa.selenium.support.ui.WebDriverWait.timeoutException(WebDriverWait.java:84)
at org.openqa.selenium.support.ui.FluentWait.until(FluentWait.java:230)
at com.hrsoft.utils.seleniumfy.BasePage.waitForElementVisible(BasePage.java:407)
at com.hrsoft.utils.seleniumfy.BasePage.waitForElementVisible(BasePage.java:385)
at com.hrsoft.utils.seleniumfy.BasePage.click(BasePage.java:615)
at com.hrsoft.gui.cloudadmin.DataManagementPage.closePopup(DataManagementPage.java:159)
at com.hrsoft.test.datamanagement.FileFeedRegressionTestSuite.RG_UMEI_FILE_03_UMEI_validateAndImportShouldFailForUserRoleExceding(FileFeedRegressionTestSuite.java:297)
at java.base/java.util.ArrayList.forEach(ArrayList.java:1511)
... Removed 27 stack frames]]>
    </failure>
  </testcase> <!-- RG_UMEI_FILE_03_UMEI_validateAndImportShouldFailForUserRoleExceding -->
  <testcase classname="com.hrsoft.test.datamanagement.FileFeedRegressionTestSuite" name="RG_UMEI_FILE_04_UMEI_importShouldThrowErrorForInvalidUserName" time="142.732"/>
  <testcase classname="com.hrsoft.test.datamanagement.FileFeedRegressionTestSuite" name="RG_UMEI_FILE_04_UMEI_importShouldThrowErrorForInvalidUserName" time="143.964"/>
  <testcase classname="com.hrsoft.test.datamanagement.FileFeedRegressionTestSuite" name="RG_UMEI_FILE_05_UMEI_importShouldThrowErrorForInvalidEmpId" time="143.274"/>
  <testcase classname="com.hrsoft.test.datamanagement.FileFeedRegressionTestSuite" name="RG_UMEI_FILE_05_UMEI_importShouldThrowErrorForInvalidEmpId" time="145.998"/>
  <testcase classname="com.hrsoft.test.datamanagement.FileFeedRegressionTestSuite" name="RG_UMEI_FILE_06_UMEI_importShouldThrowErrorForInvalidJobCode" time="142.299"/>
  <testcase classname="com.hrsoft.test.datamanagement.FileFeedRegressionTestSuite" name="RG_UMEI_FILE_06_UMEI_importShouldThrowErrorForInvalidJobCode" time="146.744"/>
  <testcase classname="com.hrsoft.test.datamanagement.FileFeedRegressionTestSuite" name="RG_UMEI_FILE_07_UMEI_importShouldThrowErrorForInvalidEmpStatus" time="143.974"/>
  <testcase classname="com.hrsoft.test.datamanagement.FileFeedRegressionTestSuite" name="RG_UMEI_FILE_07_UMEI_importShouldThrowErrorForInvalidEmpStatus" time="148.099"/>
  <testcase classname="com.hrsoft.test.datamanagement.FileFeedRegressionTestSuite" name="RG_UMEI_FILE_08_UMEI_importShouldThrowErrorForInvalidPartTimeFactor" time="144.552"/>
  <testcase classname="com.hrsoft.test.datamanagement.FileFeedRegressionTestSuite" name="RG_UMEI_FILE_08_UMEI_importShouldThrowErrorForInvalidPartTimeFactor" time="142.207"/>
  <testcase classname="com.hrsoft.test.datamanagement.FileFeedRegressionTestSuite" name="RG_UMEI_FILE_09_UMEI_importShouldThrowErrorForMarkerDataValidationIncorrectCompPlan" time="45.092"/>
  <testcase classname="com.hrsoft.test.datamanagement.FileFeedRegressionTestSuite" name="RG_UMEI_FILE_09_UMEI_importShouldThrowErrorForMarkerDataValidationIncorrectCompPlan" time="53.484"/>
  <testcase classname="com.hrsoft.test.datamanagement.FileFeedRegressionTestSuite" name="RG_UMEI_FILE_10_UMEI_importForTerminatingUser" time="7.492">
    <failure type="java.lang.NullPointerException" message="Cannot read the array length because &amp;quot;listOfFiles&amp;quot; is null">
      <![CDATA[java.lang.NullPointerException: Cannot read the array length because "listOfFiles" is null
at com.hrsoft.test.datamanagement.FileFeedRegressionTestSuite.getAvailableFilePathFromFolder(FileFeedRegressionTestSuite.java:787)
at com.hrsoft.test.datamanagement.FileFeedRegressionTestSuite.RG_UMEI_FILE_10_UMEI_importForTerminatingUser(FileFeedRegressionTestSuite.java:734)
at java.base/java.util.ArrayList.forEach(ArrayList.java:1511)
... Removed 27 stack frames]]>
    </failure>
  </testcase> <!-- RG_UMEI_FILE_10_UMEI_importForTerminatingUser -->
  <testcase classname="com.hrsoft.test.datamanagement.FileFeedRegressionTestSuite" name="RG_UMEI_FILE_11_UMEI_importShouldThrowErrorCoPlannerIdCheckFailed" time="48.687"/>
  <testcase classname="com.hrsoft.test.datamanagement.FileFeedRegressionTestSuite" name="RG_UMEI_FILE_11_UMEI_importShouldThrowErrorCoPlannerIdCheckFailed" time="53.385"/>
  <testcase classname="com.hrsoft.test.datamanagement.FileFeedRegressionTestSuite" name="RG_UMEI_FILE_12_UMEI_imporShouldThrowErrorForInvalidHierarchyName" time="60.004"/>
  <testcase classname="com.hrsoft.test.datamanagement.FileFeedRegressionTestSuite" name="RG_UMEI_FILE_12_UMEI_imporShouldThrowErrorForInvalidHierarchyName" time="58.781"/>
  <testcase classname="com.hrsoft.test.datamanagement.FileFeedRegressionTestSuite" name="RG_UMEI_FILE_14_importShouldThrowErrorForInvalidCoPlannerData" time="51.138"/>
  <testcase classname="com.hrsoft.test.datamanagement.FileFeedRegressionTestSuite" name="RG_UMEI_FILE_14_importShouldThrowErrorForInvalidCoPlannerData" time="50.915"/>
  <testcase classname="com.hrsoft.test.datamanagement.FileFeedRegressionTestSuite" name="RG_UMEI_FILE_15_UMEI_imporShouldThrowErrorForInvalidManagerId" time="59.024"/>
  <testcase classname="com.hrsoft.test.datamanagement.FileFeedRegressionTestSuite" name="RG_UMEI_FILE_15_UMEI_imporShouldThrowErrorForInvalidManagerId" time="57.918"/>
  <testcase classname="com.hrsoft.test.datamanagement.FileFeedRegressionTestSuite" name="RG_UMEI_FILE_16_UMEI_importShouldThrowErrorForUserWithoutHierarchy" time="142.731"/>
  <testcase classname="com.hrsoft.test.datamanagement.FileFeedRegressionTestSuite" name="RG_UMEI_FILE_16_UMEI_importShouldThrowErrorForUserWithoutHierarchy" time="142.821"/>
  <testcase classname="com.hrsoft.test.datamanagement.FileFeedRegressionTestSuite" name="RG_UMEI_FILE_17_UMEI_importShouldThrowErrorForSelfReference" time="142.372"/>
  <testcase classname="com.hrsoft.test.datamanagement.FileFeedRegressionTestSuite" name="RG_UMEI_FILE_17_UMEI_importShouldThrowErrorForSelfReference" time="141.043"/>
  <testcase classname="com.hrsoft.test.datamanagement.FileFeedRegressionTestSuite" name="RG_UMEI_FILE_18_UMEI_importShouldThrowErrorForDuplicateEmpId" time="147.791"/>
  <testcase classname="com.hrsoft.test.datamanagement.FileFeedRegressionTestSuite" name="RG_UMEI_FILE_18_UMEI_importShouldThrowErrorForDuplicateEmpId" time="145.585"/>
  <testcase classname="com.hrsoft.test.datamanagement.FileFeedRegressionTestSuite" name="RG_UMEI_FILE_19_UMEI_importShouldThrowErrorForNoTopManager" time="49.631"/>
  <testcase classname="com.hrsoft.test.datamanagement.FileFeedRegressionTestSuite" name="RG_UMEI_FILE_19_UMEI_importShouldThrowErrorForNoTopManager" time="51.273"/>
  <testcase classname="com.hrsoft.test.datamanagement.FileFeedRegressionTestSuite" name="RG_UMEI_FILE_20_UMEI_importShouldThrowErrorForTopManageChangeWithoutNewTopManager" time="143.383"/>
  <testcase classname="com.hrsoft.test.datamanagement.FileFeedRegressionTestSuite" name="RG_UMEI_FILE_20_UMEI_importShouldThrowErrorForTopManageChangeWithoutNewTopManager" time="143.455"/>
  <testcase classname="com.hrsoft.test.datamanagement.FileFeedRegressionTestSuite" name="RG_UMEI_FILE_21_UMEI_importShouldThrowErrorForCircularReference" time="50.122"/>
  <testcase classname="com.hrsoft.test.datamanagement.FileFeedRegressionTestSuite" name="RG_UMEI_FILE_21_UMEI_importShouldThrowErrorForCircularReference" time="50.593"/>
  <testcase classname="com.hrsoft.test.datamanagement.FileFeedRegressionTestSuite" name="RG_UMEI_FILE_22_UMEI_importShouldThrowErrorForInvalidCompPlanName" time="47.52"/>
  <testcase classname="com.hrsoft.test.datamanagement.FileFeedRegressionTestSuite" name="RG_UMEI_FILE_22_UMEI_importShouldThrowErrorForInvalidCompPlanName" time="46.956"/>
  <testcase classname="com.hrsoft.test.datamanagement.FileFeedRegressionTestSuite" name="RG_UMEI_FILE_25_UMEI_importShouldThrowErrorForMarkerDataValidationIncorrectMarkerSet" time="45.987"/>
  <testcase classname="com.hrsoft.test.datamanagement.FileFeedRegressionTestSuite" name="RG_UMEI_FILE_25_UMEI_importShouldThrowErrorForMarkerDataValidationIncorrectMarkerSet" time="48.083"/>
  <testcase classname="com.hrsoft.test.datamanagement.FileFeedRegressionTestSuite" name="RG_UMEI_FILE_26_UMEI_importShouldThrowErrorForMarkerDataValidationIncorrectGeoPayId" time="46.694"/>
  <testcase classname="com.hrsoft.test.datamanagement.FileFeedRegressionTestSuite" name="RG_UMEI_FILE_26_UMEI_importShouldThrowErrorForMarkerDataValidationIncorrectGeoPayId" time="46.079"/>
  <testcase classname="com.hrsoft.test.datamanagement.FileFeedRegressionTestSuite" name="RG_UMEI_FILE_27_UMEI_importShouldThrowErrorForMarkerDataValidationIncorrectCurrencyCode" time="46.996"/>
  <testcase classname="com.hrsoft.test.datamanagement.FileFeedRegressionTestSuite" name="RG_UMEI_FILE_27_UMEI_importShouldThrowErrorForMarkerDataValidationIncorrectCurrencyCode" time="46.642"/>
  <testcase classname="com.hrsoft.test.datamanagement.ApiFeedRegressionTestSuite" name="RG_API_02_UMEI_API_previewToCheckRemoveTermAttributesTest" time="70.762"/>
  <testcase classname="com.hrsoft.test.datamanagement.ApiFeedRegressionTestSuite" name="RG_API_06_UMEI_API_previewToCheckIncludeTermGreaterThenDateAttribute" time="70.346"/>
  <testcase classname="com.hrsoft.test.datamanagement.ApiFeedRegressionTestSuite" name="RG_API_07_UMEI_API_previewToCheckEmpIdAsUsernameAttribute" time="67.561"/>
  <testcase classname="com.hrsoft.test.datamanagement.ApiFeedRegressionTestSuite" name="RG_API_08_UMEI_API_previewToCheckEmpIdAttribute" time="103.132"/>
  <testcase classname="com.hrsoft.test.datamanagement.ApiFeedRegressionTestSuite" name="RG_API_09_UMEI_API_previewToCheckEmpIdAsUserNameAttribute" time="115.35"/>
  <testcase classname="com.hrsoft.test.datamanagement.ApiFeedRegressionTestSuite" name="RG_API_10_UMEI_API_previewToCheckEmployeeTypeCodeAttribute" time="109.08"/>
  <testcase classname="com.hrsoft.test.datamanagement.ApiFeedRegressionTestSuite" name="RG_API_11_UMEI_API_previewToCheckEmployeeTypeCodeExcludeAttribute" time="107.297"/>
  <testcase classname="com.hrsoft.test.datamanagement.ApiFeedRegressionTestSuite" name="RG_API_12_UMEI_API_previewToCheckEmpIdExcludeAttribute" time="122.61"/>
  <testcase classname="com.hrsoft.test.datamanagement.ApiFeedRegressionTestSuite" name="RG_API_13_UMEI_API_previewToCheckExcludeHireDateGreaterAttribute" time="112.974"/>
  <testcase classname="com.hrsoft.test.datamanagement.FileFeedTestSuite" name="SM_UMEI_FILE_02_UMEI_validCommonDemographicFileShouldBeImportedSuccessfully" time="118.006"/>
  <testcase classname="com.hrsoft.test.datamanagement.FileFeedTestSuite" name="SM_UMEI_FILE_47_UMEI_validP4PDemographicFileShouldBeImportedSuccessfully" time="119.036"/>
  <testcase classname="com.hrsoft.test.datamanagement.FileFeedTestSuite" name="SM_UMEI_FILE_01_UMEI_validCommonDemographicFileShouldBePreviwedValidatedImportedSuccessfully" time="146.658"/>
  <testcase classname="com.hrsoft.test.datamanagement.FileFeedTestSuite" name="SM_UMEI_FILE_03_UMEI_validHierInputFileShouldBeImportedSuccessfully" time="118.856"/>
  <testcase classname="com.hrsoft.test.datamanagement.FileFeedTestSuite" name="SM_UMEI_FILE_04_UMEI_validCoPlannerFileShouldBeImportedSuccessfully" time="122.344"/>
  <testcase classname="com.hrsoft.test.datamanagement.FileFeedTestSuite" name="SM_UMEI_FILE_05_UMEI_validEmpSparesFileShouldBeImportedSuccessfully" time="121.832"/>
  <testcase classname="com.hrsoft.test.datamanagement.FileFeedTestSuite" name="SM_UMEI_FILE_06_UMEI_demographicFileWithEmptyHierarchyShouldBeImportedSuccessfully" time="118.978"/>
  <testcase classname="com.hrsoft.test.datamanagement.FileFeedTestSuite" name="SM_UMEI_FILE_07_UMEI_previewShouldPassButValidateAndImportShouldFailForInValidDateFormat" time="129.065"/>
  <testcase classname="com.hrsoft.test.datamanagement.FileFeedTestSuite" name="SM_UMEI_FILE_07_UMEI_previewValidateAndImportShouldSuccessForValidDateFormat" time="171.133"/>
  <testcase classname="com.hrsoft.test.datamanagement.FileFeedTestSuite" name="SM_UMEI_FILE_10_UMEI_previewValidateAndImportShouldFailForEmptyFile" time="86.318">
    <failure type="org.openqa.selenium.TimeoutException" message="Expected condition failed: waiting for visibility of element located by By.xpath: //div[contains(@class,&amp;apos;modal_DEFAULT_window&amp;apos;)]//button[@class=&amp;apos;bootbox-close-button close&amp;apos;] (tried for 10 second(s) with 500 milliseconds interval)
Build info: version: &amp;apos;4.10.0&amp;apos;, revision: &amp;apos;c14d967899&amp;apos;
System info: os.name: &amp;apos;Windows Server 2022&amp;apos;, os.arch: &amp;apos;amd64&amp;apos;, os.version: &amp;apos;10.0&amp;apos;, java.version: &amp;apos;17.0.7&amp;apos;
Driver info: org.openqa.selenium.edge.EdgeDriver
Capabilities {acceptInsecureCerts: false, browserName: msedge, browserVersion: 115.0.1901.188, ms:edgeOptions: {debuggerAddress: localhost:64306}, msedge: {msedgedriverVersion: 115.0.1901.188 (b51b39339c4..., userDataDir: C:\Users\KIRAN~1.YAJ\AppDat...}, networkConnectionEnabled: false, pageLoadStrategy: normal, platformName: windows, proxy: Proxy(), se:cdp: ws://localhost:64306/devtoo..., se:cdpVersion: 115.0.1901.188, setWindowRect: true, strictFileInteractability: false, timeouts: {implicit: 0, pageLoad: 300000, script: 30000}, unhandledPromptBehavior: dismiss and notify, webauthn:extension:credBlob: true, webauthn:extension:largeBlob: true, webauthn:extension:minPinLength: true, webauthn:extension:prf: true, webauthn:virtualAuthenticators: true}
Session ID: 7fa1266561c839ff2594ed8fc91bdd83">
      <![CDATA[org.openqa.selenium.TimeoutException: Expected condition failed: waiting for visibility of element located by By.xpath: //div[contains(@class,'modal_DEFAULT_window')]//button[@class='bootbox-close-button close'] (tried for 10 second(s) with 500 milliseconds interval)
Build info: version: '4.10.0', revision: 'c14d967899'
System info: os.name: 'Windows Server 2022', os.arch: 'amd64', os.version: '10.0', java.version: '17.0.7'
Driver info: org.openqa.selenium.edge.EdgeDriver
Capabilities {acceptInsecureCerts: false, browserName: msedge, browserVersion: 115.0.1901.188, ms:edgeOptions: {debuggerAddress: localhost:64306}, msedge: {msedgedriverVersion: 115.0.1901.188 (b51b39339c4..., userDataDir: C:\Users\KIRAN~1.YAJ\AppDat...}, networkConnectionEnabled: false, pageLoadStrategy: normal, platformName: windows, proxy: Proxy(), se:cdp: ws://localhost:64306/devtoo..., se:cdpVersion: 115.0.1901.188, setWindowRect: true, strictFileInteractability: false, timeouts: {implicit: 0, pageLoad: 300000, script: 30000}, unhandledPromptBehavior: dismiss and notify, webauthn:extension:credBlob: true, webauthn:extension:largeBlob: true, webauthn:extension:minPinLength: true, webauthn:extension:prf: true, webauthn:virtualAuthenticators: true}
Session ID: 7fa1266561c839ff2594ed8fc91bdd83
at org.openqa.selenium.support.ui.WebDriverWait.timeoutException(WebDriverWait.java:84)
at org.openqa.selenium.support.ui.FluentWait.until(FluentWait.java:230)
at com.hrsoft.utils.seleniumfy.BasePage.waitForElementVisible(BasePage.java:407)
at com.hrsoft.utils.seleniumfy.BasePage.waitForElementVisible(BasePage.java:385)
at com.hrsoft.utils.seleniumfy.BasePage.click(BasePage.java:615)
at com.hrsoft.gui.cloudadmin.DataManagementPage.closePopup(DataManagementPage.java:159)
at com.hrsoft.test.datamanagement.FileFeedTestSuite.SM_UMEI_FILE_10_UMEI_previewValidateAndImportShouldFailForEmptyFile(FileFeedTestSuite.java:382)
at java.base/java.util.ArrayList.forEach(ArrayList.java:1511)
... Removed 27 stack frames]]>
    </failure>
  </testcase> <!-- SM_UMEI_FILE_10_UMEI_previewValidateAndImportShouldFailForEmptyFile -->
  <testcase classname="com.hrsoft.test.datamanagement.FileFeedTestSuite" name="SM_UMEI_FILE_10_UMEI_previewValidateAndImportShouldFailForFileWithHeaderOnly" time="198.348"/>
  <testcase classname="com.hrsoft.test.datamanagement.FileFeedTestSuite" name="SM_UMEI_FILE_11_UMEI_previewValidateAndImportShouldFailForNonUTF8File" time="201.337"/>
  <testcase classname="com.hrsoft.test.datamanagement.FileFeedTestSuite" name="SM_UMEI_FILE_12_UMEI_previewValidateAndImportShouldFailForFileWithHeaderColumnMismatch" time="202.586"/>
  <testcase classname="com.hrsoft.test.datamanagement.FileFeedTestSuite" name="SM_UMEI_FILE_13_UMEI_previewValidateAndImportShouldFailForFileNameMismatch" time="30.335"/>
  <testcase classname="com.hrsoft.test.datamanagement.FileFeedTestSuite" name="SM_UMEI_FILE_14_UMEI_feedConfigurationShouldBeEditable" time="49.141"/>
  <testcase classname="com.hrsoft.test.datamanagement.FileFeedTestSuite" name="SM_UMEI_FILE_15_UMEI_feedFieldMappingShouldBeEditable" time="48.728">
    <failure type="java.lang.AssertionError" message="Unable to save Feed Field Format">
      <![CDATA[java.lang.AssertionError: Unable to save Feed Field Format
at com.hrsoft.test.datamanagement.FileFeedTestSuite.SM_UMEI_FILE_15_UMEI_feedFieldMappingShouldBeEditable(FileFeedTestSuite.java:724)
at java.base/java.util.ArrayList.forEach(ArrayList.java:1511)
... Removed 28 stack frames]]>
    </failure>
  </testcase> <!-- SM_UMEI_FILE_15_UMEI_feedFieldMappingShouldBeEditable -->
  <testcase classname="com.hrsoft.test.datamanagement.FileFeedTestSuite" name="SM_UMEI_FILE_16_UMEI_feedValidationsShouldBeEditable" time="77.917"/>
  <testcase classname="com.hrsoft.test.datamanagement.FileFeedTestSuite" name="SM_UMEI_FILE_17_UMEI_previewShouldBeSuccessForIncrementalMode" time="25.688"/>
  <testcase classname="com.hrsoft.test.datamanagement.FileFeedTestSuite" name="SM_UMEI_FILE_18_UMEI_validateShouldBeSuccessForIncrementalMode" time="39.105"/>
  <testcase classname="com.hrsoft.test.datamanagement.FileFeedTestSuite" name="SM_UMEI_FILE_19_UMEI_validateShouldFailForPartialModeFileWithNewUserError" time="106.014"/>
  <testcase classname="com.hrsoft.test.datamanagement.FileFeedTestSuite" name="SM_UMEI_FILE_20_UMEI_stepLogsShouldAppearForPreviouslyRunFiles" time="27.485"/>
  <testcase classname="com.hrsoft.test.datamanagement.FileFeedTestSuite" name="SM_UMEI_FILE_22_UMEI_importShouldBeSuccessForPartialMode" time="321.538"/>
  <testcase classname="com.hrsoft.test.datamanagement.FileFeedTestSuite" name="SM_UMEI_FILE_23_UMEI_validateShouldFailForDuplicateUsers" time="53.95"/>
  <testcase classname="com.hrsoft.test.datamanagement.FileFeedTestSuite" name="SM_UMEI_FILE_24_UMEI_dataValidationShouldThrowParseError" time="49.956"/>
  <testcase classname="com.hrsoft.test.datamanagement.FileFeedTestSuite" name="SM_UMEI_FILE_25_UMEI_validateShouldFailForTopManagerMissing" time="105.898">
    <failure type="org.openqa.selenium.TimeoutException" message="Expected condition failed: waiting for visibility of element located by By.xpath: //div[contains(@class,&amp;apos;modal_DEFAULT_window&amp;apos;)]//button[@class=&amp;apos;bootbox-close-button close&amp;apos;] (tried for 10 second(s) with 500 milliseconds interval)
Build info: version: &amp;apos;4.10.0&amp;apos;, revision: &amp;apos;c14d967899&amp;apos;
System info: os.name: &amp;apos;Windows Server 2022&amp;apos;, os.arch: &amp;apos;amd64&amp;apos;, os.version: &amp;apos;10.0&amp;apos;, java.version: &amp;apos;17.0.7&amp;apos;
Driver info: org.openqa.selenium.edge.EdgeDriver
Capabilities {acceptInsecureCerts: false, browserName: msedge, browserVersion: 115.0.1901.188, ms:edgeOptions: {debuggerAddress: localhost:65470}, msedge: {msedgedriverVersion: 115.0.1901.188 (b51b39339c4..., userDataDir: C:\Users\KIRAN~1.YAJ\AppDat...}, networkConnectionEnabled: false, pageLoadStrategy: normal, platformName: windows, proxy: Proxy(), se:cdp: ws://localhost:65470/devtoo..., se:cdpVersion: 115.0.1901.188, setWindowRect: true, strictFileInteractability: false, timeouts: {implicit: 0, pageLoad: 300000, script: 30000}, unhandledPromptBehavior: dismiss and notify, webauthn:extension:credBlob: true, webauthn:extension:largeBlob: true, webauthn:extension:minPinLength: true, webauthn:extension:prf: true, webauthn:virtualAuthenticators: true}
Session ID: 157039880688b6d43afe424fdb7bb59b">
      <![CDATA[org.openqa.selenium.TimeoutException: Expected condition failed: waiting for visibility of element located by By.xpath: //div[contains(@class,'modal_DEFAULT_window')]//button[@class='bootbox-close-button close'] (tried for 10 second(s) with 500 milliseconds interval)
Build info: version: '4.10.0', revision: 'c14d967899'
System info: os.name: 'Windows Server 2022', os.arch: 'amd64', os.version: '10.0', java.version: '17.0.7'
Driver info: org.openqa.selenium.edge.EdgeDriver
Capabilities {acceptInsecureCerts: false, browserName: msedge, browserVersion: 115.0.1901.188, ms:edgeOptions: {debuggerAddress: localhost:65470}, msedge: {msedgedriverVersion: 115.0.1901.188 (b51b39339c4..., userDataDir: C:\Users\KIRAN~1.YAJ\AppDat...}, networkConnectionEnabled: false, pageLoadStrategy: normal, platformName: windows, proxy: Proxy(), se:cdp: ws://localhost:65470/devtoo..., se:cdpVersion: 115.0.1901.188, setWindowRect: true, strictFileInteractability: false, timeouts: {implicit: 0, pageLoad: 300000, script: 30000}, unhandledPromptBehavior: dismiss and notify, webauthn:extension:credBlob: true, webauthn:extension:largeBlob: true, webauthn:extension:minPinLength: true, webauthn:extension:prf: true, webauthn:virtualAuthenticators: true}
Session ID: 157039880688b6d43afe424fdb7bb59b
at org.openqa.selenium.support.ui.WebDriverWait.timeoutException(WebDriverWait.java:84)
at org.openqa.selenium.support.ui.FluentWait.until(FluentWait.java:230)
at com.hrsoft.utils.seleniumfy.BasePage.waitForElementVisible(BasePage.java:407)
at com.hrsoft.utils.seleniumfy.BasePage.waitForElementVisible(BasePage.java:385)
at com.hrsoft.utils.seleniumfy.BasePage.click(BasePage.java:615)
at com.hrsoft.gui.cloudadmin.DataManagementPage.closePopup(DataManagementPage.java:159)
at com.hrsoft.test.datamanagement.FileFeedTestSuite.SM_UMEI_FILE_25_UMEI_validateShouldFailForTopManagerMissing(FileFeedTestSuite.java:1425)
at java.base/java.util.ArrayList.forEach(ArrayList.java:1511)
... Removed 27 stack frames]]>
    </failure>
  </testcase> <!-- SM_UMEI_FILE_25_UMEI_validateShouldFailForTopManagerMissing -->
  <testcase classname="com.hrsoft.test.datamanagement.FileFeedTestSuite" name="SM_UMEI_FILE_26_UMEI_validateShouldFailForMANDATORYFILTERNAME_Filter" time="96.443">
    <failure type="org.openqa.selenium.TimeoutException" message="Expected condition failed: waiting for visibility of element located by By.xpath: //div[contains(@class,&amp;apos;modal_DEFAULT_window&amp;apos;)]//button[@class=&amp;apos;bootbox-close-button close&amp;apos;] (tried for 10 second(s) with 500 milliseconds interval)
Build info: version: &amp;apos;4.10.0&amp;apos;, revision: &amp;apos;c14d967899&amp;apos;
System info: os.name: &amp;apos;Windows Server 2022&amp;apos;, os.arch: &amp;apos;amd64&amp;apos;, os.version: &amp;apos;10.0&amp;apos;, java.version: &amp;apos;17.0.7&amp;apos;
Driver info: org.openqa.selenium.edge.EdgeDriver
Capabilities {acceptInsecureCerts: false, browserName: msedge, browserVersion: 115.0.1901.188, ms:edgeOptions: {debuggerAddress: localhost:49165}, msedge: {msedgedriverVersion: 115.0.1901.188 (b51b39339c4..., userDataDir: C:\Users\KIRAN~1.YAJ\AppDat...}, networkConnectionEnabled: false, pageLoadStrategy: normal, platformName: windows, proxy: Proxy(), se:cdp: ws://localhost:49165/devtoo..., se:cdpVersion: 115.0.1901.188, setWindowRect: true, strictFileInteractability: false, timeouts: {implicit: 0, pageLoad: 300000, script: 30000}, unhandledPromptBehavior: dismiss and notify, webauthn:extension:credBlob: true, webauthn:extension:largeBlob: true, webauthn:extension:minPinLength: true, webauthn:extension:prf: true, webauthn:virtualAuthenticators: true}
Session ID: 96f40af56df0e225b58240af7f5b9c4c">
      <![CDATA[org.openqa.selenium.TimeoutException: Expected condition failed: waiting for visibility of element located by By.xpath: //div[contains(@class,'modal_DEFAULT_window')]//button[@class='bootbox-close-button close'] (tried for 10 second(s) with 500 milliseconds interval)
Build info: version: '4.10.0', revision: 'c14d967899'
System info: os.name: 'Windows Server 2022', os.arch: 'amd64', os.version: '10.0', java.version: '17.0.7'
Driver info: org.openqa.selenium.edge.EdgeDriver
Capabilities {acceptInsecureCerts: false, browserName: msedge, browserVersion: 115.0.1901.188, ms:edgeOptions: {debuggerAddress: localhost:49165}, msedge: {msedgedriverVersion: 115.0.1901.188 (b51b39339c4..., userDataDir: C:\Users\KIRAN~1.YAJ\AppDat...}, networkConnectionEnabled: false, pageLoadStrategy: normal, platformName: windows, proxy: Proxy(), se:cdp: ws://localhost:49165/devtoo..., se:cdpVersion: 115.0.1901.188, setWindowRect: true, strictFileInteractability: false, timeouts: {implicit: 0, pageLoad: 300000, script: 30000}, unhandledPromptBehavior: dismiss and notify, webauthn:extension:credBlob: true, webauthn:extension:largeBlob: true, webauthn:extension:minPinLength: true, webauthn:extension:prf: true, webauthn:virtualAuthenticators: true}
Session ID: 96f40af56df0e225b58240af7f5b9c4c
at org.openqa.selenium.support.ui.WebDriverWait.timeoutException(WebDriverWait.java:84)
at org.openqa.selenium.support.ui.FluentWait.until(FluentWait.java:230)
at com.hrsoft.utils.seleniumfy.BasePage.waitForElementVisible(BasePage.java:407)
at com.hrsoft.utils.seleniumfy.BasePage.waitForElementVisible(BasePage.java:385)
at com.hrsoft.utils.seleniumfy.BasePage.click(BasePage.java:615)
at com.hrsoft.gui.cloudadmin.DataManagementPage.closePopup(DataManagementPage.java:159)
at com.hrsoft.test.datamanagement.FileFeedTestSuite.SM_UMEI_FILE_26_UMEI_validateShouldFailForMANDATORYFILTERNAME_Filter(FileFeedTestSuite.java:1475)
at java.base/java.util.ArrayList.forEach(ArrayList.java:1511)
... Removed 27 stack frames]]>
    </failure>
  </testcase> <!-- SM_UMEI_FILE_26_UMEI_validateShouldFailForMANDATORYFILTERNAME_Filter -->
  <testcase classname="com.hrsoft.test.datamanagement.FileFeedTestSuite" name="SM_UMEI_FILE_27_UMEI_validateShouldNotFail" time="0.0">
    <skipped/>
  </testcase> <!-- SM_UMEI_FILE_27_UMEI_validateShouldNotFail -->
  <testcase classname="com.hrsoft.test.datamanagement.FileFeedTestSuite" name="SM_UMEI_FILE_28_UMEI_importShouldFail" time="0.0">
    <skipped/>
  </testcase> <!-- SM_UMEI_FILE_28_UMEI_importShouldFail -->
  <testcase classname="com.hrsoft.test.datamanagement.FileFeedTestSuite" name="SM_UMEI_FILE_29_UMEI_previewAndImportShouldWorkIfValidationErrorIsLessThanThresholdElseAbort" time="0.0">
    <skipped/>
  </testcase> <!-- SM_UMEI_FILE_29_UMEI_previewAndImportShouldWorkIfValidationErrorIsLessThanThresholdElseAbort -->
  <testcase classname="com.hrsoft.test.datamanagement.FileFeedTestSuite" name="SM_UMEI_FILE_30_UMEI_legacyFilesHeadersShouldBeReplacedWithFeedConfigOnImporting" time="0.0">
    <skipped/>
  </testcase> <!-- SM_UMEI_FILE_30_UMEI_legacyFilesHeadersShouldBeReplacedWithFeedConfigOnImporting -->
  <testcase classname="com.hrsoft.test.datamanagement.FileFeedTestSuite" name="SM_UMEI_FILE_31_UMEI_productDropDownListShouldBeClientSpecific" time="0.0">
    <skipped/>
  </testcase> <!-- SM_UMEI_FILE_31_UMEI_productDropDownListShouldBeClientSpecific -->
  <testcase classname="com.hrsoft.test.datamanagement.FileFeedTestSuite" name="SM_UMEI_FILE_32_UMEI_dataFileDropDownListShouldBeProductSpecific" time="0.0">
    <skipped/>
  </testcase> <!-- SM_UMEI_FILE_32_UMEI_dataFileDropDownListShouldBeProductSpecific -->
  <testcase classname="com.hrsoft.test.datamanagement.FileFeedTestSuite" name="SM_UMEI_FILE_33_UMEI_validateShouldFailForMultipleTopLevelManagers" time="0.0">
    <skipped/>
  </testcase> <!-- SM_UMEI_FILE_33_UMEI_validateShouldFailForMultipleTopLevelManagers -->
  <testcase classname="com.hrsoft.test.datamanagement.FileFeedTestSuite" name="SM_UMEI_FILE_34_UMEI_importShouldBeAbortedForAllInvalidRecords" time="0.0">
    <skipped/>
  </testcase> <!-- SM_UMEI_FILE_34_UMEI_importShouldBeAbortedForAllInvalidRecords -->
  <testcase classname="com.hrsoft.test.datamanagement.FileFeedTestSuite" name="SM_UMEI_FILE_35_importShouldFailForAbortImportFiveOrMoreHierarchyFound" time="0.0">
    <skipped/>
  </testcase> <!-- SM_UMEI_FILE_35_importShouldFailForAbortImportFiveOrMoreHierarchyFound -->
  <testcase classname="com.hrsoft.test.datamanagement.FileFeedTestSuite" name="SM_UMEI_FILE_36_UMEI_feedFileShouldThrowErrorForMissingRowData" time="0.0">
    <skipped/>
  </testcase> <!-- SM_UMEI_FILE_36_UMEI_feedFileShouldThrowErrorForMissingRowData -->
  <testcase classname="com.hrsoft.test.datamanagement.FileFeedTestSuite" name="SM_UMEI_FILE_37_UMEI_feedFileShouldThrowErrorForMaxColumnPercentThreshold" time="0.0">
    <skipped/>
  </testcase> <!-- SM_UMEI_FILE_37_UMEI_feedFileShouldThrowErrorForMaxColumnPercentThreshold -->
  <testcase classname="com.hrsoft.test.datamanagement.FileFeedTestSuite" name="SM_UMEI_FILE_38_UMEI_previewShouldContainErrorRowsOnTop" time="0.0">
    <skipped/>
  </testcase> <!-- SM_UMEI_FILE_38_UMEI_previewShouldContainErrorRowsOnTop -->
  <testcase classname="com.hrsoft.test.datamanagement.FileFeedTestSuite" name="SM_UMEI_FILE_39_UMEI_importShouldBeSuccessAndItShouldFillDisplayName" time="0.0">
    <skipped/>
  </testcase> <!-- SM_UMEI_FILE_39_UMEI_importShouldBeSuccessAndItShouldFillDisplayName -->
  <testcase classname="com.hrsoft.test.datamanagement.FileFeedTestSuite" name="SM_UMEI_FILE_40_userAbleToSeeDetailsLogGridInStatusReports" time="0.0">
    <skipped/>
  </testcase> <!-- SM_UMEI_FILE_40_userAbleToSeeDetailsLogGridInStatusReports -->
  <testcase classname="com.hrsoft.test.datamanagement.FileFeedTestSuite" name="SM_UMEI_FILE_41_editUmeiAttribute" time="0.0">
    <skipped/>
  </testcase> <!-- SM_UMEI_FILE_41_editUmeiAttribute -->
  <testcase classname="com.hrsoft.test.datamanagement.FileFeedTestSuite" name="SM_UMEI_FILE_42_UMEI_userRoleFileShouldBeImportedSuccessfully" time="0.0">
    <skipped/>
  </testcase> <!-- SM_UMEI_FILE_42_UMEI_userRoleFileShouldBeImportedSuccessfully -->
  <testcase classname="com.hrsoft.test.datamanagement.FileFeedTestSuite" name="SM_UMEI_FILE_43_UMEI_validateShouldFailForUserRoleFileInvalidRole" time="0.0">
    <skipped/>
  </testcase> <!-- SM_UMEI_FILE_43_UMEI_validateShouldFailForUserRoleFileInvalidRole -->
  <testcase classname="com.hrsoft.test.datamanagement.FileFeedTestSuite" name="SM_UMEI_FILE_44_defineFeedPipeDelimeterChangeShouldBeImportedSuccessfully" time="0.0">
    <skipped/>
  </testcase> <!-- SM_UMEI_FILE_44_defineFeedPipeDelimeterChangeShouldBeImportedSuccessfully -->
  <testcase classname="com.hrsoft.test.datamanagement.FileFeedTestSuite" name="SM_UMEI_FILE_45_UMEI_periodFactorFormatValuesShouldBeImportedSuccessfully" time="0.0">
    <skipped/>
  </testcase> <!-- SM_UMEI_FILE_45_UMEI_periodFactorFormatValuesShouldBeImportedSuccessfully -->
  <testcase classname="com.hrsoft.test.datamanagement.FileFeedTestSuite" name="SM_UMEI_FILE_46_UMEI_lastNameWithNoEmptyValuesShouldBeImportedSuccessfully" time="0.0">
    <skipped/>
  </testcase> <!-- SM_UMEI_FILE_46_UMEI_lastNameWithNoEmptyValuesShouldBeImportedSuccessfully -->
  <testcase classname="com.hrsoft.test.datamanagement.FileFeedTestSuite" name="SM_UMEI_FILE_48_UMEI_validFunctionalHierInputFileShouldBeImportedSuccessfully" time="0.0">
    <skipped/>
  </testcase> <!-- SM_UMEI_FILE_48_UMEI_validFunctionalHierInputFileShouldBeImportedSuccessfully -->
  <testcase classname="com.hrsoft.test.datamanagement.FileFeedTestSuite" name="SM_UMEI_FILE_49_UMEI_validFunctionalCoPlannerFileShouldBeImportedSuccessfully" time="0.0">
    <skipped/>
  </testcase> <!-- SM_UMEI_FILE_49_UMEI_validFunctionalCoPlannerFileShouldBeImportedSuccessfully -->
  <testcase classname="com.hrsoft.test.datamanagement.FileFeedTestSuite" name="SM_UMEI_FILE_50_UMEI_validateShouldFailForPartialModeNewUserError" time="0.0">
    <skipped/>
  </testcase> <!-- SM_UMEI_FILE_50_UMEI_validateShouldFailForPartialModeNewUserError -->
  <testcase classname="com.hrsoft.test.datamanagement.FileFeedTestSuite" name="SM_UMEI_FILE_51_UMEI_validateShouldFailForFILTERPOOLNAMEFilter" time="0.001">
    <skipped/>
  </testcase> <!-- SM_UMEI_FILE_51_UMEI_validateShouldFailForFILTERPOOLNAMEFilter -->
  <testcase classname="com.hrsoft.test.datamanagement.FileFeedTestSuite" name="SM_UMEI_FILE_52_UMEI_importShouldContinueForPartialModeFileWithNewUserError" time="0.0">
    <skipped/>
  </testcase> <!-- SM_UMEI_FILE_52_UMEI_importShouldContinueForPartialModeFileWithNewUserError -->
  <testcase classname="com.hrsoft.test.datamanagement.FileFeedTestSuite" name="SM_UMEI_FILE_53_UMEI_validateAndImportShouldFailForMaxThresholdError" time="0.0">
    <skipped/>
  </testcase> <!-- SM_UMEI_FILE_53_UMEI_validateAndImportShouldFailForMaxThresholdError -->
  <testcase classname="com.hrsoft.test.dataview.DataViewTestSuite" name="SM40To45_DataviewReport_runEmployeeListingReport" time="31.82"/>
  <testcase classname="com.hrsoft.test.dataview.DataViewTestSuite" name="SM46_49_Dataview_DataviewExplorer_SearchAnyGroupAndReset" time="85.504">
    <failure type="org.openqa.selenium.TimeoutException" message="Expected condition failed: waiting for visibility of element located by By.xpath: //div[@itemid=&amp;apos;GRID_2344943517659758&amp;apos;]//div[@column=&amp;apos;1&amp;apos;]//div[@aria-rowindex=&amp;apos;1&amp;apos;] (tried for 10 second(s) with 500 milliseconds interval)
Build info: version: &amp;apos;4.10.0&amp;apos;, revision: &amp;apos;c14d967899&amp;apos;
System info: os.name: &amp;apos;Windows Server 2022&amp;apos;, os.arch: &amp;apos;amd64&amp;apos;, os.version: &amp;apos;10.0&amp;apos;, java.version: &amp;apos;17.0.7&amp;apos;
Driver info: org.openqa.selenium.edge.EdgeDriver
Capabilities {acceptInsecureCerts: false, browserName: msedge, browserVersion: 115.0.1901.188, ms:edgeOptions: {debuggerAddress: localhost:49749}, msedge: {msedgedriverVersion: 115.0.1901.188 (b51b39339c4..., userDataDir: C:\Users\KIRAN~1.YAJ\AppDat...}, networkConnectionEnabled: false, pageLoadStrategy: normal, platformName: windows, proxy: Proxy(), se:cdp: ws://localhost:49749/devtoo..., se:cdpVersion: 115.0.1901.188, setWindowRect: true, strictFileInteractability: false, timeouts: {implicit: 0, pageLoad: 300000, script: 30000}, unhandledPromptBehavior: dismiss and notify, webauthn:extension:credBlob: true, webauthn:extension:largeBlob: true, webauthn:extension:minPinLength: true, webauthn:extension:prf: true, webauthn:virtualAuthenticators: true}
Session ID: 493f3ec6889cf006df3d3c6777716d96">
      <![CDATA[org.openqa.selenium.TimeoutException: Expected condition failed: waiting for visibility of element located by By.xpath: //div[@itemid='GRID_2344943517659758']//div[@column='1']//div[@aria-rowindex='1'] (tried for 10 second(s) with 500 milliseconds interval)
Build info: version: '4.10.0', revision: 'c14d967899'
System info: os.name: 'Windows Server 2022', os.arch: 'amd64', os.version: '10.0', java.version: '17.0.7'
Driver info: org.openqa.selenium.edge.EdgeDriver
Capabilities {acceptInsecureCerts: false, browserName: msedge, browserVersion: 115.0.1901.188, ms:edgeOptions: {debuggerAddress: localhost:49749}, msedge: {msedgedriverVersion: 115.0.1901.188 (b51b39339c4..., userDataDir: C:\Users\KIRAN~1.YAJ\AppDat...}, networkConnectionEnabled: false, pageLoadStrategy: normal, platformName: windows, proxy: Proxy(), se:cdp: ws://localhost:49749/devtoo..., se:cdpVersion: 115.0.1901.188, setWindowRect: true, strictFileInteractability: false, timeouts: {implicit: 0, pageLoad: 300000, script: 30000}, unhandledPromptBehavior: dismiss and notify, webauthn:extension:credBlob: true, webauthn:extension:largeBlob: true, webauthn:extension:minPinLength: true, webauthn:extension:prf: true, webauthn:virtualAuthenticators: true}
Session ID: 493f3ec6889cf006df3d3c6777716d96
at org.openqa.selenium.support.ui.WebDriverWait.timeoutException(WebDriverWait.java:84)
at org.openqa.selenium.support.ui.FluentWait.until(FluentWait.java:230)
at com.hrsoft.utils.seleniumfy.BasePage.waitForElementVisible(BasePage.java:407)
at com.hrsoft.utils.seleniumfy.BasePage.getText(BasePage.java:1429)
at com.hrsoft.utils.seleniumfy.BasePage.getText(BasePage.java:1419)
at com.hrsoft.gui.dataview.DataViewPage.checkGroupGotAddedInGrid(DataViewPage.java:573)
at com.hrsoft.test.dataview.DataViewTestSuite.SM46_49_Dataview_DataviewExplorer_SearchAnyGroupAndReset(DataViewTestSuite.java:681)
at java.base/java.util.ArrayList.forEach(ArrayList.java:1511)
... Removed 27 stack frames]]>
    </failure>
  </testcase> <!-- SM46_49_Dataview_DataviewExplorer_SearchAnyGroupAndReset -->
  <testcase classname="com.hrsoft.test.dataview.DataViewTestSuite" name="SM50_Dataview_DataviewExplorer_SearchGroupAndVerifyWithDropdownValue" time="47.104">
    <failure type="org.openqa.selenium.TimeoutException" message="Expected condition failed: waiting for visibility of element located by By.xpath: //li[text()=&amp;apos;Data View Explorer &amp;apos;] (tried for 10 second(s) with 500 milliseconds interval)
Build info: version: &amp;apos;4.10.0&amp;apos;, revision: &amp;apos;c14d967899&amp;apos;
System info: os.name: &amp;apos;Windows Server 2022&amp;apos;, os.arch: &amp;apos;amd64&amp;apos;, os.version: &amp;apos;10.0&amp;apos;, java.version: &amp;apos;17.0.7&amp;apos;
Driver info: org.openqa.selenium.edge.EdgeDriver
Capabilities {acceptInsecureCerts: false, browserName: msedge, browserVersion: 115.0.1901.188, ms:edgeOptions: {debuggerAddress: localhost:49817}, msedge: {msedgedriverVersion: 115.0.1901.188 (b51b39339c4..., userDataDir: C:\Users\KIRAN~1.YAJ\AppDat...}, networkConnectionEnabled: false, pageLoadStrategy: normal, platformName: windows, proxy: Proxy(), se:cdp: ws://localhost:49817/devtoo..., se:cdpVersion: 115.0.1901.188, setWindowRect: true, strictFileInteractability: false, timeouts: {implicit: 0, pageLoad: 300000, script: 30000}, unhandledPromptBehavior: dismiss and notify, webauthn:extension:credBlob: true, webauthn:extension:largeBlob: true, webauthn:extension:minPinLength: true, webauthn:extension:prf: true, webauthn:virtualAuthenticators: true}
Session ID: 03b5b56ceb45afc601bfd2a3e4ab5383">
      <![CDATA[org.openqa.selenium.TimeoutException: Expected condition failed: waiting for visibility of element located by By.xpath: //li[text()='Data View Explorer '] (tried for 10 second(s) with 500 milliseconds interval)
Build info: version: '4.10.0', revision: 'c14d967899'
System info: os.name: 'Windows Server 2022', os.arch: 'amd64', os.version: '10.0', java.version: '17.0.7'
Driver info: org.openqa.selenium.edge.EdgeDriver
Capabilities {acceptInsecureCerts: false, browserName: msedge, browserVersion: 115.0.1901.188, ms:edgeOptions: {debuggerAddress: localhost:49817}, msedge: {msedgedriverVersion: 115.0.1901.188 (b51b39339c4..., userDataDir: C:\Users\KIRAN~1.YAJ\AppDat...}, networkConnectionEnabled: false, pageLoadStrategy: normal, platformName: windows, proxy: Proxy(), se:cdp: ws://localhost:49817/devtoo..., se:cdpVersion: 115.0.1901.188, setWindowRect: true, strictFileInteractability: false, timeouts: {implicit: 0, pageLoad: 300000, script: 30000}, unhandledPromptBehavior: dismiss and notify, webauthn:extension:credBlob: true, webauthn:extension:largeBlob: true, webauthn:extension:minPinLength: true, webauthn:extension:prf: true, webauthn:virtualAuthenticators: true}
Session ID: 03b5b56ceb45afc601bfd2a3e4ab5383
at org.openqa.selenium.support.ui.WebDriverWait.timeoutException(WebDriverWait.java:84)
at org.openqa.selenium.support.ui.FluentWait.until(FluentWait.java:230)
at com.hrsoft.utils.seleniumfy.BasePage.waitForElementVisible(BasePage.java:407)
at com.hrsoft.utils.seleniumfy.BasePage.waitForElementVisible(BasePage.java:385)
at com.hrsoft.utils.seleniumfy.BasePage.click(BasePage.java:615)
at com.hrsoft.gui.HRSoftPage.clickDataViewExplorerPage(HRSoftPage.java:464)
at com.hrsoft.test.dataview.DataViewTestSuite.SM50_Dataview_DataviewExplorer_SearchGroupAndVerifyWithDropdownValue(DataViewTestSuite.java:692)
at java.base/java.util.ArrayList.forEach(ArrayList.java:1511)
... Removed 27 stack frames]]>
    </failure>
  </testcase> <!-- SM50_Dataview_DataviewExplorer_SearchGroupAndVerifyWithDropdownValue -->
  <testcase classname="com.hrsoft.test.dataview.DataViewTestSuite" name="SM_222_DataviewReportCloning" time="77.416"/>
  <testcase classname="com.hrsoft.test.dataview.DataViewTestSuite" name="SM_223_224_DataviewReport_PublishingAndSharing_Individual_And_Verification" time="223.043"/>
  <testcase classname="com.hrsoft.test.dataview.DataViewTestSuite" name="SM_225_DataViewReport_PublishingAndMarkingAsFeatured_Individual" time="146.652"/>
  <testcase classname="com.hrsoft.test.dataview.DataViewTestSuite" name="SM_35_DataviewReportCloning" time="36.792"/>
  <testcase classname="com.hrsoft.test.dataview.DataViewTestSuite" name="SM_36_Dataview_EditInDesignerPage" time="25.33"/>
  <testcase classname="com.hrsoft.test.dataview.DataViewTestSuite" name="SM_37_Dataview_EditInDesignerPage" time="38.004"/>
  <testcase classname="com.hrsoft.test.dataview.DataViewTestSuite" name="SM_51_52_DataviewReport_FeaturedAndUnpublished" time="29.898"/>
  <testcase classname="com.hrsoft.test.dataview.DataViewTestSuite" name="SM_53_DataviewReport_RunReportAndRefresh" time="23.793"/>
  <testcase classname="com.hrsoft.test.dataview.DataViewTestSuite" name="SM_54_55_DataviewReport_DownloadReportWithPrintOptions" time="159.604"/>
  <testcase classname="com.hrsoft.test.dataview.DataViewTestSuite" name="SM_56_DataviewReport_FieldListInTheGrid" time="31.339"/>
  <testcase classname="com.hrsoft.test.dataview.DataViewTestSuite" name="SM_57_DataviewReport_Group_By_Dropdown_in_the_Grid" time="32.42"/>
  <testcase classname="com.hrsoft.test.dataview.DataViewTestSuite" name="SM_58_DataviewReport_QueryBuilder" time="21.139"/>
  <testcase classname="com.hrsoft.test.rewardsview.ManagerViewTestSuite" name="SM29_RewardsView_SearchForManagersGroups" time="65.738">
    <failure type="org.openqa.selenium.TimeoutException" message="Expected condition failed: waiting for visibility of element located by By.xpath: //div[contains(@class,&amp;apos;webix_popup&amp;apos;)][contains(@style,&amp;apos;display: block;&amp;apos;)]//div[text()=&amp;apos;null&amp;apos;] (tried for 10 second(s) with 500 milliseconds interval)
Build info: version: &amp;apos;4.10.0&amp;apos;, revision: &amp;apos;c14d967899&amp;apos;
System info: os.name: &amp;apos;Windows Server 2022&amp;apos;, os.arch: &amp;apos;amd64&amp;apos;, os.version: &amp;apos;10.0&amp;apos;, java.version: &amp;apos;17.0.7&amp;apos;
Driver info: org.openqa.selenium.edge.EdgeDriver
Capabilities {acceptInsecureCerts: false, browserName: msedge, browserVersion: 115.0.1901.188, ms:edgeOptions: {debuggerAddress: localhost:50748}, msedge: {msedgedriverVersion: 115.0.1901.188 (b51b39339c4..., userDataDir: C:\Users\KIRAN~1.YAJ\AppDat...}, networkConnectionEnabled: false, pageLoadStrategy: normal, platformName: windows, proxy: Proxy(), se:cdp: ws://localhost:50748/devtoo..., se:cdpVersion: 115.0.1901.188, setWindowRect: true, strictFileInteractability: false, timeouts: {implicit: 0, pageLoad: 300000, script: 30000}, unhandledPromptBehavior: dismiss and notify, webauthn:extension:credBlob: true, webauthn:extension:largeBlob: true, webauthn:extension:minPinLength: true, webauthn:extension:prf: true, webauthn:virtualAuthenticators: true}
Session ID: 9d566227317e0c253ece1af56496ce9b">
      <![CDATA[org.openqa.selenium.TimeoutException: Expected condition failed: waiting for visibility of element located by By.xpath: //div[contains(@class,'webix_popup')][contains(@style,'display: block;')]//div[text()='null'] (tried for 10 second(s) with 500 milliseconds interval)
Build info: version: '4.10.0', revision: 'c14d967899'
System info: os.name: 'Windows Server 2022', os.arch: 'amd64', os.version: '10.0', java.version: '17.0.7'
Driver info: org.openqa.selenium.edge.EdgeDriver
Capabilities {acceptInsecureCerts: false, browserName: msedge, browserVersion: 115.0.1901.188, ms:edgeOptions: {debuggerAddress: localhost:50748}, msedge: {msedgedriverVersion: 115.0.1901.188 (b51b39339c4..., userDataDir: C:\Users\KIRAN~1.YAJ\AppDat...}, networkConnectionEnabled: false, pageLoadStrategy: normal, platformName: windows, proxy: Proxy(), se:cdp: ws://localhost:50748/devtoo..., se:cdpVersion: 115.0.1901.188, setWindowRect: true, strictFileInteractability: false, timeouts: {implicit: 0, pageLoad: 300000, script: 30000}, unhandledPromptBehavior: dismiss and notify, webauthn:extension:credBlob: true, webauthn:extension:largeBlob: true, webauthn:extension:minPinLength: true, webauthn:extension:prf: true, webauthn:virtualAuthenticators: true}
Session ID: 9d566227317e0c253ece1af56496ce9b
at org.openqa.selenium.support.ui.WebDriverWait.timeoutException(WebDriverWait.java:84)
at org.openqa.selenium.support.ui.FluentWait.until(FluentWait.java:230)
at com.hrsoft.utils.seleniumfy.BasePage.waitForElementVisible(BasePage.java:407)
at com.hrsoft.utils.seleniumfy.BasePage.waitForElementVisible(BasePage.java:385)
at com.hrsoft.utils.seleniumfy.BasePage.click(BasePage.java:615)
at com.hrsoft.gui.rewardsview.ManagerViewPage.selectPlan(ManagerViewPage.java:63)
at com.hrsoft.test.rewardsview.ManagerViewTestSuite.SM29_RewardsView_SearchForManagersGroups(ManagerViewTestSuite.java:115)
at java.base/java.util.ArrayList.forEach(ArrayList.java:1511)
... Removed 27 stack frames]]>
    </failure>
  </testcase> <!-- SM29_RewardsView_SearchForManagersGroups -->
  <testcase classname="com.hrsoft.test.rewardsview.ManagerViewTestSuite" name="SM30_RewardsView_SearchForManagerGroup_ThroughEmployee" time="60.902">
    <failure type="org.openqa.selenium.TimeoutException" message="Expected condition failed: waiting for visibility of all elements located by By.cssSelector: [id$=&amp;apos;GRID_7468a3a8&amp;apos;] div.webix_ss_center div.webix_column:nth-child(1) &amp;gt; div[role=&amp;apos;gridcell&amp;apos;] (tried for 10 second(s) with 500 milliseconds interval)
Build info: version: &amp;apos;4.10.0&amp;apos;, revision: &amp;apos;c14d967899&amp;apos;
System info: os.name: &amp;apos;Windows Server 2022&amp;apos;, os.arch: &amp;apos;amd64&amp;apos;, os.version: &amp;apos;10.0&amp;apos;, java.version: &amp;apos;17.0.7&amp;apos;
Driver info: org.openqa.selenium.edge.EdgeDriver
Capabilities {acceptInsecureCerts: false, browserName: msedge, browserVersion: 115.0.1901.188, ms:edgeOptions: {debuggerAddress: localhost:50818}, msedge: {msedgedriverVersion: 115.0.1901.188 (b51b39339c4..., userDataDir: C:\Users\KIRAN~1.YAJ\AppDat...}, networkConnectionEnabled: false, pageLoadStrategy: normal, platformName: windows, proxy: Proxy(), se:cdp: ws://localhost:50818/devtoo..., se:cdpVersion: 115.0.1901.188, setWindowRect: true, strictFileInteractability: false, timeouts: {implicit: 0, pageLoad: 300000, script: 30000}, unhandledPromptBehavior: dismiss and notify, webauthn:extension:credBlob: true, webauthn:extension:largeBlob: true, webauthn:extension:minPinLength: true, webauthn:extension:prf: true, webauthn:virtualAuthenticators: true}
Session ID: e3c220ed78ed33a7555f1ec53d3e84cb">
      <![CDATA[org.openqa.selenium.TimeoutException: Expected condition failed: waiting for visibility of all elements located by By.cssSelector: [id$='GRID_7468a3a8'] div.webix_ss_center div.webix_column:nth-child(1) > div[role='gridcell'] (tried for 10 second(s) with 500 milliseconds interval)
Build info: version: '4.10.0', revision: 'c14d967899'
System info: os.name: 'Windows Server 2022', os.arch: 'amd64', os.version: '10.0', java.version: '17.0.7'
Driver info: org.openqa.selenium.edge.EdgeDriver
Capabilities {acceptInsecureCerts: false, browserName: msedge, browserVersion: 115.0.1901.188, ms:edgeOptions: {debuggerAddress: localhost:50818}, msedge: {msedgedriverVersion: 115.0.1901.188 (b51b39339c4..., userDataDir: C:\Users\KIRAN~1.YAJ\AppDat...}, networkConnectionEnabled: false, pageLoadStrategy: normal, platformName: windows, proxy: Proxy(), se:cdp: ws://localhost:50818/devtoo..., se:cdpVersion: 115.0.1901.188, setWindowRect: true, strictFileInteractability: false, timeouts: {implicit: 0, pageLoad: 300000, script: 30000}, unhandledPromptBehavior: dismiss and notify, webauthn:extension:credBlob: true, webauthn:extension:largeBlob: true, webauthn:extension:minPinLength: true, webauthn:extension:prf: true, webauthn:virtualAuthenticators: true}
Session ID: e3c220ed78ed33a7555f1ec53d3e84cb
at org.openqa.selenium.support.ui.WebDriverWait.timeoutException(WebDriverWait.java:84)
at org.openqa.selenium.support.ui.FluentWait.until(FluentWait.java:230)
at com.hrsoft.utils.seleniumfy.BasePage.waitForElementsVisible(BasePage.java:441)
at com.hrsoft.gui.rewardsview.ManagerViewPage.verifyEmpResultInGrid(ManagerViewPage.java:222)
at com.hrsoft.gui.rewardsview.ManagerViewPage.searchForEmployeeByFirstName(ManagerViewPage.java:342)
at com.hrsoft.gui.rewardsview.ManagerViewPage.searchForEmployeeByFieldAndverifyResult(ManagerViewPage.java:200)
at com.hrsoft.test.rewardsview.ManagerViewTestSuite.SM30_RewardsView_SearchForManagerGroup_ThroughEmployee(ManagerViewTestSuite.java:142)
at java.base/java.util.ArrayList.forEach(ArrayList.java:1511)
... Removed 27 stack frames]]>
    </failure>
  </testcase> <!-- SM30_RewardsView_SearchForManagerGroup_ThroughEmployee -->
  <testcase classname="com.hrsoft.test.rewardsview.ManagerViewTestSuite" name="SM_20_21_RewardsView_ManagerViewDownloadStatements" time="78.682">
    <failure type="org.openqa.selenium.TimeoutException" message="Expected condition failed: waiting for visibility of element located by By.xpath: (//span[text()=&amp;apos;LName01191, FName01191&amp;apos;]) (tried for 10 second(s) with 500 milliseconds interval)
Build info: version: &amp;apos;4.10.0&amp;apos;, revision: &amp;apos;c14d967899&amp;apos;
System info: os.name: &amp;apos;Windows Server 2022&amp;apos;, os.arch: &amp;apos;amd64&amp;apos;, os.version: &amp;apos;10.0&amp;apos;, java.version: &amp;apos;17.0.7&amp;apos;
Driver info: org.openqa.selenium.edge.EdgeDriver
Capabilities {acceptInsecureCerts: false, browserName: msedge, browserVersion: 115.0.1901.188, ms:edgeOptions: {debuggerAddress: localhost:50890}, msedge: {msedgedriverVersion: 115.0.1901.188 (b51b39339c4..., userDataDir: C:\Users\KIRAN~1.YAJ\AppDat...}, networkConnectionEnabled: false, pageLoadStrategy: normal, platformName: windows, proxy: Proxy(), se:cdp: ws://localhost:50890/devtoo..., se:cdpVersion: 115.0.1901.188, setWindowRect: true, strictFileInteractability: false, timeouts: {implicit: 0, pageLoad: 300000, script: 30000}, unhandledPromptBehavior: dismiss and notify, webauthn:extension:credBlob: true, webauthn:extension:largeBlob: true, webauthn:extension:minPinLength: true, webauthn:extension:prf: true, webauthn:virtualAuthenticators: true}
Session ID: 7deb9c84cd588c1be33b528ade9c2d09">
      <![CDATA[org.openqa.selenium.TimeoutException: Expected condition failed: waiting for visibility of element located by By.xpath: (//span[text()='LName01191, FName01191']) (tried for 10 second(s) with 500 milliseconds interval)
Build info: version: '4.10.0', revision: 'c14d967899'
System info: os.name: 'Windows Server 2022', os.arch: 'amd64', os.version: '10.0', java.version: '17.0.7'
Driver info: org.openqa.selenium.edge.EdgeDriver
Capabilities {acceptInsecureCerts: false, browserName: msedge, browserVersion: 115.0.1901.188, ms:edgeOptions: {debuggerAddress: localhost:50890}, msedge: {msedgedriverVersion: 115.0.1901.188 (b51b39339c4..., userDataDir: C:\Users\KIRAN~1.YAJ\AppDat...}, networkConnectionEnabled: false, pageLoadStrategy: normal, platformName: windows, proxy: Proxy(), se:cdp: ws://localhost:50890/devtoo..., se:cdpVersion: 115.0.1901.188, setWindowRect: true, strictFileInteractability: false, timeouts: {implicit: 0, pageLoad: 300000, script: 30000}, unhandledPromptBehavior: dismiss and notify, webauthn:extension:credBlob: true, webauthn:extension:largeBlob: true, webauthn:extension:minPinLength: true, webauthn:extension:prf: true, webauthn:virtualAuthenticators: true}
Session ID: 7deb9c84cd588c1be33b528ade9c2d09
at org.openqa.selenium.support.ui.WebDriverWait.timeoutException(WebDriverWait.java:84)
at org.openqa.selenium.support.ui.FluentWait.until(FluentWait.java:230)
at com.hrsoft.utils.seleniumfy.BasePage.waitForElementVisible(BasePage.java:407)
at com.hrsoft.utils.seleniumfy.BasePage.waitForElementVisible(BasePage.java:385)
at com.hrsoft.utils.seleniumfy.BasePage.click(BasePage.java:615)
at com.hrsoft.gui.rewardsview.ManagerViewPage.clickEmployee(ManagerViewPage.java:117)
at com.hrsoft.test.rewardsview.ManagerViewTestSuite.SM_20_21_RewardsView_ManagerViewDownloadStatements(ManagerViewTestSuite.java:60)
at java.base/java.util.ArrayList.forEach(ArrayList.java:1511)
... Removed 27 stack frames]]>
    </failure>
  </testcase> <!-- SM_20_21_RewardsView_ManagerViewDownloadStatements -->
  <testcase classname="com.hrsoft.test.rewardsview.ManagerViewTestSuite" name="SM_22_RewardsView_ManagerViewDownloadStatements" time="30.859"/>
  <testcase classname="com.hrsoft.test.rewardsview.ManagerViewTestSuite" name="SM_23_RewardsViewManagerViewShareFunctionalFailIfPlanFails" time="77.197">
    <failure type="org.openqa.selenium.TimeoutException" message="Expected condition failed: waiting for visibility of element located by By.xpath: (//div[@class=&amp;apos;webix_column center left_area webix_last webix_first webix_select_mark&amp;apos;]//input[@type=&amp;apos;checkbox&amp;apos;])[1] (tried for 10 second(s) with 500 milliseconds interval)
Build info: version: &amp;apos;4.10.0&amp;apos;, revision: &amp;apos;c14d967899&amp;apos;
System info: os.name: &amp;apos;Windows Server 2022&amp;apos;, os.arch: &amp;apos;amd64&amp;apos;, os.version: &amp;apos;10.0&amp;apos;, java.version: &amp;apos;17.0.7&amp;apos;
Driver info: org.openqa.selenium.edge.EdgeDriver
Capabilities {acceptInsecureCerts: false, browserName: msedge, browserVersion: 115.0.1901.188, ms:edgeOptions: {debuggerAddress: localhost:51016}, msedge: {msedgedriverVersion: 115.0.1901.188 (b51b39339c4..., userDataDir: C:\Users\KIRAN~1.YAJ\AppDat...}, networkConnectionEnabled: false, pageLoadStrategy: normal, platformName: windows, proxy: Proxy(), se:cdp: ws://localhost:51016/devtoo..., se:cdpVersion: 115.0.1901.188, setWindowRect: true, strictFileInteractability: false, timeouts: {implicit: 0, pageLoad: 300000, script: 30000}, unhandledPromptBehavior: dismiss and notify, webauthn:extension:credBlob: true, webauthn:extension:largeBlob: true, webauthn:extension:minPinLength: true, webauthn:extension:prf: true, webauthn:virtualAuthenticators: true}
Session ID: bfed7af6122b099e3f3b547e5415dc3e">
      <![CDATA[org.openqa.selenium.TimeoutException: Expected condition failed: waiting for visibility of element located by By.xpath: (//div[@class='webix_column center left_area webix_last webix_first webix_select_mark']//input[@type='checkbox'])[1] (tried for 10 second(s) with 500 milliseconds interval)
Build info: version: '4.10.0', revision: 'c14d967899'
System info: os.name: 'Windows Server 2022', os.arch: 'amd64', os.version: '10.0', java.version: '17.0.7'
Driver info: org.openqa.selenium.edge.EdgeDriver
Capabilities {acceptInsecureCerts: false, browserName: msedge, browserVersion: 115.0.1901.188, ms:edgeOptions: {debuggerAddress: localhost:51016}, msedge: {msedgedriverVersion: 115.0.1901.188 (b51b39339c4..., userDataDir: C:\Users\KIRAN~1.YAJ\AppDat...}, networkConnectionEnabled: false, pageLoadStrategy: normal, platformName: windows, proxy: Proxy(), se:cdp: ws://localhost:51016/devtoo..., se:cdpVersion: 115.0.1901.188, setWindowRect: true, strictFileInteractability: false, timeouts: {implicit: 0, pageLoad: 300000, script: 30000}, unhandledPromptBehavior: dismiss and notify, webauthn:extension:credBlob: true, webauthn:extension:largeBlob: true, webauthn:extension:minPinLength: true, webauthn:extension:prf: true, webauthn:virtualAuthenticators: true}
Session ID: bfed7af6122b099e3f3b547e5415dc3e
at org.openqa.selenium.support.ui.WebDriverWait.timeoutException(WebDriverWait.java:84)
at org.openqa.selenium.support.ui.FluentWait.until(FluentWait.java:230)
at com.hrsoft.utils.seleniumfy.BasePage.waitForElementVisible(BasePage.java:407)
at com.hrsoft.utils.seleniumfy.BasePage.waitForElementVisible(BasePage.java:385)
at com.hrsoft.utils.seleniumfy.BasePage.click(BasePage.java:615)
at com.hrsoft.gui.rewardsview.ManagerViewPage.selectMultipleCheckBoxes(ManagerViewPage.java:102)
at com.hrsoft.test.rewardsview.ManagerViewTestSuite.SM_23_RewardsViewManagerViewShareFunctionalFailIfPlanFails(ManagerViewTestSuite.java:41)
at java.base/java.util.ArrayList.forEach(ArrayList.java:1511)
... Removed 27 stack frames]]>
    </failure>
  </testcase> <!-- SM_23_RewardsViewManagerViewShareFunctionalFailIfPlanFails -->
  <testcase classname="com.hrsoft.test.common.GenericTestSuite" name="SM_07_CompView_Reviewing_EmpAwardChangesAccordingly" time="4.805"/>
  <testcase classname="com.hrsoft.test.common.GenericTestSuite" name="SM_09_CompView_Planning_ManagerCanOpenOwnLinkFromLeftNav" time="8.285"/>
  <testcase classname="com.hrsoft.test.common.GenericTestSuite" name="SM_6A_CompView_PlanningCan_AccessCoPlannedGroup" time="5.687"/>
  <testcase classname="com.hrsoft.test.common.GenericTestSuite" name="SM_6B_CompView_Reviewing_CanOpenReviewedGroups" time="5.516"/>
  <testcase classname="com.hrsoft.test.modelview.ModelViewTestSuite" name="SM_177AModelviewEditAnySessionByCloning" time="14.704">
    <skipped/>
  </testcase> <!-- SM_177AModelviewEditAnySessionByCloning -->
  <testcase classname="com.hrsoft.test.modelview.ModelViewTestSuite" name="SM_177CreateModelviewSession" time="14.52">
    <skipped/>
  </testcase> <!-- SM_177CreateModelviewSession -->
  <testcase classname="com.hrsoft.test.modelview.ModelViewTestSuite" name="SM_178ModelviewEditAnySession" time="14.267">
    <skipped/>
  </testcase> <!-- SM_178ModelviewEditAnySession -->
  <testcase classname="com.hrsoft.test.modelview.ModelViewTestSuite" name="SM_179AModelViewclickNewTemplatWhichPopupsTemplate" time="13.627">
    <skipped/>
  </testcase> <!-- SM_179AModelViewclickNewTemplatWhichPopupsTemplate -->
  <testcase classname="com.hrsoft.test.modelview.ModelViewTestSuite" name="SM_182_ModelView_EditSessionAndVerifyItgotEdited" time="13.424">
    <skipped/>
  </testcase> <!-- SM_182_ModelView_EditSessionAndVerifyItgotEdited -->
  <testcase classname="com.hrsoft.test.modelview.ModelViewTestSuite" name="SM_183_ModelView_EditSessionAndDiscardItAndVerifySessionGotRemoved" time="14.383">
    <skipped/>
  </testcase> <!-- SM_183_ModelView_EditSessionAndDiscardItAndVerifySessionGotRemoved -->
  <testcase classname="com.hrsoft.test.modelview.ModelViewTestSuite" name="SM_185ModelViewOpenSettingsPage" time="14.599">
    <skipped/>
  </testcase> <!-- SM_185ModelViewOpenSettingsPage -->
  <testcase classname="com.hrsoft.test.modelview.ModelViewTestSuite" name="SM_186_ModelViewCanEditTemplateWithEditIconInSettingPage" time="14.334">
    <skipped/>
  </testcase> <!-- SM_186_ModelViewCanEditTemplateWithEditIconInSettingPage -->
  <testcase classname="com.hrsoft.test.modelview.ModelViewTestSuite" name="SM_187_ModelViewCanCloneTemplateWithEditIconInSettingPage" time="14.468">
    <skipped/>
  </testcase> <!-- SM_187_ModelViewCanCloneTemplateWithEditIconInSettingPage -->
  <testcase classname="com.hrsoft.test.modelview.ModelViewTestSuite" name="SM_188_ModelViewEditManageCurrencyAndVerifyTheChanges" time="14.85">
    <skipped/>
  </testcase> <!-- SM_188_ModelViewEditManageCurrencyAndVerifyTheChanges -->
  <testcase classname="com.hrsoft.test.modelview.ModelViewTestSuite" name="SM_189_191ModelView_AddAndSaveNewUnitAndCurrencyAndDelete" time="14.421">
    <skipped/>
  </testcase> <!-- SM_189_191ModelView_AddAndSaveNewUnitAndCurrencyAndDelete -->
  <testcase classname="com.hrsoft.test.modelview.ModelViewTestSuite" name="SM_192_193ModelView_CreateNewCurrencySetAndDeleteIt" time="14.534">
    <skipped/>
  </testcase> <!-- SM_192_193ModelView_CreateNewCurrencySetAndDeleteIt -->
  <testcase classname="com.hrsoft.test.modelview.ModelViewTestSuite" name="SM_194_196ModelView_UserPoolsDetails" time="14.556">
    <skipped/>
  </testcase> <!-- SM_194_196ModelView_UserPoolsDetails -->
  <testcase classname="com.hrsoft.test.modelview.ModelViewTestSuite" name="SM_197_ModelView_clickAddPoolButtonForAddingNewPool" time="14.385">
    <skipped/>
  </testcase> <!-- SM_197_ModelView_clickAddPoolButtonForAddingNewPool -->
  <testcase classname="com.hrsoft.test.modelview.ModelViewTestSuite" name="SM_198_ModelView_clickBrowsebuttonTopopupSearchAPP" time="15.168">
    <skipped/>
  </testcase> <!-- SM_198_ModelView_clickBrowsebuttonTopopupSearchAPP -->
  <testcase classname="com.hrsoft.test.modelview.ModelViewTestSuite" name="SM_199_ModelView_EditAnyRowValueInFieldMapping" time="14.306">
    <skipped/>
  </testcase> <!-- SM_199_ModelView_EditAnyRowValueInFieldMapping -->
  <testcase classname="com.hrsoft.test.modelview.ModelViewTestSuite" name="SM_200_ModelView_CanSaveMapping" time="14.867">
    <skipped/>
  </testcase> <!-- SM_200_ModelView_CanSaveMapping -->
  <testcase classname="com.hrsoft.test.modelview.ModelViewTestSuite" name="SM_201_ModelView_CanSaveMapping" time="14.566">
    <skipped/>
  </testcase> <!-- SM_201_ModelView_CanSaveMapping -->
  <testcase classname="com.hrsoft.test.modelview.ModelViewTestSuite" name="SM_202_ModelView_CanDeleteSession" time="14.319">
    <skipped/>
  </testcase> <!-- SM_202_ModelView_CanDeleteSession -->
  <testcase classname="com.hrsoft.test.modelview.ModelViewTestSuite" name="SM_203_ModelView_ChangeCurrency" time="14.287">
    <skipped/>
  </testcase> <!-- SM_203_ModelView_ChangeCurrency -->
  <testcase classname="com.hrsoft.test.modelview.ModelViewTestSuite" name="SM_204_ModelView_SessionProcess_CanEnableOrDisable" time="0.0">
    <skipped/>
  </testcase> <!-- SM_204_ModelView_SessionProcess_CanEnableOrDisable -->
  <testcase classname="com.hrsoft.test.modelview.ModelViewTestSuite" name="SM_205_ModelView_SessionProcess_CanHideChart" time="0.0">
    <skipped/>
  </testcase> <!-- SM_205_ModelView_SessionProcess_CanHideChart -->
  <testcase classname="com.hrsoft.test.modelview.ModelViewTestSuite" name="SM_206_207_208_209_ModelView_SessionProcess_CanSelectManagerFromManagerList" time="0.0">
    <skipped/>
  </testcase> <!-- SM_206_207_208_209_ModelView_SessionProcess_CanSelectManagerFromManagerList -->
  <testcase classname="com.hrsoft.test.modelview.ModelViewTestSuite" name="SM_210_211_ModelView_SessionProcess_CanSelectManagerFromManagerList" time="0.0">
    <skipped/>
  </testcase> <!-- SM_210_211_ModelView_SessionProcess_CanSelectManagerFromManagerList -->
  <testcase classname="com.hrsoft.test.modelview.ModelViewTestSuite" name="SM_212_ModelView_SessionProcess_CanDoBulkUpdate" time="0.0">
    <skipped/>
  </testcase> <!-- SM_212_ModelView_SessionProcess_CanDoBulkUpdate -->
  <testcase classname="com.hrsoft.test.modelview.ModelViewTestSuite" name="SM_213_ModelView_SessionProcess_CanDoBulkUpdate" time="0.0">
    <skipped/>
  </testcase> <!-- SM_213_ModelView_SessionProcess_CanDoBulkUpdate -->
  <testcase classname="com.hrsoft.test.modelview.ModelViewTestSuite" name="SM_214_215_216_217_ModelView_SessionProcess_UserActions" time="0.0">
    <skipped/>
  </testcase> <!-- SM_214_215_216_217_ModelView_SessionProcess_UserActions -->
  <testcase classname="com.hrsoft.test.modelview.ModelViewTestSuite" name="SM_218_ModelView_SessionProcess_BulkLock" time="0.0">
    <skipped/>
  </testcase> <!-- SM_218_ModelView_SessionProcess_BulkLock -->
  <testcase classname="com.hrsoft.test.modelview.ModelViewTestSuite" name="SM_219_220_221_ModelView_SessionProcess_UserActions" time="0.0">
    <skipped/>
  </testcase> <!-- SM_219_220_221_ModelView_SessionProcess_UserActions -->
  <testcase classname="com.hrsoft.test.modelview.ModelViewTestSuite" name="SM_26_ModelViewCalibrationFilters" time="0.0">
    <skipped/>
  </testcase> <!-- SM_26_ModelViewCalibrationFilters -->
  <testcase classname="com.hrsoft.test.modelview.ModelViewTestSuite" name="SM_27_28_ModelViewCalibrationFilters" time="0.0">
    <skipped/>
  </testcase> <!-- SM_27_28_ModelViewCalibrationFilters -->
  <testcase classname="com.hrsoft.test.modelview.ModelViewTestSuite" name="SM_184ModelViewSelectDiscardStatusFromDropdownAndVerifySessionStatus" time="0.0">
    <skipped/>
  </testcase> <!-- SM_184ModelViewSelectDiscardStatusFromDropdownAndVerifySessionStatus -->
  <testcase classname="com.hrsoft.test.common.LoginLogoutTestSuite" name="SM_00_loginAndLogout" time="11.112"/>
  <testcase classname="com.hrsoft.test.homepage.HomePageTestSuite" name="SM_61_HomePage_MyTasksSectionClickTaskLink" time="14.833">
    <skipped/>
  </testcase> <!-- SM_61_HomePage_MyTasksSectionClickTaskLink -->
  <testcase classname="com.hrsoft.test.homepage.HomePageTestSuite" name="SM_62_HomePage_MyTasksExpandOrCollapse" time="9.551"/>
  <testcase classname="com.hrsoft.test.homepage.HomePageTestSuite" name="SM_63_HomePage_LeftNavigationBarExpandAndCollapse" time="26.331"/>
  <testcase classname="com.hrsoft.test.homepage.HomePageTestSuite" name="SM_64_To_SM77_HomePage_CompensationReport_VerifyClickFunctions" time="65.198">
    <failure type="org.openqa.selenium.TimeoutException" message="Expected condition failed: waiting for visibility of element located by By.xpath: //input[@placeholder=&amp;apos;Select Plan&amp;apos; and @role=&amp;apos;combobox&amp;apos;] (tried for 10 second(s) with 500 milliseconds interval)
Build info: version: &amp;apos;4.10.0&amp;apos;, revision: &amp;apos;c14d967899&amp;apos;
System info: os.name: &amp;apos;Windows Server 2022&amp;apos;, os.arch: &amp;apos;amd64&amp;apos;, os.version: &amp;apos;10.0&amp;apos;, java.version: &amp;apos;17.0.7&amp;apos;
Driver info: org.openqa.selenium.edge.EdgeDriver
Capabilities {acceptInsecureCerts: false, browserName: msedge, browserVersion: 115.0.1901.188, ms:edgeOptions: {debuggerAddress: localhost:52760}, msedge: {msedgedriverVersion: 115.0.1901.188 (b51b39339c4..., userDataDir: C:\Users\KIRAN~1.YAJ\AppDat...}, networkConnectionEnabled: false, pageLoadStrategy: normal, platformName: windows, proxy: Proxy(), se:cdp: ws://localhost:52760/devtoo..., se:cdpVersion: 115.0.1901.188, setWindowRect: true, strictFileInteractability: false, timeouts: {implicit: 0, pageLoad: 300000, script: 30000}, unhandledPromptBehavior: dismiss and notify, webauthn:extension:credBlob: true, webauthn:extension:largeBlob: true, webauthn:extension:minPinLength: true, webauthn:extension:prf: true, webauthn:virtualAuthenticators: true}
Session ID: 46597e72c5f4eceb1738cb8abf109aac">
      <![CDATA[org.openqa.selenium.TimeoutException: Expected condition failed: waiting for visibility of element located by By.xpath: //input[@placeholder='Select Plan' and @role='combobox'] (tried for 10 second(s) with 500 milliseconds interval)
Build info: version: '4.10.0', revision: 'c14d967899'
System info: os.name: 'Windows Server 2022', os.arch: 'amd64', os.version: '10.0', java.version: '17.0.7'
Driver info: org.openqa.selenium.edge.EdgeDriver
Capabilities {acceptInsecureCerts: false, browserName: msedge, browserVersion: 115.0.1901.188, ms:edgeOptions: {debuggerAddress: localhost:52760}, msedge: {msedgedriverVersion: 115.0.1901.188 (b51b39339c4..., userDataDir: C:\Users\KIRAN~1.YAJ\AppDat...}, networkConnectionEnabled: false, pageLoadStrategy: normal, platformName: windows, proxy: Proxy(), se:cdp: ws://localhost:52760/devtoo..., se:cdpVersion: 115.0.1901.188, setWindowRect: true, strictFileInteractability: false, timeouts: {implicit: 0, pageLoad: 300000, script: 30000}, unhandledPromptBehavior: dismiss and notify, webauthn:extension:credBlob: true, webauthn:extension:largeBlob: true, webauthn:extension:minPinLength: true, webauthn:extension:prf: true, webauthn:virtualAuthenticators: true}
Session ID: 46597e72c5f4eceb1738cb8abf109aac
at org.openqa.selenium.support.ui.WebDriverWait.timeoutException(WebDriverWait.java:84)
at org.openqa.selenium.support.ui.FluentWait.until(FluentWait.java:230)
at com.hrsoft.utils.seleniumfy.BasePage.waitForElementVisible(BasePage.java:407)
at com.hrsoft.utils.seleniumfy.BasePage.waitForElementVisible(BasePage.java:385)
at com.hrsoft.utils.seleniumfy.BasePage.click(BasePage.java:615)
at com.hrsoft.gui.HRSoftPage.clickCompensationPlanDropdown(HRSoftPage.java:165)
at com.hrsoft.gui.HRSoftPage.selectCompensationPlan(HRSoftPage.java:171)
at com.hrsoft.test.homepage.HomePageTestSuite.SM_64_To_SM77_HomePage_CompensationReport_VerifyClickFunctions(HomePageTestSuite.java:80)
at java.base/java.util.ArrayList.forEach(ArrayList.java:1511)
... Removed 27 stack frames]]>
    </failure>
  </testcase> <!-- SM_64_To_SM77_HomePage_CompensationReport_VerifyClickFunctions -->
  <testcase classname="com.hrsoft.test.setuphelpers.WebBaseTest" name="@BeforeSuite setupFramework" time="0.0">
    <ignored/>
  </testcase> <!-- @BeforeSuite setupFramework -->
  <testcase classname="com.hrsoft.test.setuphelpers.WebBaseTest" name="@BeforeSuite setupFramework" time="0.0">
    <ignored/>
  </testcase> <!-- @BeforeSuite setupFramework -->
  <testcase classname="com.hrsoft.test.setuphelpers.WebBaseTest" name="@BeforeSuite setupFramework" time="0.0">
    <ignored/>
  </testcase> <!-- @BeforeSuite setupFramework -->
  <testcase classname="com.hrsoft.test.setuphelpers.WebBaseTest" name="@BeforeSuite setupFramework" time="0.0">
    <ignored/>
  </testcase> <!-- @BeforeSuite setupFramework -->
  <testcase classname="com.hrsoft.test.setuphelpers.WebBaseTest" name="@BeforeSuite setupFramework" time="0.0">
    <ignored/>
  </testcase> <!-- @BeforeSuite setupFramework -->
  <testcase classname="com.hrsoft.test.setuphelpers.WebBaseTest" name="@BeforeSuite setupFramework" time="0.0">
    <ignored/>
  </testcase> <!-- @BeforeSuite setupFramework -->
  <testcase classname="com.hrsoft.test.setuphelpers.WebBaseTest" name="@BeforeSuite setupFramework" time="0.0">
    <ignored/>
  </testcase> <!-- @BeforeSuite setupFramework -->
  <testcase classname="com.hrsoft.test.setuphelpers.WebBaseTest" name="@BeforeSuite setupFramework" time="0.0">
    <ignored/>
  </testcase> <!-- @BeforeSuite setupFramework -->
  <testcase classname="com.hrsoft.test.setuphelpers.WebBaseTest" name="@BeforeSuite setupFramework" time="0.0">
    <ignored/>
  </testcase> <!-- @BeforeSuite setupFramework -->
  <testcase classname="com.hrsoft.test.setuphelpers.WebBaseTest" name="@BeforeSuite setupFramework" time="0.0">
    <ignored/>
  </testcase> <!-- @BeforeSuite setupFramework -->
  <testcase classname="com.hrsoft.test.setuphelpers.WebBaseTest" name="@BeforeSuite setupFramework" time="0.0">
    <ignored/>
  </testcase> <!-- @BeforeSuite setupFramework -->
  <testcase classname="com.hrsoft.test.modelview.ModelViewTestSuite" name="SM_190_ModelViewManageUnitPage" time="0.0">
    <ignored/>
  </testcase> <!-- SM_190_ModelViewManageUnitPage -->
  <testcase classname="com.hrsoft.test.setuphelpers.WebBaseTest" name="@BeforeSuite setupFramework" time="0.0">
    <ignored/>
  </testcase> <!-- @BeforeSuite setupFramework -->
  <testcase classname="com.hrsoft.test.setuphelpers.WebBaseTest" name="@BeforeSuite setupFramework" time="0.0">
    <ignored/>
  </testcase> <!-- @BeforeSuite setupFramework -->
  <testcase classname="com.hrsoft.test.setuphelpers.WebBaseTest" name="@BeforeSuite setupFramework" time="0.0">
    <ignored/>
  </testcase> <!-- @BeforeSuite setupFramework -->
  <testcase classname="com.hrsoft.test.setuphelpers.WebBaseTest" name="@BeforeSuite setupFramework" time="0.0">
    <ignored/>
  </testcase> <!-- @BeforeSuite setupFramework -->
</testsuite> <!-- SmokeTest -->
