<?xml version="1.0" encoding="UTF-8"?>
<!-- Generated by org.testng.reporters.JUnitXMLReporter -->
<testsuite ignored="19" hostname="QA001Ohio" failures="29" tests="186" name="Test" time="17111.726" errors="0" timestamp="2023-07-14T20:50:15 UTC">
  <testcase classname="com.hrsoft.test.compensation.CompManageFilterTestSuite" name="SM_88_90_CompensationFilters_copyAndDeleteFilter" time="40.299"/>
  <testcase classname="com.hrsoft.test.compensation.CompManageFilterTestSuite" name="SM_91_94_CompensationFilters_CreateNewFilterAndDelete" time="69.713"/>
  <testcase classname="com.hrsoft.test.compensation.PlanningPageTestSuite" name="SM_108_To_SM119_PlanningPage_PageVerifications" time="115.049"/>
  <testcase classname="com.hrsoft.test.compensation.PlanningPageTestSuite" name="SM_112_To_SM113_PlanningPage_Verifications" time="121.086">
    <failure type="org.openqa.selenium.TimeoutException" message="Expected condition failed: waiting for visibility of element located by By.cssSelector: #btnSubmitWitdrawAction (tried for 10 second(s) with 500 milliseconds interval)
Build info: version: &amp;apos;4.10.0&amp;apos;, revision: &amp;apos;c14d967899&amp;apos;
System info: os.name: &amp;apos;Windows Server 2022&amp;apos;, os.arch: &amp;apos;amd64&amp;apos;, os.version: &amp;apos;10.0&amp;apos;, java.version: &amp;apos;17.0.7&amp;apos;
Driver info: org.openqa.selenium.edge.EdgeDriver
Capabilities {acceptInsecureCerts: false, browserName: msedge, browserVersion: 114.0.1823.67, ms:edgeOptions: {debuggerAddress: localhost:57048}, msedge: {msedgedriverVersion: 114.0.1823.82 (ac4903679dd6..., userDataDir: C:\Users\KIRAN~1.YAJ\AppDat...}, networkConnectionEnabled: false, pageLoadStrategy: normal, platformName: windows, proxy: Proxy(), se:cdp: ws://localhost:57048/devtoo..., se:cdpVersion: 114.0.1823.67, setWindowRect: true, strictFileInteractability: false, timeouts: {implicit: 0, pageLoad: 300000, script: 30000}, unhandledPromptBehavior: dismiss and notify, webauthn:extension:credBlob: true, webauthn:extension:largeBlob: true, webauthn:extension:minPinLength: true, webauthn:extension:prf: true, webauthn:virtualAuthenticators: true}
Session ID: d47d742459de8b7b420832ec5683ceaa">
      <![CDATA[org.openqa.selenium.TimeoutException: Expected condition failed: waiting for visibility of element located by By.cssSelector: #btnSubmitWitdrawAction (tried for 10 second(s) with 500 milliseconds interval)
Build info: version: '4.10.0', revision: 'c14d967899'
System info: os.name: 'Windows Server 2022', os.arch: 'amd64', os.version: '10.0', java.version: '17.0.7'
Driver info: org.openqa.selenium.edge.EdgeDriver
Capabilities {acceptInsecureCerts: false, browserName: msedge, browserVersion: 114.0.1823.67, ms:edgeOptions: {debuggerAddress: localhost:57048}, msedge: {msedgedriverVersion: 114.0.1823.82 (ac4903679dd6..., userDataDir: C:\Users\KIRAN~1.YAJ\AppDat...}, networkConnectionEnabled: false, pageLoadStrategy: normal, platformName: windows, proxy: Proxy(), se:cdp: ws://localhost:57048/devtoo..., se:cdpVersion: 114.0.1823.67, setWindowRect: true, strictFileInteractability: false, timeouts: {implicit: 0, pageLoad: 300000, script: 30000}, unhandledPromptBehavior: dismiss and notify, webauthn:extension:credBlob: true, webauthn:extension:largeBlob: true, webauthn:extension:minPinLength: true, webauthn:extension:prf: true, webauthn:virtualAuthenticators: true}
Session ID: d47d742459de8b7b420832ec5683ceaa
at org.openqa.selenium.support.ui.WebDriverWait.timeoutException(WebDriverWait.java:84)
at org.openqa.selenium.support.ui.FluentWait.until(FluentWait.java:230)
at com.hrsoft.utils.seleniumfy.BasePage.waitForElementVisible(BasePage.java:409)
at com.hrsoft.utils.seleniumfy.BasePage.waitForElementVisible(BasePage.java:387)
at com.hrsoft.utils.seleniumfy.BasePage.click(BasePage.java:617)
at com.hrsoft.gui.compensation.PlanningPage.clickWithDraw(PlanningPage.java:217)
at com.hrsoft.gui.compensation.PlanningPage.clickSubmit(PlanningPage.java:174)
at com.hrsoft.test.compensation.PlanningPageTestSuite.SM_112_To_SM113_PlanningPage_Verifications(PlanningPageTestSuite.java:85)
at java.base/java.util.ArrayList.forEach(ArrayList.java:1511)
... Removed 27 stack frames]]>
    </failure>
  </testcase> <!-- SM_112_To_SM113_PlanningPage_Verifications -->
  <testcase classname="com.hrsoft.test.compensation.PlanningPageTestSuite" name="SM_116_PlanningPageTest_ChangeColumnOrder" time="43.617"/>
  <testcase classname="com.hrsoft.test.compensation.PlanningPageTestSuite" name="SM_121_To_SM128_SM130_SM131_PlanningGrid_Verifications" time="185.32"/>
  <testcase classname="com.hrsoft.test.compensation.PlanningPageTestSuite" name="SM_129_Compensation_VerifyEmpHistoryColumnAndHistoryAreVisible" time="88.75">
    <failure type="org.openqa.selenium.TimeoutException" message="Expected condition failed: waiting for element to no longer be visible: By.xpath: //ul[@class=&amp;apos;flyout-compplan&amp;apos;]//li[@planid=&amp;apos;163&amp;apos;][contains(text(),&amp;apos;PLAN for Joe Poxson&amp;apos;)] (tried for 30 second(s) with 500 milliseconds interval)
Build info: version: &amp;apos;4.10.0&amp;apos;, revision: &amp;apos;c14d967899&amp;apos;
System info: os.name: &amp;apos;Windows Server 2022&amp;apos;, os.arch: &amp;apos;amd64&amp;apos;, os.version: &amp;apos;10.0&amp;apos;, java.version: &amp;apos;17.0.7&amp;apos;
Driver info: org.openqa.selenium.edge.EdgeDriver
Capabilities {acceptInsecureCerts: false, browserName: msedge, browserVersion: 114.0.1823.67, ms:edgeOptions: {debuggerAddress: localhost:57339}, msedge: {msedgedriverVersion: 114.0.1823.82 (ac4903679dd6..., userDataDir: C:\Users\KIRAN~1.YAJ\AppDat...}, networkConnectionEnabled: false, pageLoadStrategy: normal, platformName: windows, proxy: Proxy(), se:cdp: ws://localhost:57339/devtoo..., se:cdpVersion: 114.0.1823.67, setWindowRect: true, strictFileInteractability: false, timeouts: {implicit: 0, pageLoad: 300000, script: 30000}, unhandledPromptBehavior: dismiss and notify, webauthn:extension:credBlob: true, webauthn:extension:largeBlob: true, webauthn:extension:minPinLength: true, webauthn:extension:prf: true, webauthn:virtualAuthenticators: true}
Session ID: f91a4ce45d4425f336c3484fcecafc21">
      <![CDATA[org.openqa.selenium.TimeoutException: Expected condition failed: waiting for element to no longer be visible: By.xpath: //ul[@class='flyout-compplan']//li[@planid='163'][contains(text(),'PLAN for Joe Poxson')] (tried for 30 second(s) with 500 milliseconds interval)
Build info: version: '4.10.0', revision: 'c14d967899'
System info: os.name: 'Windows Server 2022', os.arch: 'amd64', os.version: '10.0', java.version: '17.0.7'
Driver info: org.openqa.selenium.edge.EdgeDriver
Capabilities {acceptInsecureCerts: false, browserName: msedge, browserVersion: 114.0.1823.67, ms:edgeOptions: {debuggerAddress: localhost:57339}, msedge: {msedgedriverVersion: 114.0.1823.82 (ac4903679dd6..., userDataDir: C:\Users\KIRAN~1.YAJ\AppDat...}, networkConnectionEnabled: false, pageLoadStrategy: normal, platformName: windows, proxy: Proxy(), se:cdp: ws://localhost:57339/devtoo..., se:cdpVersion: 114.0.1823.67, setWindowRect: true, strictFileInteractability: false, timeouts: {implicit: 0, pageLoad: 300000, script: 30000}, unhandledPromptBehavior: dismiss and notify, webauthn:extension:credBlob: true, webauthn:extension:largeBlob: true, webauthn:extension:minPinLength: true, webauthn:extension:prf: true, webauthn:virtualAuthenticators: true}
Session ID: f91a4ce45d4425f336c3484fcecafc21
at org.openqa.selenium.support.ui.WebDriverWait.timeoutException(WebDriverWait.java:84)
at org.openqa.selenium.support.ui.FluentWait.until(FluentWait.java:230)
at com.hrsoft.utils.seleniumfy.BasePage.waitForElementInvisible(BasePage.java:501)
at com.hrsoft.utils.seleniumfy.BasePage.waitForElementInvisible(BasePage.java:479)
at com.hrsoft.gui.HRSoftPage.openPlanningPageFor(HRSoftPage.java:296)
at com.hrsoft.test.compensation.PlanningPageTestSuite.SM_129_Compensation_VerifyEmpHistoryColumnAndHistoryAreVisible(PlanningPageTestSuite.java:577)
at java.base/java.util.ArrayList.forEach(ArrayList.java:1511)
... Removed 27 stack frames]]>
    </failure>
  </testcase> <!-- SM_129_Compensation_VerifyEmpHistoryColumnAndHistoryAreVisible -->
  <testcase classname="com.hrsoft.test.compensation.PlanningPageTestSuite" name="SM_132_To_137_PlanningGrid_Verifications" time="179.392"/>
  <testcase classname="com.hrsoft.test.compensation.PlanningPageTestSuite" name="SM_138_PlanningGrid_ColorChangeToGrey" time="152.75"/>
  <testcase classname="com.hrsoft.test.compensation.PlanningPageTestSuite" name="SM_139_SM140_PlanningGrid_Verifications" time="100.765"/>
  <testcase classname="com.hrsoft.test.compensation.PlanningPageTestSuite" name="SM_141_143_CompensationEmployeeDetails_VerifyingEmployeeDetails" time="97.169"/>
  <testcase classname="com.hrsoft.test.compensation.PlanningPageTestSuite" name="SM_144_AddPerfRatingForAnyEmployeeAndVerifyBelowInGrid" time="46.698"/>
  <testcase classname="com.hrsoft.test.compensation.PlanningPageTestSuite" name="SM_146_147_CompensationEmployeeDetails_VerifyingEmployeeAwardAmountValue" time="40.731"/>
  <testcase classname="com.hrsoft.test.compensation.PlanningPageTestSuite" name="SM_148_CompensationEmployeeDetails_IsEmpSpareHistoryReportVisible" time="49.079"/>
  <testcase classname="com.hrsoft.test.compensation.PlanningPageTestSuite" name="SM_149_CompensationJobSearch_SearchJobsBasedOnCriterias" time="40.239"/>
  <testcase classname="com.hrsoft.test.compensation.PlanningPageTestSuite" name="SM_150_152_CompensationJobRecommendation_VerifyJobRecommendationAndRevertingFunctionality" time="84.651">
    <failure type="org.openqa.selenium.TimeoutException" message="Expected condition failed: waiting for visibility of element located by By.xpath: //input[@id=&amp;apos;btnJobPromotionDialogClose&amp;apos;] (tried for 10 second(s) with 500 milliseconds interval)
Build info: version: &amp;apos;4.10.0&amp;apos;, revision: &amp;apos;c14d967899&amp;apos;
System info: os.name: &amp;apos;Windows Server 2022&amp;apos;, os.arch: &amp;apos;amd64&amp;apos;, os.version: &amp;apos;10.0&amp;apos;, java.version: &amp;apos;17.0.7&amp;apos;
Driver info: org.openqa.selenium.edge.EdgeDriver
Capabilities {acceptInsecureCerts: false, browserName: msedge, browserVersion: 114.0.1823.67, ms:edgeOptions: {debuggerAddress: localhost:58323}, msedge: {msedgedriverVersion: 114.0.1823.82 (ac4903679dd6..., userDataDir: C:\Users\KIRAN~1.YAJ\AppDat...}, networkConnectionEnabled: false, pageLoadStrategy: normal, platformName: windows, proxy: Proxy(), se:cdp: ws://localhost:58323/devtoo..., se:cdpVersion: 114.0.1823.67, setWindowRect: true, strictFileInteractability: false, timeouts: {implicit: 0, pageLoad: 300000, script: 30000}, unhandledPromptBehavior: dismiss and notify, webauthn:extension:credBlob: true, webauthn:extension:largeBlob: true, webauthn:extension:minPinLength: true, webauthn:extension:prf: true, webauthn:virtualAuthenticators: true}
Session ID: b14e98b853fd21eca232aa23e7b02c70">
      <![CDATA[org.openqa.selenium.TimeoutException: Expected condition failed: waiting for visibility of element located by By.xpath: //input[@id='btnJobPromotionDialogClose'] (tried for 10 second(s) with 500 milliseconds interval)
Build info: version: '4.10.0', revision: 'c14d967899'
System info: os.name: 'Windows Server 2022', os.arch: 'amd64', os.version: '10.0', java.version: '17.0.7'
Driver info: org.openqa.selenium.edge.EdgeDriver
Capabilities {acceptInsecureCerts: false, browserName: msedge, browserVersion: 114.0.1823.67, ms:edgeOptions: {debuggerAddress: localhost:58323}, msedge: {msedgedriverVersion: 114.0.1823.82 (ac4903679dd6..., userDataDir: C:\Users\KIRAN~1.YAJ\AppDat...}, networkConnectionEnabled: false, pageLoadStrategy: normal, platformName: windows, proxy: Proxy(), se:cdp: ws://localhost:58323/devtoo..., se:cdpVersion: 114.0.1823.67, setWindowRect: true, strictFileInteractability: false, timeouts: {implicit: 0, pageLoad: 300000, script: 30000}, unhandledPromptBehavior: dismiss and notify, webauthn:extension:credBlob: true, webauthn:extension:largeBlob: true, webauthn:extension:minPinLength: true, webauthn:extension:prf: true, webauthn:virtualAuthenticators: true}
Session ID: b14e98b853fd21eca232aa23e7b02c70
at org.openqa.selenium.support.ui.WebDriverWait.timeoutException(WebDriverWait.java:84)
at org.openqa.selenium.support.ui.FluentWait.until(FluentWait.java:230)
at com.hrsoft.utils.seleniumfy.BasePage.waitForElementVisible(BasePage.java:409)
at com.hrsoft.utils.seleniumfy.BasePage.waitForElementVisible(BasePage.java:387)
at com.hrsoft.utils.seleniumfy.BasePage.click(BasePage.java:617)
at com.hrsoft.gui.compensation.PlanningPage.closeJobPromotionPopup(PlanningPage.java:962)
at com.hrsoft.test.compensation.PlanningPageTestSuite.SM_150_152_CompensationJobRecommendation_VerifyJobRecommendationAndRevertingFunctionality(PlanningPageTestSuite.java:471)
at java.base/java.util.ArrayList.forEach(ArrayList.java:1511)
... Removed 27 stack frames]]>
    </failure>
  </testcase> <!-- SM_150_152_CompensationJobRecommendation_VerifyJobRecommendationAndRevertingFunctionality -->
  <testcase classname="com.hrsoft.test.compensation.PlanningPageTestSuite" name="SM_154_CompensationPlanDataSupport_AreBothCascadingBudgetsVisible" time="202.912"/>
  <testcase classname="com.hrsoft.test.compensation.PlanningPageTestSuite" name="SM_155_Compensation_displayCorrectReportsAtSupportingDataSection" time="36.013"/>
  <testcase classname="com.hrsoft.test.compensation.PlanningPageTestSuite" name="SM_31_CompViewPlanningPage_ShowOnlyEligibleEmployees" time="93.162">
    <failure type="org.openqa.selenium.TimeoutException" message="Expected condition failed: waiting for presence of element located by: By.xpath: (//div[@typecode=&amp;apos;Job&amp;apos;]/ancestor::li//div[@class=&amp;apos;sp_cell dragHandle121 columnOrder input-cell&amp;apos;]/following-sibling::div[@class=&amp;apos;sp_cell columnVisibility column-visible&amp;apos;]//input)[1] (tried for 10 second(s) with 500 milliseconds interval)">
      <![CDATA[org.openqa.selenium.TimeoutException: Expected condition failed: waiting for presence of element located by: By.xpath: (//div[@typecode='Job']/ancestor::li//div[@class='sp_cell dragHandle121 columnOrder input-cell']/following-sibling::div[@class='sp_cell columnVisibility column-visible']//input)[1] (tried for 10 second(s) with 500 milliseconds interval)
at org.openqa.selenium.support.ui.WebDriverWait.timeoutException(WebDriverWait.java:84)
at org.openqa.selenium.support.ui.FluentWait.until(FluentWait.java:230)
at com.hrsoft.utils.seleniumfy.BasePage.waitForElement(BasePage.java:244)
at com.hrsoft.utils.seleniumfy.BasePage.getAttribute(BasePage.java:808)
at com.hrsoft.utils.seleniumfy.BasePage.getAttribute(BasePage.java:796)
at com.hrsoft.gui.compensation.PlanningPage.getcolumnToNumber(PlanningPage.java:423)
at com.hrsoft.test.compensation.PlanningPageTestSuite.SM_31_CompViewPlanningPage_ShowOnlyEligibleEmployees(PlanningPageTestSuite.java:510)
at java.base/java.util.ArrayList.forEach(ArrayList.java:1511)
Caused by: org.openqa.selenium.NoSuchElementException: no such element: Unable to locate element: {"method":"xpath","selector":"(//div[@typecode='Job']/ancestor::li//div[@class='sp_cell dragHandle121 columnOrder input-cell']/following-sibling::div[@class='sp_cell columnVisibility column-visible']//input)[1]"}
  (Session info: MicrosoftEdge=114.0.1823.67)
For documentation on this error, please visit: https://www.selenium.dev/documentation/webdriver/troubleshooting/errors#no-such-element-exception
Build info: version: '4.10.0', revision: 'c14d967899'
System info: os.name: 'Windows Server 2022', os.arch: 'amd64', os.version: '10.0', java.version: '17.0.7'
Driver info: org.openqa.selenium.edge.EdgeDriver
Command: [29f6e349040d6d3b2917d4f620e1eaf0, findElement {using=xpath, value=(//div[@typecode='Job']/ancestor::li//div[@class='sp_cell dragHandle121 columnOrder input-cell']/following-sibling::div[@class='sp_cell columnVisibility column-visible']//input)[1]}]
Capabilities {acceptInsecureCerts: false, browserName: msedge, browserVersion: 114.0.1823.67, ms:edgeOptions: {debuggerAddress: localhost:58598}, msedge: {msedgedriverVersion: 114.0.1823.82 (ac4903679dd6..., userDataDir: C:\Users\KIRAN~1.YAJ\AppDat...}, networkConnectionEnabled: false, pageLoadStrategy: normal, platformName: windows, proxy: Proxy(), se:cdp: ws://localhost:58598/devtoo..., se:cdpVersion: 114.0.1823.67, setWindowRect: true, strictFileInteractability: false, timeouts: {implicit: 0, pageLoad: 300000, script: 30000}, unhandledPromptBehavior: dismiss and notify, webauthn:extension:credBlob: true, webauthn:extension:largeBlob: true, webauthn:extension:minPinLength: true, webauthn:extension:prf: true, webauthn:virtualAuthenticators: true}
Session ID: 29f6e349040d6d3b2917d4f620e1eaf0
at org.openqa.selenium.remote.codec.w3c.W3CHttpResponseCodec.createException(W3CHttpResponseCodec.java:199)
at org.openqa.selenium.remote.codec.w3c.W3CHttpResponseCodec.decode(W3CHttpResponseCodec.java:132)
at org.openqa.selenium.remote.codec.w3c.W3CHttpResponseCodec.decode(W3CHttpResponseCodec.java:51)
at org.openqa.selenium.remote.HttpCommandExecutor.execute(HttpCommandExecutor.java:191)
at org.openqa.selenium.remote.service.DriverCommandExecutor.invokeExecute(DriverCommandExecutor.java:196)
at org.openqa.selenium.remote.service.DriverCommandExecutor.execute(DriverCommandExecutor.java:171)
at org.openqa.selenium.remote.RemoteWebDriver.execute(RemoteWebDriver.java:531)
at org.openqa.selenium.remote.ElementLocation$ElementFinder$2.findElement(ElementLocation.java:165)
at org.openqa.selenium.remote.ElementLocation.findElement(ElementLocation.java:59)
at org.openqa.selenium.remote.RemoteWebDriver.findElement(RemoteWebDriver.java:350)
at org.openqa.selenium.remote.RemoteWebDriver.findElement(RemoteWebDriver.java:344)
at org.openqa.selenium.support.ui.ExpectedConditions$6.apply(ExpectedConditions.java:171)
at org.openqa.selenium.support.ui.ExpectedConditions$6.apply(ExpectedConditions.java:168)
at org.openqa.selenium.support.ui.FluentWait.until(FluentWait.java:205)
... 33 more
... Removed 31 stack frames]]>
    </failure>
  </testcase> <!-- SM_31_CompViewPlanningPage_ShowOnlyEligibleEmployees -->
  <testcase classname="com.hrsoft.test.compensation.CompOverviewTestSuite" name="SM_14_CompViewPlanningVerifyCoPlannerField" time="237.41"/>
  <testcase classname="com.hrsoft.test.compensation.CompOverviewTestSuite" name="SM_17_CompViewPlanningEnterNoteBasedOnEnvironmentRule" time="350.706"/>
  <testcase classname="com.hrsoft.test.compensation.CompOverviewTestSuite" name="SM_18_CompViewPlannerCanResetEnteredAwardAndChangedJob" time="301.058"/>
  <testcase classname="com.hrsoft.test.compensation.CompOverviewTestSuite" name="SM_19_CompView_PlannerCanResetEnteredAwardAndChangedJob" time="303.514">
    <failure type="java.lang.AssertionError" message="expected [true] but found [false]">
      <![CDATA[java.lang.AssertionError: expected [true] but found [false]
at com.hrsoft.test.compensation.CompOverviewTestSuite.SM_19_CompView_PlannerCanResetEnteredAwardAndChangedJob(CompOverviewTestSuite.java:161)
at java.base/java.util.ArrayList.forEach(ArrayList.java:1511)
... Removed 31 stack frames]]>
    </failure>
  </testcase> <!-- SM_19_CompView_PlannerCanResetEnteredAwardAndChangedJob -->
  <testcase classname="com.hrsoft.test.compensation.CompOverviewTestSuite" name="SM_24_CompView_ChangeJob" time="97.855">
    <failure type="org.openqa.selenium.TimeoutException" message="Expected condition failed: waiting for visibility of element located by By.xpath: //tr[@originalrowpos=0]//a[@data-type-code=&amp;apos;WS_Job_Code&amp;apos;] (tried for 10 second(s) with 500 milliseconds interval)
Build info: version: &amp;apos;4.10.0&amp;apos;, revision: &amp;apos;c14d967899&amp;apos;
System info: os.name: &amp;apos;Windows Server 2022&amp;apos;, os.arch: &amp;apos;amd64&amp;apos;, os.version: &amp;apos;10.0&amp;apos;, java.version: &amp;apos;17.0.7&amp;apos;
Driver info: org.openqa.selenium.edge.EdgeDriver
Capabilities {acceptInsecureCerts: false, browserName: msedge, browserVersion: 114.0.1823.67, ms:edgeOptions: {debuggerAddress: localhost:59440}, msedge: {msedgedriverVersion: 114.0.1823.82 (ac4903679dd6..., userDataDir: C:\Users\KIRAN~1.YAJ\AppDat...}, networkConnectionEnabled: false, pageLoadStrategy: normal, platformName: windows, proxy: Proxy(), se:cdp: ws://localhost:59440/devtoo..., se:cdpVersion: 114.0.1823.67, setWindowRect: true, strictFileInteractability: false, timeouts: {implicit: 0, pageLoad: 300000, script: 30000}, unhandledPromptBehavior: dismiss and notify, webauthn:extension:credBlob: true, webauthn:extension:largeBlob: true, webauthn:extension:minPinLength: true, webauthn:extension:prf: true, webauthn:virtualAuthenticators: true}
Session ID: ba9fd28641481959c68a0017a4ea4bca">
      <![CDATA[org.openqa.selenium.TimeoutException: Expected condition failed: waiting for visibility of element located by By.xpath: //tr[@originalrowpos=0]//a[@data-type-code='WS_Job_Code'] (tried for 10 second(s) with 500 milliseconds interval)
Build info: version: '4.10.0', revision: 'c14d967899'
System info: os.name: 'Windows Server 2022', os.arch: 'amd64', os.version: '10.0', java.version: '17.0.7'
Driver info: org.openqa.selenium.edge.EdgeDriver
Capabilities {acceptInsecureCerts: false, browserName: msedge, browserVersion: 114.0.1823.67, ms:edgeOptions: {debuggerAddress: localhost:59440}, msedge: {msedgedriverVersion: 114.0.1823.82 (ac4903679dd6..., userDataDir: C:\Users\KIRAN~1.YAJ\AppDat...}, networkConnectionEnabled: false, pageLoadStrategy: normal, platformName: windows, proxy: Proxy(), se:cdp: ws://localhost:59440/devtoo..., se:cdpVersion: 114.0.1823.67, setWindowRect: true, strictFileInteractability: false, timeouts: {implicit: 0, pageLoad: 300000, script: 30000}, unhandledPromptBehavior: dismiss and notify, webauthn:extension:credBlob: true, webauthn:extension:largeBlob: true, webauthn:extension:minPinLength: true, webauthn:extension:prf: true, webauthn:virtualAuthenticators: true}
Session ID: ba9fd28641481959c68a0017a4ea4bca
at org.openqa.selenium.support.ui.WebDriverWait.timeoutException(WebDriverWait.java:84)
at org.openqa.selenium.support.ui.FluentWait.until(FluentWait.java:230)
at com.hrsoft.utils.seleniumfy.BasePage.waitForElementVisible(BasePage.java:409)
at com.hrsoft.utils.seleniumfy.BasePage.waitForElementVisible(BasePage.java:387)
at com.hrsoft.utils.seleniumfy.BasePage.click(BasePage.java:617)
at com.hrsoft.gui.compensation.PlanningPage.openJobsearchAndPromotionPage(PlanningPage.java:848)
at com.hrsoft.gui.compensation.PlanningPage.searchJobWithJobTitle(PlanningPage.java:910)
at com.hrsoft.test.compensation.CompOverviewTestSuite.SM_24_CompView_ChangeJob(CompOverviewTestSuite.java:177)
at java.base/java.util.ArrayList.forEach(ArrayList.java:1511)
... Removed 27 stack frames]]>
    </failure>
  </testcase> <!-- SM_24_CompView_ChangeJob -->
  <testcase classname="com.hrsoft.test.compensation.CompOverviewTestSuite" name="SM_25_CompView_ChangeJob" time="95.345">
    <failure type="org.openqa.selenium.TimeoutException" message="Expected condition failed: waiting for visibility of element located by By.xpath: //tr[@originalrowpos=0]//a[@data-type-code=&amp;apos;WS_Job_Code&amp;apos;] (tried for 10 second(s) with 500 milliseconds interval)
Build info: version: &amp;apos;4.10.0&amp;apos;, revision: &amp;apos;c14d967899&amp;apos;
System info: os.name: &amp;apos;Windows Server 2022&amp;apos;, os.arch: &amp;apos;amd64&amp;apos;, os.version: &amp;apos;10.0&amp;apos;, java.version: &amp;apos;17.0.7&amp;apos;
Driver info: org.openqa.selenium.edge.EdgeDriver
Capabilities {acceptInsecureCerts: false, browserName: msedge, browserVersion: 114.0.1823.67, ms:edgeOptions: {debuggerAddress: localhost:59533}, msedge: {msedgedriverVersion: 114.0.1823.82 (ac4903679dd6..., userDataDir: C:\Users\KIRAN~1.YAJ\AppDat...}, networkConnectionEnabled: false, pageLoadStrategy: normal, platformName: windows, proxy: Proxy(), se:cdp: ws://localhost:59533/devtoo..., se:cdpVersion: 114.0.1823.67, setWindowRect: true, strictFileInteractability: false, timeouts: {implicit: 0, pageLoad: 300000, script: 30000}, unhandledPromptBehavior: dismiss and notify, webauthn:extension:credBlob: true, webauthn:extension:largeBlob: true, webauthn:extension:minPinLength: true, webauthn:extension:prf: true, webauthn:virtualAuthenticators: true}
Session ID: c17c4c6ed86b2c85d738a2ea8b3025e5">
      <![CDATA[org.openqa.selenium.TimeoutException: Expected condition failed: waiting for visibility of element located by By.xpath: //tr[@originalrowpos=0]//a[@data-type-code='WS_Job_Code'] (tried for 10 second(s) with 500 milliseconds interval)
Build info: version: '4.10.0', revision: 'c14d967899'
System info: os.name: 'Windows Server 2022', os.arch: 'amd64', os.version: '10.0', java.version: '17.0.7'
Driver info: org.openqa.selenium.edge.EdgeDriver
Capabilities {acceptInsecureCerts: false, browserName: msedge, browserVersion: 114.0.1823.67, ms:edgeOptions: {debuggerAddress: localhost:59533}, msedge: {msedgedriverVersion: 114.0.1823.82 (ac4903679dd6..., userDataDir: C:\Users\KIRAN~1.YAJ\AppDat...}, networkConnectionEnabled: false, pageLoadStrategy: normal, platformName: windows, proxy: Proxy(), se:cdp: ws://localhost:59533/devtoo..., se:cdpVersion: 114.0.1823.67, setWindowRect: true, strictFileInteractability: false, timeouts: {implicit: 0, pageLoad: 300000, script: 30000}, unhandledPromptBehavior: dismiss and notify, webauthn:extension:credBlob: true, webauthn:extension:largeBlob: true, webauthn:extension:minPinLength: true, webauthn:extension:prf: true, webauthn:virtualAuthenticators: true}
Session ID: c17c4c6ed86b2c85d738a2ea8b3025e5
at org.openqa.selenium.support.ui.WebDriverWait.timeoutException(WebDriverWait.java:84)
at org.openqa.selenium.support.ui.FluentWait.until(FluentWait.java:230)
at com.hrsoft.utils.seleniumfy.BasePage.waitForElementVisible(BasePage.java:409)
at com.hrsoft.utils.seleniumfy.BasePage.waitForElementVisible(BasePage.java:387)
at com.hrsoft.utils.seleniumfy.BasePage.click(BasePage.java:617)
at com.hrsoft.gui.compensation.PlanningPage.openJobsearchAndPromotionPage(PlanningPage.java:848)
at com.hrsoft.gui.compensation.PlanningPage.searchJobWithJobTitle(PlanningPage.java:910)
at com.hrsoft.test.compensation.CompOverviewTestSuite.SM_25_CompView_ChangeJob(CompOverviewTestSuite.java:194)
at java.base/java.util.ArrayList.forEach(ArrayList.java:1511)
... Removed 27 stack frames]]>
    </failure>
  </testcase> <!-- SM_25_CompView_ChangeJob -->
  <testcase classname="com.hrsoft.test.compensation.CompOverviewTestSuite" name="SM_38_39_CompView_PlannerCanResetEnteredAwardAndChangedJob" time="99.808">
    <failure type="org.openqa.selenium.TimeoutException" message="Expected condition failed: waiting for element to be clickable: By.xpath: //input[@actiontype=&amp;apos;ResetGroupAwards&amp;apos;] (tried for 10 second(s) with 500 milliseconds interval)
Build info: version: &amp;apos;4.10.0&amp;apos;, revision: &amp;apos;c14d967899&amp;apos;
System info: os.name: &amp;apos;Windows Server 2022&amp;apos;, os.arch: &amp;apos;amd64&amp;apos;, os.version: &amp;apos;10.0&amp;apos;, java.version: &amp;apos;17.0.7&amp;apos;
Driver info: org.openqa.selenium.edge.EdgeDriver
Capabilities {acceptInsecureCerts: false, browserName: msedge, browserVersion: 114.0.1823.67, ms:edgeOptions: {debuggerAddress: localhost:59622}, msedge: {msedgedriverVersion: 114.0.1823.82 (ac4903679dd6..., userDataDir: C:\Users\KIRAN~1.YAJ\AppDat...}, networkConnectionEnabled: false, pageLoadStrategy: normal, platformName: windows, proxy: Proxy(), se:cdp: ws://localhost:59622/devtoo..., se:cdpVersion: 114.0.1823.67, setWindowRect: true, strictFileInteractability: false, timeouts: {implicit: 0, pageLoad: 300000, script: 30000}, unhandledPromptBehavior: dismiss and notify, webauthn:extension:credBlob: true, webauthn:extension:largeBlob: true, webauthn:extension:minPinLength: true, webauthn:extension:prf: true, webauthn:virtualAuthenticators: true}
Session ID: e1476f870d0d9b7260010f42c838d638">
      <![CDATA[org.openqa.selenium.TimeoutException: Expected condition failed: waiting for element to be clickable: By.xpath: //input[@actiontype='ResetGroupAwards'] (tried for 10 second(s) with 500 milliseconds interval)
Build info: version: '4.10.0', revision: 'c14d967899'
System info: os.name: 'Windows Server 2022', os.arch: 'amd64', os.version: '10.0', java.version: '17.0.7'
Driver info: org.openqa.selenium.edge.EdgeDriver
Capabilities {acceptInsecureCerts: false, browserName: msedge, browserVersion: 114.0.1823.67, ms:edgeOptions: {debuggerAddress: localhost:59622}, msedge: {msedgedriverVersion: 114.0.1823.82 (ac4903679dd6..., userDataDir: C:\Users\KIRAN~1.YAJ\AppDat...}, networkConnectionEnabled: false, pageLoadStrategy: normal, platformName: windows, proxy: Proxy(), se:cdp: ws://localhost:59622/devtoo..., se:cdpVersion: 114.0.1823.67, setWindowRect: true, strictFileInteractability: false, timeouts: {implicit: 0, pageLoad: 300000, script: 30000}, unhandledPromptBehavior: dismiss and notify, webauthn:extension:credBlob: true, webauthn:extension:largeBlob: true, webauthn:extension:minPinLength: true, webauthn:extension:prf: true, webauthn:virtualAuthenticators: true}
Session ID: e1476f870d0d9b7260010f42c838d638
at org.openqa.selenium.support.ui.WebDriverWait.timeoutException(WebDriverWait.java:84)
at org.openqa.selenium.support.ui.FluentWait.until(FluentWait.java:230)
at com.hrsoft.utils.seleniumfy.BasePage.waitForElementClickable(BasePage.java:534)
at com.hrsoft.utils.seleniumfy.BasePage.waitForElementClickable(BasePage.java:512)
at com.hrsoft.utils.seleniumfy.BasePage.click(BasePage.java:618)
at com.hrsoft.gui.compensation.PlanningPage.clickResetAwards(PlanningPage.java:326)
at com.hrsoft.test.compensation.CompOverviewTestSuite.SM_38_39_CompView_PlannerCanResetEnteredAwardAndChangedJob(CompOverviewTestSuite.java:209)
at java.base/java.util.ArrayList.forEach(ArrayList.java:1511)
... Removed 27 stack frames]]>
    </failure>
  </testcase> <!-- SM_38_39_CompView_PlannerCanResetEnteredAwardAndChangedJob -->
  <testcase classname="com.hrsoft.test.compensation.CompOverviewTestSuite" name="SM_82_86_CompensationCompOverview_areLinksClickable" time="28.472"/>
  <testcase classname="com.hrsoft.test.compensation.DistributeFundTestSuite" name="SM_171_172_CompensationDistributionFund_OpenDistFundPageAndEnterBudget" time="23.738"/>
  <testcase classname="com.hrsoft.test.compensation.DistributeFundTestSuite" name="SM_173_CompensationDistributionFund_holdBackAmounttAndDistAmountCalculation" time="17.736"/>
  <testcase classname="com.hrsoft.test.compensation.DistributeFundTestSuite" name="SM_174_CompensationDistributionFund_EnterBudgetAndVerifyByProxying" time="38.403"/>
  <testcase classname="com.hrsoft.test.compensation.DistributeFundTestSuite" name="SM_175_176_Verify_CascadingBudget_For_Rollup_Group" time="71.526"/>
  <testcase classname="com.hrsoft.test.compensation.PlanOverviewPageTestSuite" name="SM_105_106_PlanOverView_PageChangeColumnOrder" time="13.212"/>
  <testcase classname="com.hrsoft.test.compensation.PlanOverviewPageTestSuite" name="SM_107_PlanOverView_PageChangeColumnOrder" time="29.385"/>
  <testcase classname="com.hrsoft.test.compensation.PlanOverviewPageTestSuite" name="SM_13_CompensationPrintCompDocument" time="27.558"/>
  <testcase classname="com.hrsoft.test.compensation.PlanOverviewPageTestSuite" name="SM_95_To_104_107_PlanOverViewPage_Verifications" time="127.586"/>
  <testcase classname="com.hrsoft.test.compensation.ReviewingPageTestSuite" name="SM161161B_Compensation_CompensationReview_SubmitRejectRollupGroup" time="88.789"/>
  <testcase classname="com.hrsoft.test.compensation.ReviewingPageTestSuite" name="SM161A_CompensationReview_WithdrawRollupGroupFunctionality" time="82.494"/>
  <testcase classname="com.hrsoft.test.compensation.ReviewingPageTestSuite" name="SM162162B_CompensationReview_SubmitRejectDirectGroupFunctionality" time="75.56"/>
  <testcase classname="com.hrsoft.test.compensation.ReviewingPageTestSuite" name="SM162A_CompensationReview_WithdrawDirectGroupFunctionality" time="49.779"/>
  <testcase classname="com.hrsoft.test.compensation.ReviewingPageTestSuite" name="SM_156_165_Compensation_ReviewPageClickOperationAndAddingNoteFunctionality" time="64.066"/>
  <testcase classname="com.hrsoft.test.compensation.ReviewingPageTestSuite" name="SM_160_CompensationReview_CannotSubmitGroupWhenThereIsRedAlert" time="33.894"/>
  <testcase classname="com.hrsoft.test.compensation.ReviewingPageTestSuite" name="SM_167_CompensationVerifyTopGrpValueEqualsToSumOfBelowGrpValues" time="26.193"/>
  <testcase classname="com.hrsoft.test.compensation.ReviewingPageTestSuite" name="SM_168_CompensationCompareBudgetValuesWithBelowSection" time="43.554"/>
  <testcase classname="com.hrsoft.test.compensation.ReviewingPageTestSuite" name="SM_169_CompensationReview_VerifyBudgetValuesShouldChangeOnGroupsSwitch" time="29.14"/>
  <testcase classname="com.hrsoft.test.compensation.ReviewingPageTestSuite" name="SM_16_CompViewReviewPage_PlanningPaginationAndScrolling" time="116.166"/>
  <testcase classname="com.hrsoft.test.compensation.ReviewingPageTestSuite" name="SM_16_CompViewReviewPage_PlanningPaginationAndScrolling" time="114.62"/>
  <testcase classname="com.hrsoft.test.compensation.ReviewingPageTestSuite" name="SM_170_CompensationReview_VerifyGroupValuesShouldChangeOnGroupsSwitch" time="28.953"/>
  <testcase classname="com.hrsoft.test.dataview.DataViewTestSuite" name="SM40To45_DataviewReport_runEmployeeListingReport" time="30.446"/>
  <testcase classname="com.hrsoft.test.dataview.DataViewTestSuite" name="SM50_Dataview_DataviewExplorer_SearchGroupAndVerifyWithDropdownValue" time="39.707">
    <failure type="java.lang.AssertionError" message="expected [Joe Poxson Grp] but found [Joe Poxson grp]">
      <![CDATA[java.lang.AssertionError: expected [Joe Poxson Grp] but found [Joe Poxson grp]
at com.hrsoft.test.dataview.DataViewTestSuite.SM50_Dataview_DataviewExplorer_SearchGroupAndVerifyWithDropdownValue(DataViewTestSuite.java:699)
at java.base/java.util.ArrayList.forEach(ArrayList.java:1511)
... Removed 33 stack frames]]>
    </failure>
  </testcase> <!-- SM50_Dataview_DataviewExplorer_SearchGroupAndVerifyWithDropdownValue -->
  <testcase classname="com.hrsoft.test.dataview.DataViewTestSuite" name="SM_222_DataviewReportCloning" time="93.217"/>
  <testcase classname="com.hrsoft.test.dataview.DataViewTestSuite" name="SM_223_224_DataviewReport_PublishingAndSharing_Individual_And_Verification" time="302.874"/>
  <testcase classname="com.hrsoft.test.dataview.DataViewTestSuite" name="SM_225_DataViewReport_PublishingAndMarkingAsFeatured_Individual" time="194.521"/>
  <testcase classname="com.hrsoft.test.dataview.DataViewTestSuite" name="SM_35_DataviewReportCloning" time="44.872"/>
  <testcase classname="com.hrsoft.test.dataview.DataViewTestSuite" name="SM_36_Dataview_EditInDesignerPage" time="30.243"/>
  <testcase classname="com.hrsoft.test.dataview.DataViewTestSuite" name="SM_37_Dataview_EditInDesignerPage" time="42.682"/>
  <testcase classname="com.hrsoft.test.dataview.DataViewTestSuite" name="SM_51_52_DataviewReport_FeaturedAndUnpublished" time="37.674"/>
  <testcase classname="com.hrsoft.test.dataview.DataViewTestSuite" name="SM_53_DataviewReport_RunReportAndRefresh" time="47.817"/>
  <testcase classname="com.hrsoft.test.dataview.DataViewTestSuite" name="SM_54_55_DataviewReport_DownloadReportWithPrintOptions" time="56.466"/>
  <testcase classname="com.hrsoft.test.dataview.DataViewTestSuite" name="SM_56_DataviewReport_FieldListInTheGrid" time="33.704"/>
  <testcase classname="com.hrsoft.test.dataview.DataViewTestSuite" name="SM_57_DataviewReport_Group_By_Dropdown_in_the_Grid" time="36.721"/>
  <testcase classname="com.hrsoft.test.dataview.DataViewTestSuite" name="SM_58_DataviewReport_QueryBuilder" time="23.397"/>
  <testcase classname="com.hrsoft.test.rewardsview.ManagerViewTestSuite" name="SM29_RewardsView_SearchForManagersGroups" time="0.02">
    <failure type="java.lang.NullPointerException" message="Cannot invoke &amp;quot;java.lang.Integer.intValue()&amp;quot; because the return value of &amp;quot;java.lang.reflect.InvocationHandler.invoke(Object, java.lang.reflect.Method, Object[])&amp;quot; is null">
      <![CDATA[java.lang.NullPointerException: Cannot invoke "java.lang.Integer.intValue()" because the return value of "java.lang.reflect.InvocationHandler.invoke(Object, java.lang.reflect.Method, Object[])" is null
at jdk.proxy2/jdk.proxy2.$Proxy18.compPlanId(Unknown Source)
at com.hrsoft.db.CompViewDbHelper.getEmployeesByManagerGuid(CompViewDbHelper.java:407)
at com.hrsoft.test.rewardsview.ManagerViewTestSuite.SM29_RewardsView_SearchForManagersGroups(ManagerViewTestSuite.java:108)
at java.base/java.util.ArrayList.forEach(ArrayList.java:1511)
... Removed 27 stack frames]]>
    </failure>
  </testcase> <!-- SM29_RewardsView_SearchForManagersGroups -->
  <testcase classname="com.hrsoft.test.rewardsview.ManagerViewTestSuite" name="SM30_RewardsView_SearchForManagerGroup_ThroughEmployee" time="0.015">
    <failure type="java.lang.NullPointerException" message="Cannot invoke &amp;quot;java.lang.Integer.intValue()&amp;quot; because the return value of &amp;quot;java.lang.reflect.InvocationHandler.invoke(Object, java.lang.reflect.Method, Object[])&amp;quot; is null">
      <![CDATA[java.lang.NullPointerException: Cannot invoke "java.lang.Integer.intValue()" because the return value of "java.lang.reflect.InvocationHandler.invoke(Object, java.lang.reflect.Method, Object[])" is null
at jdk.proxy2/jdk.proxy2.$Proxy18.compPlanId(Unknown Source)
at com.hrsoft.db.CompViewDbHelper.getEmployeesByManagerGuid(CompViewDbHelper.java:407)
at com.hrsoft.test.rewardsview.ManagerViewTestSuite.SM30_RewardsView_SearchForManagerGroup_ThroughEmployee(ManagerViewTestSuite.java:142)
at java.base/java.util.ArrayList.forEach(ArrayList.java:1511)
... Removed 27 stack frames]]>
    </failure>
  </testcase> <!-- SM30_RewardsView_SearchForManagerGroup_ThroughEmployee -->
  <testcase classname="com.hrsoft.test.rewardsview.ManagerViewTestSuite" name="SM_20_21_RewardsView_ManagerViewDownloadStatements" time="72.057"/>
  <testcase classname="com.hrsoft.test.rewardsview.ManagerViewTestSuite" name="SM_22_RewardsView_ManagerViewDownloadStatements" time="38.377"/>
  <testcase classname="com.hrsoft.test.rewardsview.ManagerViewTestSuite" name="SM_23_RewardsViewManagerViewShareFunctionalFailIfPlanFails" time="37.092"/>
  <testcase classname="com.hrsoft.test.common.GenericTestSuite" name="SM_07_CompView_Reviewing_EmpAwardChangesAccordingly" time="190.52"/>
  <testcase classname="com.hrsoft.test.common.GenericTestSuite" name="SM_09_CompView_Planning_ManagerCanOpenOwnLinkFromLeftNav" time="78.039"/>
  <testcase classname="com.hrsoft.test.common.GenericTestSuite" name="SM_6A_CompView_PlanningCan_AccessCoPlannedGroup" time="96.88"/>
  <testcase classname="com.hrsoft.test.common.GenericTestSuite" name="SM_6B_CompView_Reviewing_CanOpenReviewedGroups" time="97.325"/>
  <testcase classname="com.hrsoft.test.common.LoginLogoutTestSuite" name="SM_00_loginAndLogout" time="12.113"/>
  <testcase classname="com.hrsoft.test.homepage.HomePageTestSuite" name="SM_61_HomePage_MyTasksSectionClickTaskLink" time="19.351"/>
  <testcase classname="com.hrsoft.test.homepage.HomePageTestSuite" name="SM_62_HomePage_MyTasksExpandOrCollapse" time="11.211"/>
  <testcase classname="com.hrsoft.test.homepage.HomePageTestSuite" name="SM_63_HomePage_LeftNavigationBarExpandAndCollapse" time="26.824"/>
  <testcase classname="com.hrsoft.test.homepage.HomePageTestSuite" name="SM_64_To_SM77_HomePage_CompensationReport_VerifyClickFunctions" time="76.584"/>
  <testcase classname="com.hrsoft.test.modelview.ModelViewTestSuite" name="SM_177AModelviewEditAnySessionByCloning" time="47.74"/>
  <testcase classname="com.hrsoft.test.modelview.ModelViewTestSuite" name="SM_177CreateModelviewSession" time="34.687"/>
  <testcase classname="com.hrsoft.test.modelview.ModelViewTestSuite" name="SM_178ModelviewEditAnySession" time="15.832"/>
  <testcase classname="com.hrsoft.test.modelview.ModelViewTestSuite" name="SM_179AModelViewclickNewTemplatWhichPopupsTemplate" time="13.39"/>
  <testcase classname="com.hrsoft.test.modelview.ModelViewTestSuite" name="SM_182_ModelView_EditSessionAndVerifyItgotEdited" time="26.643"/>
  <testcase classname="com.hrsoft.test.modelview.ModelViewTestSuite" name="SM_183_ModelView_EditSessionAndDiscardItAndVerifySessionGotRemoved" time="34.604"/>
  <testcase classname="com.hrsoft.test.modelview.ModelViewTestSuite" name="SM_185ModelViewOpenSettingsPage" time="14.626"/>
  <testcase classname="com.hrsoft.test.modelview.ModelViewTestSuite" name="SM_186_ModelViewCanEditTemplateWithEditIconInSettingPage" time="34.939"/>
  <testcase classname="com.hrsoft.test.modelview.ModelViewTestSuite" name="SM_187_ModelViewCanCloneTemplateWithEditIconInSettingPage" time="52.914"/>
  <testcase classname="com.hrsoft.test.modelview.ModelViewTestSuite" name="SM_188_ModelViewEditManageCurrencyAndVerifyTheChanges" time="36.567"/>
  <testcase classname="com.hrsoft.test.modelview.ModelViewTestSuite" name="SM_189_191ModelView_AddAndSaveNewUnitAndCurrencyAndDelete" time="35.165"/>
  <testcase classname="com.hrsoft.test.modelview.ModelViewTestSuite" name="SM_192_193ModelView_CreateNewCurrencySetAndDeleteIt" time="20.942"/>
  <testcase classname="com.hrsoft.test.modelview.ModelViewTestSuite" name="SM_194_196ModelView_UserPoolsDetails" time="57.704"/>
  <testcase classname="com.hrsoft.test.modelview.ModelViewTestSuite" name="SM_197_ModelView_clickAddPoolButtonForAddingNewPool" time="19.115"/>
  <testcase classname="com.hrsoft.test.modelview.ModelViewTestSuite" name="SM_198_ModelView_clickBrowsebuttonTopopupSearchAPP" time="34.059"/>
  <testcase classname="com.hrsoft.test.modelview.ModelViewTestSuite" name="SM_199_ModelView_EditAnyRowValueInFieldMapping" time="59.813"/>
  <testcase classname="com.hrsoft.test.modelview.ModelViewTestSuite" name="SM_200_ModelView_CanSaveMapping" time="38.079"/>
  <testcase classname="com.hrsoft.test.modelview.ModelViewTestSuite" name="SM_201_ModelView_CanSaveMapping" time="42.642"/>
  <testcase classname="com.hrsoft.test.modelview.ModelViewTestSuite" name="SM_202_ModelView_CanDeleteSession" time="42.522"/>
  <testcase classname="com.hrsoft.test.modelview.ModelViewTestSuite" name="SM_204_ModelView_SessionProcess_CanEnableOrDisable" time="34.879"/>
  <testcase classname="com.hrsoft.test.modelview.ModelViewTestSuite" name="SM_205_ModelView_SessionProcess_CanHideChart" time="40.067"/>
  <testcase classname="com.hrsoft.test.modelview.ModelViewTestSuite" name="SM_206_207_208_209_ModelView_SessionProcess_CanSelectManagerFromManagerList" time="88.291"/>
  <testcase classname="com.hrsoft.test.modelview.ModelViewTestSuite" name="SM_212_ModelView_SessionProcess_CanDoBulkUpdate" time="66.524"/>
  <testcase classname="com.hrsoft.test.modelview.ModelViewTestSuite" name="SM_213_ModelView_SessionProcess_CanDoBulkUpdate" time="73.776"/>
  <testcase classname="com.hrsoft.test.modelview.ModelViewTestSuite" name="SM_214_215_216_217_ModelView_SessionProcess_UserActions" time="65.637"/>
  <testcase classname="com.hrsoft.test.modelview.ModelViewTestSuite" name="SM_218_ModelView_SessionProcess_BulkLock" time="77.767"/>
  <testcase classname="com.hrsoft.test.modelview.ModelViewTestSuite" name="SM_219_220_221_ModelView_SessionProcess_UserActions" time="42.719"/>
  <testcase classname="com.hrsoft.test.modelview.ModelViewTestSuite" name="SM_26_ModelViewCalibrationFilters" time="52.627"/>
  <testcase classname="com.hrsoft.test.modelview.ModelViewTestSuite" name="SM_27_28_ModelViewCalibrationFilters" time="50.151"/>
  <testcase classname="com.hrsoft.test.modelview.ModelViewTestSuite" name="SM_184ModelViewSelectDiscardStatusFromDropdownAndVerifySessionStatus" time="19.822"/>
  <testcase classname="com.hrsoft.test.datamanagement.ApiFeedTestSuite" name="SMAPI02_UMEI_API_editPartnerCfgMainApiUrl" time="24.295"/>
  <testcase classname="com.hrsoft.test.datamanagement.ApiFeedTestSuite" name="SMAPI04_UMEI_API_checkingUltiSetIdAttributeTest" time="25.947"/>
  <testcase classname="com.hrsoft.test.datamanagement.ApiFeedTestSuite" name="SMAPI05_UMEI_API_editUltiSetIdAttributeTest" time="29.149"/>
  <testcase classname="com.hrsoft.test.datamanagement.ApiFeedTestSuite" name="SMAPI06_UMEI_API_checkingADPSetIdAttributeTest" time="38.876"/>
  <testcase classname="com.hrsoft.test.datamanagement.ApiFeedTestSuite" name="SMAPI07_UMEI_API_editADPSetIdAttributeTest" time="29.205"/>
  <testcase classname="com.hrsoft.test.datamanagement.ApiFeedTestSuite" name="SMAPI08_UMEI_API_editEndpointPathTest" time="31.348"/>
  <testcase classname="com.hrsoft.test.datamanagement.ApiFeedTestSuite" name="SMAPI09_UMEI_API_isEndpointNameDisableTest" time="10.849"/>
  <testcase classname="com.hrsoft.test.datamanagement.ApiFeedTestSuite" name="SMAPI10_UMEI_API_editTransformActiveStatusTest" time="91.786">
    <failure type="java.lang.AssertionError" message="API Feed : ULTI_DEMOGRAPHIC - Job Abort - Product : HRSOFTCLOUD Unable to Preview ">
      <![CDATA[java.lang.AssertionError: API Feed : ULTI_DEMOGRAPHIC - Job Abort - Product : HRSOFTCLOUD Unable to Preview 
at com.hrsoft.test.datamanagement.ApiFeedTestSuite.apiPreviewTest(ApiFeedTestSuite.java:62)
at com.hrsoft.test.datamanagement.ApiFeedTestSuite.SMAPI10_UMEI_API_editTransformActiveStatusTest(ApiFeedTestSuite.java:443)
at java.base/java.util.ArrayList.forEach(ArrayList.java:1511)
... Removed 28 stack frames]]>
    </failure>
  </testcase> <!-- SMAPI10_UMEI_API_editTransformActiveStatusTest -->
  <testcase classname="com.hrsoft.test.datamanagement.ApiFeedTestSuite" name="SMAPI11_UMEI_API_editTransformValueAndActiveStatusTest" time="33.233"/>
  <testcase classname="com.hrsoft.test.datamanagement.ApiFeedTestSuite" name="SMAPI12_UMEI_API_apiEndpointIdEditTest" time="57.186"/>
  <testcase classname="com.hrsoft.test.datamanagement.ApiFeedTestSuite" name="SMAPI13_UMEI_API_apiFeedPreviewTest_UltiDemographic" time="69.005">
    <failure type="java.lang.AssertionError" message="API Feed : ULTI_DEMOGRAPHIC - Job Abort - Product : HRSOFTCLOUD Unable to Preview ">
      <![CDATA[java.lang.AssertionError: API Feed : ULTI_DEMOGRAPHIC - Job Abort - Product : HRSOFTCLOUD Unable to Preview 
at com.hrsoft.test.datamanagement.ApiFeedTestSuite.apiPreviewTest(ApiFeedTestSuite.java:62)
at com.hrsoft.test.datamanagement.ApiFeedTestSuite.SMAPI13_UMEI_API_apiFeedPreviewTest_UltiDemographic(ApiFeedTestSuite.java:170)
at java.base/java.util.ArrayList.forEach(ArrayList.java:1511)
... Removed 28 stack frames]]>
    </failure>
  </testcase> <!-- SMAPI13_UMEI_API_apiFeedPreviewTest_UltiDemographic -->
  <testcase classname="com.hrsoft.test.datamanagement.ApiFeedTestSuite" name="SMAPI14_UMEI_API_apiFeedPreviewTest_AdpDemographic" time="49.808"/>
  <testcase classname="com.hrsoft.test.datamanagement.ApiFeedTestSuite" name="SMAPI15_UMEI_API_apiFeedPreviewTest_UltiJobCode" time="80.495">
    <failure type="java.lang.AssertionError" message="API Feed : ULTI_JOB_CODE - Job Abort - Product : HRSOFTCLOUD Unable to Preview ">
      <![CDATA[java.lang.AssertionError: API Feed : ULTI_JOB_CODE - Job Abort - Product : HRSOFTCLOUD Unable to Preview 
at com.hrsoft.test.datamanagement.ApiFeedTestSuite.apiPreviewTest(ApiFeedTestSuite.java:62)
at com.hrsoft.test.datamanagement.ApiFeedTestSuite.SMAPI15_UMEI_API_apiFeedPreviewTest_UltiJobCode(ApiFeedTestSuite.java:192)
at java.base/java.util.ArrayList.forEach(ArrayList.java:1511)
... Removed 28 stack frames]]>
    </failure>
  </testcase> <!-- SMAPI15_UMEI_API_apiFeedPreviewTest_UltiJobCode -->
  <testcase classname="com.hrsoft.test.datamanagement.ApiFeedTestSuite" name="SMAPI17_UMEI_API_apiFeedImportTest_UltiDemographic" time="75.417">
    <failure type="java.lang.AssertionError" message=" Import Failed for ULTI_DEMOGRAPHIC from HRSOFTCLOUD product">
      <![CDATA[java.lang.AssertionError:  Import Failed for ULTI_DEMOGRAPHIC from HRSOFTCLOUD product
at com.hrsoft.test.datamanagement.ApiFeedTestSuite.apiImportTest(ApiFeedTestSuite.java:94)
at com.hrsoft.test.datamanagement.ApiFeedTestSuite.changeHierarchyInAPIManagementAndApiImport(ApiFeedTestSuite.java:135)
at com.hrsoft.test.datamanagement.ApiFeedTestSuite.SMAPI17_UMEI_API_apiFeedImportTest_UltiDemographic(ApiFeedTestSuite.java:986)
at java.base/java.util.ArrayList.forEach(ArrayList.java:1511)
... Removed 28 stack frames]]>
    </failure>
  </testcase> <!-- SMAPI17_UMEI_API_apiFeedImportTest_UltiDemographic -->
  <testcase classname="com.hrsoft.test.datamanagement.ApiFeedTestSuite" name="SMAPI19_UMEI_API_apiFeedImportTest_UltiJobCode" time="88.319">
    <failure type="java.lang.AssertionError" message=" Import Failed for ULTI_JOB_CODE from HRSOFTCLOUD product">
      <![CDATA[java.lang.AssertionError:  Import Failed for ULTI_JOB_CODE from HRSOFTCLOUD product
at com.hrsoft.test.datamanagement.ApiFeedTestSuite.apiImportTest(ApiFeedTestSuite.java:94)
at com.hrsoft.test.datamanagement.ApiFeedTestSuite.SMAPI19_UMEI_API_apiFeedImportTest_UltiJobCode(ApiFeedTestSuite.java:1008)
at java.base/java.util.ArrayList.forEach(ArrayList.java:1511)
... Removed 28 stack frames]]>
    </failure>
  </testcase> <!-- SMAPI19_UMEI_API_apiFeedImportTest_UltiJobCode -->
  <testcase classname="com.hrsoft.test.datamanagement.ApiFeedTestSuite" name="SMAPI20_UMEI_API_apiFeedPreviewTest_UltiP4PDemographic" time="79.512">
    <failure type="java.lang.AssertionError" message="API Feed : ULTI_P4P_DEMOGRAPHIC - Job Abort - Product : HRSOFTCLOUD Unable to Preview ">
      <![CDATA[java.lang.AssertionError: API Feed : ULTI_P4P_DEMOGRAPHIC - Job Abort - Product : HRSOFTCLOUD Unable to Preview 
at com.hrsoft.test.datamanagement.ApiFeedTestSuite.apiPreviewTest(ApiFeedTestSuite.java:62)
at com.hrsoft.test.datamanagement.ApiFeedTestSuite.SMAPI20_UMEI_API_apiFeedPreviewTest_UltiP4PDemographic(ApiFeedTestSuite.java:214)
at java.base/java.util.ArrayList.forEach(ArrayList.java:1511)
... Removed 28 stack frames]]>
    </failure>
  </testcase> <!-- SMAPI20_UMEI_API_apiFeedPreviewTest_UltiP4PDemographic -->
  <testcase classname="com.hrsoft.test.datamanagement.ApiFeedTestSuite" name="SMAPI21_UMEI_API_apiFeedImportTestUltiP4PDemographic" time="68.242">
    <failure type="java.lang.AssertionError" message=" Import Failed for ULTI_P4P_DEMOGRAPHIC from HRSOFTCLOUD product">
      <![CDATA[java.lang.AssertionError:  Import Failed for ULTI_P4P_DEMOGRAPHIC from HRSOFTCLOUD product
at com.hrsoft.test.datamanagement.ApiFeedTestSuite.apiImportTest(ApiFeedTestSuite.java:94)
at com.hrsoft.test.datamanagement.ApiFeedTestSuite.changeHierarchyInAPIManagementAndApiImport(ApiFeedTestSuite.java:135)
at com.hrsoft.test.datamanagement.ApiFeedTestSuite.SMAPI21_UMEI_API_apiFeedImportTestUltiP4PDemographic(ApiFeedTestSuite.java:1030)
at java.base/java.util.ArrayList.forEach(ArrayList.java:1511)
... Removed 28 stack frames]]>
    </failure>
  </testcase> <!-- SMAPI21_UMEI_API_apiFeedImportTestUltiP4PDemographic -->
  <testcase classname="com.hrsoft.test.datamanagement.ApiFeedTestSuite" name="SMAPI22_UMEI_API_apiFeedPreviewTest_UltiEmpSpare" time="80.555">
    <failure type="java.lang.AssertionError" message="API Feed : COMPENSATION_MERCFIN_ULTI_EMP_SPARES - Job Abort - Product : COMPENSATION Unable to Preview ">
      <![CDATA[java.lang.AssertionError: API Feed : COMPENSATION_MERCFIN_ULTI_EMP_SPARES - Job Abort - Product : COMPENSATION Unable to Preview 
at com.hrsoft.test.datamanagement.ApiFeedTestSuite.apiPreviewTest(ApiFeedTestSuite.java:62)
at com.hrsoft.test.datamanagement.ApiFeedTestSuite.SMAPI22_UMEI_API_apiFeedPreviewTest_UltiEmpSpare(ApiFeedTestSuite.java:225)
at java.base/java.util.ArrayList.forEach(ArrayList.java:1511)
... Removed 28 stack frames]]>
    </failure>
  </testcase> <!-- SMAPI22_UMEI_API_apiFeedPreviewTest_UltiEmpSpare -->
  <testcase classname="com.hrsoft.test.datamanagement.ApiFeedTestSuite" name="SMAPI23_UMEI_API_apiFeedPreviewTest_AdpMarkerData" time="80.372"/>
  <testcase classname="com.hrsoft.test.datamanagement.ApiFeedTestSuite" name="SMAPI24_UMEI_API_apiFeedPreviewTest_UltiPerfRatingEmp" time="96.992">
    <failure type="java.lang.AssertionError" message="API Feed : COMPENSATION_MERCFIN_ULTI_PERF_RATING_EMP - Job Abort - Product : COMPENSATION Unable to Preview ">
      <![CDATA[java.lang.AssertionError: API Feed : COMPENSATION_MERCFIN_ULTI_PERF_RATING_EMP - Job Abort - Product : COMPENSATION Unable to Preview 
at com.hrsoft.test.datamanagement.ApiFeedTestSuite.apiPreviewTest(ApiFeedTestSuite.java:62)
at com.hrsoft.test.datamanagement.ApiFeedTestSuite.SMAPI24_UMEI_API_apiFeedPreviewTest_UltiPerfRatingEmp(ApiFeedTestSuite.java:258)
at java.base/java.util.ArrayList.forEach(ArrayList.java:1511)
... Removed 28 stack frames]]>
    </failure>
  </testcase> <!-- SMAPI24_UMEI_API_apiFeedPreviewTest_UltiPerfRatingEmp -->
  <testcase classname="com.hrsoft.test.datamanagement.ApiFeedTestSuite" name="SMAPI25_UMEI_API_apiFeedImportTest_UltiEmpSpare" time="59.878">
    <failure type="java.lang.AssertionError" message=" Import Failed for COMPENSATION_MERCFIN_ULTI_EMP_SPARES from COMPENSATION product">
      <![CDATA[java.lang.AssertionError:  Import Failed for COMPENSATION_MERCFIN_ULTI_EMP_SPARES from COMPENSATION product
at com.hrsoft.test.datamanagement.ApiFeedTestSuite.apiImportTest(ApiFeedTestSuite.java:94)
at com.hrsoft.test.datamanagement.ApiFeedTestSuite.SMAPI25_UMEI_API_apiFeedImportTest_UltiEmpSpare(ApiFeedTestSuite.java:1041)
at java.base/java.util.ArrayList.forEach(ArrayList.java:1511)
... Removed 28 stack frames]]>
    </failure>
  </testcase> <!-- SMAPI25_UMEI_API_apiFeedImportTest_UltiEmpSpare -->
  <testcase classname="com.hrsoft.test.datamanagement.ApiFeedTestSuite" name="SMAPI27_UMEI_API_apiFeedImportTest_UltiPerfRatingEmp" time="144.55">
    <failure type="java.lang.AssertionError" message=" Import Failed for COMPENSATION_MERCFIN_ULTI_PERF_RATING_EMP from COMPENSATION product">
      <![CDATA[java.lang.AssertionError:  Import Failed for COMPENSATION_MERCFIN_ULTI_PERF_RATING_EMP from COMPENSATION product
at com.hrsoft.test.datamanagement.ApiFeedTestSuite.apiImportTest(ApiFeedTestSuite.java:94)
at com.hrsoft.test.datamanagement.ApiFeedTestSuite.SMAPI27_UMEI_API_apiFeedImportTest_UltiPerfRatingEmp(ApiFeedTestSuite.java:1074)
at java.base/java.util.ArrayList.forEach(ArrayList.java:1511)
... Removed 28 stack frames]]>
    </failure>
  </testcase> <!-- SMAPI27_UMEI_API_apiFeedImportTest_UltiPerfRatingEmp -->
  <testcase classname="com.hrsoft.test.datamanagement.ApiFeedTestSuite" name="SMAPI30_UMEI_API_apiFeedPreviewTest_UltiPlatformEmpSpares" time="76.473">
    <failure type="java.lang.AssertionError" message="API Feed : COMPENSATION_MERCFIN_ULTI_PLATFORM_EMP_SPARES - Job Abort - Product : COMPENSATION Unable to Preview ">
      <![CDATA[java.lang.AssertionError: API Feed : COMPENSATION_MERCFIN_ULTI_PLATFORM_EMP_SPARES - Job Abort - Product : COMPENSATION Unable to Preview 
at com.hrsoft.test.datamanagement.ApiFeedTestSuite.apiPreviewTest(ApiFeedTestSuite.java:62)
at com.hrsoft.test.datamanagement.ApiFeedTestSuite.SMAPI30_UMEI_API_apiFeedPreviewTest_UltiPlatformEmpSpares(ApiFeedTestSuite.java:269)
at java.base/java.util.ArrayList.forEach(ArrayList.java:1511)
... Removed 28 stack frames]]>
    </failure>
  </testcase> <!-- SMAPI30_UMEI_API_apiFeedPreviewTest_UltiPlatformEmpSpares -->
  <testcase classname="com.hrsoft.test.datamanagement.ApiFeedTestSuite" name="SMAPI31_UMEI_API_apiFeedImportTest_UltiPlaformEmpSpares" time="57.861">
    <failure type="java.lang.AssertionError" message=" Import Failed for COMPENSATION_MERCFIN_ULTI_PLATFORM_EMP_SPARES from COMPENSATION product">
      <![CDATA[java.lang.AssertionError:  Import Failed for COMPENSATION_MERCFIN_ULTI_PLATFORM_EMP_SPARES from COMPENSATION product
at com.hrsoft.test.datamanagement.ApiFeedTestSuite.apiImportTest(ApiFeedTestSuite.java:94)
at com.hrsoft.test.datamanagement.ApiFeedTestSuite.SMAPI31_UMEI_API_apiFeedImportTest_UltiPlaformEmpSpares(ApiFeedTestSuite.java:1085)
at java.base/java.util.ArrayList.forEach(ArrayList.java:1511)
... Removed 28 stack frames]]>
    </failure>
  </testcase> <!-- SMAPI31_UMEI_API_apiFeedImportTest_UltiPlaformEmpSpares -->
  <testcase classname="com.hrsoft.test.datamanagement.ApiFeedTestSuite" name="SMAPI32_UMEI_API_isTransformNameCannotBeModifiedTest" time="19.961"/>
  <testcase classname="com.hrsoft.test.datamanagement.ApiFeedTestSuite" name="SMAPI37_UMEI_API_previewGridAndCheckForTransformValueOfPartTimeFactorTest" time="153.201">
    <failure type="java.lang.AssertionError" message="API Feed : ULTI_DEMOGRAPHIC - Job Abort - Product : HRSOFTCLOUD Unable to Preview ">
      <![CDATA[java.lang.AssertionError: API Feed : ULTI_DEMOGRAPHIC - Job Abort - Product : HRSOFTCLOUD Unable to Preview 
at com.hrsoft.test.datamanagement.ApiFeedTestSuite.apiPreviewTest(ApiFeedTestSuite.java:62)
at com.hrsoft.test.datamanagement.ApiFeedTestSuite.SMAPI37_UMEI_API_previewGridAndCheckForTransformValueOfPartTimeFactorTest(ApiFeedTestSuite.java:686)
at java.base/java.util.ArrayList.forEach(ArrayList.java:1511)
... Removed 28 stack frames]]>
    </failure>
  </testcase> <!-- SMAPI37_UMEI_API_previewGridAndCheckForTransformValueOfPartTimeFactorTest -->
  <testcase classname="com.hrsoft.test.datamanagement.ApiFeedTestSuite" name="SMAPI38_UMEI_API_previewGridAndCheckForTransformValueOfCurrencyCodeTest" time="112.462">
    <failure type="java.lang.AssertionError" message="API Feed : ULTI_DEMOGRAPHIC - Job Abort - Product : HRSOFTCLOUD Unable to Preview ">
      <![CDATA[java.lang.AssertionError: API Feed : ULTI_DEMOGRAPHIC - Job Abort - Product : HRSOFTCLOUD Unable to Preview 
at com.hrsoft.test.datamanagement.ApiFeedTestSuite.apiPreviewTest(ApiFeedTestSuite.java:62)
at com.hrsoft.test.datamanagement.ApiFeedTestSuite.SMAPI38_UMEI_API_previewGridAndCheckForTransformValueOfCurrencyCodeTest(ApiFeedTestSuite.java:731)
at java.base/java.util.ArrayList.forEach(ArrayList.java:1511)
... Removed 28 stack frames]]>
    </failure>
  </testcase> <!-- SMAPI38_UMEI_API_previewGridAndCheckForTransformValueOfCurrencyCodeTest -->
  <testcase classname="com.hrsoft.test.datamanagement.ApiFeedTestSuite" name="SMAPI39_UMEI_API_feedCloneInFeedMangementTest" time="57.477"/>
  <testcase classname="com.hrsoft.test.datamanagement.ApiFeedTestSuite" name="SMAPI40_UMEI_API_apiDataProviderFeedConfigureTest" time="128.619">
    <failure type="java.lang.AssertionError" message="API Feed : ULTI_P4P_DEMOGRAPHIC - Job Abort - Product : HRSOFTCLOUD Unable to Preview ">
      <![CDATA[java.lang.AssertionError: API Feed : ULTI_P4P_DEMOGRAPHIC - Job Abort - Product : HRSOFTCLOUD Unable to Preview 
at com.hrsoft.test.datamanagement.ApiFeedTestSuite.SMAPI40_UMEI_API_apiDataProviderFeedConfigureTest(ApiFeedTestSuite.java:918)
at java.base/java.util.ArrayList.forEach(ArrayList.java:1511)
... Removed 28 stack frames]]>
    </failure>
  </testcase> <!-- SMAPI40_UMEI_API_apiDataProviderFeedConfigureTest -->
  <testcase classname="com.hrsoft.test.datamanagement.ApiFeedTestSuite" name="SMAPI41_UMEI_API_previewGridForActiveStatusOfRemoveTermTest" time="116.299">
    <failure type="java.lang.AssertionError" message="API Feed : ULTI_DEMOGRAPHIC - Job Abort - Product : HRSOFTCLOUD Unable to Preview ">
      <![CDATA[java.lang.AssertionError: API Feed : ULTI_DEMOGRAPHIC - Job Abort - Product : HRSOFTCLOUD Unable to Preview 
at com.hrsoft.test.datamanagement.ApiFeedTestSuite.apiPreviewTest(ApiFeedTestSuite.java:62)
at com.hrsoft.test.datamanagement.ApiFeedTestSuite.SMAPI41_UMEI_API_previewGridForActiveStatusOfRemoveTermTest(ApiFeedTestSuite.java:780)
at java.base/java.util.ArrayList.forEach(ArrayList.java:1511)
... Removed 28 stack frames]]>
    </failure>
  </testcase> <!-- SMAPI41_UMEI_API_previewGridForActiveStatusOfRemoveTermTest -->
  <testcase classname="com.hrsoft.test.datamanagement.ApiFeedTestSuite" name="SMAPI46_UMEI_API_apiFeedPreviewTest_AdpEmpSpare" time="98.701"/>
  <testcase classname="com.hrsoft.test.datamanagement.FileFeedTestSuite" name="SM_UMEI_FILE_02_UMEI_validCommonDemographicFileShouldBeImportedSuccessfully" time="150.874"/>
  <testcase classname="com.hrsoft.test.datamanagement.FileFeedTestSuite" name="SM_UMEI_FILE_47_UMEI_validP4PDemographicFileShouldBeImportedSuccessfully" time="220.616"/>
  <testcase classname="com.hrsoft.test.datamanagement.FileFeedTestSuite" name="SM_UMEI_FILE_03_UMEI_validHierInputFileShouldBeImportedSuccessfully" time="131.217"/>
  <testcase classname="com.hrsoft.test.datamanagement.FileFeedTestSuite" name="SM_UMEI_FILE_04_UMEI_validCoPlannerFileShouldBeImportedSuccessfully" time="130.174"/>
  <testcase classname="com.hrsoft.test.datamanagement.FileFeedTestSuite" name="SM_UMEI_FILE_05_UMEI_validEmpSparesFileShouldBeImportedSuccessfully" time="158.943"/>
  <testcase classname="com.hrsoft.test.datamanagement.FileFeedTestSuite" name="SM_UMEI_FILE_06_UMEI_demographicFileWithEmptyHierarchyShouldBeImportedSuccessfully" time="131.158"/>
  <testcase classname="com.hrsoft.test.datamanagement.FileFeedTestSuite" name="SM_UMEI_FILE_07_UMEI_previewShouldPassButValidateAndImportShouldFailForInValidDateFormat" time="147.206"/>
  <testcase classname="com.hrsoft.test.datamanagement.FileFeedTestSuite" name="SM_UMEI_FILE_07_UMEI_previewValidateAndImportShouldSuccessForValidDateFormat" time="274.089"/>
  <testcase classname="com.hrsoft.test.datamanagement.FileFeedTestSuite" name="SM_UMEI_FILE_10_UMEI_previewValidateAndImportShouldFailForEmptyFile" time="59.407"/>
  <testcase classname="com.hrsoft.test.datamanagement.FileFeedTestSuite" name="SM_UMEI_FILE_10_UMEI_previewValidateAndImportShouldFailForFileWithHeaderOnly" time="218.057"/>
  <testcase classname="com.hrsoft.test.datamanagement.FileFeedTestSuite" name="SM_UMEI_FILE_11_UMEI_previewValidateAndImportShouldFailForNonUTF8File" time="227.093"/>
  <testcase classname="com.hrsoft.test.datamanagement.FileFeedTestSuite" name="SM_UMEI_FILE_12_UMEI_previewValidateAndImportShouldFailForFileWithHeaderColumnMismatch" time="315.785"/>
  <testcase classname="com.hrsoft.test.datamanagement.FileFeedTestSuite" name="SM_UMEI_FILE_13_UMEI_previewValidateAndImportShouldFailForFileNameMismatch" time="53.26"/>
  <testcase classname="com.hrsoft.test.datamanagement.FileFeedTestSuite" name="SM_UMEI_FILE_14_UMEI_feedConfigurationShouldBeEditable" time="51.181"/>
  <testcase classname="com.hrsoft.test.datamanagement.FileFeedTestSuite" name="SM_UMEI_FILE_15_UMEI_feedFieldMappingShouldBeEditable" time="50.941">
    <failure type="java.lang.AssertionError" message="Unable to save Feed Field Format">
      <![CDATA[java.lang.AssertionError: Unable to save Feed Field Format
at com.hrsoft.test.datamanagement.FileFeedTestSuite.SM_UMEI_FILE_15_UMEI_feedFieldMappingShouldBeEditable(FileFeedTestSuite.java:716)
at java.base/java.util.ArrayList.forEach(ArrayList.java:1511)
... Removed 28 stack frames]]>
    </failure>
  </testcase> <!-- SM_UMEI_FILE_15_UMEI_feedFieldMappingShouldBeEditable -->
  <testcase classname="com.hrsoft.test.datamanagement.FileFeedTestSuite" name="SM_UMEI_FILE_16_UMEI_feedValidationsShouldBeEditable" time="78.995"/>
  <testcase classname="com.hrsoft.test.datamanagement.FileFeedTestSuite" name="SM_UMEI_FILE_17_UMEI_previewShouldBeSuccessForIncrementalMode" time="26.637"/>
  <testcase classname="com.hrsoft.test.datamanagement.FileFeedTestSuite" name="SM_UMEI_FILE_18_UMEI_validateShouldBeSuccessForIncrementalMode" time="117.63"/>
  <testcase classname="com.hrsoft.test.datamanagement.FileFeedTestSuite" name="SM_UMEI_FILE_19_UMEI_validateShouldFailForPartialModeFileWithNewUserError" time="202.137"/>
  <testcase classname="com.hrsoft.test.datamanagement.FileFeedTestSuite" name="SM_UMEI_FILE_20_UMEI_stepLogsShouldAppearForPreviouslyRunFiles" time="41.675"/>
  <testcase classname="com.hrsoft.test.datamanagement.FileFeedTestSuite" name="SM_UMEI_FILE_22_UMEI_importShouldBeSuccessForPartialMode" time="207.746"/>
  <testcase classname="com.hrsoft.test.datamanagement.FileFeedTestSuite" name="SM_UMEI_FILE_23_UMEI_validateShouldFailForDuplicateUsers" time="67.103"/>
  <testcase classname="com.hrsoft.test.datamanagement.FileFeedTestSuite" name="SM_UMEI_FILE_24_UMEI_dataValidationShouldThrowParseError" time="59.267"/>
  <testcase classname="com.hrsoft.test.datamanagement.FileFeedTestSuite" name="SM_UMEI_FILE_25_UMEI_validateShouldFailForTopManagerMissing" time="195.59"/>
  <testcase classname="com.hrsoft.test.datamanagement.FileFeedTestSuite" name="SM_UMEI_FILE_26_UMEI_validateShouldFailForMANDATORYFILTERNAME_Filter" time="90.261"/>
  <testcase classname="com.hrsoft.test.datamanagement.FileFeedTestSuite" name="SM_UMEI_FILE_27_UMEI_validateShouldFail" time="141.727"/>
  <testcase classname="com.hrsoft.test.datamanagement.FileFeedTestSuite" name="SM_UMEI_FILE_28_UMEI_importShouldFail" time="146.43"/>
  <testcase classname="com.hrsoft.test.datamanagement.FileFeedTestSuite" name="SM_UMEI_FILE_29_UMEI_previewAndImportShouldWorkIfValidationErrorIsLessThanThresholdElseAbort" time="184.648"/>
  <testcase classname="com.hrsoft.test.datamanagement.FileFeedTestSuite" name="SM_UMEI_FILE_30_UMEI_legacyFilesHeadersShouldBeReplacedWithFeedConfigOnImporting" time="137.729"/>
  <testcase classname="com.hrsoft.test.datamanagement.FileFeedTestSuite" name="SM_UMEI_FILE_31_UMEI_productDropDownListShouldBeClientSpecific" time="24.428"/>
  <testcase classname="com.hrsoft.test.datamanagement.FileFeedTestSuite" name="SM_UMEI_FILE_32_UMEI_dataFileDropDownListShouldBeProductSpecific" time="10.277"/>
  <testcase classname="com.hrsoft.test.datamanagement.FileFeedTestSuite" name="SM_UMEI_FILE_33_UMEI_validateShouldFailForMultipleTopLevelManagers" time="340.596"/>
  <testcase classname="com.hrsoft.test.datamanagement.FileFeedTestSuite" name="SM_UMEI_FILE_34_UMEI_importShouldBeAbortedForAllInvalidRecords" time="249.984"/>
  <testcase classname="com.hrsoft.test.datamanagement.FileFeedTestSuite" name="SM_UMEI_FILE_35_importShouldFailForAbortImportFiveOrMoreHierarchyFound" time="202.398"/>
  <testcase classname="com.hrsoft.test.datamanagement.FileFeedTestSuite" name="SM_UMEI_FILE_36_UMEI_feedFileShouldThrowErrorForMissingRowData" time="306.728"/>
  <testcase classname="com.hrsoft.test.datamanagement.FileFeedTestSuite" name="SM_UMEI_FILE_37_UMEI_feedFileShouldThrowErrorForMaxColumnPercentThreshold" time="208.816"/>
  <testcase classname="com.hrsoft.test.datamanagement.FileFeedTestSuite" name="SM_UMEI_FILE_38_UMEI_previewShouldContainErrorRowsOnTop" time="44.983"/>
  <testcase classname="com.hrsoft.test.datamanagement.FileFeedTestSuite" name="SM_UMEI_FILE_39_UMEI_importShouldBeSuccessAndItShouldFillDisplayName" time="122.125"/>
  <testcase classname="com.hrsoft.test.datamanagement.FileFeedTestSuite" name="SM_UMEI_FILE_40_userAbleToSeeDetailsLogGridInStatusReports" time="68.584"/>
  <testcase classname="com.hrsoft.test.datamanagement.FileFeedTestSuite" name="SM_UMEI_FILE_41_editUmeiAttribute" time="18.281"/>
  <testcase classname="com.hrsoft.test.datamanagement.FileFeedTestSuite" name="SM_UMEI_FILE_42_UMEI_userRoleFileShouldBeImportedSuccessfully" time="117.288"/>
  <testcase classname="com.hrsoft.test.datamanagement.FileFeedTestSuite" name="SM_UMEI_FILE_43_UMEI_validateShouldFailForUserRoleFileInvalidRole" time="161.725"/>
  <testcase classname="com.hrsoft.test.datamanagement.FileFeedTestSuite" name="SM_UMEI_FILE_44_defineFeedPipeDelimeterChangeShouldBeImportedSuccessfully" time="161.751"/>
  <testcase classname="com.hrsoft.test.datamanagement.FileFeedTestSuite" name="SM_UMEI_FILE_45_UMEI_periodFactorFormatValuesShouldBeImportedSuccessfully" time="132.073"/>
  <testcase classname="com.hrsoft.test.datamanagement.FileFeedTestSuite" name="SM_UMEI_FILE_46_UMEI_lastNameWithNoEmptyValuesShouldBeImportedSuccessfully" time="145.267"/>
  <testcase classname="com.hrsoft.test.datamanagement.FileFeedTestSuite" name="SM_UMEI_FILE_48_UMEI_validFunctionalHierInputFileShouldBeImportedSuccessfully" time="133.159"/>
  <testcase classname="com.hrsoft.test.datamanagement.FileFeedTestSuite" name="SM_UMEI_FILE_49_UMEI_validFunctionalCoPlannerFileShouldBeImportedSuccessfully" time="135.062"/>
  <testcase classname="com.hrsoft.test.datamanagement.FileFeedTestSuite" name="SM_UMEI_FILE_50_UMEI_validateShouldFailForPartialModeNewUserError" time="73.769"/>
  <testcase classname="com.hrsoft.test.datamanagement.FileFeedTestSuite" name="SM_UMEI_FILE_51_UMEI_validateShouldFailForFILTERPOOLNAMEFilter" time="213.702"/>
  <testcase classname="com.hrsoft.test.datamanagement.FileFeedTestSuite" name="SM_UMEI_FILE_52_UMEI_importShouldContinueForPartialModeFileWithNewUserError" time="166.453"/>
  <testcase classname="com.hrsoft.test.setuphelpers.WebBaseTest" name="@BeforeSuite setupFramework" time="0.0">
    <ignored/>
  </testcase> <!-- @BeforeSuite setupFramework -->
  <testcase classname="com.hrsoft.test.setuphelpers.WebBaseTest" name="@BeforeSuite setupFramework" time="0.0">
    <ignored/>
  </testcase> <!-- @BeforeSuite setupFramework -->
  <testcase classname="com.hrsoft.test.setuphelpers.WebBaseTest" name="@BeforeSuite setupFramework" time="0.0">
    <ignored/>
  </testcase> <!-- @BeforeSuite setupFramework -->
  <testcase classname="com.hrsoft.test.setuphelpers.WebBaseTest" name="@BeforeSuite setupFramework" time="0.0">
    <ignored/>
  </testcase> <!-- @BeforeSuite setupFramework -->
  <testcase classname="com.hrsoft.test.setuphelpers.WebBaseTest" name="@BeforeSuite setupFramework" time="0.0">
    <ignored/>
  </testcase> <!-- @BeforeSuite setupFramework -->
  <testcase classname="com.hrsoft.test.setuphelpers.WebBaseTest" name="@BeforeSuite setupFramework" time="0.0">
    <ignored/>
  </testcase> <!-- @BeforeSuite setupFramework -->
  <testcase classname="com.hrsoft.test.setuphelpers.WebBaseTest" name="@BeforeSuite setupFramework" time="0.0">
    <ignored/>
  </testcase> <!-- @BeforeSuite setupFramework -->
  <testcase classname="com.hrsoft.test.datamanagement.ApiFeedTestSuite" name="SMAPI26_UMEI_API_apiFeedImportTest_AdpMarkerData" time="0.0">
    <ignored/>
  </testcase> <!-- SMAPI26_UMEI_API_apiFeedImportTest_AdpMarkerData -->
  <testcase classname="com.hrsoft.test.setuphelpers.WebBaseTest" name="@BeforeSuite setupFramework" time="0.0">
    <ignored/>
  </testcase> <!-- @BeforeSuite setupFramework -->
  <testcase classname="com.hrsoft.test.setuphelpers.WebBaseTest" name="@BeforeSuite setupFramework" time="0.0">
    <ignored/>
  </testcase> <!-- @BeforeSuite setupFramework -->
  <testcase classname="com.hrsoft.test.setuphelpers.WebBaseTest" name="@BeforeSuite setupFramework" time="0.0">
    <ignored/>
  </testcase> <!-- @BeforeSuite setupFramework -->
  <testcase classname="com.hrsoft.test.setuphelpers.WebBaseTest" name="@BeforeSuite setupFramework" time="0.0">
    <ignored/>
  </testcase> <!-- @BeforeSuite setupFramework -->
  <testcase classname="com.hrsoft.test.datamanagement.ApiFeedTestSuite" name="SMAPI18_UMEI_API_apiFeedImportTest_AdpDemographic" time="0.0">
    <ignored/>
  </testcase> <!-- SMAPI18_UMEI_API_apiFeedImportTest_AdpDemographic -->
  <testcase classname="com.hrsoft.test.datamanagement.ApiFeedTestSuite" name="SMAPI45_UMEI_API_apiFeedImportTest_AdpEmpSpares" time="0.0">
    <ignored/>
  </testcase> <!-- SMAPI45_UMEI_API_apiFeedImportTest_AdpEmpSpares -->
  <testcase classname="com.hrsoft.test.setuphelpers.WebBaseTest" name="@BeforeSuite setupFramework" time="0.0">
    <ignored/>
  </testcase> <!-- @BeforeSuite setupFramework -->
  <testcase classname="com.hrsoft.test.datamanagement.ApiFeedTestSuite" name="SMAPI16_UMEI_API_apiFeedPreviewTest_AdpJobCode" time="0.0">
    <ignored/>
  </testcase> <!-- SMAPI16_UMEI_API_apiFeedPreviewTest_AdpJobCode -->
  <testcase classname="com.hrsoft.test.modelview.ModelViewTestSuite" name="SM_190_ModelViewManageUnitPage" time="0.0">
    <ignored/>
  </testcase> <!-- SM_190_ModelViewManageUnitPage -->
  <testcase classname="com.hrsoft.test.datamanagement.ApiFeedTestSuite" name="SMAPI44_UMEI_API_apiFeedImportTestAdpJobCode" time="0.0">
    <ignored/>
  </testcase> <!-- SMAPI44_UMEI_API_apiFeedImportTestAdpJobCode -->
  <testcase classname="com.hrsoft.test.setuphelpers.WebBaseTest" name="@BeforeSuite setupFramework" time="0.0">
    <ignored/>
  </testcase> <!-- @BeforeSuite setupFramework -->
</testsuite> <!-- Test -->
