<html>
<head>
<title>TestNG:  Test</title>
<link href="../testng.css" rel="stylesheet" type="text/css" />
<link href="../my-testng.css" rel="stylesheet" type="text/css" />

<style type="text/css">
.log { display: none;} 
.stack-trace { display: none;} 
</style>
<script type="text/javascript">
<!--
function flip(e) {
  current = e.style.display;
  if (current == 'block') {
    e.style.display = 'none';
    return 0;
  }
  else {
    e.style.display = 'block';
    return 1;
  }
}

function toggleBox(szDivId, elem, msg1, msg2)
{
  var res = -1;  if (document.getElementById) {
    res = flip(document.getElementById(szDivId));
  }
  else if (document.all) {
    // this is the way old msie versions work
    res = flip(document.all[szDivId]);
  }
  if(elem) {
    if(res == 0) elem.innerHTML = msg1; else elem.innerHTML = msg2;
  }

}

function toggleAllBoxes() {
  if (document.getElementsByTagName) {
    d = document.getElementsByTagName('div');
    for (i = 0; i < d.length; i++) {
      if (d[i].className == 'log') {
        flip(d[i]);
      }
    }
  }
}

// -->
</script>

</head>
<body>
<h2 align='center'>Test</h2><table border='1' align="center">
<tr>
<td>Tests passed/Failed/Skipped:</td><td>157/29/0</td>
</tr><tr>
<td>Started on:</td><td>Fri Jul 14 16:05:03 UTC 2023</td>
</tr>
<tr><td>Total time:</td><td>17111 seconds (17111726 ms)</td>
</tr><tr>
<td>Included groups:</td><td></td>
</tr><tr>
<td>Excluded groups:</td><td></td>
</tr>
</table><p/>
<small><i>(Hover the method name to see the test class name)</i></small><p/>
<table width='100%' border='1' class='invocation-failed'>
<tr><td colspan='4' align='center'><b>FAILED TESTS</b></td></tr>
<tr><td><b>Test method</b></td>
<td><b>Attribute(s)</b></td>
<td width="30%"><b>Exception</b></td>
<td width="10%"><b>Time (seconds)</b></td>
<td><b>Instance</b></td>
</tr>
<tr>
<td title='com.hrsoft.test.datamanagement.ApiFeedTestSuite.SMAPI15_UMEI_API_apiFeedPreviewTest_UltiJobCode()'><b>SMAPI15_UMEI_API_apiFeedPreviewTest_UltiJobCode</b><br>Test class: com.hrsoft.test.datamanagement.ApiFeedTestSuite<br>Parameters: TestDataExcel [testCase=SMAPI15_UMEI_API_apiFeedPreviewTest_UltiJobCode, applicationURL=https://mercfin-tcc2200-sqa.cloud.hrsoft.com/, userName=admin_user, password=eiwKka2yfPwwPaY]</td>
<td><div><pre>java.lang.AssertionError: API Feed : ULTI_JOB_CODE - Job Abort - Product : HRSOFTCLOUD Unable to Preview 
	at com.hrsoft.test.datamanagement.ApiFeedTestSuite.apiPreviewTest(ApiFeedTestSuite.java:62)
	at com.hrsoft.test.datamanagement.ApiFeedTestSuite.SMAPI15_UMEI_API_apiFeedPreviewTest_UltiJobCode(ApiFeedTestSuite.java:192)
	at java.base/java.util.ArrayList.forEach(ArrayList.java:1511)
... Removed 28 stack frames</pre></div><a href='#' onClick='toggleBox("stack-trace881186499", this, "Click to show all stack frames", "Click to hide stack frames")'>Click to show all stack frames</a>
<div class='stack-trace' id='stack-trace881186499'><pre>java.lang.AssertionError: API Feed : ULTI_JOB_CODE - Job Abort - Product : HRSOFTCLOUD Unable to Preview 
	at org.testng.Assert.fail(Assert.java:111)
	at com.hrsoft.test.datamanagement.ApiFeedTestSuite.apiPreviewTest(ApiFeedTestSuite.java:62)
	at com.hrsoft.test.datamanagement.ApiFeedTestSuite.SMAPI15_UMEI_API_apiFeedPreviewTest_UltiJobCode(ApiFeedTestSuite.java:192)
	at java.base/jdk.internal.reflect.NativeMethodAccessorImpl.invoke0(Native Method)
	at java.base/jdk.internal.reflect.NativeMethodAccessorImpl.invoke(NativeMethodAccessorImpl.java:77)
	at java.base/jdk.internal.reflect.DelegatingMethodAccessorImpl.invoke(DelegatingMethodAccessorImpl.java:43)
	at java.base/java.lang.reflect.Method.invoke(Method.java:568)
	at org.testng.internal.invokers.MethodInvocationHelper.invokeMethod(MethodInvocationHelper.java:139)
	at org.testng.internal.invokers.TestInvoker.invokeMethod(TestInvoker.java:664)
	at org.testng.internal.invokers.TestInvoker.invokeTestMethod(TestInvoker.java:227)
	at org.testng.internal.invokers.MethodRunner.runInSequence(MethodRunner.java:50)
	at org.testng.internal.invokers.TestInvoker$MethodInvocationAgent.invoke(TestInvoker.java:957)
	at org.testng.internal.invokers.TestInvoker.invokeTestMethods(TestInvoker.java:200)
	at org.testng.internal.invokers.TestMethodWorker.invokeTestMethods(TestMethodWorker.java:148)
	at org.testng.internal.invokers.TestMethodWorker.run(TestMethodWorker.java:128)
	at java.base/java.util.ArrayList.forEach(ArrayList.java:1511)
	at org.testng.TestRunner.privateRun(TestRunner.java:848)
	at org.testng.TestRunner.run(TestRunner.java:621)
	at org.testng.SuiteRunner.runTest(SuiteRunner.java:443)
	at org.testng.SuiteRunner.runSequentially(SuiteRunner.java:437)
	at org.testng.SuiteRunner.privateRun(SuiteRunner.java:397)
	at org.testng.SuiteRunner.run(SuiteRunner.java:336)
	at org.testng.SuiteRunnerWorker.runSuite(SuiteRunnerWorker.java:52)
	at org.testng.SuiteRunnerWorker.run(SuiteRunnerWorker.java:95)
	at org.testng.TestNG.runSuitesSequentially(TestNG.java:1280)
	at org.testng.TestNG.runSuitesLocally(TestNG.java:1200)
	at org.testng.TestNG.runSuites(TestNG.java:1114)
	at org.testng.TestNG.run(TestNG.java:1082)
	at org.testng.remote.AbstractRemoteTestNG.run(AbstractRemoteTestNG.java:115)
	at org.testng.remote.RemoteTestNG.initAndRun(RemoteTestNG.java:251)
	at org.testng.remote.RemoteTestNG.main(RemoteTestNG.java:77)
</pre></div></td>
<td>80</td>
<td>com.hrsoft.test.datamanagement.ApiFeedTestSuite@3eb631b8</td></tr>
<tr>
<td title='com.hrsoft.test.compensation.CompOverviewTestSuite.SM_19_CompView_PlannerCanResetEnteredAwardAndChangedJob()'><b>SM_19_CompView_PlannerCanResetEnteredAwardAndChangedJob</b><br>Test class: com.hrsoft.test.compensation.CompOverviewTestSuite<br>Parameters: TestDataExcel [testCase=SM_19_CompView_PlannerCanResetEnteredAwardAndChangedJob, applicationURL=https://mercfin-tcc2200-sqa.cloud.hrsoft.com/, userName=admin_user, password=eiwKka2yfPwwPaY]</td>
<td><div><pre>java.lang.AssertionError: expected [true] but found [false]
	at com.hrsoft.test.compensation.CompOverviewTestSuite.SM_19_CompView_PlannerCanResetEnteredAwardAndChangedJob(CompOverviewTestSuite.java:161)
	at java.base/java.util.ArrayList.forEach(ArrayList.java:1511)
... Removed 31 stack frames</pre></div><a href='#' onClick='toggleBox("stack-trace615760628", this, "Click to show all stack frames", "Click to hide stack frames")'>Click to show all stack frames</a>
<div class='stack-trace' id='stack-trace615760628'><pre>java.lang.AssertionError: expected [true] but found [false]
	at org.testng.Assert.fail(Assert.java:111)
	at org.testng.Assert.failNotEquals(Assert.java:1578)
	at org.testng.Assert.assertTrue(Assert.java:57)
	at org.testng.Assert.assertTrue(Assert.java:67)
	at com.hrsoft.test.compensation.CompOverviewTestSuite.SM_19_CompView_PlannerCanResetEnteredAwardAndChangedJob(CompOverviewTestSuite.java:161)
	at java.base/jdk.internal.reflect.NativeMethodAccessorImpl.invoke0(Native Method)
	at java.base/jdk.internal.reflect.NativeMethodAccessorImpl.invoke(NativeMethodAccessorImpl.java:77)
	at java.base/jdk.internal.reflect.DelegatingMethodAccessorImpl.invoke(DelegatingMethodAccessorImpl.java:43)
	at java.base/java.lang.reflect.Method.invoke(Method.java:568)
	at org.testng.internal.invokers.MethodInvocationHelper.invokeMethod(MethodInvocationHelper.java:139)
	at org.testng.internal.invokers.TestInvoker.invokeMethod(TestInvoker.java:664)
	at org.testng.internal.invokers.TestInvoker.invokeTestMethod(TestInvoker.java:227)
	at org.testng.internal.invokers.MethodRunner.runInSequence(MethodRunner.java:50)
	at org.testng.internal.invokers.TestInvoker$MethodInvocationAgent.invoke(TestInvoker.java:957)
	at org.testng.internal.invokers.TestInvoker.invokeTestMethods(TestInvoker.java:200)
	at org.testng.internal.invokers.TestMethodWorker.invokeTestMethods(TestMethodWorker.java:148)
	at org.testng.internal.invokers.TestMethodWorker.run(TestMethodWorker.java:128)
	at java.base/java.util.ArrayList.forEach(ArrayList.java:1511)
	at org.testng.TestRunner.privateRun(TestRunner.java:848)
	at org.testng.TestRunner.run(TestRunner.java:621)
	at org.testng.SuiteRunner.runTest(SuiteRunner.java:443)
	at org.testng.SuiteRunner.runSequentially(SuiteRunner.java:437)
	at org.testng.SuiteRunner.privateRun(SuiteRunner.java:397)
	at org.testng.SuiteRunner.run(SuiteRunner.java:336)
	at org.testng.SuiteRunnerWorker.runSuite(SuiteRunnerWorker.java:52)
	at org.testng.SuiteRunnerWorker.run(SuiteRunnerWorker.java:95)
	at org.testng.TestNG.runSuitesSequentially(TestNG.java:1280)
	at org.testng.TestNG.runSuitesLocally(TestNG.java:1200)
	at org.testng.TestNG.runSuites(TestNG.java:1114)
	at org.testng.TestNG.run(TestNG.java:1082)
	at org.testng.remote.AbstractRemoteTestNG.run(AbstractRemoteTestNG.java:115)
	at org.testng.remote.RemoteTestNG.initAndRun(RemoteTestNG.java:251)
	at org.testng.remote.RemoteTestNG.main(RemoteTestNG.java:77)
</pre></div></td>
<td>303</td>
<td>com.hrsoft.test.compensation.CompOverviewTestSuite@3f28bd56</td></tr>
<tr>
<td title='com.hrsoft.test.datamanagement.ApiFeedTestSuite.SMAPI30_UMEI_API_apiFeedPreviewTest_UltiPlatformEmpSpares()'><b>SMAPI30_UMEI_API_apiFeedPreviewTest_UltiPlatformEmpSpares</b><br>Test class: com.hrsoft.test.datamanagement.ApiFeedTestSuite<br>Parameters: TestDataExcel [testCase=SMAPI30_UMEI_API_apiFeedPreviewTest_UltiPlatformEmpSpares, applicationURL=https://mercfin-tcc2200-sqa.cloud.hrsoft.com/, userName=admin_user, password=eiwKka2yfPwwPaY]</td>
<td><div><pre>java.lang.AssertionError: API Feed : COMPENSATION_MERCFIN_ULTI_PLATFORM_EMP_SPARES - Job Abort - Product : COMPENSATION Unable to Preview 
	at com.hrsoft.test.datamanagement.ApiFeedTestSuite.apiPreviewTest(ApiFeedTestSuite.java:62)
	at com.hrsoft.test.datamanagement.ApiFeedTestSuite.SMAPI30_UMEI_API_apiFeedPreviewTest_UltiPlatformEmpSpares(ApiFeedTestSuite.java:269)
	at java.base/java.util.ArrayList.forEach(ArrayList.java:1511)
... Removed 28 stack frames</pre></div><a href='#' onClick='toggleBox("stack-trace2004738554", this, "Click to show all stack frames", "Click to hide stack frames")'>Click to show all stack frames</a>
<div class='stack-trace' id='stack-trace2004738554'><pre>java.lang.AssertionError: API Feed : COMPENSATION_MERCFIN_ULTI_PLATFORM_EMP_SPARES - Job Abort - Product : COMPENSATION Unable to Preview 
	at org.testng.Assert.fail(Assert.java:111)
	at com.hrsoft.test.datamanagement.ApiFeedTestSuite.apiPreviewTest(ApiFeedTestSuite.java:62)
	at com.hrsoft.test.datamanagement.ApiFeedTestSuite.SMAPI30_UMEI_API_apiFeedPreviewTest_UltiPlatformEmpSpares(ApiFeedTestSuite.java:269)
	at java.base/jdk.internal.reflect.NativeMethodAccessorImpl.invoke0(Native Method)
	at java.base/jdk.internal.reflect.NativeMethodAccessorImpl.invoke(NativeMethodAccessorImpl.java:77)
	at java.base/jdk.internal.reflect.DelegatingMethodAccessorImpl.invoke(DelegatingMethodAccessorImpl.java:43)
	at java.base/java.lang.reflect.Method.invoke(Method.java:568)
	at org.testng.internal.invokers.MethodInvocationHelper.invokeMethod(MethodInvocationHelper.java:139)
	at org.testng.internal.invokers.TestInvoker.invokeMethod(TestInvoker.java:664)
	at org.testng.internal.invokers.TestInvoker.invokeTestMethod(TestInvoker.java:227)
	at org.testng.internal.invokers.MethodRunner.runInSequence(MethodRunner.java:50)
	at org.testng.internal.invokers.TestInvoker$MethodInvocationAgent.invoke(TestInvoker.java:957)
	at org.testng.internal.invokers.TestInvoker.invokeTestMethods(TestInvoker.java:200)
	at org.testng.internal.invokers.TestMethodWorker.invokeTestMethods(TestMethodWorker.java:148)
	at org.testng.internal.invokers.TestMethodWorker.run(TestMethodWorker.java:128)
	at java.base/java.util.ArrayList.forEach(ArrayList.java:1511)
	at org.testng.TestRunner.privateRun(TestRunner.java:848)
	at org.testng.TestRunner.run(TestRunner.java:621)
	at org.testng.SuiteRunner.runTest(SuiteRunner.java:443)
	at org.testng.SuiteRunner.runSequentially(SuiteRunner.java:437)
	at org.testng.SuiteRunner.privateRun(SuiteRunner.java:397)
	at org.testng.SuiteRunner.run(SuiteRunner.java:336)
	at org.testng.SuiteRunnerWorker.runSuite(SuiteRunnerWorker.java:52)
	at org.testng.SuiteRunnerWorker.run(SuiteRunnerWorker.java:95)
	at org.testng.TestNG.runSuitesSequentially(TestNG.java:1280)
	at org.testng.TestNG.runSuitesLocally(TestNG.java:1200)
	at org.testng.TestNG.runSuites(TestNG.java:1114)
	at org.testng.TestNG.run(TestNG.java:1082)
	at org.testng.remote.AbstractRemoteTestNG.run(AbstractRemoteTestNG.java:115)
	at org.testng.remote.RemoteTestNG.initAndRun(RemoteTestNG.java:251)
	at org.testng.remote.RemoteTestNG.main(RemoteTestNG.java:77)
</pre></div></td>
<td>76</td>
<td>com.hrsoft.test.datamanagement.ApiFeedTestSuite@3eb631b8</td></tr>
<tr>
<td title='com.hrsoft.test.datamanagement.ApiFeedTestSuite.SMAPI24_UMEI_API_apiFeedPreviewTest_UltiPerfRatingEmp()'><b>SMAPI24_UMEI_API_apiFeedPreviewTest_UltiPerfRatingEmp</b><br>Test class: com.hrsoft.test.datamanagement.ApiFeedTestSuite<br>Parameters: TestDataExcel [testCase=SMAPI24_UMEI_API_apiFeedPreviewTest_UltiPerfRatingEmp, applicationURL=https://mercfin-tcc2200-sqa.cloud.hrsoft.com/, userName=admin_user, password=eiwKka2yfPwwPaY]</td>
<td><div><pre>java.lang.AssertionError: API Feed : COMPENSATION_MERCFIN_ULTI_PERF_RATING_EMP - Job Abort - Product : COMPENSATION Unable to Preview 
	at com.hrsoft.test.datamanagement.ApiFeedTestSuite.apiPreviewTest(ApiFeedTestSuite.java:62)
	at com.hrsoft.test.datamanagement.ApiFeedTestSuite.SMAPI24_UMEI_API_apiFeedPreviewTest_UltiPerfRatingEmp(ApiFeedTestSuite.java:258)
	at java.base/java.util.ArrayList.forEach(ArrayList.java:1511)
... Removed 28 stack frames</pre></div><a href='#' onClick='toggleBox("stack-trace371976677", this, "Click to show all stack frames", "Click to hide stack frames")'>Click to show all stack frames</a>
<div class='stack-trace' id='stack-trace371976677'><pre>java.lang.AssertionError: API Feed : COMPENSATION_MERCFIN_ULTI_PERF_RATING_EMP - Job Abort - Product : COMPENSATION Unable to Preview 
	at org.testng.Assert.fail(Assert.java:111)
	at com.hrsoft.test.datamanagement.ApiFeedTestSuite.apiPreviewTest(ApiFeedTestSuite.java:62)
	at com.hrsoft.test.datamanagement.ApiFeedTestSuite.SMAPI24_UMEI_API_apiFeedPreviewTest_UltiPerfRatingEmp(ApiFeedTestSuite.java:258)
	at java.base/jdk.internal.reflect.NativeMethodAccessorImpl.invoke0(Native Method)
	at java.base/jdk.internal.reflect.NativeMethodAccessorImpl.invoke(NativeMethodAccessorImpl.java:77)
	at java.base/jdk.internal.reflect.DelegatingMethodAccessorImpl.invoke(DelegatingMethodAccessorImpl.java:43)
	at java.base/java.lang.reflect.Method.invoke(Method.java:568)
	at org.testng.internal.invokers.MethodInvocationHelper.invokeMethod(MethodInvocationHelper.java:139)
	at org.testng.internal.invokers.TestInvoker.invokeMethod(TestInvoker.java:664)
	at org.testng.internal.invokers.TestInvoker.invokeTestMethod(TestInvoker.java:227)
	at org.testng.internal.invokers.MethodRunner.runInSequence(MethodRunner.java:50)
	at org.testng.internal.invokers.TestInvoker$MethodInvocationAgent.invoke(TestInvoker.java:957)
	at org.testng.internal.invokers.TestInvoker.invokeTestMethods(TestInvoker.java:200)
	at org.testng.internal.invokers.TestMethodWorker.invokeTestMethods(TestMethodWorker.java:148)
	at org.testng.internal.invokers.TestMethodWorker.run(TestMethodWorker.java:128)
	at java.base/java.util.ArrayList.forEach(ArrayList.java:1511)
	at org.testng.TestRunner.privateRun(TestRunner.java:848)
	at org.testng.TestRunner.run(TestRunner.java:621)
	at org.testng.SuiteRunner.runTest(SuiteRunner.java:443)
	at org.testng.SuiteRunner.runSequentially(SuiteRunner.java:437)
	at org.testng.SuiteRunner.privateRun(SuiteRunner.java:397)
	at org.testng.SuiteRunner.run(SuiteRunner.java:336)
	at org.testng.SuiteRunnerWorker.runSuite(SuiteRunnerWorker.java:52)
	at org.testng.SuiteRunnerWorker.run(SuiteRunnerWorker.java:95)
	at org.testng.TestNG.runSuitesSequentially(TestNG.java:1280)
	at org.testng.TestNG.runSuitesLocally(TestNG.java:1200)
	at org.testng.TestNG.runSuites(TestNG.java:1114)
	at org.testng.TestNG.run(TestNG.java:1082)
	at org.testng.remote.AbstractRemoteTestNG.run(AbstractRemoteTestNG.java:115)
	at org.testng.remote.RemoteTestNG.initAndRun(RemoteTestNG.java:251)
	at org.testng.remote.RemoteTestNG.main(RemoteTestNG.java:77)
</pre></div></td>
<td>96</td>
<td>com.hrsoft.test.datamanagement.ApiFeedTestSuite@3eb631b8</td></tr>
<tr>
<td title='com.hrsoft.test.datamanagement.ApiFeedTestSuite.SMAPI17_UMEI_API_apiFeedImportTest_UltiDemographic()'><b>SMAPI17_UMEI_API_apiFeedImportTest_UltiDemographic</b><br>Test class: com.hrsoft.test.datamanagement.ApiFeedTestSuite<br>Parameters: TestDataExcel [testCase=SMAPI17_UMEI_API_apiFeedImportTest_UltiDemographic, applicationURL=https://mercfin-tcc2200-sqa.cloud.hrsoft.com/, userName=admin_user, password=eiwKka2yfPwwPaY]</td>
<td><div><pre>java.lang.AssertionError:  Import Failed for ULTI_DEMOGRAPHIC from HRSOFTCLOUD product
	at com.hrsoft.test.datamanagement.ApiFeedTestSuite.apiImportTest(ApiFeedTestSuite.java:94)
	at com.hrsoft.test.datamanagement.ApiFeedTestSuite.changeHierarchyInAPIManagementAndApiImport(ApiFeedTestSuite.java:135)
	at com.hrsoft.test.datamanagement.ApiFeedTestSuite.SMAPI17_UMEI_API_apiFeedImportTest_UltiDemographic(ApiFeedTestSuite.java:986)
	at java.base/java.util.ArrayList.forEach(ArrayList.java:1511)
... Removed 28 stack frames</pre></div><a href='#' onClick='toggleBox("stack-trace1307946596", this, "Click to show all stack frames", "Click to hide stack frames")'>Click to show all stack frames</a>
<div class='stack-trace' id='stack-trace1307946596'><pre>java.lang.AssertionError:  Import Failed for ULTI_DEMOGRAPHIC from HRSOFTCLOUD product
	at org.testng.Assert.fail(Assert.java:111)
	at com.hrsoft.test.datamanagement.ApiFeedTestSuite.apiImportTest(ApiFeedTestSuite.java:94)
	at com.hrsoft.test.datamanagement.ApiFeedTestSuite.changeHierarchyInAPIManagementAndApiImport(ApiFeedTestSuite.java:135)
	at com.hrsoft.test.datamanagement.ApiFeedTestSuite.SMAPI17_UMEI_API_apiFeedImportTest_UltiDemographic(ApiFeedTestSuite.java:986)
	at java.base/jdk.internal.reflect.NativeMethodAccessorImpl.invoke0(Native Method)
	at java.base/jdk.internal.reflect.NativeMethodAccessorImpl.invoke(NativeMethodAccessorImpl.java:77)
	at java.base/jdk.internal.reflect.DelegatingMethodAccessorImpl.invoke(DelegatingMethodAccessorImpl.java:43)
	at java.base/java.lang.reflect.Method.invoke(Method.java:568)
	at org.testng.internal.invokers.MethodInvocationHelper.invokeMethod(MethodInvocationHelper.java:139)
	at org.testng.internal.invokers.TestInvoker.invokeMethod(TestInvoker.java:664)
	at org.testng.internal.invokers.TestInvoker.invokeTestMethod(TestInvoker.java:227)
	at org.testng.internal.invokers.MethodRunner.runInSequence(MethodRunner.java:50)
	at org.testng.internal.invokers.TestInvoker$MethodInvocationAgent.invoke(TestInvoker.java:957)
	at org.testng.internal.invokers.TestInvoker.invokeTestMethods(TestInvoker.java:200)
	at org.testng.internal.invokers.TestMethodWorker.invokeTestMethods(TestMethodWorker.java:148)
	at org.testng.internal.invokers.TestMethodWorker.run(TestMethodWorker.java:128)
	at java.base/java.util.ArrayList.forEach(ArrayList.java:1511)
	at org.testng.TestRunner.privateRun(TestRunner.java:848)
	at org.testng.TestRunner.run(TestRunner.java:621)
	at org.testng.SuiteRunner.runTest(SuiteRunner.java:443)
	at org.testng.SuiteRunner.runSequentially(SuiteRunner.java:437)
	at org.testng.SuiteRunner.privateRun(SuiteRunner.java:397)
	at org.testng.SuiteRunner.run(SuiteRunner.java:336)
	at org.testng.SuiteRunnerWorker.runSuite(SuiteRunnerWorker.java:52)
	at org.testng.SuiteRunnerWorker.run(SuiteRunnerWorker.java:95)
	at org.testng.TestNG.runSuitesSequentially(TestNG.java:1280)
	at org.testng.TestNG.runSuitesLocally(TestNG.java:1200)
	at org.testng.TestNG.runSuites(TestNG.java:1114)
	at org.testng.TestNG.run(TestNG.java:1082)
	at org.testng.remote.AbstractRemoteTestNG.run(AbstractRemoteTestNG.java:115)
	at org.testng.remote.RemoteTestNG.initAndRun(RemoteTestNG.java:251)
	at org.testng.remote.RemoteTestNG.main(RemoteTestNG.java:77)
</pre></div></td>
<td>75</td>
<td>com.hrsoft.test.datamanagement.ApiFeedTestSuite@3eb631b8</td></tr>
<tr>
<td title='com.hrsoft.test.datamanagement.FileFeedTestSuite.SM_UMEI_FILE_15_UMEI_feedFieldMappingShouldBeEditable()'><b>SM_UMEI_FILE_15_UMEI_feedFieldMappingShouldBeEditable</b><br>Test class: com.hrsoft.test.datamanagement.FileFeedTestSuite<br>Parameters: TestDataExcel [testCase=SM_UMEI_FILE_15_UMEI_feedFieldMappingShouldBeEditable, applicationURL=https://mercfin-tcc2200-sqa.cloud.hrsoft.com/, userName=admin_user, password=eiwKka2yfPwwPaY]</td>
<td><div><pre>java.lang.AssertionError: Unable to save Feed Field Format
	at com.hrsoft.test.datamanagement.FileFeedTestSuite.SM_UMEI_FILE_15_UMEI_feedFieldMappingShouldBeEditable(FileFeedTestSuite.java:716)
	at java.base/java.util.ArrayList.forEach(ArrayList.java:1511)
... Removed 28 stack frames</pre></div><a href='#' onClick='toggleBox("stack-trace599607598", this, "Click to show all stack frames", "Click to hide stack frames")'>Click to show all stack frames</a>
<div class='stack-trace' id='stack-trace599607598'><pre>java.lang.AssertionError: Unable to save Feed Field Format
	at org.testng.Assert.fail(Assert.java:111)
	at com.hrsoft.test.datamanagement.FileFeedTestSuite.SM_UMEI_FILE_15_UMEI_feedFieldMappingShouldBeEditable(FileFeedTestSuite.java:716)
	at java.base/jdk.internal.reflect.NativeMethodAccessorImpl.invoke0(Native Method)
	at java.base/jdk.internal.reflect.NativeMethodAccessorImpl.invoke(NativeMethodAccessorImpl.java:77)
	at java.base/jdk.internal.reflect.DelegatingMethodAccessorImpl.invoke(DelegatingMethodAccessorImpl.java:43)
	at java.base/java.lang.reflect.Method.invoke(Method.java:568)
	at org.testng.internal.invokers.MethodInvocationHelper.invokeMethod(MethodInvocationHelper.java:139)
	at org.testng.internal.invokers.TestInvoker.invokeMethod(TestInvoker.java:664)
	at org.testng.internal.invokers.TestInvoker.invokeTestMethod(TestInvoker.java:227)
	at org.testng.internal.invokers.MethodRunner.runInSequence(MethodRunner.java:50)
	at org.testng.internal.invokers.TestInvoker$MethodInvocationAgent.invoke(TestInvoker.java:957)
	at org.testng.internal.invokers.TestInvoker.invokeTestMethods(TestInvoker.java:200)
	at org.testng.internal.invokers.TestMethodWorker.invokeTestMethods(TestMethodWorker.java:148)
	at org.testng.internal.invokers.TestMethodWorker.run(TestMethodWorker.java:128)
	at java.base/java.util.ArrayList.forEach(ArrayList.java:1511)
	at org.testng.TestRunner.privateRun(TestRunner.java:848)
	at org.testng.TestRunner.run(TestRunner.java:621)
	at org.testng.SuiteRunner.runTest(SuiteRunner.java:443)
	at org.testng.SuiteRunner.runSequentially(SuiteRunner.java:437)
	at org.testng.SuiteRunner.privateRun(SuiteRunner.java:397)
	at org.testng.SuiteRunner.run(SuiteRunner.java:336)
	at org.testng.SuiteRunnerWorker.runSuite(SuiteRunnerWorker.java:52)
	at org.testng.SuiteRunnerWorker.run(SuiteRunnerWorker.java:95)
	at org.testng.TestNG.runSuitesSequentially(TestNG.java:1280)
	at org.testng.TestNG.runSuitesLocally(TestNG.java:1200)
	at org.testng.TestNG.runSuites(TestNG.java:1114)
	at org.testng.TestNG.run(TestNG.java:1082)
	at org.testng.remote.AbstractRemoteTestNG.run(AbstractRemoteTestNG.java:115)
	at org.testng.remote.RemoteTestNG.initAndRun(RemoteTestNG.java:251)
	at org.testng.remote.RemoteTestNG.main(RemoteTestNG.java:77)
</pre></div></td>
<td>50</td>
<td>com.hrsoft.test.datamanagement.FileFeedTestSuite@796d3c9f</td></tr>
<tr>
<td title='com.hrsoft.test.datamanagement.ApiFeedTestSuite.SMAPI20_UMEI_API_apiFeedPreviewTest_UltiP4PDemographic()'><b>SMAPI20_UMEI_API_apiFeedPreviewTest_UltiP4PDemographic</b><br>Test class: com.hrsoft.test.datamanagement.ApiFeedTestSuite<br>Parameters: TestDataExcel [testCase=SMAPI20_UMEI_API_apiFeedPreviewTest_UltiP4PDemographic, applicationURL=https://mercfin-tcc2200-sqa.cloud.hrsoft.com/, userName=admin_user, password=eiwKka2yfPwwPaY]</td>
<td><div><pre>java.lang.AssertionError: API Feed : ULTI_P4P_DEMOGRAPHIC - Job Abort - Product : HRSOFTCLOUD Unable to Preview 
	at com.hrsoft.test.datamanagement.ApiFeedTestSuite.apiPreviewTest(ApiFeedTestSuite.java:62)
	at com.hrsoft.test.datamanagement.ApiFeedTestSuite.SMAPI20_UMEI_API_apiFeedPreviewTest_UltiP4PDemographic(ApiFeedTestSuite.java:214)
	at java.base/java.util.ArrayList.forEach(ArrayList.java:1511)
... Removed 28 stack frames</pre></div><a href='#' onClick='toggleBox("stack-trace1334615768", this, "Click to show all stack frames", "Click to hide stack frames")'>Click to show all stack frames</a>
<div class='stack-trace' id='stack-trace1334615768'><pre>java.lang.AssertionError: API Feed : ULTI_P4P_DEMOGRAPHIC - Job Abort - Product : HRSOFTCLOUD Unable to Preview 
	at org.testng.Assert.fail(Assert.java:111)
	at com.hrsoft.test.datamanagement.ApiFeedTestSuite.apiPreviewTest(ApiFeedTestSuite.java:62)
	at com.hrsoft.test.datamanagement.ApiFeedTestSuite.SMAPI20_UMEI_API_apiFeedPreviewTest_UltiP4PDemographic(ApiFeedTestSuite.java:214)
	at java.base/jdk.internal.reflect.NativeMethodAccessorImpl.invoke0(Native Method)
	at java.base/jdk.internal.reflect.NativeMethodAccessorImpl.invoke(NativeMethodAccessorImpl.java:77)
	at java.base/jdk.internal.reflect.DelegatingMethodAccessorImpl.invoke(DelegatingMethodAccessorImpl.java:43)
	at java.base/java.lang.reflect.Method.invoke(Method.java:568)
	at org.testng.internal.invokers.MethodInvocationHelper.invokeMethod(MethodInvocationHelper.java:139)
	at org.testng.internal.invokers.TestInvoker.invokeMethod(TestInvoker.java:664)
	at org.testng.internal.invokers.TestInvoker.invokeTestMethod(TestInvoker.java:227)
	at org.testng.internal.invokers.MethodRunner.runInSequence(MethodRunner.java:50)
	at org.testng.internal.invokers.TestInvoker$MethodInvocationAgent.invoke(TestInvoker.java:957)
	at org.testng.internal.invokers.TestInvoker.invokeTestMethods(TestInvoker.java:200)
	at org.testng.internal.invokers.TestMethodWorker.invokeTestMethods(TestMethodWorker.java:148)
	at org.testng.internal.invokers.TestMethodWorker.run(TestMethodWorker.java:128)
	at java.base/java.util.ArrayList.forEach(ArrayList.java:1511)
	at org.testng.TestRunner.privateRun(TestRunner.java:848)
	at org.testng.TestRunner.run(TestRunner.java:621)
	at org.testng.SuiteRunner.runTest(SuiteRunner.java:443)
	at org.testng.SuiteRunner.runSequentially(SuiteRunner.java:437)
	at org.testng.SuiteRunner.privateRun(SuiteRunner.java:397)
	at org.testng.SuiteRunner.run(SuiteRunner.java:336)
	at org.testng.SuiteRunnerWorker.runSuite(SuiteRunnerWorker.java:52)
	at org.testng.SuiteRunnerWorker.run(SuiteRunnerWorker.java:95)
	at org.testng.TestNG.runSuitesSequentially(TestNG.java:1280)
	at org.testng.TestNG.runSuitesLocally(TestNG.java:1200)
	at org.testng.TestNG.runSuites(TestNG.java:1114)
	at org.testng.TestNG.run(TestNG.java:1082)
	at org.testng.remote.AbstractRemoteTestNG.run(AbstractRemoteTestNG.java:115)
	at org.testng.remote.RemoteTestNG.initAndRun(RemoteTestNG.java:251)
	at org.testng.remote.RemoteTestNG.main(RemoteTestNG.java:77)
</pre></div></td>
<td>79</td>
<td>com.hrsoft.test.datamanagement.ApiFeedTestSuite@3eb631b8</td></tr>
<tr>
<td title='com.hrsoft.test.datamanagement.ApiFeedTestSuite.SMAPI41_UMEI_API_previewGridForActiveStatusOfRemoveTermTest()'><b>SMAPI41_UMEI_API_previewGridForActiveStatusOfRemoveTermTest</b><br>Test class: com.hrsoft.test.datamanagement.ApiFeedTestSuite<br>Parameters: TestDataExcel [testCase=SMAPI41_UMEI_API_previewGridForActiveStatusOfRemoveTermTest, applicationURL=https://mercfin-tcc2200-sqa.cloud.hrsoft.com/, userName=admin_user, password=eiwKka2yfPwwPaY]</td>
<td><div><pre>java.lang.AssertionError: API Feed : ULTI_DEMOGRAPHIC - Job Abort - Product : HRSOFTCLOUD Unable to Preview 
	at com.hrsoft.test.datamanagement.ApiFeedTestSuite.apiPreviewTest(ApiFeedTestSuite.java:62)
	at com.hrsoft.test.datamanagement.ApiFeedTestSuite.SMAPI41_UMEI_API_previewGridForActiveStatusOfRemoveTermTest(ApiFeedTestSuite.java:780)
	at java.base/java.util.ArrayList.forEach(ArrayList.java:1511)
... Removed 28 stack frames</pre></div><a href='#' onClick='toggleBox("stack-trace314288366", this, "Click to show all stack frames", "Click to hide stack frames")'>Click to show all stack frames</a>
<div class='stack-trace' id='stack-trace314288366'><pre>java.lang.AssertionError: API Feed : ULTI_DEMOGRAPHIC - Job Abort - Product : HRSOFTCLOUD Unable to Preview 
	at org.testng.Assert.fail(Assert.java:111)
	at com.hrsoft.test.datamanagement.ApiFeedTestSuite.apiPreviewTest(ApiFeedTestSuite.java:62)
	at com.hrsoft.test.datamanagement.ApiFeedTestSuite.SMAPI41_UMEI_API_previewGridForActiveStatusOfRemoveTermTest(ApiFeedTestSuite.java:780)
	at java.base/jdk.internal.reflect.NativeMethodAccessorImpl.invoke0(Native Method)
	at java.base/jdk.internal.reflect.NativeMethodAccessorImpl.invoke(NativeMethodAccessorImpl.java:77)
	at java.base/jdk.internal.reflect.DelegatingMethodAccessorImpl.invoke(DelegatingMethodAccessorImpl.java:43)
	at java.base/java.lang.reflect.Method.invoke(Method.java:568)
	at org.testng.internal.invokers.MethodInvocationHelper.invokeMethod(MethodInvocationHelper.java:139)
	at org.testng.internal.invokers.TestInvoker.invokeMethod(TestInvoker.java:664)
	at org.testng.internal.invokers.TestInvoker.invokeTestMethod(TestInvoker.java:227)
	at org.testng.internal.invokers.MethodRunner.runInSequence(MethodRunner.java:50)
	at org.testng.internal.invokers.TestInvoker$MethodInvocationAgent.invoke(TestInvoker.java:957)
	at org.testng.internal.invokers.TestInvoker.invokeTestMethods(TestInvoker.java:200)
	at org.testng.internal.invokers.TestMethodWorker.invokeTestMethods(TestMethodWorker.java:148)
	at org.testng.internal.invokers.TestMethodWorker.run(TestMethodWorker.java:128)
	at java.base/java.util.ArrayList.forEach(ArrayList.java:1511)
	at org.testng.TestRunner.privateRun(TestRunner.java:848)
	at org.testng.TestRunner.run(TestRunner.java:621)
	at org.testng.SuiteRunner.runTest(SuiteRunner.java:443)
	at org.testng.SuiteRunner.runSequentially(SuiteRunner.java:437)
	at org.testng.SuiteRunner.privateRun(SuiteRunner.java:397)
	at org.testng.SuiteRunner.run(SuiteRunner.java:336)
	at org.testng.SuiteRunnerWorker.runSuite(SuiteRunnerWorker.java:52)
	at org.testng.SuiteRunnerWorker.run(SuiteRunnerWorker.java:95)
	at org.testng.TestNG.runSuitesSequentially(TestNG.java:1280)
	at org.testng.TestNG.runSuitesLocally(TestNG.java:1200)
	at org.testng.TestNG.runSuites(TestNG.java:1114)
	at org.testng.TestNG.run(TestNG.java:1082)
	at org.testng.remote.AbstractRemoteTestNG.run(AbstractRemoteTestNG.java:115)
	at org.testng.remote.RemoteTestNG.initAndRun(RemoteTestNG.java:251)
	at org.testng.remote.RemoteTestNG.main(RemoteTestNG.java:77)
</pre></div></td>
<td>116</td>
<td>com.hrsoft.test.datamanagement.ApiFeedTestSuite@3eb631b8</td></tr>
<tr>
<td title='com.hrsoft.test.datamanagement.ApiFeedTestSuite.SMAPI27_UMEI_API_apiFeedImportTest_UltiPerfRatingEmp()'><b>SMAPI27_UMEI_API_apiFeedImportTest_UltiPerfRatingEmp</b><br>Test class: com.hrsoft.test.datamanagement.ApiFeedTestSuite<br>Parameters: TestDataExcel [testCase=SMAPI27_UMEI_API_apiFeedImportTest_UltiPerfRatingEmp, applicationURL=https://mercfin-tcc2200-sqa.cloud.hrsoft.com/, userName=admin_user, password=eiwKka2yfPwwPaY]</td>
<td><div><pre>java.lang.AssertionError:  Import Failed for COMPENSATION_MERCFIN_ULTI_PERF_RATING_EMP from COMPENSATION product
	at com.hrsoft.test.datamanagement.ApiFeedTestSuite.apiImportTest(ApiFeedTestSuite.java:94)
	at com.hrsoft.test.datamanagement.ApiFeedTestSuite.SMAPI27_UMEI_API_apiFeedImportTest_UltiPerfRatingEmp(ApiFeedTestSuite.java:1074)
	at java.base/java.util.ArrayList.forEach(ArrayList.java:1511)
... Removed 28 stack frames</pre></div><a href='#' onClick='toggleBox("stack-trace1377407489", this, "Click to show all stack frames", "Click to hide stack frames")'>Click to show all stack frames</a>
<div class='stack-trace' id='stack-trace1377407489'><pre>java.lang.AssertionError:  Import Failed for COMPENSATION_MERCFIN_ULTI_PERF_RATING_EMP from COMPENSATION product
	at org.testng.Assert.fail(Assert.java:111)
	at com.hrsoft.test.datamanagement.ApiFeedTestSuite.apiImportTest(ApiFeedTestSuite.java:94)
	at com.hrsoft.test.datamanagement.ApiFeedTestSuite.SMAPI27_UMEI_API_apiFeedImportTest_UltiPerfRatingEmp(ApiFeedTestSuite.java:1074)
	at java.base/jdk.internal.reflect.NativeMethodAccessorImpl.invoke0(Native Method)
	at java.base/jdk.internal.reflect.NativeMethodAccessorImpl.invoke(NativeMethodAccessorImpl.java:77)
	at java.base/jdk.internal.reflect.DelegatingMethodAccessorImpl.invoke(DelegatingMethodAccessorImpl.java:43)
	at java.base/java.lang.reflect.Method.invoke(Method.java:568)
	at org.testng.internal.invokers.MethodInvocationHelper.invokeMethod(MethodInvocationHelper.java:139)
	at org.testng.internal.invokers.TestInvoker.invokeMethod(TestInvoker.java:664)
	at org.testng.internal.invokers.TestInvoker.invokeTestMethod(TestInvoker.java:227)
	at org.testng.internal.invokers.MethodRunner.runInSequence(MethodRunner.java:50)
	at org.testng.internal.invokers.TestInvoker$MethodInvocationAgent.invoke(TestInvoker.java:957)
	at org.testng.internal.invokers.TestInvoker.invokeTestMethods(TestInvoker.java:200)
	at org.testng.internal.invokers.TestMethodWorker.invokeTestMethods(TestMethodWorker.java:148)
	at org.testng.internal.invokers.TestMethodWorker.run(TestMethodWorker.java:128)
	at java.base/java.util.ArrayList.forEach(ArrayList.java:1511)
	at org.testng.TestRunner.privateRun(TestRunner.java:848)
	at org.testng.TestRunner.run(TestRunner.java:621)
	at org.testng.SuiteRunner.runTest(SuiteRunner.java:443)
	at org.testng.SuiteRunner.runSequentially(SuiteRunner.java:437)
	at org.testng.SuiteRunner.privateRun(SuiteRunner.java:397)
	at org.testng.SuiteRunner.run(SuiteRunner.java:336)
	at org.testng.SuiteRunnerWorker.runSuite(SuiteRunnerWorker.java:52)
	at org.testng.SuiteRunnerWorker.run(SuiteRunnerWorker.java:95)
	at org.testng.TestNG.runSuitesSequentially(TestNG.java:1280)
	at org.testng.TestNG.runSuitesLocally(TestNG.java:1200)
	at org.testng.TestNG.runSuites(TestNG.java:1114)
	at org.testng.TestNG.run(TestNG.java:1082)
	at org.testng.remote.AbstractRemoteTestNG.run(AbstractRemoteTestNG.java:115)
	at org.testng.remote.RemoteTestNG.initAndRun(RemoteTestNG.java:251)
	at org.testng.remote.RemoteTestNG.main(RemoteTestNG.java:77)
</pre></div></td>
<td>144</td>
<td>com.hrsoft.test.datamanagement.ApiFeedTestSuite@3eb631b8</td></tr>
<tr>
<td title='com.hrsoft.test.datamanagement.ApiFeedTestSuite.SMAPI37_UMEI_API_previewGridAndCheckForTransformValueOfPartTimeFactorTest()'><b>SMAPI37_UMEI_API_previewGridAndCheckForTransformValueOfPartTimeFactorTest</b><br>Test class: com.hrsoft.test.datamanagement.ApiFeedTestSuite<br>Parameters: TestDataExcel [testCase=SMAPI37_UMEI_API_previewGridAndCheckForTransformValueOfPartTimeFactorTest, applicationURL=https://mercfin-tcc2200-sqa.cloud.hrsoft.com/, userName=admin_user, password=eiwKka2yfPwwPaY]</td>
<td><div><pre>java.lang.AssertionError: API Feed : ULTI_DEMOGRAPHIC - Job Abort - Product : HRSOFTCLOUD Unable to Preview 
	at com.hrsoft.test.datamanagement.ApiFeedTestSuite.apiPreviewTest(ApiFeedTestSuite.java:62)
	at com.hrsoft.test.datamanagement.ApiFeedTestSuite.SMAPI37_UMEI_API_previewGridAndCheckForTransformValueOfPartTimeFactorTest(ApiFeedTestSuite.java:686)
	at java.base/java.util.ArrayList.forEach(ArrayList.java:1511)
... Removed 28 stack frames</pre></div><a href='#' onClick='toggleBox("stack-trace150934308", this, "Click to show all stack frames", "Click to hide stack frames")'>Click to show all stack frames</a>
<div class='stack-trace' id='stack-trace150934308'><pre>java.lang.AssertionError: API Feed : ULTI_DEMOGRAPHIC - Job Abort - Product : HRSOFTCLOUD Unable to Preview 
	at org.testng.Assert.fail(Assert.java:111)
	at com.hrsoft.test.datamanagement.ApiFeedTestSuite.apiPreviewTest(ApiFeedTestSuite.java:62)
	at com.hrsoft.test.datamanagement.ApiFeedTestSuite.SMAPI37_UMEI_API_previewGridAndCheckForTransformValueOfPartTimeFactorTest(ApiFeedTestSuite.java:686)
	at java.base/jdk.internal.reflect.NativeMethodAccessorImpl.invoke0(Native Method)
	at java.base/jdk.internal.reflect.NativeMethodAccessorImpl.invoke(NativeMethodAccessorImpl.java:77)
	at java.base/jdk.internal.reflect.DelegatingMethodAccessorImpl.invoke(DelegatingMethodAccessorImpl.java:43)
	at java.base/java.lang.reflect.Method.invoke(Method.java:568)
	at org.testng.internal.invokers.MethodInvocationHelper.invokeMethod(MethodInvocationHelper.java:139)
	at org.testng.internal.invokers.TestInvoker.invokeMethod(TestInvoker.java:664)
	at org.testng.internal.invokers.TestInvoker.invokeTestMethod(TestInvoker.java:227)
	at org.testng.internal.invokers.MethodRunner.runInSequence(MethodRunner.java:50)
	at org.testng.internal.invokers.TestInvoker$MethodInvocationAgent.invoke(TestInvoker.java:957)
	at org.testng.internal.invokers.TestInvoker.invokeTestMethods(TestInvoker.java:200)
	at org.testng.internal.invokers.TestMethodWorker.invokeTestMethods(TestMethodWorker.java:148)
	at org.testng.internal.invokers.TestMethodWorker.run(TestMethodWorker.java:128)
	at java.base/java.util.ArrayList.forEach(ArrayList.java:1511)
	at org.testng.TestRunner.privateRun(TestRunner.java:848)
	at org.testng.TestRunner.run(TestRunner.java:621)
	at org.testng.SuiteRunner.runTest(SuiteRunner.java:443)
	at org.testng.SuiteRunner.runSequentially(SuiteRunner.java:437)
	at org.testng.SuiteRunner.privateRun(SuiteRunner.java:397)
	at org.testng.SuiteRunner.run(SuiteRunner.java:336)
	at org.testng.SuiteRunnerWorker.runSuite(SuiteRunnerWorker.java:52)
	at org.testng.SuiteRunnerWorker.run(SuiteRunnerWorker.java:95)
	at org.testng.TestNG.runSuitesSequentially(TestNG.java:1280)
	at org.testng.TestNG.runSuitesLocally(TestNG.java:1200)
	at org.testng.TestNG.runSuites(TestNG.java:1114)
	at org.testng.TestNG.run(TestNG.java:1082)
	at org.testng.remote.AbstractRemoteTestNG.run(AbstractRemoteTestNG.java:115)
	at org.testng.remote.RemoteTestNG.initAndRun(RemoteTestNG.java:251)
	at org.testng.remote.RemoteTestNG.main(RemoteTestNG.java:77)
</pre></div></td>
<td>153</td>
<td>com.hrsoft.test.datamanagement.ApiFeedTestSuite@3eb631b8</td></tr>
<tr>
<td title='com.hrsoft.test.dataview.DataViewTestSuite.SM50_Dataview_DataviewExplorer_SearchGroupAndVerifyWithDropdownValue()'><b>SM50_Dataview_DataviewExplorer_SearchGroupAndVerifyWithDropdownValue</b><br>Test class: com.hrsoft.test.dataview.DataViewTestSuite<br>Parameters: TestDataExcel [testCase=SM50_Dataview_DataviewExplorer_SearchGroupAndVerifyWithDropdownValue, applicationURL=https://mercfin-tcc2200-sqa.cloud.hrsoft.com/, userName=admin_user, password=eiwKka2yfPwwPaY]</td>
<td><div><pre>java.lang.AssertionError: expected [Joe Poxson Grp] but found [Joe Poxson grp]
	at com.hrsoft.test.dataview.DataViewTestSuite.SM50_Dataview_DataviewExplorer_SearchGroupAndVerifyWithDropdownValue(DataViewTestSuite.java:699)
	at java.base/java.util.ArrayList.forEach(ArrayList.java:1511)
... Removed 33 stack frames</pre></div><a href='#' onClick='toggleBox("stack-trace1097137668", this, "Click to show all stack frames", "Click to hide stack frames")'>Click to show all stack frames</a>
<div class='stack-trace' id='stack-trace1097137668'><pre>java.lang.AssertionError: expected [Joe Poxson Grp] but found [Joe Poxson grp]
	at org.testng.Assert.fail(Assert.java:111)
	at org.testng.Assert.failNotEquals(Assert.java:1578)
	at org.testng.Assert.assertEqualsImpl(Assert.java:150)
	at org.testng.Assert.assertEquals(Assert.java:132)
	at org.testng.Assert.assertEquals(Assert.java:656)
	at org.testng.Assert.assertEquals(Assert.java:666)
	at com.hrsoft.test.dataview.DataViewTestSuite.SM50_Dataview_DataviewExplorer_SearchGroupAndVerifyWithDropdownValue(DataViewTestSuite.java:699)
	at java.base/jdk.internal.reflect.NativeMethodAccessorImpl.invoke0(Native Method)
	at java.base/jdk.internal.reflect.NativeMethodAccessorImpl.invoke(NativeMethodAccessorImpl.java:77)
	at java.base/jdk.internal.reflect.DelegatingMethodAccessorImpl.invoke(DelegatingMethodAccessorImpl.java:43)
	at java.base/java.lang.reflect.Method.invoke(Method.java:568)
	at org.testng.internal.invokers.MethodInvocationHelper.invokeMethod(MethodInvocationHelper.java:139)
	at org.testng.internal.invokers.TestInvoker.invokeMethod(TestInvoker.java:664)
	at org.testng.internal.invokers.TestInvoker.invokeTestMethod(TestInvoker.java:227)
	at org.testng.internal.invokers.MethodRunner.runInSequence(MethodRunner.java:50)
	at org.testng.internal.invokers.TestInvoker$MethodInvocationAgent.invoke(TestInvoker.java:957)
	at org.testng.internal.invokers.TestInvoker.invokeTestMethods(TestInvoker.java:200)
	at org.testng.internal.invokers.TestMethodWorker.invokeTestMethods(TestMethodWorker.java:148)
	at org.testng.internal.invokers.TestMethodWorker.run(TestMethodWorker.java:128)
	at java.base/java.util.ArrayList.forEach(ArrayList.java:1511)
	at org.testng.TestRunner.privateRun(TestRunner.java:848)
	at org.testng.TestRunner.run(TestRunner.java:621)
	at org.testng.SuiteRunner.runTest(SuiteRunner.java:443)
	at org.testng.SuiteRunner.runSequentially(SuiteRunner.java:437)
	at org.testng.SuiteRunner.privateRun(SuiteRunner.java:397)
	at org.testng.SuiteRunner.run(SuiteRunner.java:336)
	at org.testng.SuiteRunnerWorker.runSuite(SuiteRunnerWorker.java:52)
	at org.testng.SuiteRunnerWorker.run(SuiteRunnerWorker.java:95)
	at org.testng.TestNG.runSuitesSequentially(TestNG.java:1280)
	at org.testng.TestNG.runSuitesLocally(TestNG.java:1200)
	at org.testng.TestNG.runSuites(TestNG.java:1114)
	at org.testng.TestNG.run(TestNG.java:1082)
	at org.testng.remote.AbstractRemoteTestNG.run(AbstractRemoteTestNG.java:115)
	at org.testng.remote.RemoteTestNG.initAndRun(RemoteTestNG.java:251)
	at org.testng.remote.RemoteTestNG.main(RemoteTestNG.java:77)
</pre></div></td>
<td>39</td>
<td>com.hrsoft.test.dataview.DataViewTestSuite@18f20260</td></tr>
<tr>
<td title='com.hrsoft.test.datamanagement.ApiFeedTestSuite.SMAPI22_UMEI_API_apiFeedPreviewTest_UltiEmpSpare()'><b>SMAPI22_UMEI_API_apiFeedPreviewTest_UltiEmpSpare</b><br>Test class: com.hrsoft.test.datamanagement.ApiFeedTestSuite<br>Parameters: TestDataExcel [testCase=SMAPI22_UMEI_API_apiFeedPreviewTest_UltiEmpSpare, applicationURL=https://mercfin-tcc2200-sqa.cloud.hrsoft.com/, userName=admin_user, password=eiwKka2yfPwwPaY]</td>
<td><div><pre>java.lang.AssertionError: API Feed : COMPENSATION_MERCFIN_ULTI_EMP_SPARES - Job Abort - Product : COMPENSATION Unable to Preview 
	at com.hrsoft.test.datamanagement.ApiFeedTestSuite.apiPreviewTest(ApiFeedTestSuite.java:62)
	at com.hrsoft.test.datamanagement.ApiFeedTestSuite.SMAPI22_UMEI_API_apiFeedPreviewTest_UltiEmpSpare(ApiFeedTestSuite.java:225)
	at java.base/java.util.ArrayList.forEach(ArrayList.java:1511)
... Removed 28 stack frames</pre></div><a href='#' onClick='toggleBox("stack-trace56604478", this, "Click to show all stack frames", "Click to hide stack frames")'>Click to show all stack frames</a>
<div class='stack-trace' id='stack-trace56604478'><pre>java.lang.AssertionError: API Feed : COMPENSATION_MERCFIN_ULTI_EMP_SPARES - Job Abort - Product : COMPENSATION Unable to Preview 
	at org.testng.Assert.fail(Assert.java:111)
	at com.hrsoft.test.datamanagement.ApiFeedTestSuite.apiPreviewTest(ApiFeedTestSuite.java:62)
	at com.hrsoft.test.datamanagement.ApiFeedTestSuite.SMAPI22_UMEI_API_apiFeedPreviewTest_UltiEmpSpare(ApiFeedTestSuite.java:225)
	at java.base/jdk.internal.reflect.NativeMethodAccessorImpl.invoke0(Native Method)
	at java.base/jdk.internal.reflect.NativeMethodAccessorImpl.invoke(NativeMethodAccessorImpl.java:77)
	at java.base/jdk.internal.reflect.DelegatingMethodAccessorImpl.invoke(DelegatingMethodAccessorImpl.java:43)
	at java.base/java.lang.reflect.Method.invoke(Method.java:568)
	at org.testng.internal.invokers.MethodInvocationHelper.invokeMethod(MethodInvocationHelper.java:139)
	at org.testng.internal.invokers.TestInvoker.invokeMethod(TestInvoker.java:664)
	at org.testng.internal.invokers.TestInvoker.invokeTestMethod(TestInvoker.java:227)
	at org.testng.internal.invokers.MethodRunner.runInSequence(MethodRunner.java:50)
	at org.testng.internal.invokers.TestInvoker$MethodInvocationAgent.invoke(TestInvoker.java:957)
	at org.testng.internal.invokers.TestInvoker.invokeTestMethods(TestInvoker.java:200)
	at org.testng.internal.invokers.TestMethodWorker.invokeTestMethods(TestMethodWorker.java:148)
	at org.testng.internal.invokers.TestMethodWorker.run(TestMethodWorker.java:128)
	at java.base/java.util.ArrayList.forEach(ArrayList.java:1511)
	at org.testng.TestRunner.privateRun(TestRunner.java:848)
	at org.testng.TestRunner.run(TestRunner.java:621)
	at org.testng.SuiteRunner.runTest(SuiteRunner.java:443)
	at org.testng.SuiteRunner.runSequentially(SuiteRunner.java:437)
	at org.testng.SuiteRunner.privateRun(SuiteRunner.java:397)
	at org.testng.SuiteRunner.run(SuiteRunner.java:336)
	at org.testng.SuiteRunnerWorker.runSuite(SuiteRunnerWorker.java:52)
	at org.testng.SuiteRunnerWorker.run(SuiteRunnerWorker.java:95)
	at org.testng.TestNG.runSuitesSequentially(TestNG.java:1280)
	at org.testng.TestNG.runSuitesLocally(TestNG.java:1200)
	at org.testng.TestNG.runSuites(TestNG.java:1114)
	at org.testng.TestNG.run(TestNG.java:1082)
	at org.testng.remote.AbstractRemoteTestNG.run(AbstractRemoteTestNG.java:115)
	at org.testng.remote.RemoteTestNG.initAndRun(RemoteTestNG.java:251)
	at org.testng.remote.RemoteTestNG.main(RemoteTestNG.java:77)
</pre></div></td>
<td>80</td>
<td>com.hrsoft.test.datamanagement.ApiFeedTestSuite@3eb631b8</td></tr>
<tr>
<td title='com.hrsoft.test.datamanagement.ApiFeedTestSuite.SMAPI31_UMEI_API_apiFeedImportTest_UltiPlaformEmpSpares()'><b>SMAPI31_UMEI_API_apiFeedImportTest_UltiPlaformEmpSpares</b><br>Test class: com.hrsoft.test.datamanagement.ApiFeedTestSuite<br>Parameters: TestDataExcel [testCase=SMAPI31_UMEI_API_apiFeedImportTest_UltiPlaformEmpSpares, applicationURL=https://mercfin-tcc2200-sqa.cloud.hrsoft.com/, userName=admin_user, password=eiwKka2yfPwwPaY]</td>
<td><div><pre>java.lang.AssertionError:  Import Failed for COMPENSATION_MERCFIN_ULTI_PLATFORM_EMP_SPARES from COMPENSATION product
	at com.hrsoft.test.datamanagement.ApiFeedTestSuite.apiImportTest(ApiFeedTestSuite.java:94)
	at com.hrsoft.test.datamanagement.ApiFeedTestSuite.SMAPI31_UMEI_API_apiFeedImportTest_UltiPlaformEmpSpares(ApiFeedTestSuite.java:1085)
	at java.base/java.util.ArrayList.forEach(ArrayList.java:1511)
... Removed 28 stack frames</pre></div><a href='#' onClick='toggleBox("stack-trace1034574603", this, "Click to show all stack frames", "Click to hide stack frames")'>Click to show all stack frames</a>
<div class='stack-trace' id='stack-trace1034574603'><pre>java.lang.AssertionError:  Import Failed for COMPENSATION_MERCFIN_ULTI_PLATFORM_EMP_SPARES from COMPENSATION product
	at org.testng.Assert.fail(Assert.java:111)
	at com.hrsoft.test.datamanagement.ApiFeedTestSuite.apiImportTest(ApiFeedTestSuite.java:94)
	at com.hrsoft.test.datamanagement.ApiFeedTestSuite.SMAPI31_UMEI_API_apiFeedImportTest_UltiPlaformEmpSpares(ApiFeedTestSuite.java:1085)
	at java.base/jdk.internal.reflect.NativeMethodAccessorImpl.invoke0(Native Method)
	at java.base/jdk.internal.reflect.NativeMethodAccessorImpl.invoke(NativeMethodAccessorImpl.java:77)
	at java.base/jdk.internal.reflect.DelegatingMethodAccessorImpl.invoke(DelegatingMethodAccessorImpl.java:43)
	at java.base/java.lang.reflect.Method.invoke(Method.java:568)
	at org.testng.internal.invokers.MethodInvocationHelper.invokeMethod(MethodInvocationHelper.java:139)
	at org.testng.internal.invokers.TestInvoker.invokeMethod(TestInvoker.java:664)
	at org.testng.internal.invokers.TestInvoker.invokeTestMethod(TestInvoker.java:227)
	at org.testng.internal.invokers.MethodRunner.runInSequence(MethodRunner.java:50)
	at org.testng.internal.invokers.TestInvoker$MethodInvocationAgent.invoke(TestInvoker.java:957)
	at org.testng.internal.invokers.TestInvoker.invokeTestMethods(TestInvoker.java:200)
	at org.testng.internal.invokers.TestMethodWorker.invokeTestMethods(TestMethodWorker.java:148)
	at org.testng.internal.invokers.TestMethodWorker.run(TestMethodWorker.java:128)
	at java.base/java.util.ArrayList.forEach(ArrayList.java:1511)
	at org.testng.TestRunner.privateRun(TestRunner.java:848)
	at org.testng.TestRunner.run(TestRunner.java:621)
	at org.testng.SuiteRunner.runTest(SuiteRunner.java:443)
	at org.testng.SuiteRunner.runSequentially(SuiteRunner.java:437)
	at org.testng.SuiteRunner.privateRun(SuiteRunner.java:397)
	at org.testng.SuiteRunner.run(SuiteRunner.java:336)
	at org.testng.SuiteRunnerWorker.runSuite(SuiteRunnerWorker.java:52)
	at org.testng.SuiteRunnerWorker.run(SuiteRunnerWorker.java:95)
	at org.testng.TestNG.runSuitesSequentially(TestNG.java:1280)
	at org.testng.TestNG.runSuitesLocally(TestNG.java:1200)
	at org.testng.TestNG.runSuites(TestNG.java:1114)
	at org.testng.TestNG.run(TestNG.java:1082)
	at org.testng.remote.AbstractRemoteTestNG.run(AbstractRemoteTestNG.java:115)
	at org.testng.remote.RemoteTestNG.initAndRun(RemoteTestNG.java:251)
	at org.testng.remote.RemoteTestNG.main(RemoteTestNG.java:77)
</pre></div></td>
<td>57</td>
<td>com.hrsoft.test.datamanagement.ApiFeedTestSuite@3eb631b8</td></tr>
<tr>
<td title='com.hrsoft.test.datamanagement.ApiFeedTestSuite.SMAPI40_UMEI_API_apiDataProviderFeedConfigureTest()'><b>SMAPI40_UMEI_API_apiDataProviderFeedConfigureTest</b><br>Test class: com.hrsoft.test.datamanagement.ApiFeedTestSuite<br>Parameters: TestDataExcel [testCase=SMAPI40_UMEI_API_apiDataProviderFeedConfigureTest, applicationURL=https://mercfin-tcc2200-sqa.cloud.hrsoft.com/, userName=admin_user, password=eiwKka2yfPwwPaY]</td>
<td><div><pre>java.lang.AssertionError: API Feed : ULTI_P4P_DEMOGRAPHIC - Job Abort - Product : HRSOFTCLOUD Unable to Preview 
	at com.hrsoft.test.datamanagement.ApiFeedTestSuite.SMAPI40_UMEI_API_apiDataProviderFeedConfigureTest(ApiFeedTestSuite.java:918)
	at java.base/java.util.ArrayList.forEach(ArrayList.java:1511)
... Removed 28 stack frames</pre></div><a href='#' onClick='toggleBox("stack-trace1597222353", this, "Click to show all stack frames", "Click to hide stack frames")'>Click to show all stack frames</a>
<div class='stack-trace' id='stack-trace1597222353'><pre>java.lang.AssertionError: API Feed : ULTI_P4P_DEMOGRAPHIC - Job Abort - Product : HRSOFTCLOUD Unable to Preview 
	at org.testng.Assert.fail(Assert.java:111)
	at com.hrsoft.test.datamanagement.ApiFeedTestSuite.SMAPI40_UMEI_API_apiDataProviderFeedConfigureTest(ApiFeedTestSuite.java:918)
	at java.base/jdk.internal.reflect.NativeMethodAccessorImpl.invoke0(Native Method)
	at java.base/jdk.internal.reflect.NativeMethodAccessorImpl.invoke(NativeMethodAccessorImpl.java:77)
	at java.base/jdk.internal.reflect.DelegatingMethodAccessorImpl.invoke(DelegatingMethodAccessorImpl.java:43)
	at java.base/java.lang.reflect.Method.invoke(Method.java:568)
	at org.testng.internal.invokers.MethodInvocationHelper.invokeMethod(MethodInvocationHelper.java:139)
	at org.testng.internal.invokers.TestInvoker.invokeMethod(TestInvoker.java:664)
	at org.testng.internal.invokers.TestInvoker.invokeTestMethod(TestInvoker.java:227)
	at org.testng.internal.invokers.MethodRunner.runInSequence(MethodRunner.java:50)
	at org.testng.internal.invokers.TestInvoker$MethodInvocationAgent.invoke(TestInvoker.java:957)
	at org.testng.internal.invokers.TestInvoker.invokeTestMethods(TestInvoker.java:200)
	at org.testng.internal.invokers.TestMethodWorker.invokeTestMethods(TestMethodWorker.java:148)
	at org.testng.internal.invokers.TestMethodWorker.run(TestMethodWorker.java:128)
	at java.base/java.util.ArrayList.forEach(ArrayList.java:1511)
	at org.testng.TestRunner.privateRun(TestRunner.java:848)
	at org.testng.TestRunner.run(TestRunner.java:621)
	at org.testng.SuiteRunner.runTest(SuiteRunner.java:443)
	at org.testng.SuiteRunner.runSequentially(SuiteRunner.java:437)
	at org.testng.SuiteRunner.privateRun(SuiteRunner.java:397)
	at org.testng.SuiteRunner.run(SuiteRunner.java:336)
	at org.testng.SuiteRunnerWorker.runSuite(SuiteRunnerWorker.java:52)
	at org.testng.SuiteRunnerWorker.run(SuiteRunnerWorker.java:95)
	at org.testng.TestNG.runSuitesSequentially(TestNG.java:1280)
	at org.testng.TestNG.runSuitesLocally(TestNG.java:1200)
	at org.testng.TestNG.runSuites(TestNG.java:1114)
	at org.testng.TestNG.run(TestNG.java:1082)
	at org.testng.remote.AbstractRemoteTestNG.run(AbstractRemoteTestNG.java:115)
	at org.testng.remote.RemoteTestNG.initAndRun(RemoteTestNG.java:251)
	at org.testng.remote.RemoteTestNG.main(RemoteTestNG.java:77)
</pre></div></td>
<td>128</td>
<td>com.hrsoft.test.datamanagement.ApiFeedTestSuite@3eb631b8</td></tr>
<tr>
<td title='com.hrsoft.test.rewardsview.ManagerViewTestSuite.SM30_RewardsView_SearchForManagerGroup_ThroughEmployee()'><b>SM30_RewardsView_SearchForManagerGroup_ThroughEmployee</b><br>Test class: com.hrsoft.test.rewardsview.ManagerViewTestSuite<br>Parameters: TestDataExcel [testCase=SM30_RewardsView_SearchForManagerGroup_ThroughEmployee, applicationURL=https://mercfin-tcc2200-sqa.cloud.hrsoft.com/, userName=admin_user, password=eiwKka2yfPwwPaY]</td>
<td><div><pre>java.lang.NullPointerException: Cannot invoke &quot;java.lang.Integer.intValue()&quot; because the return value of &quot;java.lang.reflect.InvocationHandler.invoke(Object, java.lang.reflect.Method, Object[])&quot; is null
	at jdk.proxy2/jdk.proxy2.$Proxy18.compPlanId(Unknown Source)
	at com.hrsoft.db.CompViewDbHelper.getEmployeesByManagerGuid(CompViewDbHelper.java:407)
	at com.hrsoft.test.rewardsview.ManagerViewTestSuite.SM30_RewardsView_SearchForManagerGroup_ThroughEmployee(ManagerViewTestSuite.java:142)
	at java.base/java.util.ArrayList.forEach(ArrayList.java:1511)
... Removed 27 stack frames</pre></div><a href='#' onClick='toggleBox("stack-trace992637198", this, "Click to show all stack frames", "Click to hide stack frames")'>Click to show all stack frames</a>
<div class='stack-trace' id='stack-trace992637198'><pre>java.lang.NullPointerException: Cannot invoke &quot;java.lang.Integer.intValue()&quot; because the return value of &quot;java.lang.reflect.InvocationHandler.invoke(Object, java.lang.reflect.Method, Object[])&quot; is null
	at jdk.proxy2/jdk.proxy2.$Proxy18.compPlanId(Unknown Source)
	at com.hrsoft.db.CompViewDbHelper.getEmployeesByManagerGuid(CompViewDbHelper.java:407)
	at com.hrsoft.test.rewardsview.ManagerViewTestSuite.SM30_RewardsView_SearchForManagerGroup_ThroughEmployee(ManagerViewTestSuite.java:142)
	at java.base/jdk.internal.reflect.NativeMethodAccessorImpl.invoke0(Native Method)
	at java.base/jdk.internal.reflect.NativeMethodAccessorImpl.invoke(NativeMethodAccessorImpl.java:77)
	at java.base/jdk.internal.reflect.DelegatingMethodAccessorImpl.invoke(DelegatingMethodAccessorImpl.java:43)
	at java.base/java.lang.reflect.Method.invoke(Method.java:568)
	at org.testng.internal.invokers.MethodInvocationHelper.invokeMethod(MethodInvocationHelper.java:139)
	at org.testng.internal.invokers.TestInvoker.invokeMethod(TestInvoker.java:664)
	at org.testng.internal.invokers.TestInvoker.invokeTestMethod(TestInvoker.java:227)
	at org.testng.internal.invokers.MethodRunner.runInSequence(MethodRunner.java:50)
	at org.testng.internal.invokers.TestInvoker$MethodInvocationAgent.invoke(TestInvoker.java:957)
	at org.testng.internal.invokers.TestInvoker.invokeTestMethods(TestInvoker.java:200)
	at org.testng.internal.invokers.TestMethodWorker.invokeTestMethods(TestMethodWorker.java:148)
	at org.testng.internal.invokers.TestMethodWorker.run(TestMethodWorker.java:128)
	at java.base/java.util.ArrayList.forEach(ArrayList.java:1511)
	at org.testng.TestRunner.privateRun(TestRunner.java:848)
	at org.testng.TestRunner.run(TestRunner.java:621)
	at org.testng.SuiteRunner.runTest(SuiteRunner.java:443)
	at org.testng.SuiteRunner.runSequentially(SuiteRunner.java:437)
	at org.testng.SuiteRunner.privateRun(SuiteRunner.java:397)
	at org.testng.SuiteRunner.run(SuiteRunner.java:336)
	at org.testng.SuiteRunnerWorker.runSuite(SuiteRunnerWorker.java:52)
	at org.testng.SuiteRunnerWorker.run(SuiteRunnerWorker.java:95)
	at org.testng.TestNG.runSuitesSequentially(TestNG.java:1280)
	at org.testng.TestNG.runSuitesLocally(TestNG.java:1200)
	at org.testng.TestNG.runSuites(TestNG.java:1114)
	at org.testng.TestNG.run(TestNG.java:1082)
	at org.testng.remote.AbstractRemoteTestNG.run(AbstractRemoteTestNG.java:115)
	at org.testng.remote.RemoteTestNG.initAndRun(RemoteTestNG.java:251)
	at org.testng.remote.RemoteTestNG.main(RemoteTestNG.java:77)
</pre></div></td>
<td>0</td>
<td>com.hrsoft.test.rewardsview.ManagerViewTestSuite@464a4442</td></tr>
<tr>
<td title='com.hrsoft.test.compensation.CompOverviewTestSuite.SM_38_39_CompView_PlannerCanResetEnteredAwardAndChangedJob()'><b>SM_38_39_CompView_PlannerCanResetEnteredAwardAndChangedJob</b><br>Test class: com.hrsoft.test.compensation.CompOverviewTestSuite<br>Parameters: TestDataExcel [testCase=SM_38_39_CompView_PlannerCanResetEnteredAwardAndChangedJob, applicationURL=https://mercfin-tcc2200-sqa.cloud.hrsoft.com/, userName=admin_user, password=eiwKka2yfPwwPaY]</td>
<td><div><pre>org.openqa.selenium.TimeoutException: Expected condition failed: waiting for element to be clickable: By.xpath: //input[@actiontype=&apos;ResetGroupAwards&apos;] (tried for 10 second(s) with 500 milliseconds interval)
Build info: version: &apos;4.10.0&apos;, revision: &apos;c14d967899&apos;
System info: os.name: &apos;Windows Server 2022&apos;, os.arch: &apos;amd64&apos;, os.version: &apos;10.0&apos;, java.version: &apos;17.0.7&apos;
Driver info: org.openqa.selenium.edge.EdgeDriver
Capabilities {acceptInsecureCerts: false, browserName: msedge, browserVersion: 114.0.1823.67, ms:edgeOptions: {debuggerAddress: localhost:59622}, msedge: {msedgedriverVersion: 114.0.1823.82 (ac4903679dd6..., userDataDir: C:\Users\KIRAN~1.YAJ\AppDat...}, networkConnectionEnabled: false, pageLoadStrategy: normal, platformName: windows, proxy: Proxy(), se:cdp: ws://localhost:59622/devtoo..., se:cdpVersion: 114.0.1823.67, setWindowRect: true, strictFileInteractability: false, timeouts: {implicit: 0, pageLoad: 300000, script: 30000}, unhandledPromptBehavior: dismiss and notify, webauthn:extension:credBlob: true, webauthn:extension:largeBlob: true, webauthn:extension:minPinLength: true, webauthn:extension:prf: true, webauthn:virtualAuthenticators: true}
Session ID: e1476f870d0d9b7260010f42c838d638
	at org.openqa.selenium.support.ui.WebDriverWait.timeoutException(WebDriverWait.java:84)
	at org.openqa.selenium.support.ui.FluentWait.until(FluentWait.java:230)
	at com.hrsoft.utils.seleniumfy.BasePage.waitForElementClickable(BasePage.java:534)
	at com.hrsoft.utils.seleniumfy.BasePage.waitForElementClickable(BasePage.java:512)
	at com.hrsoft.utils.seleniumfy.BasePage.click(BasePage.java:618)
	at com.hrsoft.gui.compensation.PlanningPage.clickResetAwards(PlanningPage.java:326)
	at com.hrsoft.test.compensation.CompOverviewTestSuite.SM_38_39_CompView_PlannerCanResetEnteredAwardAndChangedJob(CompOverviewTestSuite.java:209)
	at java.base/java.util.ArrayList.forEach(ArrayList.java:1511)
... Removed 27 stack frames</pre></div><a href='#' onClick='toggleBox("stack-trace1826959234", this, "Click to show all stack frames", "Click to hide stack frames")'>Click to show all stack frames</a>
<div class='stack-trace' id='stack-trace1826959234'><pre>org.openqa.selenium.TimeoutException: Expected condition failed: waiting for element to be clickable: By.xpath: //input[@actiontype=&apos;ResetGroupAwards&apos;] (tried for 10 second(s) with 500 milliseconds interval)
Build info: version: &apos;4.10.0&apos;, revision: &apos;c14d967899&apos;
System info: os.name: &apos;Windows Server 2022&apos;, os.arch: &apos;amd64&apos;, os.version: &apos;10.0&apos;, java.version: &apos;17.0.7&apos;
Driver info: org.openqa.selenium.edge.EdgeDriver
Capabilities {acceptInsecureCerts: false, browserName: msedge, browserVersion: 114.0.1823.67, ms:edgeOptions: {debuggerAddress: localhost:59622}, msedge: {msedgedriverVersion: 114.0.1823.82 (ac4903679dd6..., userDataDir: C:\Users\KIRAN~1.YAJ\AppDat...}, networkConnectionEnabled: false, pageLoadStrategy: normal, platformName: windows, proxy: Proxy(), se:cdp: ws://localhost:59622/devtoo..., se:cdpVersion: 114.0.1823.67, setWindowRect: true, strictFileInteractability: false, timeouts: {implicit: 0, pageLoad: 300000, script: 30000}, unhandledPromptBehavior: dismiss and notify, webauthn:extension:credBlob: true, webauthn:extension:largeBlob: true, webauthn:extension:minPinLength: true, webauthn:extension:prf: true, webauthn:virtualAuthenticators: true}
Session ID: e1476f870d0d9b7260010f42c838d638
	at org.openqa.selenium.support.ui.WebDriverWait.timeoutException(WebDriverWait.java:84)
	at org.openqa.selenium.support.ui.FluentWait.until(FluentWait.java:230)
	at com.hrsoft.utils.seleniumfy.BasePage.waitForElementClickable(BasePage.java:534)
	at com.hrsoft.utils.seleniumfy.BasePage.waitForElementClickable(BasePage.java:512)
	at com.hrsoft.utils.seleniumfy.BasePage.click(BasePage.java:618)
	at com.hrsoft.gui.compensation.PlanningPage.clickResetAwards(PlanningPage.java:326)
	at com.hrsoft.test.compensation.CompOverviewTestSuite.SM_38_39_CompView_PlannerCanResetEnteredAwardAndChangedJob(CompOverviewTestSuite.java:209)
	at java.base/jdk.internal.reflect.NativeMethodAccessorImpl.invoke0(Native Method)
	at java.base/jdk.internal.reflect.NativeMethodAccessorImpl.invoke(NativeMethodAccessorImpl.java:77)
	at java.base/jdk.internal.reflect.DelegatingMethodAccessorImpl.invoke(DelegatingMethodAccessorImpl.java:43)
	at java.base/java.lang.reflect.Method.invoke(Method.java:568)
	at org.testng.internal.invokers.MethodInvocationHelper.invokeMethod(MethodInvocationHelper.java:139)
	at org.testng.internal.invokers.TestInvoker.invokeMethod(TestInvoker.java:664)
	at org.testng.internal.invokers.TestInvoker.invokeTestMethod(TestInvoker.java:227)
	at org.testng.internal.invokers.MethodRunner.runInSequence(MethodRunner.java:50)
	at org.testng.internal.invokers.TestInvoker$MethodInvocationAgent.invoke(TestInvoker.java:957)
	at org.testng.internal.invokers.TestInvoker.invokeTestMethods(TestInvoker.java:200)
	at org.testng.internal.invokers.TestMethodWorker.invokeTestMethods(TestMethodWorker.java:148)
	at org.testng.internal.invokers.TestMethodWorker.run(TestMethodWorker.java:128)
	at java.base/java.util.ArrayList.forEach(ArrayList.java:1511)
	at org.testng.TestRunner.privateRun(TestRunner.java:848)
	at org.testng.TestRunner.run(TestRunner.java:621)
	at org.testng.SuiteRunner.runTest(SuiteRunner.java:443)
	at org.testng.SuiteRunner.runSequentially(SuiteRunner.java:437)
	at org.testng.SuiteRunner.privateRun(SuiteRunner.java:397)
	at org.testng.SuiteRunner.run(SuiteRunner.java:336)
	at org.testng.SuiteRunnerWorker.runSuite(SuiteRunnerWorker.java:52)
	at org.testng.SuiteRunnerWorker.run(SuiteRunnerWorker.java:95)
	at org.testng.TestNG.runSuitesSequentially(TestNG.java:1280)
	at org.testng.TestNG.runSuitesLocally(TestNG.java:1200)
	at org.testng.TestNG.runSuites(TestNG.java:1114)
	at org.testng.TestNG.run(TestNG.java:1082)
	at org.testng.remote.AbstractRemoteTestNG.run(AbstractRemoteTestNG.java:115)
	at org.testng.remote.RemoteTestNG.initAndRun(RemoteTestNG.java:251)
	at org.testng.remote.RemoteTestNG.main(RemoteTestNG.java:77)
</pre></div></td>
<td>99</td>
<td>com.hrsoft.test.compensation.CompOverviewTestSuite@3f28bd56</td></tr>
<tr>
<td title='com.hrsoft.test.datamanagement.ApiFeedTestSuite.SMAPI25_UMEI_API_apiFeedImportTest_UltiEmpSpare()'><b>SMAPI25_UMEI_API_apiFeedImportTest_UltiEmpSpare</b><br>Test class: com.hrsoft.test.datamanagement.ApiFeedTestSuite<br>Parameters: TestDataExcel [testCase=SMAPI25_UMEI_API_apiFeedImportTest_UltiEmpSpare, applicationURL=https://mercfin-tcc2200-sqa.cloud.hrsoft.com/, userName=admin_user, password=eiwKka2yfPwwPaY]</td>
<td><div><pre>java.lang.AssertionError:  Import Failed for COMPENSATION_MERCFIN_ULTI_EMP_SPARES from COMPENSATION product
	at com.hrsoft.test.datamanagement.ApiFeedTestSuite.apiImportTest(ApiFeedTestSuite.java:94)
	at com.hrsoft.test.datamanagement.ApiFeedTestSuite.SMAPI25_UMEI_API_apiFeedImportTest_UltiEmpSpare(ApiFeedTestSuite.java:1041)
	at java.base/java.util.ArrayList.forEach(ArrayList.java:1511)
... Removed 28 stack frames</pre></div><a href='#' onClick='toggleBox("stack-trace1738890831", this, "Click to show all stack frames", "Click to hide stack frames")'>Click to show all stack frames</a>
<div class='stack-trace' id='stack-trace1738890831'><pre>java.lang.AssertionError:  Import Failed for COMPENSATION_MERCFIN_ULTI_EMP_SPARES from COMPENSATION product
	at org.testng.Assert.fail(Assert.java:111)
	at com.hrsoft.test.datamanagement.ApiFeedTestSuite.apiImportTest(ApiFeedTestSuite.java:94)
	at com.hrsoft.test.datamanagement.ApiFeedTestSuite.SMAPI25_UMEI_API_apiFeedImportTest_UltiEmpSpare(ApiFeedTestSuite.java:1041)
	at java.base/jdk.internal.reflect.NativeMethodAccessorImpl.invoke0(Native Method)
	at java.base/jdk.internal.reflect.NativeMethodAccessorImpl.invoke(NativeMethodAccessorImpl.java:77)
	at java.base/jdk.internal.reflect.DelegatingMethodAccessorImpl.invoke(DelegatingMethodAccessorImpl.java:43)
	at java.base/java.lang.reflect.Method.invoke(Method.java:568)
	at org.testng.internal.invokers.MethodInvocationHelper.invokeMethod(MethodInvocationHelper.java:139)
	at org.testng.internal.invokers.TestInvoker.invokeMethod(TestInvoker.java:664)
	at org.testng.internal.invokers.TestInvoker.invokeTestMethod(TestInvoker.java:227)
	at org.testng.internal.invokers.MethodRunner.runInSequence(MethodRunner.java:50)
	at org.testng.internal.invokers.TestInvoker$MethodInvocationAgent.invoke(TestInvoker.java:957)
	at org.testng.internal.invokers.TestInvoker.invokeTestMethods(TestInvoker.java:200)
	at org.testng.internal.invokers.TestMethodWorker.invokeTestMethods(TestMethodWorker.java:148)
	at org.testng.internal.invokers.TestMethodWorker.run(TestMethodWorker.java:128)
	at java.base/java.util.ArrayList.forEach(ArrayList.java:1511)
	at org.testng.TestRunner.privateRun(TestRunner.java:848)
	at org.testng.TestRunner.run(TestRunner.java:621)
	at org.testng.SuiteRunner.runTest(SuiteRunner.java:443)
	at org.testng.SuiteRunner.runSequentially(SuiteRunner.java:437)
	at org.testng.SuiteRunner.privateRun(SuiteRunner.java:397)
	at org.testng.SuiteRunner.run(SuiteRunner.java:336)
	at org.testng.SuiteRunnerWorker.runSuite(SuiteRunnerWorker.java:52)
	at org.testng.SuiteRunnerWorker.run(SuiteRunnerWorker.java:95)
	at org.testng.TestNG.runSuitesSequentially(TestNG.java:1280)
	at org.testng.TestNG.runSuitesLocally(TestNG.java:1200)
	at org.testng.TestNG.runSuites(TestNG.java:1114)
	at org.testng.TestNG.run(TestNG.java:1082)
	at org.testng.remote.AbstractRemoteTestNG.run(AbstractRemoteTestNG.java:115)
	at org.testng.remote.RemoteTestNG.initAndRun(RemoteTestNG.java:251)
	at org.testng.remote.RemoteTestNG.main(RemoteTestNG.java:77)
</pre></div></td>
<td>59</td>
<td>com.hrsoft.test.datamanagement.ApiFeedTestSuite@3eb631b8</td></tr>
<tr>
<td title='com.hrsoft.test.datamanagement.ApiFeedTestSuite.SMAPI38_UMEI_API_previewGridAndCheckForTransformValueOfCurrencyCodeTest()'><b>SMAPI38_UMEI_API_previewGridAndCheckForTransformValueOfCurrencyCodeTest</b><br>Test class: com.hrsoft.test.datamanagement.ApiFeedTestSuite<br>Parameters: TestDataExcel [testCase=SMAPI38_UMEI_API_previewGridAndCheckForTransformValueOfCurrencyCodeTest, applicationURL=https://mercfin-tcc2200-sqa.cloud.hrsoft.com/, userName=admin_user, password=eiwKka2yfPwwPaY]</td>
<td><div><pre>java.lang.AssertionError: API Feed : ULTI_DEMOGRAPHIC - Job Abort - Product : HRSOFTCLOUD Unable to Preview 
	at com.hrsoft.test.datamanagement.ApiFeedTestSuite.apiPreviewTest(ApiFeedTestSuite.java:62)
	at com.hrsoft.test.datamanagement.ApiFeedTestSuite.SMAPI38_UMEI_API_previewGridAndCheckForTransformValueOfCurrencyCodeTest(ApiFeedTestSuite.java:731)
	at java.base/java.util.ArrayList.forEach(ArrayList.java:1511)
... Removed 28 stack frames</pre></div><a href='#' onClick='toggleBox("stack-trace1530190751", this, "Click to show all stack frames", "Click to hide stack frames")'>Click to show all stack frames</a>
<div class='stack-trace' id='stack-trace1530190751'><pre>java.lang.AssertionError: API Feed : ULTI_DEMOGRAPHIC - Job Abort - Product : HRSOFTCLOUD Unable to Preview 
	at org.testng.Assert.fail(Assert.java:111)
	at com.hrsoft.test.datamanagement.ApiFeedTestSuite.apiPreviewTest(ApiFeedTestSuite.java:62)
	at com.hrsoft.test.datamanagement.ApiFeedTestSuite.SMAPI38_UMEI_API_previewGridAndCheckForTransformValueOfCurrencyCodeTest(ApiFeedTestSuite.java:731)
	at java.base/jdk.internal.reflect.NativeMethodAccessorImpl.invoke0(Native Method)
	at java.base/jdk.internal.reflect.NativeMethodAccessorImpl.invoke(NativeMethodAccessorImpl.java:77)
	at java.base/jdk.internal.reflect.DelegatingMethodAccessorImpl.invoke(DelegatingMethodAccessorImpl.java:43)
	at java.base/java.lang.reflect.Method.invoke(Method.java:568)
	at org.testng.internal.invokers.MethodInvocationHelper.invokeMethod(MethodInvocationHelper.java:139)
	at org.testng.internal.invokers.TestInvoker.invokeMethod(TestInvoker.java:664)
	at org.testng.internal.invokers.TestInvoker.invokeTestMethod(TestInvoker.java:227)
	at org.testng.internal.invokers.MethodRunner.runInSequence(MethodRunner.java:50)
	at org.testng.internal.invokers.TestInvoker$MethodInvocationAgent.invoke(TestInvoker.java:957)
	at org.testng.internal.invokers.TestInvoker.invokeTestMethods(TestInvoker.java:200)
	at org.testng.internal.invokers.TestMethodWorker.invokeTestMethods(TestMethodWorker.java:148)
	at org.testng.internal.invokers.TestMethodWorker.run(TestMethodWorker.java:128)
	at java.base/java.util.ArrayList.forEach(ArrayList.java:1511)
	at org.testng.TestRunner.privateRun(TestRunner.java:848)
	at org.testng.TestRunner.run(TestRunner.java:621)
	at org.testng.SuiteRunner.runTest(SuiteRunner.java:443)
	at org.testng.SuiteRunner.runSequentially(SuiteRunner.java:437)
	at org.testng.SuiteRunner.privateRun(SuiteRunner.java:397)
	at org.testng.SuiteRunner.run(SuiteRunner.java:336)
	at org.testng.SuiteRunnerWorker.runSuite(SuiteRunnerWorker.java:52)
	at org.testng.SuiteRunnerWorker.run(SuiteRunnerWorker.java:95)
	at org.testng.TestNG.runSuitesSequentially(TestNG.java:1280)
	at org.testng.TestNG.runSuitesLocally(TestNG.java:1200)
	at org.testng.TestNG.runSuites(TestNG.java:1114)
	at org.testng.TestNG.run(TestNG.java:1082)
	at org.testng.remote.AbstractRemoteTestNG.run(AbstractRemoteTestNG.java:115)
	at org.testng.remote.RemoteTestNG.initAndRun(RemoteTestNG.java:251)
	at org.testng.remote.RemoteTestNG.main(RemoteTestNG.java:77)
</pre></div></td>
<td>112</td>
<td>com.hrsoft.test.datamanagement.ApiFeedTestSuite@3eb631b8</td></tr>
<tr>
<td title='com.hrsoft.test.compensation.PlanningPageTestSuite.SM_150_152_CompensationJobRecommendation_VerifyJobRecommendationAndRevertingFunctionality()'><b>SM_150_152_CompensationJobRecommendation_VerifyJobRecommendationAndRevertingFunctionality</b><br>Test class: com.hrsoft.test.compensation.PlanningPageTestSuite<br>Parameters: TestDataExcel [testCase=SM_150_152_CompensationJobRecommendation_VerifyJobRecommendationAndRevertingFunctionality, applicationURL=https://mercfin-tcc2200-sqa.cloud.hrsoft.com/, userName=admin_user, password=eiwKka2yfPwwPaY]</td>
<td><div><pre>org.openqa.selenium.TimeoutException: Expected condition failed: waiting for visibility of element located by By.xpath: //input[@id=&apos;btnJobPromotionDialogClose&apos;] (tried for 10 second(s) with 500 milliseconds interval)
Build info: version: &apos;4.10.0&apos;, revision: &apos;c14d967899&apos;
System info: os.name: &apos;Windows Server 2022&apos;, os.arch: &apos;amd64&apos;, os.version: &apos;10.0&apos;, java.version: &apos;17.0.7&apos;
Driver info: org.openqa.selenium.edge.EdgeDriver
Capabilities {acceptInsecureCerts: false, browserName: msedge, browserVersion: 114.0.1823.67, ms:edgeOptions: {debuggerAddress: localhost:58323}, msedge: {msedgedriverVersion: 114.0.1823.82 (ac4903679dd6..., userDataDir: C:\Users\KIRAN~1.YAJ\AppDat...}, networkConnectionEnabled: false, pageLoadStrategy: normal, platformName: windows, proxy: Proxy(), se:cdp: ws://localhost:58323/devtoo..., se:cdpVersion: 114.0.1823.67, setWindowRect: true, strictFileInteractability: false, timeouts: {implicit: 0, pageLoad: 300000, script: 30000}, unhandledPromptBehavior: dismiss and notify, webauthn:extension:credBlob: true, webauthn:extension:largeBlob: true, webauthn:extension:minPinLength: true, webauthn:extension:prf: true, webauthn:virtualAuthenticators: true}
Session ID: b14e98b853fd21eca232aa23e7b02c70
	at org.openqa.selenium.support.ui.WebDriverWait.timeoutException(WebDriverWait.java:84)
	at org.openqa.selenium.support.ui.FluentWait.until(FluentWait.java:230)
	at com.hrsoft.utils.seleniumfy.BasePage.waitForElementVisible(BasePage.java:409)
	at com.hrsoft.utils.seleniumfy.BasePage.waitForElementVisible(BasePage.java:387)
	at com.hrsoft.utils.seleniumfy.BasePage.click(BasePage.java:617)
	at com.hrsoft.gui.compensation.PlanningPage.closeJobPromotionPopup(PlanningPage.java:962)
	at com.hrsoft.test.compensation.PlanningPageTestSuite.SM_150_152_CompensationJobRecommendation_VerifyJobRecommendationAndRevertingFunctionality(PlanningPageTestSuite.java:471)
	at java.base/java.util.ArrayList.forEach(ArrayList.java:1511)
... Removed 27 stack frames</pre></div><a href='#' onClick='toggleBox("stack-trace2072769895", this, "Click to show all stack frames", "Click to hide stack frames")'>Click to show all stack frames</a>
<div class='stack-trace' id='stack-trace2072769895'><pre>org.openqa.selenium.TimeoutException: Expected condition failed: waiting for visibility of element located by By.xpath: //input[@id=&apos;btnJobPromotionDialogClose&apos;] (tried for 10 second(s) with 500 milliseconds interval)
Build info: version: &apos;4.10.0&apos;, revision: &apos;c14d967899&apos;
System info: os.name: &apos;Windows Server 2022&apos;, os.arch: &apos;amd64&apos;, os.version: &apos;10.0&apos;, java.version: &apos;17.0.7&apos;
Driver info: org.openqa.selenium.edge.EdgeDriver
Capabilities {acceptInsecureCerts: false, browserName: msedge, browserVersion: 114.0.1823.67, ms:edgeOptions: {debuggerAddress: localhost:58323}, msedge: {msedgedriverVersion: 114.0.1823.82 (ac4903679dd6..., userDataDir: C:\Users\KIRAN~1.YAJ\AppDat...}, networkConnectionEnabled: false, pageLoadStrategy: normal, platformName: windows, proxy: Proxy(), se:cdp: ws://localhost:58323/devtoo..., se:cdpVersion: 114.0.1823.67, setWindowRect: true, strictFileInteractability: false, timeouts: {implicit: 0, pageLoad: 300000, script: 30000}, unhandledPromptBehavior: dismiss and notify, webauthn:extension:credBlob: true, webauthn:extension:largeBlob: true, webauthn:extension:minPinLength: true, webauthn:extension:prf: true, webauthn:virtualAuthenticators: true}
Session ID: b14e98b853fd21eca232aa23e7b02c70
	at org.openqa.selenium.support.ui.WebDriverWait.timeoutException(WebDriverWait.java:84)
	at org.openqa.selenium.support.ui.FluentWait.until(FluentWait.java:230)
	at com.hrsoft.utils.seleniumfy.BasePage.waitForElementVisible(BasePage.java:409)
	at com.hrsoft.utils.seleniumfy.BasePage.waitForElementVisible(BasePage.java:387)
	at com.hrsoft.utils.seleniumfy.BasePage.click(BasePage.java:617)
	at com.hrsoft.gui.compensation.PlanningPage.closeJobPromotionPopup(PlanningPage.java:962)
	at com.hrsoft.test.compensation.PlanningPageTestSuite.SM_150_152_CompensationJobRecommendation_VerifyJobRecommendationAndRevertingFunctionality(PlanningPageTestSuite.java:471)
	at java.base/jdk.internal.reflect.NativeMethodAccessorImpl.invoke0(Native Method)
	at java.base/jdk.internal.reflect.NativeMethodAccessorImpl.invoke(NativeMethodAccessorImpl.java:77)
	at java.base/jdk.internal.reflect.DelegatingMethodAccessorImpl.invoke(DelegatingMethodAccessorImpl.java:43)
	at java.base/java.lang.reflect.Method.invoke(Method.java:568)
	at org.testng.internal.invokers.MethodInvocationHelper.invokeMethod(MethodInvocationHelper.java:139)
	at org.testng.internal.invokers.TestInvoker.invokeMethod(TestInvoker.java:664)
	at org.testng.internal.invokers.TestInvoker.invokeTestMethod(TestInvoker.java:227)
	at org.testng.internal.invokers.MethodRunner.runInSequence(MethodRunner.java:50)
	at org.testng.internal.invokers.TestInvoker$MethodInvocationAgent.invoke(TestInvoker.java:957)
	at org.testng.internal.invokers.TestInvoker.invokeTestMethods(TestInvoker.java:200)
	at org.testng.internal.invokers.TestMethodWorker.invokeTestMethods(TestMethodWorker.java:148)
	at org.testng.internal.invokers.TestMethodWorker.run(TestMethodWorker.java:128)
	at java.base/java.util.ArrayList.forEach(ArrayList.java:1511)
	at org.testng.TestRunner.privateRun(TestRunner.java:848)
	at org.testng.TestRunner.run(TestRunner.java:621)
	at org.testng.SuiteRunner.runTest(SuiteRunner.java:443)
	at org.testng.SuiteRunner.runSequentially(SuiteRunner.java:437)
	at org.testng.SuiteRunner.privateRun(SuiteRunner.java:397)
	at org.testng.SuiteRunner.run(SuiteRunner.java:336)
	at org.testng.SuiteRunnerWorker.runSuite(SuiteRunnerWorker.java:52)
	at org.testng.SuiteRunnerWorker.run(SuiteRunnerWorker.java:95)
	at org.testng.TestNG.runSuitesSequentially(TestNG.java:1280)
	at org.testng.TestNG.runSuitesLocally(TestNG.java:1200)
	at org.testng.TestNG.runSuites(TestNG.java:1114)
	at org.testng.TestNG.run(TestNG.java:1082)
	at org.testng.remote.AbstractRemoteTestNG.run(AbstractRemoteTestNG.java:115)
	at org.testng.remote.RemoteTestNG.initAndRun(RemoteTestNG.java:251)
	at org.testng.remote.RemoteTestNG.main(RemoteTestNG.java:77)
</pre></div></td>
<td>84</td>
<td>com.hrsoft.test.compensation.PlanningPageTestSuite@4678a2eb</td></tr>
<tr>
<td title='com.hrsoft.test.datamanagement.ApiFeedTestSuite.SMAPI13_UMEI_API_apiFeedPreviewTest_UltiDemographic()'><b>SMAPI13_UMEI_API_apiFeedPreviewTest_UltiDemographic</b><br>Test class: com.hrsoft.test.datamanagement.ApiFeedTestSuite<br>Parameters: TestDataExcel [testCase=SMAPI13_UMEI_API_apiFeedPreviewTest_UltiDemographic, applicationURL=https://mercfin-tcc2200-sqa.cloud.hrsoft.com/, userName=admin_user, password=eiwKka2yfPwwPaY]</td>
<td><div><pre>java.lang.AssertionError: API Feed : ULTI_DEMOGRAPHIC - Job Abort - Product : HRSOFTCLOUD Unable to Preview 
	at com.hrsoft.test.datamanagement.ApiFeedTestSuite.apiPreviewTest(ApiFeedTestSuite.java:62)
	at com.hrsoft.test.datamanagement.ApiFeedTestSuite.SMAPI13_UMEI_API_apiFeedPreviewTest_UltiDemographic(ApiFeedTestSuite.java:170)
	at java.base/java.util.ArrayList.forEach(ArrayList.java:1511)
... Removed 28 stack frames</pre></div><a href='#' onClick='toggleBox("stack-trace617070889", this, "Click to show all stack frames", "Click to hide stack frames")'>Click to show all stack frames</a>
<div class='stack-trace' id='stack-trace617070889'><pre>java.lang.AssertionError: API Feed : ULTI_DEMOGRAPHIC - Job Abort - Product : HRSOFTCLOUD Unable to Preview 
	at org.testng.Assert.fail(Assert.java:111)
	at com.hrsoft.test.datamanagement.ApiFeedTestSuite.apiPreviewTest(ApiFeedTestSuite.java:62)
	at com.hrsoft.test.datamanagement.ApiFeedTestSuite.SMAPI13_UMEI_API_apiFeedPreviewTest_UltiDemographic(ApiFeedTestSuite.java:170)
	at java.base/jdk.internal.reflect.NativeMethodAccessorImpl.invoke0(Native Method)
	at java.base/jdk.internal.reflect.NativeMethodAccessorImpl.invoke(NativeMethodAccessorImpl.java:77)
	at java.base/jdk.internal.reflect.DelegatingMethodAccessorImpl.invoke(DelegatingMethodAccessorImpl.java:43)
	at java.base/java.lang.reflect.Method.invoke(Method.java:568)
	at org.testng.internal.invokers.MethodInvocationHelper.invokeMethod(MethodInvocationHelper.java:139)
	at org.testng.internal.invokers.TestInvoker.invokeMethod(TestInvoker.java:664)
	at org.testng.internal.invokers.TestInvoker.invokeTestMethod(TestInvoker.java:227)
	at org.testng.internal.invokers.MethodRunner.runInSequence(MethodRunner.java:50)
	at org.testng.internal.invokers.TestInvoker$MethodInvocationAgent.invoke(TestInvoker.java:957)
	at org.testng.internal.invokers.TestInvoker.invokeTestMethods(TestInvoker.java:200)
	at org.testng.internal.invokers.TestMethodWorker.invokeTestMethods(TestMethodWorker.java:148)
	at org.testng.internal.invokers.TestMethodWorker.run(TestMethodWorker.java:128)
	at java.base/java.util.ArrayList.forEach(ArrayList.java:1511)
	at org.testng.TestRunner.privateRun(TestRunner.java:848)
	at org.testng.TestRunner.run(TestRunner.java:621)
	at org.testng.SuiteRunner.runTest(SuiteRunner.java:443)
	at org.testng.SuiteRunner.runSequentially(SuiteRunner.java:437)
	at org.testng.SuiteRunner.privateRun(SuiteRunner.java:397)
	at org.testng.SuiteRunner.run(SuiteRunner.java:336)
	at org.testng.SuiteRunnerWorker.runSuite(SuiteRunnerWorker.java:52)
	at org.testng.SuiteRunnerWorker.run(SuiteRunnerWorker.java:95)
	at org.testng.TestNG.runSuitesSequentially(TestNG.java:1280)
	at org.testng.TestNG.runSuitesLocally(TestNG.java:1200)
	at org.testng.TestNG.runSuites(TestNG.java:1114)
	at org.testng.TestNG.run(TestNG.java:1082)
	at org.testng.remote.AbstractRemoteTestNG.run(AbstractRemoteTestNG.java:115)
	at org.testng.remote.RemoteTestNG.initAndRun(RemoteTestNG.java:251)
	at org.testng.remote.RemoteTestNG.main(RemoteTestNG.java:77)
</pre></div></td>
<td>69</td>
<td>com.hrsoft.test.datamanagement.ApiFeedTestSuite@3eb631b8</td></tr>
<tr>
<td title='com.hrsoft.test.rewardsview.ManagerViewTestSuite.SM29_RewardsView_SearchForManagersGroups()'><b>SM29_RewardsView_SearchForManagersGroups</b><br>Test class: com.hrsoft.test.rewardsview.ManagerViewTestSuite<br>Parameters: TestDataExcel [testCase=SM29_RewardsView_SearchForManagersGroups, applicationURL=https://mercfin-tcc2200-sqa.cloud.hrsoft.com/, userName=admin_user, password=eiwKka2yfPwwPaY]</td>
<td><div><pre>java.lang.NullPointerException: Cannot invoke &quot;java.lang.Integer.intValue()&quot; because the return value of &quot;java.lang.reflect.InvocationHandler.invoke(Object, java.lang.reflect.Method, Object[])&quot; is null
	at jdk.proxy2/jdk.proxy2.$Proxy18.compPlanId(Unknown Source)
	at com.hrsoft.db.CompViewDbHelper.getEmployeesByManagerGuid(CompViewDbHelper.java:407)
	at com.hrsoft.test.rewardsview.ManagerViewTestSuite.SM29_RewardsView_SearchForManagersGroups(ManagerViewTestSuite.java:108)
	at java.base/java.util.ArrayList.forEach(ArrayList.java:1511)
... Removed 27 stack frames</pre></div><a href='#' onClick='toggleBox("stack-trace828267377", this, "Click to show all stack frames", "Click to hide stack frames")'>Click to show all stack frames</a>
<div class='stack-trace' id='stack-trace828267377'><pre>java.lang.NullPointerException: Cannot invoke &quot;java.lang.Integer.intValue()&quot; because the return value of &quot;java.lang.reflect.InvocationHandler.invoke(Object, java.lang.reflect.Method, Object[])&quot; is null
	at jdk.proxy2/jdk.proxy2.$Proxy18.compPlanId(Unknown Source)
	at com.hrsoft.db.CompViewDbHelper.getEmployeesByManagerGuid(CompViewDbHelper.java:407)
	at com.hrsoft.test.rewardsview.ManagerViewTestSuite.SM29_RewardsView_SearchForManagersGroups(ManagerViewTestSuite.java:108)
	at java.base/jdk.internal.reflect.NativeMethodAccessorImpl.invoke0(Native Method)
	at java.base/jdk.internal.reflect.NativeMethodAccessorImpl.invoke(NativeMethodAccessorImpl.java:77)
	at java.base/jdk.internal.reflect.DelegatingMethodAccessorImpl.invoke(DelegatingMethodAccessorImpl.java:43)
	at java.base/java.lang.reflect.Method.invoke(Method.java:568)
	at org.testng.internal.invokers.MethodInvocationHelper.invokeMethod(MethodInvocationHelper.java:139)
	at org.testng.internal.invokers.TestInvoker.invokeMethod(TestInvoker.java:664)
	at org.testng.internal.invokers.TestInvoker.invokeTestMethod(TestInvoker.java:227)
	at org.testng.internal.invokers.MethodRunner.runInSequence(MethodRunner.java:50)
	at org.testng.internal.invokers.TestInvoker$MethodInvocationAgent.invoke(TestInvoker.java:957)
	at org.testng.internal.invokers.TestInvoker.invokeTestMethods(TestInvoker.java:200)
	at org.testng.internal.invokers.TestMethodWorker.invokeTestMethods(TestMethodWorker.java:148)
	at org.testng.internal.invokers.TestMethodWorker.run(TestMethodWorker.java:128)
	at java.base/java.util.ArrayList.forEach(ArrayList.java:1511)
	at org.testng.TestRunner.privateRun(TestRunner.java:848)
	at org.testng.TestRunner.run(TestRunner.java:621)
	at org.testng.SuiteRunner.runTest(SuiteRunner.java:443)
	at org.testng.SuiteRunner.runSequentially(SuiteRunner.java:437)
	at org.testng.SuiteRunner.privateRun(SuiteRunner.java:397)
	at org.testng.SuiteRunner.run(SuiteRunner.java:336)
	at org.testng.SuiteRunnerWorker.runSuite(SuiteRunnerWorker.java:52)
	at org.testng.SuiteRunnerWorker.run(SuiteRunnerWorker.java:95)
	at org.testng.TestNG.runSuitesSequentially(TestNG.java:1280)
	at org.testng.TestNG.runSuitesLocally(TestNG.java:1200)
	at org.testng.TestNG.runSuites(TestNG.java:1114)
	at org.testng.TestNG.run(TestNG.java:1082)
	at org.testng.remote.AbstractRemoteTestNG.run(AbstractRemoteTestNG.java:115)
	at org.testng.remote.RemoteTestNG.initAndRun(RemoteTestNG.java:251)
	at org.testng.remote.RemoteTestNG.main(RemoteTestNG.java:77)
</pre></div></td>
<td>0</td>
<td>com.hrsoft.test.rewardsview.ManagerViewTestSuite@464a4442</td></tr>
<tr>
<td title='com.hrsoft.test.datamanagement.ApiFeedTestSuite.SMAPI10_UMEI_API_editTransformActiveStatusTest()'><b>SMAPI10_UMEI_API_editTransformActiveStatusTest</b><br>Test class: com.hrsoft.test.datamanagement.ApiFeedTestSuite<br>Parameters: TestDataExcel [testCase=SMAPI10_UMEI_API_editTransformActiveStatusTest, applicationURL=https://mercfin-tcc2200-sqa.cloud.hrsoft.com/, userName=admin_user, password=eiwKka2yfPwwPaY]</td>
<td><div><pre>java.lang.AssertionError: API Feed : ULTI_DEMOGRAPHIC - Job Abort - Product : HRSOFTCLOUD Unable to Preview 
	at com.hrsoft.test.datamanagement.ApiFeedTestSuite.apiPreviewTest(ApiFeedTestSuite.java:62)
	at com.hrsoft.test.datamanagement.ApiFeedTestSuite.SMAPI10_UMEI_API_editTransformActiveStatusTest(ApiFeedTestSuite.java:443)
	at java.base/java.util.ArrayList.forEach(ArrayList.java:1511)
... Removed 28 stack frames</pre></div><a href='#' onClick='toggleBox("stack-trace1923787417", this, "Click to show all stack frames", "Click to hide stack frames")'>Click to show all stack frames</a>
<div class='stack-trace' id='stack-trace1923787417'><pre>java.lang.AssertionError: API Feed : ULTI_DEMOGRAPHIC - Job Abort - Product : HRSOFTCLOUD Unable to Preview 
	at org.testng.Assert.fail(Assert.java:111)
	at com.hrsoft.test.datamanagement.ApiFeedTestSuite.apiPreviewTest(ApiFeedTestSuite.java:62)
	at com.hrsoft.test.datamanagement.ApiFeedTestSuite.SMAPI10_UMEI_API_editTransformActiveStatusTest(ApiFeedTestSuite.java:443)
	at java.base/jdk.internal.reflect.NativeMethodAccessorImpl.invoke0(Native Method)
	at java.base/jdk.internal.reflect.NativeMethodAccessorImpl.invoke(NativeMethodAccessorImpl.java:77)
	at java.base/jdk.internal.reflect.DelegatingMethodAccessorImpl.invoke(DelegatingMethodAccessorImpl.java:43)
	at java.base/java.lang.reflect.Method.invoke(Method.java:568)
	at org.testng.internal.invokers.MethodInvocationHelper.invokeMethod(MethodInvocationHelper.java:139)
	at org.testng.internal.invokers.TestInvoker.invokeMethod(TestInvoker.java:664)
	at org.testng.internal.invokers.TestInvoker.invokeTestMethod(TestInvoker.java:227)
	at org.testng.internal.invokers.MethodRunner.runInSequence(MethodRunner.java:50)
	at org.testng.internal.invokers.TestInvoker$MethodInvocationAgent.invoke(TestInvoker.java:957)
	at org.testng.internal.invokers.TestInvoker.invokeTestMethods(TestInvoker.java:200)
	at org.testng.internal.invokers.TestMethodWorker.invokeTestMethods(TestMethodWorker.java:148)
	at org.testng.internal.invokers.TestMethodWorker.run(TestMethodWorker.java:128)
	at java.base/java.util.ArrayList.forEach(ArrayList.java:1511)
	at org.testng.TestRunner.privateRun(TestRunner.java:848)
	at org.testng.TestRunner.run(TestRunner.java:621)
	at org.testng.SuiteRunner.runTest(SuiteRunner.java:443)
	at org.testng.SuiteRunner.runSequentially(SuiteRunner.java:437)
	at org.testng.SuiteRunner.privateRun(SuiteRunner.java:397)
	at org.testng.SuiteRunner.run(SuiteRunner.java:336)
	at org.testng.SuiteRunnerWorker.runSuite(SuiteRunnerWorker.java:52)
	at org.testng.SuiteRunnerWorker.run(SuiteRunnerWorker.java:95)
	at org.testng.TestNG.runSuitesSequentially(TestNG.java:1280)
	at org.testng.TestNG.runSuitesLocally(TestNG.java:1200)
	at org.testng.TestNG.runSuites(TestNG.java:1114)
	at org.testng.TestNG.run(TestNG.java:1082)
	at org.testng.remote.AbstractRemoteTestNG.run(AbstractRemoteTestNG.java:115)
	at org.testng.remote.RemoteTestNG.initAndRun(RemoteTestNG.java:251)
	at org.testng.remote.RemoteTestNG.main(RemoteTestNG.java:77)
</pre></div></td>
<td>91</td>
<td>com.hrsoft.test.datamanagement.ApiFeedTestSuite@3eb631b8</td></tr>
<tr>
<td title='com.hrsoft.test.compensation.CompOverviewTestSuite.SM_24_CompView_ChangeJob()'><b>SM_24_CompView_ChangeJob</b><br>Test class: com.hrsoft.test.compensation.CompOverviewTestSuite<br>Parameters: TestDataExcel [testCase=SM_24_CompView_ChangeJob, applicationURL=https://mercfin-tcc2200-sqa.cloud.hrsoft.com/, userName=admin_user, password=eiwKka2yfPwwPaY]</td>
<td><div><pre>org.openqa.selenium.TimeoutException: Expected condition failed: waiting for visibility of element located by By.xpath: //tr[@originalrowpos=0]//a[@data-type-code=&apos;WS_Job_Code&apos;] (tried for 10 second(s) with 500 milliseconds interval)
Build info: version: &apos;4.10.0&apos;, revision: &apos;c14d967899&apos;
System info: os.name: &apos;Windows Server 2022&apos;, os.arch: &apos;amd64&apos;, os.version: &apos;10.0&apos;, java.version: &apos;17.0.7&apos;
Driver info: org.openqa.selenium.edge.EdgeDriver
Capabilities {acceptInsecureCerts: false, browserName: msedge, browserVersion: 114.0.1823.67, ms:edgeOptions: {debuggerAddress: localhost:59440}, msedge: {msedgedriverVersion: 114.0.1823.82 (ac4903679dd6..., userDataDir: C:\Users\KIRAN~1.YAJ\AppDat...}, networkConnectionEnabled: false, pageLoadStrategy: normal, platformName: windows, proxy: Proxy(), se:cdp: ws://localhost:59440/devtoo..., se:cdpVersion: 114.0.1823.67, setWindowRect: true, strictFileInteractability: false, timeouts: {implicit: 0, pageLoad: 300000, script: 30000}, unhandledPromptBehavior: dismiss and notify, webauthn:extension:credBlob: true, webauthn:extension:largeBlob: true, webauthn:extension:minPinLength: true, webauthn:extension:prf: true, webauthn:virtualAuthenticators: true}
Session ID: ba9fd28641481959c68a0017a4ea4bca
	at org.openqa.selenium.support.ui.WebDriverWait.timeoutException(WebDriverWait.java:84)
	at org.openqa.selenium.support.ui.FluentWait.until(FluentWait.java:230)
	at com.hrsoft.utils.seleniumfy.BasePage.waitForElementVisible(BasePage.java:409)
	at com.hrsoft.utils.seleniumfy.BasePage.waitForElementVisible(BasePage.java:387)
	at com.hrsoft.utils.seleniumfy.BasePage.click(BasePage.java:617)
	at com.hrsoft.gui.compensation.PlanningPage.openJobsearchAndPromotionPage(PlanningPage.java:848)
	at com.hrsoft.gui.compensation.PlanningPage.searchJobWithJobTitle(PlanningPage.java:910)
	at com.hrsoft.test.compensation.CompOverviewTestSuite.SM_24_CompView_ChangeJob(CompOverviewTestSuite.java:177)
	at java.base/java.util.ArrayList.forEach(ArrayList.java:1511)
... Removed 27 stack frames</pre></div><a href='#' onClick='toggleBox("stack-trace1433495301", this, "Click to show all stack frames", "Click to hide stack frames")'>Click to show all stack frames</a>
<div class='stack-trace' id='stack-trace1433495301'><pre>org.openqa.selenium.TimeoutException: Expected condition failed: waiting for visibility of element located by By.xpath: //tr[@originalrowpos=0]//a[@data-type-code=&apos;WS_Job_Code&apos;] (tried for 10 second(s) with 500 milliseconds interval)
Build info: version: &apos;4.10.0&apos;, revision: &apos;c14d967899&apos;
System info: os.name: &apos;Windows Server 2022&apos;, os.arch: &apos;amd64&apos;, os.version: &apos;10.0&apos;, java.version: &apos;17.0.7&apos;
Driver info: org.openqa.selenium.edge.EdgeDriver
Capabilities {acceptInsecureCerts: false, browserName: msedge, browserVersion: 114.0.1823.67, ms:edgeOptions: {debuggerAddress: localhost:59440}, msedge: {msedgedriverVersion: 114.0.1823.82 (ac4903679dd6..., userDataDir: C:\Users\KIRAN~1.YAJ\AppDat...}, networkConnectionEnabled: false, pageLoadStrategy: normal, platformName: windows, proxy: Proxy(), se:cdp: ws://localhost:59440/devtoo..., se:cdpVersion: 114.0.1823.67, setWindowRect: true, strictFileInteractability: false, timeouts: {implicit: 0, pageLoad: 300000, script: 30000}, unhandledPromptBehavior: dismiss and notify, webauthn:extension:credBlob: true, webauthn:extension:largeBlob: true, webauthn:extension:minPinLength: true, webauthn:extension:prf: true, webauthn:virtualAuthenticators: true}
Session ID: ba9fd28641481959c68a0017a4ea4bca
	at org.openqa.selenium.support.ui.WebDriverWait.timeoutException(WebDriverWait.java:84)
	at org.openqa.selenium.support.ui.FluentWait.until(FluentWait.java:230)
	at com.hrsoft.utils.seleniumfy.BasePage.waitForElementVisible(BasePage.java:409)
	at com.hrsoft.utils.seleniumfy.BasePage.waitForElementVisible(BasePage.java:387)
	at com.hrsoft.utils.seleniumfy.BasePage.click(BasePage.java:617)
	at com.hrsoft.gui.compensation.PlanningPage.openJobsearchAndPromotionPage(PlanningPage.java:848)
	at com.hrsoft.gui.compensation.PlanningPage.searchJobWithJobTitle(PlanningPage.java:910)
	at com.hrsoft.test.compensation.CompOverviewTestSuite.SM_24_CompView_ChangeJob(CompOverviewTestSuite.java:177)
	at java.base/jdk.internal.reflect.NativeMethodAccessorImpl.invoke0(Native Method)
	at java.base/jdk.internal.reflect.NativeMethodAccessorImpl.invoke(NativeMethodAccessorImpl.java:77)
	at java.base/jdk.internal.reflect.DelegatingMethodAccessorImpl.invoke(DelegatingMethodAccessorImpl.java:43)
	at java.base/java.lang.reflect.Method.invoke(Method.java:568)
	at org.testng.internal.invokers.MethodInvocationHelper.invokeMethod(MethodInvocationHelper.java:139)
	at org.testng.internal.invokers.TestInvoker.invokeMethod(TestInvoker.java:664)
	at org.testng.internal.invokers.TestInvoker.invokeTestMethod(TestInvoker.java:227)
	at org.testng.internal.invokers.MethodRunner.runInSequence(MethodRunner.java:50)
	at org.testng.internal.invokers.TestInvoker$MethodInvocationAgent.invoke(TestInvoker.java:957)
	at org.testng.internal.invokers.TestInvoker.invokeTestMethods(TestInvoker.java:200)
	at org.testng.internal.invokers.TestMethodWorker.invokeTestMethods(TestMethodWorker.java:148)
	at org.testng.internal.invokers.TestMethodWorker.run(TestMethodWorker.java:128)
	at java.base/java.util.ArrayList.forEach(ArrayList.java:1511)
	at org.testng.TestRunner.privateRun(TestRunner.java:848)
	at org.testng.TestRunner.run(TestRunner.java:621)
	at org.testng.SuiteRunner.runTest(SuiteRunner.java:443)
	at org.testng.SuiteRunner.runSequentially(SuiteRunner.java:437)
	at org.testng.SuiteRunner.privateRun(SuiteRunner.java:397)
	at org.testng.SuiteRunner.run(SuiteRunner.java:336)
	at org.testng.SuiteRunnerWorker.runSuite(SuiteRunnerWorker.java:52)
	at org.testng.SuiteRunnerWorker.run(SuiteRunnerWorker.java:95)
	at org.testng.TestNG.runSuitesSequentially(TestNG.java:1280)
	at org.testng.TestNG.runSuitesLocally(TestNG.java:1200)
	at org.testng.TestNG.runSuites(TestNG.java:1114)
	at org.testng.TestNG.run(TestNG.java:1082)
	at org.testng.remote.AbstractRemoteTestNG.run(AbstractRemoteTestNG.java:115)
	at org.testng.remote.RemoteTestNG.initAndRun(RemoteTestNG.java:251)
	at org.testng.remote.RemoteTestNG.main(RemoteTestNG.java:77)
</pre></div></td>
<td>97</td>
<td>com.hrsoft.test.compensation.CompOverviewTestSuite@3f28bd56</td></tr>
<tr>
<td title='com.hrsoft.test.compensation.PlanningPageTestSuite.SM_129_Compensation_VerifyEmpHistoryColumnAndHistoryAreVisible()'><b>SM_129_Compensation_VerifyEmpHistoryColumnAndHistoryAreVisible</b><br>Test class: com.hrsoft.test.compensation.PlanningPageTestSuite<br>Parameters: TestDataExcel [testCase=SM_129_Compensation_VerifyEmpHistoryColumnAndHistoryAreVisible, applicationURL=https://mercfin-tcc2200-sqa.cloud.hrsoft.com/, userName=admin_user, password=eiwKka2yfPwwPaY]</td>
<td><div><pre>org.openqa.selenium.TimeoutException: Expected condition failed: waiting for element to no longer be visible: By.xpath: //ul[@class=&apos;flyout-compplan&apos;]//li[@planid=&apos;163&apos;][contains(text(),&apos;PLAN for Joe Poxson&apos;)] (tried for 30 second(s) with 500 milliseconds interval)
Build info: version: &apos;4.10.0&apos;, revision: &apos;c14d967899&apos;
System info: os.name: &apos;Windows Server 2022&apos;, os.arch: &apos;amd64&apos;, os.version: &apos;10.0&apos;, java.version: &apos;17.0.7&apos;
Driver info: org.openqa.selenium.edge.EdgeDriver
Capabilities {acceptInsecureCerts: false, browserName: msedge, browserVersion: 114.0.1823.67, ms:edgeOptions: {debuggerAddress: localhost:57339}, msedge: {msedgedriverVersion: 114.0.1823.82 (ac4903679dd6..., userDataDir: C:\Users\KIRAN~1.YAJ\AppDat...}, networkConnectionEnabled: false, pageLoadStrategy: normal, platformName: windows, proxy: Proxy(), se:cdp: ws://localhost:57339/devtoo..., se:cdpVersion: 114.0.1823.67, setWindowRect: true, strictFileInteractability: false, timeouts: {implicit: 0, pageLoad: 300000, script: 30000}, unhandledPromptBehavior: dismiss and notify, webauthn:extension:credBlob: true, webauthn:extension:largeBlob: true, webauthn:extension:minPinLength: true, webauthn:extension:prf: true, webauthn:virtualAuthenticators: true}
Session ID: f91a4ce45d4425f336c3484fcecafc21
	at org.openqa.selenium.support.ui.WebDriverWait.timeoutException(WebDriverWait.java:84)
	at org.openqa.selenium.support.ui.FluentWait.until(FluentWait.java:230)
	at com.hrsoft.utils.seleniumfy.BasePage.waitForElementInvisible(BasePage.java:501)
	at com.hrsoft.utils.seleniumfy.BasePage.waitForElementInvisible(BasePage.java:479)
	at com.hrsoft.gui.HRSoftPage.openPlanningPageFor(HRSoftPage.java:296)
	at com.hrsoft.test.compensation.PlanningPageTestSuite.SM_129_Compensation_VerifyEmpHistoryColumnAndHistoryAreVisible(PlanningPageTestSuite.java:577)
	at java.base/java.util.ArrayList.forEach(ArrayList.java:1511)
... Removed 27 stack frames</pre></div><a href='#' onClick='toggleBox("stack-trace597092065", this, "Click to show all stack frames", "Click to hide stack frames")'>Click to show all stack frames</a>
<div class='stack-trace' id='stack-trace597092065'><pre>org.openqa.selenium.TimeoutException: Expected condition failed: waiting for element to no longer be visible: By.xpath: //ul[@class=&apos;flyout-compplan&apos;]//li[@planid=&apos;163&apos;][contains(text(),&apos;PLAN for Joe Poxson&apos;)] (tried for 30 second(s) with 500 milliseconds interval)
Build info: version: &apos;4.10.0&apos;, revision: &apos;c14d967899&apos;
System info: os.name: &apos;Windows Server 2022&apos;, os.arch: &apos;amd64&apos;, os.version: &apos;10.0&apos;, java.version: &apos;17.0.7&apos;
Driver info: org.openqa.selenium.edge.EdgeDriver
Capabilities {acceptInsecureCerts: false, browserName: msedge, browserVersion: 114.0.1823.67, ms:edgeOptions: {debuggerAddress: localhost:57339}, msedge: {msedgedriverVersion: 114.0.1823.82 (ac4903679dd6..., userDataDir: C:\Users\KIRAN~1.YAJ\AppDat...}, networkConnectionEnabled: false, pageLoadStrategy: normal, platformName: windows, proxy: Proxy(), se:cdp: ws://localhost:57339/devtoo..., se:cdpVersion: 114.0.1823.67, setWindowRect: true, strictFileInteractability: false, timeouts: {implicit: 0, pageLoad: 300000, script: 30000}, unhandledPromptBehavior: dismiss and notify, webauthn:extension:credBlob: true, webauthn:extension:largeBlob: true, webauthn:extension:minPinLength: true, webauthn:extension:prf: true, webauthn:virtualAuthenticators: true}
Session ID: f91a4ce45d4425f336c3484fcecafc21
	at org.openqa.selenium.support.ui.WebDriverWait.timeoutException(WebDriverWait.java:84)
	at org.openqa.selenium.support.ui.FluentWait.until(FluentWait.java:230)
	at com.hrsoft.utils.seleniumfy.BasePage.waitForElementInvisible(BasePage.java:501)
	at com.hrsoft.utils.seleniumfy.BasePage.waitForElementInvisible(BasePage.java:479)
	at com.hrsoft.gui.HRSoftPage.openPlanningPageFor(HRSoftPage.java:296)
	at com.hrsoft.test.compensation.PlanningPageTestSuite.SM_129_Compensation_VerifyEmpHistoryColumnAndHistoryAreVisible(PlanningPageTestSuite.java:577)
	at java.base/jdk.internal.reflect.NativeMethodAccessorImpl.invoke0(Native Method)
	at java.base/jdk.internal.reflect.NativeMethodAccessorImpl.invoke(NativeMethodAccessorImpl.java:77)
	at java.base/jdk.internal.reflect.DelegatingMethodAccessorImpl.invoke(DelegatingMethodAccessorImpl.java:43)
	at java.base/java.lang.reflect.Method.invoke(Method.java:568)
	at org.testng.internal.invokers.MethodInvocationHelper.invokeMethod(MethodInvocationHelper.java:139)
	at org.testng.internal.invokers.TestInvoker.invokeMethod(TestInvoker.java:664)
	at org.testng.internal.invokers.TestInvoker.invokeTestMethod(TestInvoker.java:227)
	at org.testng.internal.invokers.MethodRunner.runInSequence(MethodRunner.java:50)
	at org.testng.internal.invokers.TestInvoker$MethodInvocationAgent.invoke(TestInvoker.java:957)
	at org.testng.internal.invokers.TestInvoker.invokeTestMethods(TestInvoker.java:200)
	at org.testng.internal.invokers.TestMethodWorker.invokeTestMethods(TestMethodWorker.java:148)
	at org.testng.internal.invokers.TestMethodWorker.run(TestMethodWorker.java:128)
	at java.base/java.util.ArrayList.forEach(ArrayList.java:1511)
	at org.testng.TestRunner.privateRun(TestRunner.java:848)
	at org.testng.TestRunner.run(TestRunner.java:621)
	at org.testng.SuiteRunner.runTest(SuiteRunner.java:443)
	at org.testng.SuiteRunner.runSequentially(SuiteRunner.java:437)
	at org.testng.SuiteRunner.privateRun(SuiteRunner.java:397)
	at org.testng.SuiteRunner.run(SuiteRunner.java:336)
	at org.testng.SuiteRunnerWorker.runSuite(SuiteRunnerWorker.java:52)
	at org.testng.SuiteRunnerWorker.run(SuiteRunnerWorker.java:95)
	at org.testng.TestNG.runSuitesSequentially(TestNG.java:1280)
	at org.testng.TestNG.runSuitesLocally(TestNG.java:1200)
	at org.testng.TestNG.runSuites(TestNG.java:1114)
	at org.testng.TestNG.run(TestNG.java:1082)
	at org.testng.remote.AbstractRemoteTestNG.run(AbstractRemoteTestNG.java:115)
	at org.testng.remote.RemoteTestNG.initAndRun(RemoteTestNG.java:251)
	at org.testng.remote.RemoteTestNG.main(RemoteTestNG.java:77)
</pre></div></td>
<td>88</td>
<td>com.hrsoft.test.compensation.PlanningPageTestSuite@4678a2eb</td></tr>
<tr>
<td title='com.hrsoft.test.compensation.PlanningPageTestSuite.SM_112_To_SM113_PlanningPage_Verifications()'><b>SM_112_To_SM113_PlanningPage_Verifications</b><br>Test class: com.hrsoft.test.compensation.PlanningPageTestSuite<br>Parameters: TestDataExcel [testCase=SM_112_To_SM113_PlanningPage_Verifications, applicationURL=https://mercfin-tcc2200-sqa.cloud.hrsoft.com/, userName=admin_user, password=eiwKka2yfPwwPaY]</td>
<td><div><pre>org.openqa.selenium.TimeoutException: Expected condition failed: waiting for visibility of element located by By.cssSelector: #btnSubmitWitdrawAction (tried for 10 second(s) with 500 milliseconds interval)
Build info: version: &apos;4.10.0&apos;, revision: &apos;c14d967899&apos;
System info: os.name: &apos;Windows Server 2022&apos;, os.arch: &apos;amd64&apos;, os.version: &apos;10.0&apos;, java.version: &apos;17.0.7&apos;
Driver info: org.openqa.selenium.edge.EdgeDriver
Capabilities {acceptInsecureCerts: false, browserName: msedge, browserVersion: 114.0.1823.67, ms:edgeOptions: {debuggerAddress: localhost:57048}, msedge: {msedgedriverVersion: 114.0.1823.82 (ac4903679dd6..., userDataDir: C:\Users\KIRAN~1.YAJ\AppDat...}, networkConnectionEnabled: false, pageLoadStrategy: normal, platformName: windows, proxy: Proxy(), se:cdp: ws://localhost:57048/devtoo..., se:cdpVersion: 114.0.1823.67, setWindowRect: true, strictFileInteractability: false, timeouts: {implicit: 0, pageLoad: 300000, script: 30000}, unhandledPromptBehavior: dismiss and notify, webauthn:extension:credBlob: true, webauthn:extension:largeBlob: true, webauthn:extension:minPinLength: true, webauthn:extension:prf: true, webauthn:virtualAuthenticators: true}
Session ID: d47d742459de8b7b420832ec5683ceaa
	at org.openqa.selenium.support.ui.WebDriverWait.timeoutException(WebDriverWait.java:84)
	at org.openqa.selenium.support.ui.FluentWait.until(FluentWait.java:230)
	at com.hrsoft.utils.seleniumfy.BasePage.waitForElementVisible(BasePage.java:409)
	at com.hrsoft.utils.seleniumfy.BasePage.waitForElementVisible(BasePage.java:387)
	at com.hrsoft.utils.seleniumfy.BasePage.click(BasePage.java:617)
	at com.hrsoft.gui.compensation.PlanningPage.clickWithDraw(PlanningPage.java:217)
	at com.hrsoft.gui.compensation.PlanningPage.clickSubmit(PlanningPage.java:174)
	at com.hrsoft.test.compensation.PlanningPageTestSuite.SM_112_To_SM113_PlanningPage_Verifications(PlanningPageTestSuite.java:85)
	at java.base/java.util.ArrayList.forEach(ArrayList.java:1511)
... Removed 27 stack frames</pre></div><a href='#' onClick='toggleBox("stack-trace433079208", this, "Click to show all stack frames", "Click to hide stack frames")'>Click to show all stack frames</a>
<div class='stack-trace' id='stack-trace433079208'><pre>org.openqa.selenium.TimeoutException: Expected condition failed: waiting for visibility of element located by By.cssSelector: #btnSubmitWitdrawAction (tried for 10 second(s) with 500 milliseconds interval)
Build info: version: &apos;4.10.0&apos;, revision: &apos;c14d967899&apos;
System info: os.name: &apos;Windows Server 2022&apos;, os.arch: &apos;amd64&apos;, os.version: &apos;10.0&apos;, java.version: &apos;17.0.7&apos;
Driver info: org.openqa.selenium.edge.EdgeDriver
Capabilities {acceptInsecureCerts: false, browserName: msedge, browserVersion: 114.0.1823.67, ms:edgeOptions: {debuggerAddress: localhost:57048}, msedge: {msedgedriverVersion: 114.0.1823.82 (ac4903679dd6..., userDataDir: C:\Users\KIRAN~1.YAJ\AppDat...}, networkConnectionEnabled: false, pageLoadStrategy: normal, platformName: windows, proxy: Proxy(), se:cdp: ws://localhost:57048/devtoo..., se:cdpVersion: 114.0.1823.67, setWindowRect: true, strictFileInteractability: false, timeouts: {implicit: 0, pageLoad: 300000, script: 30000}, unhandledPromptBehavior: dismiss and notify, webauthn:extension:credBlob: true, webauthn:extension:largeBlob: true, webauthn:extension:minPinLength: true, webauthn:extension:prf: true, webauthn:virtualAuthenticators: true}
Session ID: d47d742459de8b7b420832ec5683ceaa
	at org.openqa.selenium.support.ui.WebDriverWait.timeoutException(WebDriverWait.java:84)
	at org.openqa.selenium.support.ui.FluentWait.until(FluentWait.java:230)
	at com.hrsoft.utils.seleniumfy.BasePage.waitForElementVisible(BasePage.java:409)
	at com.hrsoft.utils.seleniumfy.BasePage.waitForElementVisible(BasePage.java:387)
	at com.hrsoft.utils.seleniumfy.BasePage.click(BasePage.java:617)
	at com.hrsoft.gui.compensation.PlanningPage.clickWithDraw(PlanningPage.java:217)
	at com.hrsoft.gui.compensation.PlanningPage.clickSubmit(PlanningPage.java:174)
	at com.hrsoft.test.compensation.PlanningPageTestSuite.SM_112_To_SM113_PlanningPage_Verifications(PlanningPageTestSuite.java:85)
	at java.base/jdk.internal.reflect.NativeMethodAccessorImpl.invoke0(Native Method)
	at java.base/jdk.internal.reflect.NativeMethodAccessorImpl.invoke(NativeMethodAccessorImpl.java:77)
	at java.base/jdk.internal.reflect.DelegatingMethodAccessorImpl.invoke(DelegatingMethodAccessorImpl.java:43)
	at java.base/java.lang.reflect.Method.invoke(Method.java:568)
	at org.testng.internal.invokers.MethodInvocationHelper.invokeMethod(MethodInvocationHelper.java:139)
	at org.testng.internal.invokers.TestInvoker.invokeMethod(TestInvoker.java:664)
	at org.testng.internal.invokers.TestInvoker.invokeTestMethod(TestInvoker.java:227)
	at org.testng.internal.invokers.MethodRunner.runInSequence(MethodRunner.java:50)
	at org.testng.internal.invokers.TestInvoker$MethodInvocationAgent.invoke(TestInvoker.java:957)
	at org.testng.internal.invokers.TestInvoker.invokeTestMethods(TestInvoker.java:200)
	at org.testng.internal.invokers.TestMethodWorker.invokeTestMethods(TestMethodWorker.java:148)
	at org.testng.internal.invokers.TestMethodWorker.run(TestMethodWorker.java:128)
	at java.base/java.util.ArrayList.forEach(ArrayList.java:1511)
	at org.testng.TestRunner.privateRun(TestRunner.java:848)
	at org.testng.TestRunner.run(TestRunner.java:621)
	at org.testng.SuiteRunner.runTest(SuiteRunner.java:443)
	at org.testng.SuiteRunner.runSequentially(SuiteRunner.java:437)
	at org.testng.SuiteRunner.privateRun(SuiteRunner.java:397)
	at org.testng.SuiteRunner.run(SuiteRunner.java:336)
	at org.testng.SuiteRunnerWorker.runSuite(SuiteRunnerWorker.java:52)
	at org.testng.SuiteRunnerWorker.run(SuiteRunnerWorker.java:95)
	at org.testng.TestNG.runSuitesSequentially(TestNG.java:1280)
	at org.testng.TestNG.runSuitesLocally(TestNG.java:1200)
	at org.testng.TestNG.runSuites(TestNG.java:1114)
	at org.testng.TestNG.run(TestNG.java:1082)
	at org.testng.remote.AbstractRemoteTestNG.run(AbstractRemoteTestNG.java:115)
	at org.testng.remote.RemoteTestNG.initAndRun(RemoteTestNG.java:251)
	at org.testng.remote.RemoteTestNG.main(RemoteTestNG.java:77)
</pre></div></td>
<td>121</td>
<td>com.hrsoft.test.compensation.PlanningPageTestSuite@4678a2eb</td></tr>
<tr>
<td title='com.hrsoft.test.compensation.PlanningPageTestSuite.SM_31_CompViewPlanningPage_ShowOnlyEligibleEmployees()'><b>SM_31_CompViewPlanningPage_ShowOnlyEligibleEmployees</b><br>Test class: com.hrsoft.test.compensation.PlanningPageTestSuite<br>Parameters: TestDataExcel [testCase=SM_31_CompViewPlanningPage_ShowOnlyEligibleEmployees, applicationURL=https://mercfin-tcc2200-sqa.cloud.hrsoft.com/, userName=admin_user, password=eiwKka2yfPwwPaY]</td>
<td><div><pre>org.openqa.selenium.TimeoutException: Expected condition failed: waiting for presence of element located by: By.xpath: (//div[@typecode=&apos;Job&apos;]/ancestor::li//div[@class=&apos;sp_cell dragHandle121 columnOrder input-cell&apos;]/following-sibling::div[@class=&apos;sp_cell columnVisibility column-visible&apos;]//input)[1] (tried for 10 second(s) with 500 milliseconds interval)
	at org.openqa.selenium.support.ui.WebDriverWait.timeoutException(WebDriverWait.java:84)
	at org.openqa.selenium.support.ui.FluentWait.until(FluentWait.java:230)
	at com.hrsoft.utils.seleniumfy.BasePage.waitForElement(BasePage.java:244)
	at com.hrsoft.utils.seleniumfy.BasePage.getAttribute(BasePage.java:808)
	at com.hrsoft.utils.seleniumfy.BasePage.getAttribute(BasePage.java:796)
	at com.hrsoft.gui.compensation.PlanningPage.getcolumnToNumber(PlanningPage.java:423)
	at com.hrsoft.test.compensation.PlanningPageTestSuite.SM_31_CompViewPlanningPage_ShowOnlyEligibleEmployees(PlanningPageTestSuite.java:510)
	at java.base/java.util.ArrayList.forEach(ArrayList.java:1511)
Caused by: org.openqa.selenium.NoSuchElementException: no such element: Unable to locate element: {&quot;method&quot;:&quot;xpath&quot;,&quot;selector&quot;:&quot;(//div[@typecode=&apos;Job&apos;]/ancestor::li//div[@class=&apos;sp_cell dragHandle121 columnOrder input-cell&apos;]/following-sibling::div[@class=&apos;sp_cell columnVisibility column-visible&apos;]//input)[1]&quot;}
  (Session info: MicrosoftEdge=114.0.1823.67)
For documentation on this error, please visit: https://www.selenium.dev/documentation/webdriver/troubleshooting/errors#no-such-element-exception
Build info: version: &apos;4.10.0&apos;, revision: &apos;c14d967899&apos;
System info: os.name: &apos;Windows Server 2022&apos;, os.arch: &apos;amd64&apos;, os.version: &apos;10.0&apos;, java.version: &apos;17.0.7&apos;
Driver info: org.openqa.selenium.edge.EdgeDriver
Command: [29f6e349040d6d3b2917d4f620e1eaf0, findElement {using=xpath, value=(//div[@typecode=&apos;Job&apos;]/ancestor::li//div[@class=&apos;sp_cell dragHandle121 columnOrder input-cell&apos;]/following-sibling::div[@class=&apos;sp_cell columnVisibility column-visible&apos;]//input)[1]}]
Capabilities {acceptInsecureCerts: false, browserName: msedge, browserVersion: 114.0.1823.67, ms:edgeOptions: {debuggerAddress: localhost:58598}, msedge: {msedgedriverVersion: 114.0.1823.82 (ac4903679dd6..., userDataDir: C:\Users\KIRAN~1.YAJ\AppDat...}, networkConnectionEnabled: false, pageLoadStrategy: normal, platformName: windows, proxy: Proxy(), se:cdp: ws://localhost:58598/devtoo..., se:cdpVersion: 114.0.1823.67, setWindowRect: true, strictFileInteractability: false, timeouts: {implicit: 0, pageLoad: 300000, script: 30000}, unhandledPromptBehavior: dismiss and notify, webauthn:extension:credBlob: true, webauthn:extension:largeBlob: true, webauthn:extension:minPinLength: true, webauthn:extension:prf: true, webauthn:virtualAuthenticators: true}
Session ID: 29f6e349040d6d3b2917d4f620e1eaf0
	at org.openqa.selenium.remote.codec.w3c.W3CHttpResponseCodec.createException(W3CHttpResponseCodec.java:199)
	at org.openqa.selenium.remote.codec.w3c.W3CHttpResponseCodec.decode(W3CHttpResponseCodec.java:132)
	at org.openqa.selenium.remote.codec.w3c.W3CHttpResponseCodec.decode(W3CHttpResponseCodec.java:51)
	at org.openqa.selenium.remote.HttpCommandExecutor.execute(HttpCommandExecutor.java:191)
	at org.openqa.selenium.remote.service.DriverCommandExecutor.invokeExecute(DriverCommandExecutor.java:196)
	at org.openqa.selenium.remote.service.DriverCommandExecutor.execute(DriverCommandExecutor.java:171)
	at org.openqa.selenium.remote.RemoteWebDriver.execute(RemoteWebDriver.java:531)
	at org.openqa.selenium.remote.ElementLocation$ElementFinder$2.findElement(ElementLocation.java:165)
	at org.openqa.selenium.remote.ElementLocation.findElement(ElementLocation.java:59)
	at org.openqa.selenium.remote.RemoteWebDriver.findElement(RemoteWebDriver.java:350)
	at org.openqa.selenium.remote.RemoteWebDriver.findElement(RemoteWebDriver.java:344)
	at org.openqa.selenium.support.ui.ExpectedConditions$6.apply(ExpectedConditions.java:171)
	at org.openqa.selenium.support.ui.ExpectedConditions$6.apply(ExpectedConditions.java:168)
	at org.openqa.selenium.support.ui.FluentWait.until(FluentWait.java:205)
	... 33 more
... Removed 31 stack frames</pre></div><a href='#' onClick='toggleBox("stack-trace943238145", this, "Click to show all stack frames", "Click to hide stack frames")'>Click to show all stack frames</a>
<div class='stack-trace' id='stack-trace943238145'><pre>org.openqa.selenium.TimeoutException: Expected condition failed: waiting for presence of element located by: By.xpath: (//div[@typecode=&apos;Job&apos;]/ancestor::li//div[@class=&apos;sp_cell dragHandle121 columnOrder input-cell&apos;]/following-sibling::div[@class=&apos;sp_cell columnVisibility column-visible&apos;]//input)[1] (tried for 10 second(s) with 500 milliseconds interval)
	at org.openqa.selenium.support.ui.WebDriverWait.timeoutException(WebDriverWait.java:84)
	at org.openqa.selenium.support.ui.FluentWait.until(FluentWait.java:230)
	at com.hrsoft.utils.seleniumfy.BasePage.waitForElement(BasePage.java:244)
	at com.hrsoft.utils.seleniumfy.BasePage.getAttribute(BasePage.java:808)
	at com.hrsoft.utils.seleniumfy.BasePage.getAttribute(BasePage.java:796)
	at com.hrsoft.gui.compensation.PlanningPage.getcolumnToNumber(PlanningPage.java:423)
	at com.hrsoft.test.compensation.PlanningPageTestSuite.SM_31_CompViewPlanningPage_ShowOnlyEligibleEmployees(PlanningPageTestSuite.java:510)
	at java.base/jdk.internal.reflect.NativeMethodAccessorImpl.invoke0(Native Method)
	at java.base/jdk.internal.reflect.NativeMethodAccessorImpl.invoke(NativeMethodAccessorImpl.java:77)
	at java.base/jdk.internal.reflect.DelegatingMethodAccessorImpl.invoke(DelegatingMethodAccessorImpl.java:43)
	at java.base/java.lang.reflect.Method.invoke(Method.java:568)
	at org.testng.internal.invokers.MethodInvocationHelper.invokeMethod(MethodInvocationHelper.java:139)
	at org.testng.internal.invokers.TestInvoker.invokeMethod(TestInvoker.java:664)
	at org.testng.internal.invokers.TestInvoker.invokeTestMethod(TestInvoker.java:227)
	at org.testng.internal.invokers.MethodRunner.runInSequence(MethodRunner.java:50)
	at org.testng.internal.invokers.TestInvoker$MethodInvocationAgent.invoke(TestInvoker.java:957)
	at org.testng.internal.invokers.TestInvoker.invokeTestMethods(TestInvoker.java:200)
	at org.testng.internal.invokers.TestMethodWorker.invokeTestMethods(TestMethodWorker.java:148)
	at org.testng.internal.invokers.TestMethodWorker.run(TestMethodWorker.java:128)
	at java.base/java.util.ArrayList.forEach(ArrayList.java:1511)
	at org.testng.TestRunner.privateRun(TestRunner.java:848)
	at org.testng.TestRunner.run(TestRunner.java:621)
	at org.testng.SuiteRunner.runTest(SuiteRunner.java:443)
	at org.testng.SuiteRunner.runSequentially(SuiteRunner.java:437)
	at org.testng.SuiteRunner.privateRun(SuiteRunner.java:397)
	at org.testng.SuiteRunner.run(SuiteRunner.java:336)
	at org.testng.SuiteRunnerWorker.runSuite(SuiteRunnerWorker.java:52)
	at org.testng.SuiteRunnerWorker.run(SuiteRunnerWorker.java:95)
	at org.testng.TestNG.runSuitesSequentially(TestNG.java:1280)
	at org.testng.TestNG.runSuitesLocally(TestNG.java:1200)
	at org.testng.TestNG.runSuites(TestNG.java:1114)
	at org.testng.TestNG.run(TestNG.java:1082)
	at org.testng.remote.AbstractRemoteTestNG.run(AbstractRemoteTestNG.java:115)
	at org.testng.remote.RemoteTestNG.initAndRun(RemoteTestNG.java:251)
	at org.testng.remote.RemoteTestNG.main(RemoteTestNG.java:77)
Caused by: org.openqa.selenium.NoSuchElementException: no such element: Unable to locate element: {&quot;method&quot;:&quot;xpath&quot;,&quot;selector&quot;:&quot;(//div[@typecode=&apos;Job&apos;]/ancestor::li//div[@class=&apos;sp_cell dragHandle121 columnOrder input-cell&apos;]/following-sibling::div[@class=&apos;sp_cell columnVisibility column-visible&apos;]//input)[1]&quot;}
  (Session info: MicrosoftEdge=114.0.1823.67)
For documentation on this error, please visit: https://www.selenium.dev/documentation/webdriver/troubleshooting/errors#no-such-element-exception
Build info: version: &apos;4.10.0&apos;, revision: &apos;c14d967899&apos;
System info: os.name: &apos;Windows Server 2022&apos;, os.arch: &apos;amd64&apos;, os.version: &apos;10.0&apos;, java.version: &apos;17.0.7&apos;
Driver info: org.openqa.selenium.edge.EdgeDriver
Command: [29f6e349040d6d3b2917d4f620e1eaf0, findElement {using=xpath, value=(//div[@typecode=&apos;Job&apos;]/ancestor::li//div[@class=&apos;sp_cell dragHandle121 columnOrder input-cell&apos;]/following-sibling::div[@class=&apos;sp_cell columnVisibility column-visible&apos;]//input)[1]}]
Capabilities {acceptInsecureCerts: false, browserName: msedge, browserVersion: 114.0.1823.67, ms:edgeOptions: {debuggerAddress: localhost:58598}, msedge: {msedgedriverVersion: 114.0.1823.82 (ac4903679dd6..., userDataDir: C:\Users\KIRAN~1.YAJ\AppDat...}, networkConnectionEnabled: false, pageLoadStrategy: normal, platformName: windows, proxy: Proxy(), se:cdp: ws://localhost:58598/devtoo..., se:cdpVersion: 114.0.1823.67, setWindowRect: true, strictFileInteractability: false, timeouts: {implicit: 0, pageLoad: 300000, script: 30000}, unhandledPromptBehavior: dismiss and notify, webauthn:extension:credBlob: true, webauthn:extension:largeBlob: true, webauthn:extension:minPinLength: true, webauthn:extension:prf: true, webauthn:virtualAuthenticators: true}
Session ID: 29f6e349040d6d3b2917d4f620e1eaf0
	at jdk.internal.reflect.GeneratedConstructorAccessor28.newInstance(Unknown Source)
	at java.base/jdk.internal.reflect.DelegatingConstructorAccessorImpl.newInstance(DelegatingConstructorAccessorImpl.java:45)
	at java.base/java.lang.reflect.Constructor.newInstanceWithCaller(Constructor.java:499)
	at java.base/java.lang.reflect.Constructor.newInstance(Constructor.java:480)
	at org.openqa.selenium.remote.codec.w3c.W3CHttpResponseCodec.createException(W3CHttpResponseCodec.java:199)
	at org.openqa.selenium.remote.codec.w3c.W3CHttpResponseCodec.decode(W3CHttpResponseCodec.java:132)
	at org.openqa.selenium.remote.codec.w3c.W3CHttpResponseCodec.decode(W3CHttpResponseCodec.java:51)
	at org.openqa.selenium.remote.HttpCommandExecutor.execute(HttpCommandExecutor.java:191)
	at org.openqa.selenium.remote.service.DriverCommandExecutor.invokeExecute(DriverCommandExecutor.java:196)
	at org.openqa.selenium.remote.service.DriverCommandExecutor.execute(DriverCommandExecutor.java:171)
	at org.openqa.selenium.remote.RemoteWebDriver.execute(RemoteWebDriver.java:531)
	at org.openqa.selenium.remote.ElementLocation$ElementFinder$2.findElement(ElementLocation.java:165)
	at org.openqa.selenium.remote.ElementLocation.findElement(ElementLocation.java:59)
	at org.openqa.selenium.remote.RemoteWebDriver.findElement(RemoteWebDriver.java:350)
	at org.openqa.selenium.remote.RemoteWebDriver.findElement(RemoteWebDriver.java:344)
	at org.openqa.selenium.support.ui.ExpectedConditions$6.apply(ExpectedConditions.java:171)
	at org.openqa.selenium.support.ui.ExpectedConditions$6.apply(ExpectedConditions.java:168)
	at org.openqa.selenium.support.ui.FluentWait.until(FluentWait.java:205)
	... 33 more
</pre></div></td>
<td>93</td>
<td>com.hrsoft.test.compensation.PlanningPageTestSuite@4678a2eb</td></tr>
<tr>
<td title='com.hrsoft.test.datamanagement.ApiFeedTestSuite.SMAPI19_UMEI_API_apiFeedImportTest_UltiJobCode()'><b>SMAPI19_UMEI_API_apiFeedImportTest_UltiJobCode</b><br>Test class: com.hrsoft.test.datamanagement.ApiFeedTestSuite<br>Parameters: TestDataExcel [testCase=SMAPI19_UMEI_API_apiFeedImportTest_UltiJobCode, applicationURL=https://mercfin-tcc2200-sqa.cloud.hrsoft.com/, userName=admin_user, password=eiwKka2yfPwwPaY]</td>
<td><div><pre>java.lang.AssertionError:  Import Failed for ULTI_JOB_CODE from HRSOFTCLOUD product
	at com.hrsoft.test.datamanagement.ApiFeedTestSuite.apiImportTest(ApiFeedTestSuite.java:94)
	at com.hrsoft.test.datamanagement.ApiFeedTestSuite.SMAPI19_UMEI_API_apiFeedImportTest_UltiJobCode(ApiFeedTestSuite.java:1008)
	at java.base/java.util.ArrayList.forEach(ArrayList.java:1511)
... Removed 28 stack frames</pre></div><a href='#' onClick='toggleBox("stack-trace1834125803", this, "Click to show all stack frames", "Click to hide stack frames")'>Click to show all stack frames</a>
<div class='stack-trace' id='stack-trace1834125803'><pre>java.lang.AssertionError:  Import Failed for ULTI_JOB_CODE from HRSOFTCLOUD product
	at org.testng.Assert.fail(Assert.java:111)
	at com.hrsoft.test.datamanagement.ApiFeedTestSuite.apiImportTest(ApiFeedTestSuite.java:94)
	at com.hrsoft.test.datamanagement.ApiFeedTestSuite.SMAPI19_UMEI_API_apiFeedImportTest_UltiJobCode(ApiFeedTestSuite.java:1008)
	at java.base/jdk.internal.reflect.NativeMethodAccessorImpl.invoke0(Native Method)
	at java.base/jdk.internal.reflect.NativeMethodAccessorImpl.invoke(NativeMethodAccessorImpl.java:77)
	at java.base/jdk.internal.reflect.DelegatingMethodAccessorImpl.invoke(DelegatingMethodAccessorImpl.java:43)
	at java.base/java.lang.reflect.Method.invoke(Method.java:568)
	at org.testng.internal.invokers.MethodInvocationHelper.invokeMethod(MethodInvocationHelper.java:139)
	at org.testng.internal.invokers.TestInvoker.invokeMethod(TestInvoker.java:664)
	at org.testng.internal.invokers.TestInvoker.invokeTestMethod(TestInvoker.java:227)
	at org.testng.internal.invokers.MethodRunner.runInSequence(MethodRunner.java:50)
	at org.testng.internal.invokers.TestInvoker$MethodInvocationAgent.invoke(TestInvoker.java:957)
	at org.testng.internal.invokers.TestInvoker.invokeTestMethods(TestInvoker.java:200)
	at org.testng.internal.invokers.TestMethodWorker.invokeTestMethods(TestMethodWorker.java:148)
	at org.testng.internal.invokers.TestMethodWorker.run(TestMethodWorker.java:128)
	at java.base/java.util.ArrayList.forEach(ArrayList.java:1511)
	at org.testng.TestRunner.privateRun(TestRunner.java:848)
	at org.testng.TestRunner.run(TestRunner.java:621)
	at org.testng.SuiteRunner.runTest(SuiteRunner.java:443)
	at org.testng.SuiteRunner.runSequentially(SuiteRunner.java:437)
	at org.testng.SuiteRunner.privateRun(SuiteRunner.java:397)
	at org.testng.SuiteRunner.run(SuiteRunner.java:336)
	at org.testng.SuiteRunnerWorker.runSuite(SuiteRunnerWorker.java:52)
	at org.testng.SuiteRunnerWorker.run(SuiteRunnerWorker.java:95)
	at org.testng.TestNG.runSuitesSequentially(TestNG.java:1280)
	at org.testng.TestNG.runSuitesLocally(TestNG.java:1200)
	at org.testng.TestNG.runSuites(TestNG.java:1114)
	at org.testng.TestNG.run(TestNG.java:1082)
	at org.testng.remote.AbstractRemoteTestNG.run(AbstractRemoteTestNG.java:115)
	at org.testng.remote.RemoteTestNG.initAndRun(RemoteTestNG.java:251)
	at org.testng.remote.RemoteTestNG.main(RemoteTestNG.java:77)
</pre></div></td>
<td>88</td>
<td>com.hrsoft.test.datamanagement.ApiFeedTestSuite@3eb631b8</td></tr>
<tr>
<td title='com.hrsoft.test.compensation.CompOverviewTestSuite.SM_25_CompView_ChangeJob()'><b>SM_25_CompView_ChangeJob</b><br>Test class: com.hrsoft.test.compensation.CompOverviewTestSuite<br>Parameters: TestDataExcel [testCase=SM_25_CompView_ChangeJob, applicationURL=https://mercfin-tcc2200-sqa.cloud.hrsoft.com/, userName=admin_user, password=eiwKka2yfPwwPaY]</td>
<td><div><pre>org.openqa.selenium.TimeoutException: Expected condition failed: waiting for visibility of element located by By.xpath: //tr[@originalrowpos=0]//a[@data-type-code=&apos;WS_Job_Code&apos;] (tried for 10 second(s) with 500 milliseconds interval)
Build info: version: &apos;4.10.0&apos;, revision: &apos;c14d967899&apos;
System info: os.name: &apos;Windows Server 2022&apos;, os.arch: &apos;amd64&apos;, os.version: &apos;10.0&apos;, java.version: &apos;17.0.7&apos;
Driver info: org.openqa.selenium.edge.EdgeDriver
Capabilities {acceptInsecureCerts: false, browserName: msedge, browserVersion: 114.0.1823.67, ms:edgeOptions: {debuggerAddress: localhost:59533}, msedge: {msedgedriverVersion: 114.0.1823.82 (ac4903679dd6..., userDataDir: C:\Users\KIRAN~1.YAJ\AppDat...}, networkConnectionEnabled: false, pageLoadStrategy: normal, platformName: windows, proxy: Proxy(), se:cdp: ws://localhost:59533/devtoo..., se:cdpVersion: 114.0.1823.67, setWindowRect: true, strictFileInteractability: false, timeouts: {implicit: 0, pageLoad: 300000, script: 30000}, unhandledPromptBehavior: dismiss and notify, webauthn:extension:credBlob: true, webauthn:extension:largeBlob: true, webauthn:extension:minPinLength: true, webauthn:extension:prf: true, webauthn:virtualAuthenticators: true}
Session ID: c17c4c6ed86b2c85d738a2ea8b3025e5
	at org.openqa.selenium.support.ui.WebDriverWait.timeoutException(WebDriverWait.java:84)
	at org.openqa.selenium.support.ui.FluentWait.until(FluentWait.java:230)
	at com.hrsoft.utils.seleniumfy.BasePage.waitForElementVisible(BasePage.java:409)
	at com.hrsoft.utils.seleniumfy.BasePage.waitForElementVisible(BasePage.java:387)
	at com.hrsoft.utils.seleniumfy.BasePage.click(BasePage.java:617)
	at com.hrsoft.gui.compensation.PlanningPage.openJobsearchAndPromotionPage(PlanningPage.java:848)
	at com.hrsoft.gui.compensation.PlanningPage.searchJobWithJobTitle(PlanningPage.java:910)
	at com.hrsoft.test.compensation.CompOverviewTestSuite.SM_25_CompView_ChangeJob(CompOverviewTestSuite.java:194)
	at java.base/java.util.ArrayList.forEach(ArrayList.java:1511)
... Removed 27 stack frames</pre></div><a href='#' onClick='toggleBox("stack-trace263254668", this, "Click to show all stack frames", "Click to hide stack frames")'>Click to show all stack frames</a>
<div class='stack-trace' id='stack-trace263254668'><pre>org.openqa.selenium.TimeoutException: Expected condition failed: waiting for visibility of element located by By.xpath: //tr[@originalrowpos=0]//a[@data-type-code=&apos;WS_Job_Code&apos;] (tried for 10 second(s) with 500 milliseconds interval)
Build info: version: &apos;4.10.0&apos;, revision: &apos;c14d967899&apos;
System info: os.name: &apos;Windows Server 2022&apos;, os.arch: &apos;amd64&apos;, os.version: &apos;10.0&apos;, java.version: &apos;17.0.7&apos;
Driver info: org.openqa.selenium.edge.EdgeDriver
Capabilities {acceptInsecureCerts: false, browserName: msedge, browserVersion: 114.0.1823.67, ms:edgeOptions: {debuggerAddress: localhost:59533}, msedge: {msedgedriverVersion: 114.0.1823.82 (ac4903679dd6..., userDataDir: C:\Users\KIRAN~1.YAJ\AppDat...}, networkConnectionEnabled: false, pageLoadStrategy: normal, platformName: windows, proxy: Proxy(), se:cdp: ws://localhost:59533/devtoo..., se:cdpVersion: 114.0.1823.67, setWindowRect: true, strictFileInteractability: false, timeouts: {implicit: 0, pageLoad: 300000, script: 30000}, unhandledPromptBehavior: dismiss and notify, webauthn:extension:credBlob: true, webauthn:extension:largeBlob: true, webauthn:extension:minPinLength: true, webauthn:extension:prf: true, webauthn:virtualAuthenticators: true}
Session ID: c17c4c6ed86b2c85d738a2ea8b3025e5
	at org.openqa.selenium.support.ui.WebDriverWait.timeoutException(WebDriverWait.java:84)
	at org.openqa.selenium.support.ui.FluentWait.until(FluentWait.java:230)
	at com.hrsoft.utils.seleniumfy.BasePage.waitForElementVisible(BasePage.java:409)
	at com.hrsoft.utils.seleniumfy.BasePage.waitForElementVisible(BasePage.java:387)
	at com.hrsoft.utils.seleniumfy.BasePage.click(BasePage.java:617)
	at com.hrsoft.gui.compensation.PlanningPage.openJobsearchAndPromotionPage(PlanningPage.java:848)
	at com.hrsoft.gui.compensation.PlanningPage.searchJobWithJobTitle(PlanningPage.java:910)
	at com.hrsoft.test.compensation.CompOverviewTestSuite.SM_25_CompView_ChangeJob(CompOverviewTestSuite.java:194)
	at java.base/jdk.internal.reflect.NativeMethodAccessorImpl.invoke0(Native Method)
	at java.base/jdk.internal.reflect.NativeMethodAccessorImpl.invoke(NativeMethodAccessorImpl.java:77)
	at java.base/jdk.internal.reflect.DelegatingMethodAccessorImpl.invoke(DelegatingMethodAccessorImpl.java:43)
	at java.base/java.lang.reflect.Method.invoke(Method.java:568)
	at org.testng.internal.invokers.MethodInvocationHelper.invokeMethod(MethodInvocationHelper.java:139)
	at org.testng.internal.invokers.TestInvoker.invokeMethod(TestInvoker.java:664)
	at org.testng.internal.invokers.TestInvoker.invokeTestMethod(TestInvoker.java:227)
	at org.testng.internal.invokers.MethodRunner.runInSequence(MethodRunner.java:50)
	at org.testng.internal.invokers.TestInvoker$MethodInvocationAgent.invoke(TestInvoker.java:957)
	at org.testng.internal.invokers.TestInvoker.invokeTestMethods(TestInvoker.java:200)
	at org.testng.internal.invokers.TestMethodWorker.invokeTestMethods(TestMethodWorker.java:148)
	at org.testng.internal.invokers.TestMethodWorker.run(TestMethodWorker.java:128)
	at java.base/java.util.ArrayList.forEach(ArrayList.java:1511)
	at org.testng.TestRunner.privateRun(TestRunner.java:848)
	at org.testng.TestRunner.run(TestRunner.java:621)
	at org.testng.SuiteRunner.runTest(SuiteRunner.java:443)
	at org.testng.SuiteRunner.runSequentially(SuiteRunner.java:437)
	at org.testng.SuiteRunner.privateRun(SuiteRunner.java:397)
	at org.testng.SuiteRunner.run(SuiteRunner.java:336)
	at org.testng.SuiteRunnerWorker.runSuite(SuiteRunnerWorker.java:52)
	at org.testng.SuiteRunnerWorker.run(SuiteRunnerWorker.java:95)
	at org.testng.TestNG.runSuitesSequentially(TestNG.java:1280)
	at org.testng.TestNG.runSuitesLocally(TestNG.java:1200)
	at org.testng.TestNG.runSuites(TestNG.java:1114)
	at org.testng.TestNG.run(TestNG.java:1082)
	at org.testng.remote.AbstractRemoteTestNG.run(AbstractRemoteTestNG.java:115)
	at org.testng.remote.RemoteTestNG.initAndRun(RemoteTestNG.java:251)
	at org.testng.remote.RemoteTestNG.main(RemoteTestNG.java:77)
</pre></div></td>
<td>95</td>
<td>com.hrsoft.test.compensation.CompOverviewTestSuite@3f28bd56</td></tr>
<tr>
<td title='com.hrsoft.test.datamanagement.ApiFeedTestSuite.SMAPI21_UMEI_API_apiFeedImportTestUltiP4PDemographic()'><b>SMAPI21_UMEI_API_apiFeedImportTestUltiP4PDemographic</b><br>Test class: com.hrsoft.test.datamanagement.ApiFeedTestSuite<br>Parameters: TestDataExcel [testCase=SMAPI21_UMEI_API_apiFeedImportTestUltiP4PDemographic, applicationURL=https://mercfin-tcc2200-sqa.cloud.hrsoft.com/, userName=admin_user, password=eiwKka2yfPwwPaY]</td>
<td><div><pre>java.lang.AssertionError:  Import Failed for ULTI_P4P_DEMOGRAPHIC from HRSOFTCLOUD product
	at com.hrsoft.test.datamanagement.ApiFeedTestSuite.apiImportTest(ApiFeedTestSuite.java:94)
	at com.hrsoft.test.datamanagement.ApiFeedTestSuite.changeHierarchyInAPIManagementAndApiImport(ApiFeedTestSuite.java:135)
	at com.hrsoft.test.datamanagement.ApiFeedTestSuite.SMAPI21_UMEI_API_apiFeedImportTestUltiP4PDemographic(ApiFeedTestSuite.java:1030)
	at java.base/java.util.ArrayList.forEach(ArrayList.java:1511)
... Removed 28 stack frames</pre></div><a href='#' onClick='toggleBox("stack-trace1031684161", this, "Click to show all stack frames", "Click to hide stack frames")'>Click to show all stack frames</a>
<div class='stack-trace' id='stack-trace1031684161'><pre>java.lang.AssertionError:  Import Failed for ULTI_P4P_DEMOGRAPHIC from HRSOFTCLOUD product
	at org.testng.Assert.fail(Assert.java:111)
	at com.hrsoft.test.datamanagement.ApiFeedTestSuite.apiImportTest(ApiFeedTestSuite.java:94)
	at com.hrsoft.test.datamanagement.ApiFeedTestSuite.changeHierarchyInAPIManagementAndApiImport(ApiFeedTestSuite.java:135)
	at com.hrsoft.test.datamanagement.ApiFeedTestSuite.SMAPI21_UMEI_API_apiFeedImportTestUltiP4PDemographic(ApiFeedTestSuite.java:1030)
	at java.base/jdk.internal.reflect.NativeMethodAccessorImpl.invoke0(Native Method)
	at java.base/jdk.internal.reflect.NativeMethodAccessorImpl.invoke(NativeMethodAccessorImpl.java:77)
	at java.base/jdk.internal.reflect.DelegatingMethodAccessorImpl.invoke(DelegatingMethodAccessorImpl.java:43)
	at java.base/java.lang.reflect.Method.invoke(Method.java:568)
	at org.testng.internal.invokers.MethodInvocationHelper.invokeMethod(MethodInvocationHelper.java:139)
	at org.testng.internal.invokers.TestInvoker.invokeMethod(TestInvoker.java:664)
	at org.testng.internal.invokers.TestInvoker.invokeTestMethod(TestInvoker.java:227)
	at org.testng.internal.invokers.MethodRunner.runInSequence(MethodRunner.java:50)
	at org.testng.internal.invokers.TestInvoker$MethodInvocationAgent.invoke(TestInvoker.java:957)
	at org.testng.internal.invokers.TestInvoker.invokeTestMethods(TestInvoker.java:200)
	at org.testng.internal.invokers.TestMethodWorker.invokeTestMethods(TestMethodWorker.java:148)
	at org.testng.internal.invokers.TestMethodWorker.run(TestMethodWorker.java:128)
	at java.base/java.util.ArrayList.forEach(ArrayList.java:1511)
	at org.testng.TestRunner.privateRun(TestRunner.java:848)
	at org.testng.TestRunner.run(TestRunner.java:621)
	at org.testng.SuiteRunner.runTest(SuiteRunner.java:443)
	at org.testng.SuiteRunner.runSequentially(SuiteRunner.java:437)
	at org.testng.SuiteRunner.privateRun(SuiteRunner.java:397)
	at org.testng.SuiteRunner.run(SuiteRunner.java:336)
	at org.testng.SuiteRunnerWorker.runSuite(SuiteRunnerWorker.java:52)
	at org.testng.SuiteRunnerWorker.run(SuiteRunnerWorker.java:95)
	at org.testng.TestNG.runSuitesSequentially(TestNG.java:1280)
	at org.testng.TestNG.runSuitesLocally(TestNG.java:1200)
	at org.testng.TestNG.runSuites(TestNG.java:1114)
	at org.testng.TestNG.run(TestNG.java:1082)
	at org.testng.remote.AbstractRemoteTestNG.run(AbstractRemoteTestNG.java:115)
	at org.testng.remote.RemoteTestNG.initAndRun(RemoteTestNG.java:251)
	at org.testng.remote.RemoteTestNG.main(RemoteTestNG.java:77)
</pre></div></td>
<td>68</td>
<td>com.hrsoft.test.datamanagement.ApiFeedTestSuite@3eb631b8</td></tr>
</table><p>
<table width='100%' border='1' class='invocation-passed'>
<tr><td colspan='4' align='center'><b>PASSED TESTS</b></td></tr>
<tr><td><b>Test method</b></td>
<td><b>Attribute(s)</b></td>
<td width="30%"><b>Exception</b></td>
<td width="10%"><b>Time (seconds)</b></td>
<td><b>Instance</b></td>
</tr>
<tr>
<td title='com.hrsoft.test.homepage.HomePageTestSuite.SM_64_To_SM77_HomePage_CompensationReport_VerifyClickFunctions()'><b>SM_64_To_SM77_HomePage_CompensationReport_VerifyClickFunctions</b><br>Test class: com.hrsoft.test.homepage.HomePageTestSuite<br>Parameters: TestDataExcel [testCase=SM_64_To_SM77_HomePage_CompensationReport_VerifyClickFunctions, applicationURL=https://mercfin-tcc2200-sqa.cloud.hrsoft.com/, userName=admin_user, password=eiwKka2yfPwwPaY]</td>
<td></td>
<td>76</td>
<td>com.hrsoft.test.homepage.HomePageTestSuite@757529a4</td></tr>
<tr>
<td title='com.hrsoft.test.compensation.ReviewingPageTestSuite.SM162A_CompensationReview_WithdrawDirectGroupFunctionality()'><b>SM162A_CompensationReview_WithdrawDirectGroupFunctionality</b><br>Test class: com.hrsoft.test.compensation.ReviewingPageTestSuite<br>Parameters: TestDataExcel [testCase=SM162A_CompensationReview_WithdrawDirectGroupFunctionality, applicationURL=https://mercfin-tcc2200-sqa.cloud.hrsoft.com/, userName=admin_user, password=eiwKka2yfPwwPaY]</td>
<td></td>
<td>49</td>
<td>com.hrsoft.test.compensation.ReviewingPageTestSuite@6722db6e</td></tr>
<tr>
<td title='com.hrsoft.test.dataview.DataViewTestSuite.SM_225_DataViewReport_PublishingAndMarkingAsFeatured_Individual()'><b>SM_225_DataViewReport_PublishingAndMarkingAsFeatured_Individual</b><br>Test class: com.hrsoft.test.dataview.DataViewTestSuite<br>Parameters: TestDataExcel [testCase=SM_225_DataViewReport_PublishingAndMarkingAsFeatured_Individual, applicationURL=https://mercfin-tcc2200-sqa.cloud.hrsoft.com/, userName=admin_user, password=eiwKka2yfPwwPaY]</td>
<td></td>
<td>194</td>
<td>com.hrsoft.test.dataview.DataViewTestSuite@18f20260</td></tr>
<tr>
<td title='com.hrsoft.test.datamanagement.FileFeedTestSuite.SM_UMEI_FILE_11_UMEI_previewValidateAndImportShouldFailForNonUTF8File()'><b>SM_UMEI_FILE_11_UMEI_previewValidateAndImportShouldFailForNonUTF8File</b><br>Test class: com.hrsoft.test.datamanagement.FileFeedTestSuite<br>Parameters: TestDataExcel [testCase=SM_UMEI_FILE_11_UMEI_previewValidateAndImportShouldFailForNonUTF8File, applicationURL=https://mercfin-tcc2200-sqa.cloud.hrsoft.com/, userName=admin_user, password=eiwKka2yfPwwPaY]</td>
<td></td>
<td>227</td>
<td>com.hrsoft.test.datamanagement.FileFeedTestSuite@796d3c9f</td></tr>
<tr>
<td title='com.hrsoft.test.datamanagement.FileFeedTestSuite.SM_UMEI_FILE_18_UMEI_validateShouldBeSuccessForIncrementalMode()'><b>SM_UMEI_FILE_18_UMEI_validateShouldBeSuccessForIncrementalMode</b><br>Test class: com.hrsoft.test.datamanagement.FileFeedTestSuite<br>Parameters: TestDataExcel [testCase=SM_UMEI_FILE_18_UMEI_validateShouldBeSuccessForIncrementalMode, applicationURL=https://mercfin-tcc2200-sqa.cloud.hrsoft.com/, userName=admin_user, password=eiwKka2yfPwwPaY]</td>
<td></td>
<td>117</td>
<td>com.hrsoft.test.datamanagement.FileFeedTestSuite@796d3c9f</td></tr>
<tr>
<td title='com.hrsoft.test.compensation.PlanningPageTestSuite.SM_148_CompensationEmployeeDetails_IsEmpSpareHistoryReportVisible()'><b>SM_148_CompensationEmployeeDetails_IsEmpSpareHistoryReportVisible</b><br>Test class: com.hrsoft.test.compensation.PlanningPageTestSuite<br>Parameters: TestDataExcel [testCase=SM_148_CompensationEmployeeDetails_IsEmpSpareHistoryReportVisible, applicationURL=https://mercfin-tcc2200-sqa.cloud.hrsoft.com/, userName=admin_user, password=eiwKka2yfPwwPaY]</td>
<td></td>
<td>49</td>
<td>com.hrsoft.test.compensation.PlanningPageTestSuite@4678a2eb</td></tr>
<tr>
<td title='com.hrsoft.test.compensation.PlanningPageTestSuite.SM_138_PlanningGrid_ColorChangeToGrey()'><b>SM_138_PlanningGrid_ColorChangeToGrey</b><br>Test class: com.hrsoft.test.compensation.PlanningPageTestSuite<br>Parameters: TestDataExcel [testCase=SM_138_PlanningGrid_ColorChangeToGrey, applicationURL=https://mercfin-tcc2200-sqa.cloud.hrsoft.com/, userName=admin_user, password=eiwKka2yfPwwPaY]</td>
<td></td>
<td>152</td>
<td>com.hrsoft.test.compensation.PlanningPageTestSuite@4678a2eb</td></tr>
<tr>
<td title='com.hrsoft.test.datamanagement.ApiFeedTestSuite.SMAPI04_UMEI_API_checkingUltiSetIdAttributeTest()'><b>SMAPI04_UMEI_API_checkingUltiSetIdAttributeTest</b><br>Test class: com.hrsoft.test.datamanagement.ApiFeedTestSuite<br>Parameters: TestDataExcel [testCase=SMAPI04_UMEI_API_checkingUltiSetIdAttributeTest, applicationURL=https://mercfin-tcc2200-sqa.cloud.hrsoft.com/, userName=admin_user, password=eiwKka2yfPwwPaY]</td>
<td></td>
<td>25</td>
<td>com.hrsoft.test.datamanagement.ApiFeedTestSuite@3eb631b8</td></tr>
<tr>
<td title='com.hrsoft.test.datamanagement.ApiFeedTestSuite.SMAPI05_UMEI_API_editUltiSetIdAttributeTest()'><b>SMAPI05_UMEI_API_editUltiSetIdAttributeTest</b><br>Test class: com.hrsoft.test.datamanagement.ApiFeedTestSuite<br>Parameters: TestDataExcel [testCase=SMAPI05_UMEI_API_editUltiSetIdAttributeTest, applicationURL=https://mercfin-tcc2200-sqa.cloud.hrsoft.com/, userName=admin_user, password=eiwKka2yfPwwPaY]</td>
<td></td>
<td>29</td>
<td>com.hrsoft.test.datamanagement.ApiFeedTestSuite@3eb631b8</td></tr>
<tr>
<td title='com.hrsoft.test.datamanagement.FileFeedTestSuite.SM_UMEI_FILE_07_UMEI_previewShouldPassButValidateAndImportShouldFailForInValidDateFormat()'><b>SM_UMEI_FILE_07_UMEI_previewShouldPassButValidateAndImportShouldFailForInValidDateFormat</b><br>Test class: com.hrsoft.test.datamanagement.FileFeedTestSuite<br>Parameters: TestDataExcel [testCase=SM_UMEI_FILE_07_UMEI_previewShouldPassButValidateAndImportShouldFailForInValidDateFormat, applicationURL=https://mercfin-tcc2200-sqa.cloud.hrsoft.com/, userName=admin_user, password=eiwKka2yfPwwPaY]</td>
<td></td>
<td>147</td>
<td>com.hrsoft.test.datamanagement.FileFeedTestSuite@796d3c9f</td></tr>
<tr>
<td title='com.hrsoft.test.rewardsview.ManagerViewTestSuite.SM_22_RewardsView_ManagerViewDownloadStatements()'><b>SM_22_RewardsView_ManagerViewDownloadStatements</b><br>Test class: com.hrsoft.test.rewardsview.ManagerViewTestSuite<br>Parameters: TestDataExcel [testCase=SM_22_RewardsView_ManagerViewDownloadStatements, applicationURL=https://mercfin-tcc2200-sqa.cloud.hrsoft.com/, userName=admin_user, password=eiwKka2yfPwwPaY]</td>
<td></td>
<td>38</td>
<td>com.hrsoft.test.rewardsview.ManagerViewTestSuite@464a4442</td></tr>
<tr>
<td title='com.hrsoft.test.modelview.ModelViewTestSuite.SM_186_ModelViewCanEditTemplateWithEditIconInSettingPage()'><b>SM_186_ModelViewCanEditTemplateWithEditIconInSettingPage</b><br>Test class: com.hrsoft.test.modelview.ModelViewTestSuite<br>Parameters: TestDataExcel [testCase=SM_186_ModelViewCanEditTemplateWithEditIconInSettingPage, applicationURL=https://hrsofti-tcc2200-sqa.cloud.hrsoft.com/, userName=admin_user, password=ADQbxT1TjyiI9PM]</td>
<td></td>
<td>34</td>
<td>com.hrsoft.test.modelview.ModelViewTestSuite@69c6161d</td></tr>
<tr>
<td title='com.hrsoft.test.datamanagement.FileFeedTestSuite.SM_UMEI_FILE_43_UMEI_validateShouldFailForUserRoleFileInvalidRole()'><b>SM_UMEI_FILE_43_UMEI_validateShouldFailForUserRoleFileInvalidRole</b><br>Test class: com.hrsoft.test.datamanagement.FileFeedTestSuite<br>Parameters: TestDataExcel [testCase=SM_UMEI_FILE_43_UMEI_validateShouldFailForUserRoleFileInvalidRole, applicationURL=https://mercfin-tcc2200-sqa.cloud.hrsoft.com/, userName=admin_user, password=eiwKka2yfPwwPaY]</td>
<td></td>
<td>161</td>
<td>com.hrsoft.test.datamanagement.FileFeedTestSuite@796d3c9f</td></tr>
<tr>
<td title='com.hrsoft.test.datamanagement.ApiFeedTestSuite.SMAPI02_UMEI_API_editPartnerCfgMainApiUrl()'><b>SMAPI02_UMEI_API_editPartnerCfgMainApiUrl</b><br>Test class: com.hrsoft.test.datamanagement.ApiFeedTestSuite<br>Parameters: TestDataExcel [testCase=SMAPI02_UMEI_API_editPartnerCfgMainApiUrl, applicationURL=https://mercfin-tcc2200-sqa.cloud.hrsoft.com/, userName=admin_user, password=eiwKka2yfPwwPaY]</td>
<td></td>
<td>24</td>
<td>com.hrsoft.test.datamanagement.ApiFeedTestSuite@3eb631b8</td></tr>
<tr>
<td title='com.hrsoft.test.compensation.CompOverviewTestSuite.SM_17_CompViewPlanningEnterNoteBasedOnEnvironmentRule()'><b>SM_17_CompViewPlanningEnterNoteBasedOnEnvironmentRule</b><br>Test class: com.hrsoft.test.compensation.CompOverviewTestSuite<br>Parameters: TestDataExcel [testCase=SM_17_CompViewPlanningEnterNoteBasedOnEnvironmentRule, applicationURL=https://mercfin-tcc2200-sqa.cloud.hrsoft.com/, userName=admin_user, password=eiwKka2yfPwwPaY]</td>
<td></td>
<td>350</td>
<td>com.hrsoft.test.compensation.CompOverviewTestSuite@3f28bd56</td></tr>
<tr>
<td title='com.hrsoft.test.compensation.PlanningPageTestSuite.SM_155_Compensation_displayCorrectReportsAtSupportingDataSection()'><b>SM_155_Compensation_displayCorrectReportsAtSupportingDataSection</b><br>Test class: com.hrsoft.test.compensation.PlanningPageTestSuite<br>Parameters: TestDataExcel [testCase=SM_155_Compensation_displayCorrectReportsAtSupportingDataSection, applicationURL=https://mercfin-tcc2200-sqa.cloud.hrsoft.com/, userName=admin_user, password=eiwKka2yfPwwPaY]</td>
<td></td>
<td>36</td>
<td>com.hrsoft.test.compensation.PlanningPageTestSuite@4678a2eb</td></tr>
<tr>
<td title='com.hrsoft.test.datamanagement.ApiFeedTestSuite.SMAPI14_UMEI_API_apiFeedPreviewTest_AdpDemographic()'><b>SMAPI14_UMEI_API_apiFeedPreviewTest_AdpDemographic</b><br>Test class: com.hrsoft.test.datamanagement.ApiFeedTestSuite<br>Parameters: TestDataExcel [testCase=SMAPI14_UMEI_API_apiFeedPreviewTest_AdpDemographic, applicationURL=https://mercfin-tcc2200-sqa.cloud.hrsoft.com/, userName=admin_user, password=eiwKka2yfPwwPaY]</td>
<td></td>
<td>49</td>
<td>com.hrsoft.test.datamanagement.ApiFeedTestSuite@3eb631b8</td></tr>
<tr>
<td title='com.hrsoft.test.datamanagement.FileFeedTestSuite.SM_UMEI_FILE_10_UMEI_previewValidateAndImportShouldFailForEmptyFile()'><b>SM_UMEI_FILE_10_UMEI_previewValidateAndImportShouldFailForEmptyFile</b><br>Test class: com.hrsoft.test.datamanagement.FileFeedTestSuite<br>Parameters: TestDataExcel [testCase=SM_UMEI_FILE_10_UMEI_previewValidateAndImportShouldFailForEmptyFile, applicationURL=https://mercfin-tcc2200-sqa.cloud.hrsoft.com/, userName=admin_user, password=eiwKka2yfPwwPaY]</td>
<td></td>
<td>59</td>
<td>com.hrsoft.test.datamanagement.FileFeedTestSuite@796d3c9f</td></tr>
<tr>
<td title='com.hrsoft.test.datamanagement.FileFeedTestSuite.SM_UMEI_FILE_46_UMEI_lastNameWithNoEmptyValuesShouldBeImportedSuccessfully()'><b>SM_UMEI_FILE_46_UMEI_lastNameWithNoEmptyValuesShouldBeImportedSuccessfully</b><br>Test class: com.hrsoft.test.datamanagement.FileFeedTestSuite<br>Parameters: TestDataExcel [testCase=SM_UMEI_FILE_46_UMEI_lastNameWithNoEmptyValuesShouldBeImportedSuccessfully, applicationURL=https://mercfin-tcc2200-sqa.cloud.hrsoft.com/, userName=admin_user, password=eiwKka2yfPwwPaY]</td>
<td></td>
<td>145</td>
<td>com.hrsoft.test.datamanagement.FileFeedTestSuite@796d3c9f</td></tr>
<tr>
<td title='com.hrsoft.test.modelview.ModelViewTestSuite.SM_194_196ModelView_UserPoolsDetails()'><b>SM_194_196ModelView_UserPoolsDetails</b><br>Test class: com.hrsoft.test.modelview.ModelViewTestSuite<br>Parameters: TestDataExcel [testCase=SM_194_196ModelView_UserPoolsDetails, applicationURL=https://hrsofti-tcc2200-sqa.cloud.hrsoft.com/, userName=admin_user, password=ADQbxT1TjyiI9PM]</td>
<td></td>
<td>57</td>
<td>com.hrsoft.test.modelview.ModelViewTestSuite@69c6161d</td></tr>
<tr>
<td title='com.hrsoft.test.modelview.ModelViewTestSuite.SM_212_ModelView_SessionProcess_CanDoBulkUpdate()'><b>SM_212_ModelView_SessionProcess_CanDoBulkUpdate</b><br>Test class: com.hrsoft.test.modelview.ModelViewTestSuite<br>Parameters: TestDataExcel [testCase=SM_212_ModelView_SessionProcess_CanDoBulkUpdate, applicationURL=https://hrsofti-tcc2200-sqa.cloud.hrsoft.com/, userName=admin_user, password=ADQbxT1TjyiI9PM]</td>
<td></td>
<td>66</td>
<td>com.hrsoft.test.modelview.ModelViewTestSuite@69c6161d</td></tr>
<tr>
<td title='com.hrsoft.test.compensation.ReviewingPageTestSuite.SM_170_CompensationReview_VerifyGroupValuesShouldChangeOnGroupsSwitch()'><b>SM_170_CompensationReview_VerifyGroupValuesShouldChangeOnGroupsSwitch</b><br>Test class: com.hrsoft.test.compensation.ReviewingPageTestSuite<br>Parameters: TestDataExcel [testCase=SM_170_CompensationReview_VerifyGroupValuesShouldChangeOnGroupsSwitch, applicationURL=https://mercfin-tcc2200-sqa.cloud.hrsoft.com/, userName=admin_user, password=eiwKka2yfPwwPaY]</td>
<td></td>
<td>28</td>
<td>com.hrsoft.test.compensation.ReviewingPageTestSuite@6722db6e</td></tr>
<tr>
<td title='com.hrsoft.test.modelview.ModelViewTestSuite.SM_204_ModelView_SessionProcess_CanEnableOrDisable()'><b>SM_204_ModelView_SessionProcess_CanEnableOrDisable</b><br>Test class: com.hrsoft.test.modelview.ModelViewTestSuite<br>Parameters: TestDataExcel [testCase=SM_204_ModelView_SessionProcess_CanEnableOrDisable, applicationURL=https://hrsofti-tcc2200-sqa.cloud.hrsoft.com/, userName=admin_user, password=ADQbxT1TjyiI9PM]</td>
<td></td>
<td>34</td>
<td>com.hrsoft.test.modelview.ModelViewTestSuite@69c6161d</td></tr>
<tr>
<td title='com.hrsoft.test.datamanagement.FileFeedTestSuite.SM_UMEI_FILE_51_UMEI_validateShouldFailForFILTERPOOLNAMEFilter()'><b>SM_UMEI_FILE_51_UMEI_validateShouldFailForFILTERPOOLNAMEFilter</b><br>Test class: com.hrsoft.test.datamanagement.FileFeedTestSuite<br>Parameters: TestDataExcel [testCase=SM_UMEI_FILE_51_UMEI_validateShouldFailForFILTERPOOLNAMEFilter, applicationURL=https://mercfin-tcc2200-sqa.cloud.hrsoft.com/, userName=admin_user, password=eiwKka2yfPwwPaY]</td>
<td></td>
<td>213</td>
<td>com.hrsoft.test.datamanagement.FileFeedTestSuite@796d3c9f</td></tr>
<tr>
<td title='com.hrsoft.test.homepage.HomePageTestSuite.SM_61_HomePage_MyTasksSectionClickTaskLink()'><b>SM_61_HomePage_MyTasksSectionClickTaskLink</b><br>Test class: com.hrsoft.test.homepage.HomePageTestSuite<br>Parameters: TestDataExcel [testCase=SM_61_HomePage_MyTasksSectionClickTaskLink, applicationURL=https://mercfin-tcc2200-sqa.cloud.hrsoft.com/, userName=admin_user, password=eiwKka2yfPwwPaY]</td>
<td></td>
<td>19</td>
<td>com.hrsoft.test.homepage.HomePageTestSuite@757529a4</td></tr>
<tr>
<td title='com.hrsoft.test.modelview.ModelViewTestSuite.SM_185ModelViewOpenSettingsPage()'><b>SM_185ModelViewOpenSettingsPage</b><br>Test class: com.hrsoft.test.modelview.ModelViewTestSuite<br>Parameters: TestDataExcel [testCase=SM_185ModelViewOpenSettingsPage, applicationURL=https://hrsofti-tcc2200-sqa.cloud.hrsoft.com/, userName=admin_user, password=ADQbxT1TjyiI9PM]</td>
<td></td>
<td>14</td>
<td>com.hrsoft.test.modelview.ModelViewTestSuite@69c6161d</td></tr>
<tr>
<td title='com.hrsoft.test.datamanagement.FileFeedTestSuite.SM_UMEI_FILE_10_UMEI_previewValidateAndImportShouldFailForFileWithHeaderOnly()'><b>SM_UMEI_FILE_10_UMEI_previewValidateAndImportShouldFailForFileWithHeaderOnly</b><br>Test class: com.hrsoft.test.datamanagement.FileFeedTestSuite<br>Parameters: TestDataExcel [testCase=SM_UMEI_FILE_10_UMEI_previewValidateAndImportShouldFailForFileWithHeaderOnly, applicationURL=https://mercfin-tcc2200-sqa.cloud.hrsoft.com/, userName=admin_user, password=eiwKka2yfPwwPaY]</td>
<td></td>
<td>218</td>
<td>com.hrsoft.test.datamanagement.FileFeedTestSuite@796d3c9f</td></tr>
<tr>
<td title='com.hrsoft.test.datamanagement.FileFeedTestSuite.SM_UMEI_FILE_07_UMEI_previewValidateAndImportShouldSuccessForValidDateFormat()'><b>SM_UMEI_FILE_07_UMEI_previewValidateAndImportShouldSuccessForValidDateFormat</b><br>Test class: com.hrsoft.test.datamanagement.FileFeedTestSuite<br>Parameters: TestDataExcel [testCase=SM_UMEI_FILE_07_UMEI_previewValidateAndImportShouldSuccessForValidDateFormat, applicationURL=https://mercfin-tcc2200-sqa.cloud.hrsoft.com/, userName=admin_user, password=eiwKka2yfPwwPaY]</td>
<td></td>
<td>274</td>
<td>com.hrsoft.test.datamanagement.FileFeedTestSuite@796d3c9f</td></tr>
<tr>
<td title='com.hrsoft.test.dataview.DataViewTestSuite.SM_53_DataviewReport_RunReportAndRefresh()'><b>SM_53_DataviewReport_RunReportAndRefresh</b><br>Test class: com.hrsoft.test.dataview.DataViewTestSuite<br>Parameters: TestDataExcel [testCase=SM_53_DataviewReport_RunReportAndRefresh, applicationURL=https://mercfin-tcc2200-sqa.cloud.hrsoft.com/, userName=admin_user, password=eiwKka2yfPwwPaY]</td>
<td></td>
<td>47</td>
<td>com.hrsoft.test.dataview.DataViewTestSuite@18f20260</td></tr>
<tr>
<td title='com.hrsoft.test.dataview.DataViewTestSuite.SM_54_55_DataviewReport_DownloadReportWithPrintOptions()'><b>SM_54_55_DataviewReport_DownloadReportWithPrintOptions</b><br>Test class: com.hrsoft.test.dataview.DataViewTestSuite<br>Parameters: TestDataExcel [testCase=SM_54_55_DataviewReport_DownloadReportWithPrintOptions, applicationURL=https://mercfin-tcc2200-sqa.cloud.hrsoft.com/, userName=admin_user, password=eiwKka2yfPwwPaY]</td>
<td></td>
<td>56</td>
<td>com.hrsoft.test.dataview.DataViewTestSuite@18f20260</td></tr>
<tr>
<td title='com.hrsoft.test.compensation.DistributeFundTestSuite.SM_174_CompensationDistributionFund_EnterBudgetAndVerifyByProxying()'><b>SM_174_CompensationDistributionFund_EnterBudgetAndVerifyByProxying</b><br>Test class: com.hrsoft.test.compensation.DistributeFundTestSuite<br>Parameters: TestDataExcel [testCase=SM_174_CompensationDistributionFund_EnterBudgetAndVerifyByProxying, applicationURL=https://mercfin-tcc2200-sqa.cloud.hrsoft.com/, userName=admin_user, password=eiwKka2yfPwwPaY]</td>
<td></td>
<td>38</td>
<td>com.hrsoft.test.compensation.DistributeFundTestSuite@31e3250d</td></tr>
<tr>
<td title='com.hrsoft.test.modelview.ModelViewTestSuite.SM_219_220_221_ModelView_SessionProcess_UserActions()'><b>SM_219_220_221_ModelView_SessionProcess_UserActions</b><br>Test class: com.hrsoft.test.modelview.ModelViewTestSuite<br>Parameters: TestDataExcel [testCase=SM_219_220_221_ModelView_SessionProcess_UserActions, applicationURL=https://hrsofti-tcc2200-sqa.cloud.hrsoft.com/, userName=admin_user, password=ADQbxT1TjyiI9PM]</td>
<td></td>
<td>42</td>
<td>com.hrsoft.test.modelview.ModelViewTestSuite@69c6161d</td></tr>
<tr>
<td title='com.hrsoft.test.datamanagement.FileFeedTestSuite.SM_UMEI_FILE_04_UMEI_validCoPlannerFileShouldBeImportedSuccessfully()'><b>SM_UMEI_FILE_04_UMEI_validCoPlannerFileShouldBeImportedSuccessfully</b><br>Test class: com.hrsoft.test.datamanagement.FileFeedTestSuite<br>Parameters: TestDataExcel [testCase=SM_UMEI_FILE_04_UMEI_validCoPlannerFileShouldBeImportedSuccessfully, applicationURL=https://mercfin-tcc2200-sqa.cloud.hrsoft.com/, userName=admin_user, password=eiwKka2yfPwwPaY]</td>
<td></td>
<td>130</td>
<td>com.hrsoft.test.datamanagement.FileFeedTestSuite@796d3c9f</td></tr>
<tr>
<td title='com.hrsoft.test.compensation.CompManageFilterTestSuite.SM_88_90_CompensationFilters_copyAndDeleteFilter()'><b>SM_88_90_CompensationFilters_copyAndDeleteFilter</b><br>Test class: com.hrsoft.test.compensation.CompManageFilterTestSuite<br>Parameters: TestDataExcel [testCase=SM_88_90_CompensationFilters_copyAndDeleteFilter, applicationURL=https://mercfin-tcc2200-sqa.cloud.hrsoft.com/, userName=admin_user, password=eiwKka2yfPwwPaY]</td>
<td></td>
<td>40</td>
<td>com.hrsoft.test.compensation.CompManageFilterTestSuite@ed3068a</td></tr>
<tr>
<td title='com.hrsoft.test.modelview.ModelViewTestSuite.SM_213_ModelView_SessionProcess_CanDoBulkUpdate()'><b>SM_213_ModelView_SessionProcess_CanDoBulkUpdate</b><br>Test class: com.hrsoft.test.modelview.ModelViewTestSuite<br>Parameters: TestDataExcel [testCase=SM_213_ModelView_SessionProcess_CanDoBulkUpdate, applicationURL=https://hrsofti-tcc2200-sqa.cloud.hrsoft.com/, userName=admin_user, password=ADQbxT1TjyiI9PM]</td>
<td></td>
<td>73</td>
<td>com.hrsoft.test.modelview.ModelViewTestSuite@69c6161d</td></tr>
<tr>
<td title='com.hrsoft.test.compensation.ReviewingPageTestSuite.SM161161B_Compensation_CompensationReview_SubmitRejectRollupGroup()'><b>SM161161B_Compensation_CompensationReview_SubmitRejectRollupGroup</b><br>Test class: com.hrsoft.test.compensation.ReviewingPageTestSuite<br>Parameters: TestDataExcel [testCase=SM161161B_Compensation_CompensationReview_SubmitRejectRollupGroup, applicationURL=https://mercfin-tcc2200-sqa.cloud.hrsoft.com/, userName=admin_user, password=eiwKka2yfPwwPaY]</td>
<td></td>
<td>88</td>
<td>com.hrsoft.test.compensation.ReviewingPageTestSuite@6722db6e</td></tr>
<tr>
<td title='com.hrsoft.test.datamanagement.FileFeedTestSuite.SM_UMEI_FILE_14_UMEI_feedConfigurationShouldBeEditable()'><b>SM_UMEI_FILE_14_UMEI_feedConfigurationShouldBeEditable</b><br>Test class: com.hrsoft.test.datamanagement.FileFeedTestSuite<br>Parameters: TestDataExcel [testCase=SM_UMEI_FILE_14_UMEI_feedConfigurationShouldBeEditable, applicationURL=https://mercfin-tcc2200-sqa.cloud.hrsoft.com/, userName=admin_user, password=eiwKka2yfPwwPaY]</td>
<td></td>
<td>51</td>
<td>com.hrsoft.test.datamanagement.FileFeedTestSuite@796d3c9f</td></tr>
<tr>
<td title='com.hrsoft.test.datamanagement.FileFeedTestSuite.SM_UMEI_FILE_28_UMEI_importShouldFail()'><b>SM_UMEI_FILE_28_UMEI_importShouldFail</b><br>Test class: com.hrsoft.test.datamanagement.FileFeedTestSuite<br>Parameters: TestDataExcel [testCase=SM_UMEI_FILE_28_UMEI_importShouldFail, applicationURL=https://mercfin-tcc2200-sqa.cloud.hrsoft.com/, userName=admin_user, password=eiwKka2yfPwwPaY]</td>
<td></td>
<td>146</td>
<td>com.hrsoft.test.datamanagement.FileFeedTestSuite@796d3c9f</td></tr>
<tr>
<td title='com.hrsoft.test.dataview.DataViewTestSuite.SM_223_224_DataviewReport_PublishingAndSharing_Individual_And_Verification()'><b>SM_223_224_DataviewReport_PublishingAndSharing_Individual_And_Verification</b><br>Test class: com.hrsoft.test.dataview.DataViewTestSuite<br>Parameters: TestDataExcel [testCase=SM_223_224_DataviewReport_PublishingAndSharing_Individual_And_Verification, applicationURL=https://mercfin-tcc2200-sqa.cloud.hrsoft.com/, userName=admin_user, password=eiwKka2yfPwwPaY]</td>
<td></td>
<td>302</td>
<td>com.hrsoft.test.dataview.DataViewTestSuite@18f20260</td></tr>
<tr>
<td title='com.hrsoft.test.compensation.ReviewingPageTestSuite.SM_156_165_Compensation_ReviewPageClickOperationAndAddingNoteFunctionality()'><b>SM_156_165_Compensation_ReviewPageClickOperationAndAddingNoteFunctionality</b><br>Test class: com.hrsoft.test.compensation.ReviewingPageTestSuite<br>Parameters: TestDataExcel [testCase=SM_156_165_Compensation_ReviewPageClickOperationAndAddingNoteFunctionality, applicationURL=https://mercfin-tcc2200-sqa.cloud.hrsoft.com/, userName=admin_user, password=eiwKka2yfPwwPaY]</td>
<td></td>
<td>64</td>
<td>com.hrsoft.test.compensation.ReviewingPageTestSuite@6722db6e</td></tr>
<tr>
<td title='com.hrsoft.test.modelview.ModelViewTestSuite.SM_187_ModelViewCanCloneTemplateWithEditIconInSettingPage()'><b>SM_187_ModelViewCanCloneTemplateWithEditIconInSettingPage</b><br>Test class: com.hrsoft.test.modelview.ModelViewTestSuite<br>Parameters: TestDataExcel [testCase=SM_187_ModelViewCanCloneTemplateWithEditIconInSettingPage, applicationURL=https://hrsofti-tcc2200-sqa.cloud.hrsoft.com/, userName=admin_user, password=ADQbxT1TjyiI9PM]</td>
<td></td>
<td>52</td>
<td>com.hrsoft.test.modelview.ModelViewTestSuite@69c6161d</td></tr>
<tr>
<td title='com.hrsoft.test.datamanagement.FileFeedTestSuite.SM_UMEI_FILE_40_userAbleToSeeDetailsLogGridInStatusReports()'><b>SM_UMEI_FILE_40_userAbleToSeeDetailsLogGridInStatusReports</b><br>Test class: com.hrsoft.test.datamanagement.FileFeedTestSuite<br>Parameters: TestDataExcel [testCase=SM_UMEI_FILE_40_userAbleToSeeDetailsLogGridInStatusReports, applicationURL=https://mercfin-tcc2200-sqa.cloud.hrsoft.com/, userName=admin_user, password=eiwKka2yfPwwPaY]</td>
<td></td>
<td>68</td>
<td>com.hrsoft.test.datamanagement.FileFeedTestSuite@796d3c9f</td></tr>
<tr>
<td title='com.hrsoft.test.datamanagement.FileFeedTestSuite.SM_UMEI_FILE_48_UMEI_validFunctionalHierInputFileShouldBeImportedSuccessfully()'><b>SM_UMEI_FILE_48_UMEI_validFunctionalHierInputFileShouldBeImportedSuccessfully</b><br>Test class: com.hrsoft.test.datamanagement.FileFeedTestSuite<br>Parameters: TestDataExcel [testCase=SM_UMEI_FILE_48_UMEI_validFunctionalHierInputFileShouldBeImportedSuccessfully, applicationURL=https://mercfin-tcc2200-sqa.cloud.hrsoft.com/, userName=admin_user, password=eiwKka2yfPwwPaY]</td>
<td></td>
<td>133</td>
<td>com.hrsoft.test.datamanagement.FileFeedTestSuite@796d3c9f</td></tr>
<tr>
<td title='com.hrsoft.test.modelview.ModelViewTestSuite.SM_27_28_ModelViewCalibrationFilters()'><b>SM_27_28_ModelViewCalibrationFilters</b><br>Test class: com.hrsoft.test.modelview.ModelViewTestSuite<br>Parameters: TestDataExcel [testCase=SM_27_28_ModelViewCalibrationFilters, applicationURL=https://hrsofti-tcc2200-sqa.cloud.hrsoft.com/, userName=admin_user, password=ADQbxT1TjyiI9PM]</td>
<td></td>
<td>50</td>
<td>com.hrsoft.test.modelview.ModelViewTestSuite@69c6161d</td></tr>
<tr>
<td title='com.hrsoft.test.compensation.DistributeFundTestSuite.SM_171_172_CompensationDistributionFund_OpenDistFundPageAndEnterBudget()'><b>SM_171_172_CompensationDistributionFund_OpenDistFundPageAndEnterBudget</b><br>Test class: com.hrsoft.test.compensation.DistributeFundTestSuite<br>Parameters: TestDataExcel [testCase=SM_171_172_CompensationDistributionFund_OpenDistFundPageAndEnterBudget, applicationURL=https://mercfin-tcc2200-sqa.cloud.hrsoft.com/, userName=admin_user, password=eiwKka2yfPwwPaY]</td>
<td></td>
<td>23</td>
<td>com.hrsoft.test.compensation.DistributeFundTestSuite@31e3250d</td></tr>
<tr>
<td title='com.hrsoft.test.compensation.ReviewingPageTestSuite.SM162162B_CompensationReview_SubmitRejectDirectGroupFunctionality()'><b>SM162162B_CompensationReview_SubmitRejectDirectGroupFunctionality</b><br>Test class: com.hrsoft.test.compensation.ReviewingPageTestSuite<br>Parameters: TestDataExcel [testCase=SM162162B_CompensationReview_SubmitRejectDirectGroupFunctionality, applicationURL=https://mercfin-tcc2200-sqa.cloud.hrsoft.com/, userName=admin_user, password=eiwKka2yfPwwPaY]</td>
<td></td>
<td>75</td>
<td>com.hrsoft.test.compensation.ReviewingPageTestSuite@6722db6e</td></tr>
<tr>
<td title='com.hrsoft.test.common.GenericTestSuite.SM_09_CompView_Planning_ManagerCanOpenOwnLinkFromLeftNav()'><b>SM_09_CompView_Planning_ManagerCanOpenOwnLinkFromLeftNav</b><br>Test class: com.hrsoft.test.common.GenericTestSuite<br>Parameters: TestDataExcel [testCase=SM_09_CompView_Planning_ManagerCanOpenOwnLinkFromLeftNav, applicationURL=https://mercfin-tcc2200-sqa.cloud.hrsoft.com/, userName=admin_user, password=eiwKka2yfPwwPaY]</td>
<td></td>
<td>78</td>
<td>com.hrsoft.test.common.GenericTestSuite@577f9109</td></tr>
<tr>
<td title='com.hrsoft.test.datamanagement.FileFeedTestSuite.SM_UMEI_FILE_27_UMEI_validateShouldFail()'><b>SM_UMEI_FILE_27_UMEI_validateShouldFail</b><br>Test class: com.hrsoft.test.datamanagement.FileFeedTestSuite<br>Parameters: TestDataExcel [testCase=SM_UMEI_FILE_27_UMEI_validateShouldFail, applicationURL=https://mercfin-tcc2200-sqa.cloud.hrsoft.com/, userName=admin_user, password=eiwKka2yfPwwPaY]</td>
<td></td>
<td>141</td>
<td>com.hrsoft.test.datamanagement.FileFeedTestSuite@796d3c9f</td></tr>
<tr>
<td title='com.hrsoft.test.homepage.HomePageTestSuite.SM_63_HomePage_LeftNavigationBarExpandAndCollapse()'><b>SM_63_HomePage_LeftNavigationBarExpandAndCollapse</b><br>Test class: com.hrsoft.test.homepage.HomePageTestSuite<br>Parameters: TestDataExcel [testCase=SM_63_HomePage_LeftNavigationBarExpandAndCollapse, applicationURL=https://mercfin-tcc2200-sqa.cloud.hrsoft.com/, userName=admin_user, password=eiwKka2yfPwwPaY]</td>
<td></td>
<td>26</td>
<td>com.hrsoft.test.homepage.HomePageTestSuite@757529a4</td></tr>
<tr>
<td title='com.hrsoft.test.datamanagement.FileFeedTestSuite.SM_UMEI_FILE_37_UMEI_feedFileShouldThrowErrorForMaxColumnPercentThreshold()'><b>SM_UMEI_FILE_37_UMEI_feedFileShouldThrowErrorForMaxColumnPercentThreshold</b><br>Test class: com.hrsoft.test.datamanagement.FileFeedTestSuite<br>Parameters: TestDataExcel [testCase=SM_UMEI_FILE_37_UMEI_feedFileShouldThrowErrorForMaxColumnPercentThreshold, applicationURL=https://mercfin-tcc2200-sqa.cloud.hrsoft.com/, userName=admin_user, password=eiwKka2yfPwwPaY]</td>
<td></td>
<td>208</td>
<td>com.hrsoft.test.datamanagement.FileFeedTestSuite@796d3c9f</td></tr>
<tr>
<td title='com.hrsoft.test.rewardsview.ManagerViewTestSuite.SM_23_RewardsViewManagerViewShareFunctionalFailIfPlanFails()'><b>SM_23_RewardsViewManagerViewShareFunctionalFailIfPlanFails</b><br>Test class: com.hrsoft.test.rewardsview.ManagerViewTestSuite<br>Parameters: TestDataExcel [testCase=SM_23_RewardsViewManagerViewShareFunctionalFailIfPlanFails, applicationURL=https://mercfin-tcc2200-sqa.cloud.hrsoft.com/, userName=admin_user, password=eiwKka2yfPwwPaY]</td>
<td></td>
<td>37</td>
<td>com.hrsoft.test.rewardsview.ManagerViewTestSuite@464a4442</td></tr>
<tr>
<td title='com.hrsoft.test.compensation.CompOverviewTestSuite.SM_14_CompViewPlanningVerifyCoPlannerField()'><b>SM_14_CompViewPlanningVerifyCoPlannerField</b><br>Test class: com.hrsoft.test.compensation.CompOverviewTestSuite<br>Parameters: TestDataExcel [testCase=SM_14_CompViewPlanningVerifyCoPlannerField, applicationURL=https://mercfin-tcc2200-sqa.cloud.hrsoft.com/, userName=admin_user, password=eiwKka2yfPwwPaY]</td>
<td></td>
<td>237</td>
<td>com.hrsoft.test.compensation.CompOverviewTestSuite@3f28bd56</td></tr>
<tr>
<td title='com.hrsoft.test.compensation.PlanningPageTestSuite.SM_144_AddPerfRatingForAnyEmployeeAndVerifyBelowInGrid()'><b>SM_144_AddPerfRatingForAnyEmployeeAndVerifyBelowInGrid</b><br>Test class: com.hrsoft.test.compensation.PlanningPageTestSuite<br>Parameters: TestDataExcel [testCase=SM_144_AddPerfRatingForAnyEmployeeAndVerifyBelowInGrid, applicationURL=https://mercfin-tcc2200-sqa.cloud.hrsoft.com/, userName=admin_user, password=eiwKka2yfPwwPaY]</td>
<td></td>
<td>46</td>
<td>com.hrsoft.test.compensation.PlanningPageTestSuite@4678a2eb</td></tr>
<tr>
<td title='com.hrsoft.test.compensation.PlanningPageTestSuite.SM_146_147_CompensationEmployeeDetails_VerifyingEmployeeAwardAmountValue()'><b>SM_146_147_CompensationEmployeeDetails_VerifyingEmployeeAwardAmountValue</b><br>Test class: com.hrsoft.test.compensation.PlanningPageTestSuite<br>Parameters: TestDataExcel [testCase=SM_146_147_CompensationEmployeeDetails_VerifyingEmployeeAwardAmountValue, applicationURL=https://mercfin-tcc2200-sqa.cloud.hrsoft.com/, userName=admin_user, password=eiwKka2yfPwwPaY]</td>
<td></td>
<td>40</td>
<td>com.hrsoft.test.compensation.PlanningPageTestSuite@4678a2eb</td></tr>
<tr>
<td title='com.hrsoft.test.datamanagement.FileFeedTestSuite.SM_UMEI_FILE_12_UMEI_previewValidateAndImportShouldFailForFileWithHeaderColumnMismatch()'><b>SM_UMEI_FILE_12_UMEI_previewValidateAndImportShouldFailForFileWithHeaderColumnMismatch</b><br>Test class: com.hrsoft.test.datamanagement.FileFeedTestSuite<br>Parameters: TestDataExcel [testCase=SM_UMEI_FILE_12_UMEI_previewValidateAndImportShouldFailForFileWithHeaderColumnMismatch, applicationURL=https://mercfin-tcc2200-sqa.cloud.hrsoft.com/, userName=admin_user, password=eiwKka2yfPwwPaY]</td>
<td></td>
<td>315</td>
<td>com.hrsoft.test.datamanagement.FileFeedTestSuite@796d3c9f</td></tr>
<tr>
<td title='com.hrsoft.test.modelview.ModelViewTestSuite.SM_182_ModelView_EditSessionAndVerifyItgotEdited()'><b>SM_182_ModelView_EditSessionAndVerifyItgotEdited</b><br>Test class: com.hrsoft.test.modelview.ModelViewTestSuite<br>Parameters: TestDataExcel [testCase=SM_182_ModelView_EditSessionAndVerifyItgotEdited, applicationURL=https://hrsofti-tcc2200-sqa.cloud.hrsoft.com/, userName=admin_user, password=ADQbxT1TjyiI9PM]</td>
<td></td>
<td>26</td>
<td>com.hrsoft.test.modelview.ModelViewTestSuite@69c6161d</td></tr>
<tr>
<td title='com.hrsoft.test.datamanagement.FileFeedTestSuite.SM_UMEI_FILE_02_UMEI_validCommonDemographicFileShouldBeImportedSuccessfully()'><b>SM_UMEI_FILE_02_UMEI_validCommonDemographicFileShouldBeImportedSuccessfully</b><br>Test class: com.hrsoft.test.datamanagement.FileFeedTestSuite<br>Parameters: TestDataExcel [testCase=SM_UMEI_FILE_02_UMEI_validCommonDemographicFileShouldBeImportedSuccessfully, applicationURL=https://mercfin-tcc2200-sqa.cloud.hrsoft.com/, userName=admin_user, password=eiwKka2yfPwwPaY]</td>
<td></td>
<td>150</td>
<td>com.hrsoft.test.datamanagement.FileFeedTestSuite@796d3c9f</td></tr>
<tr>
<td title='com.hrsoft.test.compensation.ReviewingPageTestSuite.SM_167_CompensationVerifyTopGrpValueEqualsToSumOfBelowGrpValues()'><b>SM_167_CompensationVerifyTopGrpValueEqualsToSumOfBelowGrpValues</b><br>Test class: com.hrsoft.test.compensation.ReviewingPageTestSuite<br>Parameters: TestDataExcel [testCase=SM_167_CompensationVerifyTopGrpValueEqualsToSumOfBelowGrpValues, applicationURL=https://mercfin-tcc2200-sqa.cloud.hrsoft.com/, userName=admin_user, password=eiwKka2yfPwwPaY]</td>
<td></td>
<td>26</td>
<td>com.hrsoft.test.compensation.ReviewingPageTestSuite@6722db6e</td></tr>
<tr>
<td title='com.hrsoft.test.datamanagement.FileFeedTestSuite.SM_UMEI_FILE_20_UMEI_stepLogsShouldAppearForPreviouslyRunFiles()'><b>SM_UMEI_FILE_20_UMEI_stepLogsShouldAppearForPreviouslyRunFiles</b><br>Test class: com.hrsoft.test.datamanagement.FileFeedTestSuite<br>Parameters: TestDataExcel [testCase=SM_UMEI_FILE_20_UMEI_stepLogsShouldAppearForPreviouslyRunFiles, applicationURL=https://mercfin-tcc2200-sqa.cloud.hrsoft.com/, userName=admin_user, password=eiwKka2yfPwwPaY]</td>
<td></td>
<td>41</td>
<td>com.hrsoft.test.datamanagement.FileFeedTestSuite@796d3c9f</td></tr>
<tr>
<td title='com.hrsoft.test.modelview.ModelViewTestSuite.SM_199_ModelView_EditAnyRowValueInFieldMapping()'><b>SM_199_ModelView_EditAnyRowValueInFieldMapping</b><br>Test class: com.hrsoft.test.modelview.ModelViewTestSuite<br>Parameters: TestDataExcel [testCase=SM_199_ModelView_EditAnyRowValueInFieldMapping, applicationURL=https://hrsofti-tcc2200-sqa.cloud.hrsoft.com/, userName=admin_user, password=ADQbxT1TjyiI9PM]</td>
<td></td>
<td>59</td>
<td>com.hrsoft.test.modelview.ModelViewTestSuite@69c6161d</td></tr>
<tr>
<td title='com.hrsoft.test.modelview.ModelViewTestSuite.SM_205_ModelView_SessionProcess_CanHideChart()'><b>SM_205_ModelView_SessionProcess_CanHideChart</b><br>Test class: com.hrsoft.test.modelview.ModelViewTestSuite<br>Parameters: TestDataExcel [testCase=SM_205_ModelView_SessionProcess_CanHideChart, applicationURL=https://hrsofti-tcc2200-sqa.cloud.hrsoft.com/, userName=admin_user, password=ADQbxT1TjyiI9PM]</td>
<td></td>
<td>40</td>
<td>com.hrsoft.test.modelview.ModelViewTestSuite@69c6161d</td></tr>
<tr>
<td title='com.hrsoft.test.compensation.CompManageFilterTestSuite.SM_91_94_CompensationFilters_CreateNewFilterAndDelete()'><b>SM_91_94_CompensationFilters_CreateNewFilterAndDelete</b><br>Test class: com.hrsoft.test.compensation.CompManageFilterTestSuite<br>Parameters: TestDataExcel [testCase=SM_91_94_CompensationFilters_CreateNewFilterAndDelete, applicationURL=https://mercfin-tcc2200-sqa.cloud.hrsoft.com/, userName=admin_user, password=eiwKka2yfPwwPaY]</td>
<td></td>
<td>69</td>
<td>com.hrsoft.test.compensation.CompManageFilterTestSuite@ed3068a</td></tr>
<tr>
<td title='com.hrsoft.test.modelview.ModelViewTestSuite.SM_26_ModelViewCalibrationFilters()'><b>SM_26_ModelViewCalibrationFilters</b><br>Test class: com.hrsoft.test.modelview.ModelViewTestSuite<br>Parameters: TestDataExcel [testCase=SM_26_ModelViewCalibrationFilters, applicationURL=https://hrsofti-tcc2200-sqa.cloud.hrsoft.com/, userName=admin_user, password=ADQbxT1TjyiI9PM]</td>
<td></td>
<td>52</td>
<td>com.hrsoft.test.modelview.ModelViewTestSuite@69c6161d</td></tr>
<tr>
<td title='com.hrsoft.test.modelview.ModelViewTestSuite.SM_197_ModelView_clickAddPoolButtonForAddingNewPool()'><b>SM_197_ModelView_clickAddPoolButtonForAddingNewPool</b><br>Test class: com.hrsoft.test.modelview.ModelViewTestSuite<br>Parameters: TestDataExcel [testCase=SM_197_ModelView_clickAddPoolButtonForAddingNewPool, applicationURL=https://hrsofti-tcc2200-sqa.cloud.hrsoft.com/, userName=admin_user, password=ADQbxT1TjyiI9PM]</td>
<td></td>
<td>19</td>
<td>com.hrsoft.test.modelview.ModelViewTestSuite@69c6161d</td></tr>
<tr>
<td title='com.hrsoft.test.datamanagement.FileFeedTestSuite.SM_UMEI_FILE_24_UMEI_dataValidationShouldThrowParseError()'><b>SM_UMEI_FILE_24_UMEI_dataValidationShouldThrowParseError</b><br>Test class: com.hrsoft.test.datamanagement.FileFeedTestSuite<br>Parameters: TestDataExcel [testCase=SM_UMEI_FILE_24_UMEI_dataValidationShouldThrowParseError, applicationURL=https://mercfin-tcc2200-sqa.cloud.hrsoft.com/, userName=admin_user, password=eiwKka2yfPwwPaY]</td>
<td></td>
<td>59</td>
<td>com.hrsoft.test.datamanagement.FileFeedTestSuite@796d3c9f</td></tr>
<tr>
<td title='com.hrsoft.test.datamanagement.FileFeedTestSuite.SM_UMEI_FILE_33_UMEI_validateShouldFailForMultipleTopLevelManagers()'><b>SM_UMEI_FILE_33_UMEI_validateShouldFailForMultipleTopLevelManagers</b><br>Test class: com.hrsoft.test.datamanagement.FileFeedTestSuite<br>Parameters: TestDataExcel [testCase=SM_UMEI_FILE_33_UMEI_validateShouldFailForMultipleTopLevelManagers, applicationURL=https://mercfin-tcc2200-sqa.cloud.hrsoft.com/, userName=admin_user, password=eiwKka2yfPwwPaY]</td>
<td></td>
<td>340</td>
<td>com.hrsoft.test.datamanagement.FileFeedTestSuite@796d3c9f</td></tr>
<tr>
<td title='com.hrsoft.test.modelview.ModelViewTestSuite.SM_214_215_216_217_ModelView_SessionProcess_UserActions()'><b>SM_214_215_216_217_ModelView_SessionProcess_UserActions</b><br>Test class: com.hrsoft.test.modelview.ModelViewTestSuite<br>Parameters: TestDataExcel [testCase=SM_214_215_216_217_ModelView_SessionProcess_UserActions, applicationURL=https://hrsofti-tcc2200-sqa.cloud.hrsoft.com/, userName=admin_user, password=ADQbxT1TjyiI9PM]</td>
<td></td>
<td>65</td>
<td>com.hrsoft.test.modelview.ModelViewTestSuite@69c6161d</td></tr>
<tr>
<td title='com.hrsoft.test.datamanagement.FileFeedTestSuite.SM_UMEI_FILE_36_UMEI_feedFileShouldThrowErrorForMissingRowData()'><b>SM_UMEI_FILE_36_UMEI_feedFileShouldThrowErrorForMissingRowData</b><br>Test class: com.hrsoft.test.datamanagement.FileFeedTestSuite<br>Parameters: TestDataExcel [testCase=SM_UMEI_FILE_36_UMEI_feedFileShouldThrowErrorForMissingRowData, applicationURL=https://mercfin-tcc2200-sqa.cloud.hrsoft.com/, userName=admin_user, password=eiwKka2yfPwwPaY]</td>
<td></td>
<td>306</td>
<td>com.hrsoft.test.datamanagement.FileFeedTestSuite@796d3c9f</td></tr>
<tr>
<td title='com.hrsoft.test.compensation.PlanOverviewPageTestSuite.SM_107_PlanOverView_PageChangeColumnOrder()'><b>SM_107_PlanOverView_PageChangeColumnOrder</b><br>Test class: com.hrsoft.test.compensation.PlanOverviewPageTestSuite<br>Parameters: TestDataExcel [testCase=SM_107_PlanOverView_PageChangeColumnOrder, applicationURL=https://mercfin-tcc2200-sqa.cloud.hrsoft.com/, userName=admin_user, password=eiwKka2yfPwwPaY]</td>
<td></td>
<td>29</td>
<td>com.hrsoft.test.compensation.PlanOverviewPageTestSuite@21d8bcbe</td></tr>
<tr>
<td title='com.hrsoft.test.compensation.DistributeFundTestSuite.SM_175_176_Verify_CascadingBudget_For_Rollup_Group()'><b>SM_175_176_Verify_CascadingBudget_For_Rollup_Group</b><br>Test class: com.hrsoft.test.compensation.DistributeFundTestSuite<br>Parameters: TestDataExcel [testCase=SM_175_176_Verify_CascadingBudget_For_Rollup_Group, applicationURL=https://mercfin-tcc2200-sqa.cloud.hrsoft.com/, userName=admin_user, password=eiwKka2yfPwwPaY]</td>
<td></td>
<td>71</td>
<td>com.hrsoft.test.compensation.DistributeFundTestSuite@31e3250d</td></tr>
<tr>
<td title='com.hrsoft.test.compensation.CompOverviewTestSuite.SM_18_CompViewPlannerCanResetEnteredAwardAndChangedJob()'><b>SM_18_CompViewPlannerCanResetEnteredAwardAndChangedJob</b><br>Test class: com.hrsoft.test.compensation.CompOverviewTestSuite<br>Parameters: TestDataExcel [testCase=SM_18_CompViewPlannerCanResetEnteredAwardAndChangedJob, applicationURL=https://mercfin-tcc2200-sqa.cloud.hrsoft.com/, userName=admin_user, password=eiwKka2yfPwwPaY]</td>
<td></td>
<td>301</td>
<td>com.hrsoft.test.compensation.CompOverviewTestSuite@3f28bd56</td></tr>
<tr>
<td title='com.hrsoft.test.modelview.ModelViewTestSuite.SM_188_ModelViewEditManageCurrencyAndVerifyTheChanges()'><b>SM_188_ModelViewEditManageCurrencyAndVerifyTheChanges</b><br>Test class: com.hrsoft.test.modelview.ModelViewTestSuite<br>Parameters: TestDataExcel [testCase=SM_188_ModelViewEditManageCurrencyAndVerifyTheChanges, applicationURL=https://hrsofti-tcc2200-sqa.cloud.hrsoft.com/, userName=admin_user, password=ADQbxT1TjyiI9PM]</td>
<td></td>
<td>36</td>
<td>com.hrsoft.test.modelview.ModelViewTestSuite@69c6161d</td></tr>
<tr>
<td title='com.hrsoft.test.dataview.DataViewTestSuite.SM_37_Dataview_EditInDesignerPage()'><b>SM_37_Dataview_EditInDesignerPage</b><br>Test class: com.hrsoft.test.dataview.DataViewTestSuite<br>Parameters: TestDataExcel [testCase=SM_37_Dataview_EditInDesignerPage, applicationURL=https://mercfin-tcc2200-sqa.cloud.hrsoft.com/, userName=admin_user, password=eiwKka2yfPwwPaY]</td>
<td></td>
<td>42</td>
<td>com.hrsoft.test.dataview.DataViewTestSuite@18f20260</td></tr>
<tr>
<td title='com.hrsoft.test.datamanagement.ApiFeedTestSuite.SMAPI39_UMEI_API_feedCloneInFeedMangementTest()'><b>SMAPI39_UMEI_API_feedCloneInFeedMangementTest</b><br>Test class: com.hrsoft.test.datamanagement.ApiFeedTestSuite<br>Parameters: TestDataExcel [testCase=SMAPI39_UMEI_API_feedCloneInFeedMangementTest, applicationURL=https://mercfin-tcc2200-sqa.cloud.hrsoft.com/, userName=admin_user, password=eiwKka2yfPwwPaY]</td>
<td></td>
<td>57</td>
<td>com.hrsoft.test.datamanagement.ApiFeedTestSuite@3eb631b8</td></tr>
<tr>
<td title='com.hrsoft.test.datamanagement.ApiFeedTestSuite.SMAPI08_UMEI_API_editEndpointPathTest()'><b>SMAPI08_UMEI_API_editEndpointPathTest</b><br>Test class: com.hrsoft.test.datamanagement.ApiFeedTestSuite<br>Parameters: TestDataExcel [testCase=SMAPI08_UMEI_API_editEndpointPathTest, applicationURL=https://mercfin-tcc2200-sqa.cloud.hrsoft.com/, userName=admin_user, password=eiwKka2yfPwwPaY]</td>
<td></td>
<td>31</td>
<td>com.hrsoft.test.datamanagement.ApiFeedTestSuite@3eb631b8</td></tr>
<tr>
<td title='com.hrsoft.test.dataview.DataViewTestSuite.SM_222_DataviewReportCloning()'><b>SM_222_DataviewReportCloning</b><br>Test class: com.hrsoft.test.dataview.DataViewTestSuite<br>Parameters: TestDataExcel [testCase=SM_222_DataviewReportCloning, applicationURL=https://mercfin-tcc2200-sqa.cloud.hrsoft.com/, userName=admin_user, password=eiwKka2yfPwwPaY]</td>
<td></td>
<td>93</td>
<td>com.hrsoft.test.dataview.DataViewTestSuite@18f20260</td></tr>
<tr>
<td title='com.hrsoft.test.datamanagement.FileFeedTestSuite.SM_UMEI_FILE_49_UMEI_validFunctionalCoPlannerFileShouldBeImportedSuccessfully()'><b>SM_UMEI_FILE_49_UMEI_validFunctionalCoPlannerFileShouldBeImportedSuccessfully</b><br>Test class: com.hrsoft.test.datamanagement.FileFeedTestSuite<br>Parameters: TestDataExcel [testCase=SM_UMEI_FILE_49_UMEI_validFunctionalCoPlannerFileShouldBeImportedSuccessfully, applicationURL=https://mercfin-tcc2200-sqa.cloud.hrsoft.com/, userName=admin_user, password=eiwKka2yfPwwPaY]</td>
<td></td>
<td>135</td>
<td>com.hrsoft.test.datamanagement.FileFeedTestSuite@796d3c9f</td></tr>
<tr>
<td title='com.hrsoft.test.compensation.PlanningPageTestSuite.SM_108_To_SM119_PlanningPage_PageVerifications()'><b>SM_108_To_SM119_PlanningPage_PageVerifications</b><br>Test class: com.hrsoft.test.compensation.PlanningPageTestSuite<br>Parameters: TestDataExcel [testCase=SM_108_To_SM119_PlanningPage_PageVerifications, applicationURL=https://mercfin-tcc2200-sqa.cloud.hrsoft.com/, userName=admin_user, password=eiwKka2yfPwwPaY]</td>
<td></td>
<td>115</td>
<td>com.hrsoft.test.compensation.PlanningPageTestSuite@4678a2eb</td></tr>
<tr>
<td title='com.hrsoft.test.common.GenericTestSuite.SM_6B_CompView_Reviewing_CanOpenReviewedGroups()'><b>SM_6B_CompView_Reviewing_CanOpenReviewedGroups</b><br>Test class: com.hrsoft.test.common.GenericTestSuite<br>Parameters: TestDataExcel [testCase=SM_6B_CompView_Reviewing_CanOpenReviewedGroups, applicationURL=https://mercfin-tcc2200-sqa.cloud.hrsoft.com/, userName=admin_user, password=eiwKka2yfPwwPaY]</td>
<td></td>
<td>97</td>
<td>com.hrsoft.test.common.GenericTestSuite@577f9109</td></tr>
<tr>
<td title='com.hrsoft.test.modelview.ModelViewTestSuite.SM_177CreateModelviewSession()'><b>SM_177CreateModelviewSession</b><br>Test class: com.hrsoft.test.modelview.ModelViewTestSuite<br>Parameters: TestDataExcel [testCase=SM_177CreateModelviewSession, applicationURL=https://hrsofti-tcc2200-sqa.cloud.hrsoft.com/, userName=admin_user, password=ADQbxT1TjyiI9PM]</td>
<td></td>
<td>34</td>
<td>com.hrsoft.test.modelview.ModelViewTestSuite@69c6161d</td></tr>
<tr>
<td title='com.hrsoft.test.modelview.ModelViewTestSuite.SM_201_ModelView_CanSaveMapping()'><b>SM_201_ModelView_CanSaveMapping</b><br>Test class: com.hrsoft.test.modelview.ModelViewTestSuite<br>Parameters: TestDataExcel [testCase=SM_201_ModelView_CanSaveMapping, applicationURL=https://hrsofti-tcc2200-sqa.cloud.hrsoft.com/, userName=admin_user, password=ADQbxT1TjyiI9PM]</td>
<td></td>
<td>42</td>
<td>com.hrsoft.test.modelview.ModelViewTestSuite@69c6161d</td></tr>
<tr>
<td title='com.hrsoft.test.datamanagement.ApiFeedTestSuite.SMAPI32_UMEI_API_isTransformNameCannotBeModifiedTest()'><b>SMAPI32_UMEI_API_isTransformNameCannotBeModifiedTest</b><br>Test class: com.hrsoft.test.datamanagement.ApiFeedTestSuite<br>Parameters: TestDataExcel [testCase=SMAPI32_UMEI_API_isTransformNameCannotBeModifiedTest, applicationURL=https://mercfin-tcc2200-sqa.cloud.hrsoft.com/, userName=admin_user, password=eiwKka2yfPwwPaY]</td>
<td></td>
<td>19</td>
<td>com.hrsoft.test.datamanagement.ApiFeedTestSuite@3eb631b8</td></tr>
<tr>
<td title='com.hrsoft.test.datamanagement.ApiFeedTestSuite.SMAPI06_UMEI_API_checkingADPSetIdAttributeTest()'><b>SMAPI06_UMEI_API_checkingADPSetIdAttributeTest</b><br>Test class: com.hrsoft.test.datamanagement.ApiFeedTestSuite<br>Parameters: TestDataExcel [testCase=SMAPI06_UMEI_API_checkingADPSetIdAttributeTest, applicationURL=https://mercfin-tcc2200-sqa.cloud.hrsoft.com/, userName=admin_user, password=eiwKka2yfPwwPaY]</td>
<td></td>
<td>38</td>
<td>com.hrsoft.test.datamanagement.ApiFeedTestSuite@3eb631b8</td></tr>
<tr>
<td title='com.hrsoft.test.compensation.DistributeFundTestSuite.SM_173_CompensationDistributionFund_holdBackAmounttAndDistAmountCalculation()'><b>SM_173_CompensationDistributionFund_holdBackAmounttAndDistAmountCalculation</b><br>Test class: com.hrsoft.test.compensation.DistributeFundTestSuite<br>Parameters: TestDataExcel [testCase=SM_173_CompensationDistributionFund_holdBackAmounttAndDistAmountCalculation, applicationURL=https://mercfin-tcc2200-sqa.cloud.hrsoft.com/, userName=admin_user, password=eiwKka2yfPwwPaY]</td>
<td></td>
<td>17</td>
<td>com.hrsoft.test.compensation.DistributeFundTestSuite@31e3250d</td></tr>
<tr>
<td title='com.hrsoft.test.dataview.DataViewTestSuite.SM_56_DataviewReport_FieldListInTheGrid()'><b>SM_56_DataviewReport_FieldListInTheGrid</b><br>Test class: com.hrsoft.test.dataview.DataViewTestSuite<br>Parameters: TestDataExcel [testCase=SM_56_DataviewReport_FieldListInTheGrid, applicationURL=https://mercfin-tcc2200-sqa.cloud.hrsoft.com/, userName=admin_user, password=eiwKka2yfPwwPaY]</td>
<td></td>
<td>33</td>
<td>com.hrsoft.test.dataview.DataViewTestSuite@18f20260</td></tr>
<tr>
<td title='com.hrsoft.test.datamanagement.FileFeedTestSuite.SM_UMEI_FILE_44_defineFeedPipeDelimeterChangeShouldBeImportedSuccessfully()'><b>SM_UMEI_FILE_44_defineFeedPipeDelimeterChangeShouldBeImportedSuccessfully</b><br>Test class: com.hrsoft.test.datamanagement.FileFeedTestSuite<br>Parameters: TestDataExcel [testCase=SM_UMEI_FILE_44_defineFeedPipeDelimeterChangeShouldBeImportedSuccessfully, applicationURL=https://mercfin-tcc2200-sqa.cloud.hrsoft.com/, userName=admin_user, password=eiwKka2yfPwwPaY]</td>
<td></td>
<td>161</td>
<td>com.hrsoft.test.datamanagement.FileFeedTestSuite@796d3c9f</td></tr>
<tr>
<td title='com.hrsoft.test.dataview.DataViewTestSuite.SM40To45_DataviewReport_runEmployeeListingReport()'><b>SM40To45_DataviewReport_runEmployeeListingReport</b><br>Test class: com.hrsoft.test.dataview.DataViewTestSuite<br>Parameters: TestDataExcel [testCase=SM40To45_DataviewReport_runEmployeeListingReport, applicationURL=https://mercfin-tcc2200-sqa.cloud.hrsoft.com/, userName=admin_user, password=eiwKka2yfPwwPaY]</td>
<td></td>
<td>30</td>
<td>com.hrsoft.test.dataview.DataViewTestSuite@18f20260</td></tr>
<tr>
<td title='com.hrsoft.test.datamanagement.FileFeedTestSuite.SM_UMEI_FILE_03_UMEI_validHierInputFileShouldBeImportedSuccessfully()'><b>SM_UMEI_FILE_03_UMEI_validHierInputFileShouldBeImportedSuccessfully</b><br>Test class: com.hrsoft.test.datamanagement.FileFeedTestSuite<br>Parameters: TestDataExcel [testCase=SM_UMEI_FILE_03_UMEI_validHierInputFileShouldBeImportedSuccessfully, applicationURL=https://mercfin-tcc2200-sqa.cloud.hrsoft.com/, userName=admin_user, password=eiwKka2yfPwwPaY]</td>
<td></td>
<td>131</td>
<td>com.hrsoft.test.datamanagement.FileFeedTestSuite@796d3c9f</td></tr>
<tr>
<td title='com.hrsoft.test.datamanagement.FileFeedTestSuite.SM_UMEI_FILE_39_UMEI_importShouldBeSuccessAndItShouldFillDisplayName()'><b>SM_UMEI_FILE_39_UMEI_importShouldBeSuccessAndItShouldFillDisplayName</b><br>Test class: com.hrsoft.test.datamanagement.FileFeedTestSuite<br>Parameters: TestDataExcel [testCase=SM_UMEI_FILE_39_UMEI_importShouldBeSuccessAndItShouldFillDisplayName, applicationURL=https://mercfin-tcc2200-sqa.cloud.hrsoft.com/, userName=admin_user, password=eiwKka2yfPwwPaY]</td>
<td></td>
<td>122</td>
<td>com.hrsoft.test.datamanagement.FileFeedTestSuite@796d3c9f</td></tr>
<tr>
<td title='com.hrsoft.test.datamanagement.FileFeedTestSuite.SM_UMEI_FILE_42_UMEI_userRoleFileShouldBeImportedSuccessfully()'><b>SM_UMEI_FILE_42_UMEI_userRoleFileShouldBeImportedSuccessfully</b><br>Test class: com.hrsoft.test.datamanagement.FileFeedTestSuite<br>Parameters: TestDataExcel [testCase=SM_UMEI_FILE_42_UMEI_userRoleFileShouldBeImportedSuccessfully, applicationURL=https://mercfin-tcc2200-sqa.cloud.hrsoft.com/, userName=admin_user, password=eiwKka2yfPwwPaY]</td>
<td></td>
<td>117</td>
<td>com.hrsoft.test.datamanagement.FileFeedTestSuite@796d3c9f</td></tr>
<tr>
<td title='com.hrsoft.test.datamanagement.FileFeedTestSuite.SM_UMEI_FILE_19_UMEI_validateShouldFailForPartialModeFileWithNewUserError()'><b>SM_UMEI_FILE_19_UMEI_validateShouldFailForPartialModeFileWithNewUserError</b><br>Test class: com.hrsoft.test.datamanagement.FileFeedTestSuite<br>Parameters: TestDataExcel [testCase=SM_UMEI_FILE_19_UMEI_validateShouldFailForPartialModeFileWithNewUserError, applicationURL=https://mercfin-tcc2200-sqa.cloud.hrsoft.com/, userName=admin_user, password=eiwKka2yfPwwPaY]</td>
<td></td>
<td>202</td>
<td>com.hrsoft.test.datamanagement.FileFeedTestSuite@796d3c9f</td></tr>
<tr>
<td title='com.hrsoft.test.compensation.PlanOverviewPageTestSuite.SM_13_CompensationPrintCompDocument()'><b>SM_13_CompensationPrintCompDocument</b><br>Test class: com.hrsoft.test.compensation.PlanOverviewPageTestSuite<br>Parameters: TestDataExcel [testCase=SM_13_CompensationPrintCompDocument, applicationURL=https://mercfin-tcc2200-sqa.cloud.hrsoft.com/, userName=admin_user, password=eiwKka2yfPwwPaY]</td>
<td></td>
<td>27</td>
<td>com.hrsoft.test.compensation.PlanOverviewPageTestSuite@21d8bcbe</td></tr>
<tr>
<td title='com.hrsoft.test.modelview.ModelViewTestSuite.SM_218_ModelView_SessionProcess_BulkLock()'><b>SM_218_ModelView_SessionProcess_BulkLock</b><br>Test class: com.hrsoft.test.modelview.ModelViewTestSuite<br>Parameters: TestDataExcel [testCase=SM_218_ModelView_SessionProcess_BulkLock, applicationURL=https://hrsofti-tcc2200-sqa.cloud.hrsoft.com/, userName=admin_user, password=ADQbxT1TjyiI9PM]</td>
<td></td>
<td>77</td>
<td>com.hrsoft.test.modelview.ModelViewTestSuite@69c6161d</td></tr>
<tr>
<td title='com.hrsoft.test.modelview.ModelViewTestSuite.SM_202_ModelView_CanDeleteSession()'><b>SM_202_ModelView_CanDeleteSession</b><br>Test class: com.hrsoft.test.modelview.ModelViewTestSuite<br>Parameters: TestDataExcel [testCase=SM_202_ModelView_CanDeleteSession, applicationURL=https://hrsofti-tcc2200-sqa.cloud.hrsoft.com/, userName=admin_user, password=ADQbxT1TjyiI9PM]</td>
<td></td>
<td>42</td>
<td>com.hrsoft.test.modelview.ModelViewTestSuite@69c6161d</td></tr>
<tr>
<td title='com.hrsoft.test.compensation.PlanningPageTestSuite.SM_132_To_137_PlanningGrid_Verifications()'><b>SM_132_To_137_PlanningGrid_Verifications</b><br>Test class: com.hrsoft.test.compensation.PlanningPageTestSuite<br>Parameters: TestDataExcel [testCase=SM_132_To_137_PlanningGrid_Verifications, applicationURL=https://mercfin-tcc2200-sqa.cloud.hrsoft.com/, userName=admin_user, password=eiwKka2yfPwwPaY]</td>
<td></td>
<td>179</td>
<td>com.hrsoft.test.compensation.PlanningPageTestSuite@4678a2eb</td></tr>
<tr>
<td title='com.hrsoft.test.compensation.PlanningPageTestSuite.SM_154_CompensationPlanDataSupport_AreBothCascadingBudgetsVisible()'><b>SM_154_CompensationPlanDataSupport_AreBothCascadingBudgetsVisible</b><br>Test class: com.hrsoft.test.compensation.PlanningPageTestSuite<br>Parameters: TestDataExcel [testCase=SM_154_CompensationPlanDataSupport_AreBothCascadingBudgetsVisible, applicationURL=https://mercfin-tcc2200-sqa.cloud.hrsoft.com/, userName=admin_user, password=eiwKka2yfPwwPaY]</td>
<td></td>
<td>202</td>
<td>com.hrsoft.test.compensation.PlanningPageTestSuite@4678a2eb</td></tr>
<tr>
<td title='com.hrsoft.test.compensation.PlanOverviewPageTestSuite.SM_95_To_104_107_PlanOverViewPage_Verifications()'><b>SM_95_To_104_107_PlanOverViewPage_Verifications</b><br>Test class: com.hrsoft.test.compensation.PlanOverviewPageTestSuite<br>Parameters: TestDataExcel [testCase=SM_95_To_104_107_PlanOverViewPage_Verifications, applicationURL=https://mercfin-tcc2200-sqa.cloud.hrsoft.com/, userName=admin_user, password=eiwKka2yfPwwPaY]</td>
<td></td>
<td>127</td>
<td>com.hrsoft.test.compensation.PlanOverviewPageTestSuite@21d8bcbe</td></tr>
<tr>
<td title='com.hrsoft.test.compensation.PlanningPageTestSuite.SM_141_143_CompensationEmployeeDetails_VerifyingEmployeeDetails()'><b>SM_141_143_CompensationEmployeeDetails_VerifyingEmployeeDetails</b><br>Test class: com.hrsoft.test.compensation.PlanningPageTestSuite<br>Parameters: TestDataExcel [testCase=SM_141_143_CompensationEmployeeDetails_VerifyingEmployeeDetails, applicationURL=https://mercfin-tcc2200-sqa.cloud.hrsoft.com/, userName=admin_user, password=eiwKka2yfPwwPaY]</td>
<td></td>
<td>97</td>
<td>com.hrsoft.test.compensation.PlanningPageTestSuite@4678a2eb</td></tr>
<tr>
<td title='com.hrsoft.test.modelview.ModelViewTestSuite.SM_177AModelviewEditAnySessionByCloning()'><b>SM_177AModelviewEditAnySessionByCloning</b><br>Test class: com.hrsoft.test.modelview.ModelViewTestSuite<br>Parameters: TestDataExcel [testCase=SM_177AModelviewEditAnySessionByCloning, applicationURL=https://hrsofti-tcc2200-sqa.cloud.hrsoft.com/, userName=admin_user, password=ADQbxT1TjyiI9PM]</td>
<td></td>
<td>47</td>
<td>com.hrsoft.test.modelview.ModelViewTestSuite@69c6161d</td></tr>
<tr>
<td title='com.hrsoft.test.datamanagement.FileFeedTestSuite.SM_UMEI_FILE_05_UMEI_validEmpSparesFileShouldBeImportedSuccessfully()'><b>SM_UMEI_FILE_05_UMEI_validEmpSparesFileShouldBeImportedSuccessfully</b><br>Test class: com.hrsoft.test.datamanagement.FileFeedTestSuite<br>Parameters: TestDataExcel [testCase=SM_UMEI_FILE_05_UMEI_validEmpSparesFileShouldBeImportedSuccessfully, applicationURL=https://mercfin-tcc2200-sqa.cloud.hrsoft.com/, userName=admin_user, password=eiwKka2yfPwwPaY]</td>
<td></td>
<td>158</td>
<td>com.hrsoft.test.datamanagement.FileFeedTestSuite@796d3c9f</td></tr>
<tr>
<td title='com.hrsoft.test.modelview.ModelViewTestSuite.SM_192_193ModelView_CreateNewCurrencySetAndDeleteIt()'><b>SM_192_193ModelView_CreateNewCurrencySetAndDeleteIt</b><br>Test class: com.hrsoft.test.modelview.ModelViewTestSuite<br>Parameters: TestDataExcel [testCase=SM_192_193ModelView_CreateNewCurrencySetAndDeleteIt, applicationURL=https://hrsofti-tcc2200-sqa.cloud.hrsoft.com/, userName=admin_user, password=ADQbxT1TjyiI9PM]</td>
<td></td>
<td>20</td>
<td>com.hrsoft.test.modelview.ModelViewTestSuite@69c6161d</td></tr>
<tr>
<td title='com.hrsoft.test.compensation.PlanningPageTestSuite.SM_121_To_SM128_SM130_SM131_PlanningGrid_Verifications()'><b>SM_121_To_SM128_SM130_SM131_PlanningGrid_Verifications</b><br>Test class: com.hrsoft.test.compensation.PlanningPageTestSuite<br>Parameters: TestDataExcel [testCase=SM_121_To_SM128_SM130_SM131_PlanningGrid_Verifications, applicationURL=https://mercfin-tcc2200-sqa.cloud.hrsoft.com/, userName=admin_user, password=eiwKka2yfPwwPaY]</td>
<td></td>
<td>185</td>
<td>com.hrsoft.test.compensation.PlanningPageTestSuite@4678a2eb</td></tr>
<tr>
<td title='com.hrsoft.test.compensation.PlanningPageTestSuite.SM_149_CompensationJobSearch_SearchJobsBasedOnCriterias()'><b>SM_149_CompensationJobSearch_SearchJobsBasedOnCriterias</b><br>Test class: com.hrsoft.test.compensation.PlanningPageTestSuite<br>Parameters: TestDataExcel [testCase=SM_149_CompensationJobSearch_SearchJobsBasedOnCriterias, applicationURL=https://mercfin-tcc2200-sqa.cloud.hrsoft.com/, userName=admin_user, password=eiwKka2yfPwwPaY]</td>
<td></td>
<td>40</td>
<td>com.hrsoft.test.compensation.PlanningPageTestSuite@4678a2eb</td></tr>
<tr>
<td title='com.hrsoft.test.compensation.PlanOverviewPageTestSuite.SM_105_106_PlanOverView_PageChangeColumnOrder()'><b>SM_105_106_PlanOverView_PageChangeColumnOrder</b><br>Test class: com.hrsoft.test.compensation.PlanOverviewPageTestSuite<br>Parameters: TestDataExcel [testCase=SM_105_106_PlanOverView_PageChangeColumnOrder, applicationURL=https://mercfin-tcc2200-sqa.cloud.hrsoft.com/, userName=admin_user, password=eiwKka2yfPwwPaY]</td>
<td></td>
<td>13</td>
<td>com.hrsoft.test.compensation.PlanOverviewPageTestSuite@21d8bcbe</td></tr>
<tr>
<td title='com.hrsoft.test.datamanagement.FileFeedTestSuite.SM_UMEI_FILE_34_UMEI_importShouldBeAbortedForAllInvalidRecords()'><b>SM_UMEI_FILE_34_UMEI_importShouldBeAbortedForAllInvalidRecords</b><br>Test class: com.hrsoft.test.datamanagement.FileFeedTestSuite<br>Parameters: TestDataExcel [testCase=SM_UMEI_FILE_34_UMEI_importShouldBeAbortedForAllInvalidRecords, applicationURL=https://mercfin-tcc2200-sqa.cloud.hrsoft.com/, userName=admin_user, password=eiwKka2yfPwwPaY]</td>
<td></td>
<td>249</td>
<td>com.hrsoft.test.datamanagement.FileFeedTestSuite@796d3c9f</td></tr>
<tr>
<td title='com.hrsoft.test.compensation.CompOverviewTestSuite.SM_82_86_CompensationCompOverview_areLinksClickable()'><b>SM_82_86_CompensationCompOverview_areLinksClickable</b><br>Test class: com.hrsoft.test.compensation.CompOverviewTestSuite<br>Parameters: TestDataExcel [testCase=SM_82_86_CompensationCompOverview_areLinksClickable, applicationURL=https://mercfin-tcc2200-sqa.cloud.hrsoft.com/, userName=admin_user, password=eiwKka2yfPwwPaY]</td>
<td></td>
<td>28</td>
<td>com.hrsoft.test.compensation.CompOverviewTestSuite@3f28bd56</td></tr>
<tr>
<td title='com.hrsoft.test.compensation.ReviewingPageTestSuite.SM_168_CompensationCompareBudgetValuesWithBelowSection()'><b>SM_168_CompensationCompareBudgetValuesWithBelowSection</b><br>Test class: com.hrsoft.test.compensation.ReviewingPageTestSuite<br>Parameters: TestDataExcel [testCase=SM_168_CompensationCompareBudgetValuesWithBelowSection, applicationURL=https://mercfin-tcc2200-sqa.cloud.hrsoft.com/, userName=admin_user, password=eiwKka2yfPwwPaY]</td>
<td></td>
<td>43</td>
<td>com.hrsoft.test.compensation.ReviewingPageTestSuite@6722db6e</td></tr>
<tr>
<td title='com.hrsoft.test.dataview.DataViewTestSuite.SM_57_DataviewReport_Group_By_Dropdown_in_the_Grid()'><b>SM_57_DataviewReport_Group_By_Dropdown_in_the_Grid</b><br>Test class: com.hrsoft.test.dataview.DataViewTestSuite<br>Parameters: TestDataExcel [testCase=SM_57_DataviewReport_Group_By_Dropdown_in_the_Grid, applicationURL=https://mercfin-tcc2200-sqa.cloud.hrsoft.com/, userName=admin_user, password=eiwKka2yfPwwPaY]</td>
<td></td>
<td>36</td>
<td>com.hrsoft.test.dataview.DataViewTestSuite@18f20260</td></tr>
<tr>
<td title='com.hrsoft.test.modelview.ModelViewTestSuite.SM_200_ModelView_CanSaveMapping()'><b>SM_200_ModelView_CanSaveMapping</b><br>Test class: com.hrsoft.test.modelview.ModelViewTestSuite<br>Parameters: TestDataExcel [testCase=SM_200_ModelView_CanSaveMapping, applicationURL=https://hrsofti-tcc2200-sqa.cloud.hrsoft.com/, userName=admin_user, password=ADQbxT1TjyiI9PM]</td>
<td></td>
<td>38</td>
<td>com.hrsoft.test.modelview.ModelViewTestSuite@69c6161d</td></tr>
<tr>
<td title='com.hrsoft.test.datamanagement.FileFeedTestSuite.SM_UMEI_FILE_06_UMEI_demographicFileWithEmptyHierarchyShouldBeImportedSuccessfully()'><b>SM_UMEI_FILE_06_UMEI_demographicFileWithEmptyHierarchyShouldBeImportedSuccessfully</b><br>Test class: com.hrsoft.test.datamanagement.FileFeedTestSuite<br>Parameters: TestDataExcel [testCase=SM_UMEI_FILE_06_UMEI_demographicFileWithEmptyHierarchyShouldBeImportedSuccessfully, applicationURL=https://mercfin-tcc2200-sqa.cloud.hrsoft.com/, userName=admin_user, password=eiwKka2yfPwwPaY]</td>
<td></td>
<td>131</td>
<td>com.hrsoft.test.datamanagement.FileFeedTestSuite@796d3c9f</td></tr>
<tr>
<td title='com.hrsoft.test.datamanagement.FileFeedTestSuite.SM_UMEI_FILE_30_UMEI_legacyFilesHeadersShouldBeReplacedWithFeedConfigOnImporting()'><b>SM_UMEI_FILE_30_UMEI_legacyFilesHeadersShouldBeReplacedWithFeedConfigOnImporting</b><br>Test class: com.hrsoft.test.datamanagement.FileFeedTestSuite<br>Parameters: TestDataExcel [testCase=SM_UMEI_FILE_30_UMEI_legacyFilesHeadersShouldBeReplacedWithFeedConfigOnImporting, applicationURL=https://mercfin-tcc2200-sqa.cloud.hrsoft.com/, userName=admin_user, password=eiwKka2yfPwwPaY]</td>
<td></td>
<td>137</td>
<td>com.hrsoft.test.datamanagement.FileFeedTestSuite@796d3c9f</td></tr>
<tr>
<td title='com.hrsoft.test.datamanagement.FileFeedTestSuite.SM_UMEI_FILE_45_UMEI_periodFactorFormatValuesShouldBeImportedSuccessfully()'><b>SM_UMEI_FILE_45_UMEI_periodFactorFormatValuesShouldBeImportedSuccessfully</b><br>Test class: com.hrsoft.test.datamanagement.FileFeedTestSuite<br>Parameters: TestDataExcel [testCase=SM_UMEI_FILE_45_UMEI_periodFactorFormatValuesShouldBeImportedSuccessfully, applicationURL=https://mercfin-tcc2200-sqa.cloud.hrsoft.com/, userName=admin_user, password=eiwKka2yfPwwPaY]</td>
<td></td>
<td>132</td>
<td>com.hrsoft.test.datamanagement.FileFeedTestSuite@796d3c9f</td></tr>
<tr>
<td title='com.hrsoft.test.modelview.ModelViewTestSuite.SM_184ModelViewSelectDiscardStatusFromDropdownAndVerifySessionStatus()'><b>SM_184ModelViewSelectDiscardStatusFromDropdownAndVerifySessionStatus</b><br>Test class: com.hrsoft.test.modelview.ModelViewTestSuite<br>Parameters: TestDataExcel [testCase=SM_184ModelViewSelectDiscardStatusFromDropdownAndVerifySessionStatus, applicationURL=https://hrsofti-tcc2200-sqa.cloud.hrsoft.com/, userName=admin_user, password=ADQbxT1TjyiI9PM]</td>
<td></td>
<td>19</td>
<td>com.hrsoft.test.modelview.ModelViewTestSuite@69c6161d</td></tr>
<tr>
<td title='com.hrsoft.test.datamanagement.FileFeedTestSuite.SM_UMEI_FILE_47_UMEI_validP4PDemographicFileShouldBeImportedSuccessfully()'><b>SM_UMEI_FILE_47_UMEI_validP4PDemographicFileShouldBeImportedSuccessfully</b><br>Test class: com.hrsoft.test.datamanagement.FileFeedTestSuite<br>Parameters: TestDataExcel [testCase=SM_UMEI_FILE_47_UMEI_validP4PDemographicFileShouldBeImportedSuccessfully, applicationURL=https://mercfin-tcc2200-sqa.cloud.hrsoft.com/, userName=admin_user, password=eiwKka2yfPwwPaY]</td>
<td></td>
<td>220</td>
<td>com.hrsoft.test.datamanagement.FileFeedTestSuite@796d3c9f</td></tr>
<tr>
<td title='com.hrsoft.test.dataview.DataViewTestSuite.SM_58_DataviewReport_QueryBuilder()'><b>SM_58_DataviewReport_QueryBuilder</b><br>Test class: com.hrsoft.test.dataview.DataViewTestSuite<br>Parameters: TestDataExcel [testCase=SM_58_DataviewReport_QueryBuilder, applicationURL=https://mercfin-tcc2200-sqa.cloud.hrsoft.com/, userName=admin_user, password=eiwKka2yfPwwPaY]</td>
<td></td>
<td>23</td>
<td>com.hrsoft.test.dataview.DataViewTestSuite@18f20260</td></tr>
<tr>
<td title='com.hrsoft.test.dataview.DataViewTestSuite.SM_36_Dataview_EditInDesignerPage()'><b>SM_36_Dataview_EditInDesignerPage</b><br>Test class: com.hrsoft.test.dataview.DataViewTestSuite<br>Parameters: TestDataExcel [testCase=SM_36_Dataview_EditInDesignerPage, applicationURL=https://mercfin-tcc2200-sqa.cloud.hrsoft.com/, userName=admin_user, password=eiwKka2yfPwwPaY]</td>
<td></td>
<td>30</td>
<td>com.hrsoft.test.dataview.DataViewTestSuite@18f20260</td></tr>
<tr>
<td title='com.hrsoft.test.modelview.ModelViewTestSuite.SM_179AModelViewclickNewTemplatWhichPopupsTemplate()'><b>SM_179AModelViewclickNewTemplatWhichPopupsTemplate</b><br>Test class: com.hrsoft.test.modelview.ModelViewTestSuite<br>Parameters: TestDataExcel [testCase=SM_179AModelViewclickNewTemplatWhichPopupsTemplate, applicationURL=https://hrsofti-tcc2200-sqa.cloud.hrsoft.com/, userName=admin_user, password=ADQbxT1TjyiI9PM]</td>
<td></td>
<td>13</td>
<td>com.hrsoft.test.modelview.ModelViewTestSuite@69c6161d</td></tr>
<tr>
<td title='com.hrsoft.test.datamanagement.FileFeedTestSuite.SM_UMEI_FILE_35_importShouldFailForAbortImportFiveOrMoreHierarchyFound()'><b>SM_UMEI_FILE_35_importShouldFailForAbortImportFiveOrMoreHierarchyFound</b><br>Test class: com.hrsoft.test.datamanagement.FileFeedTestSuite<br>Parameters: TestDataExcel [testCase=SM_UMEI_FILE_35_importShouldFailForAbortImportFiveOrMoreHierarchyFound, applicationURL=https://mercfin-tcc2200-sqa.cloud.hrsoft.com/, userName=admin_user, password=eiwKka2yfPwwPaY]</td>
<td></td>
<td>202</td>
<td>com.hrsoft.test.datamanagement.FileFeedTestSuite@796d3c9f</td></tr>
<tr>
<td title='com.hrsoft.test.homepage.HomePageTestSuite.SM_62_HomePage_MyTasksExpandOrCollapse()'><b>SM_62_HomePage_MyTasksExpandOrCollapse</b><br>Test class: com.hrsoft.test.homepage.HomePageTestSuite<br>Parameters: TestDataExcel [testCase=SM_62_HomePage_MyTasksExpandOrCollapse, applicationURL=https://mercfin-tcc2200-sqa.cloud.hrsoft.com/, userName=admin_user, password=eiwKka2yfPwwPaY]</td>
<td></td>
<td>11</td>
<td>com.hrsoft.test.homepage.HomePageTestSuite@757529a4</td></tr>
<tr>
<td title='com.hrsoft.test.datamanagement.FileFeedTestSuite.SM_UMEI_FILE_52_UMEI_importShouldContinueForPartialModeFileWithNewUserError()'><b>SM_UMEI_FILE_52_UMEI_importShouldContinueForPartialModeFileWithNewUserError</b><br>Test class: com.hrsoft.test.datamanagement.FileFeedTestSuite<br>Parameters: TestDataExcel [testCase=SM_UMEI_FILE_52_UMEI_importShouldContinueForPartialModeFileWithNewUserError, applicationURL=https://mercfin-tcc2200-sqa.cloud.hrsoft.com/, userName=admin_user, password=eiwKka2yfPwwPaY]</td>
<td></td>
<td>166</td>
<td>com.hrsoft.test.datamanagement.FileFeedTestSuite@796d3c9f</td></tr>
<tr>
<td title='com.hrsoft.test.datamanagement.FileFeedTestSuite.SM_UMEI_FILE_13_UMEI_previewValidateAndImportShouldFailForFileNameMismatch()'><b>SM_UMEI_FILE_13_UMEI_previewValidateAndImportShouldFailForFileNameMismatch</b><br>Test class: com.hrsoft.test.datamanagement.FileFeedTestSuite<br>Parameters: TestDataExcel [testCase=SM_UMEI_FILE_13_UMEI_previewValidateAndImportShouldFailForFileNameMismatch, applicationURL=https://mercfin-tcc2200-sqa.cloud.hrsoft.com/, userName=admin_user, password=eiwKka2yfPwwPaY]</td>
<td></td>
<td>53</td>
<td>com.hrsoft.test.datamanagement.FileFeedTestSuite@796d3c9f</td></tr>
<tr>
<td title='com.hrsoft.test.modelview.ModelViewTestSuite.SM_198_ModelView_clickBrowsebuttonTopopupSearchAPP()'><b>SM_198_ModelView_clickBrowsebuttonTopopupSearchAPP</b><br>Test class: com.hrsoft.test.modelview.ModelViewTestSuite<br>Parameters: TestDataExcel [testCase=SM_198_ModelView_clickBrowsebuttonTopopupSearchAPP, applicationURL=https://hrsofti-tcc2200-sqa.cloud.hrsoft.com/, userName=admin_user, password=ADQbxT1TjyiI9PM]</td>
<td></td>
<td>34</td>
<td>com.hrsoft.test.modelview.ModelViewTestSuite@69c6161d</td></tr>
<tr>
<td title='com.hrsoft.test.datamanagement.FileFeedTestSuite.SM_UMEI_FILE_25_UMEI_validateShouldFailForTopManagerMissing()'><b>SM_UMEI_FILE_25_UMEI_validateShouldFailForTopManagerMissing</b><br>Test class: com.hrsoft.test.datamanagement.FileFeedTestSuite<br>Parameters: TestDataExcel [testCase=SM_UMEI_FILE_25_UMEI_validateShouldFailForTopManagerMissing, applicationURL=https://mercfin-tcc2200-sqa.cloud.hrsoft.com/, userName=admin_user, password=eiwKka2yfPwwPaY]</td>
<td></td>
<td>195</td>
<td>com.hrsoft.test.datamanagement.FileFeedTestSuite@796d3c9f</td></tr>
<tr>
<td title='com.hrsoft.test.modelview.ModelViewTestSuite.SM_183_ModelView_EditSessionAndDiscardItAndVerifySessionGotRemoved()'><b>SM_183_ModelView_EditSessionAndDiscardItAndVerifySessionGotRemoved</b><br>Test class: com.hrsoft.test.modelview.ModelViewTestSuite<br>Parameters: TestDataExcel [testCase=SM_183_ModelView_EditSessionAndDiscardItAndVerifySessionGotRemoved, applicationURL=https://hrsofti-tcc2200-sqa.cloud.hrsoft.com/, userName=admin_user, password=ADQbxT1TjyiI9PM]</td>
<td></td>
<td>34</td>
<td>com.hrsoft.test.modelview.ModelViewTestSuite@69c6161d</td></tr>
<tr>
<td title='com.hrsoft.test.datamanagement.ApiFeedTestSuite.SMAPI07_UMEI_API_editADPSetIdAttributeTest()'><b>SMAPI07_UMEI_API_editADPSetIdAttributeTest</b><br>Test class: com.hrsoft.test.datamanagement.ApiFeedTestSuite<br>Parameters: TestDataExcel [testCase=SMAPI07_UMEI_API_editADPSetIdAttributeTest, applicationURL=https://mercfin-tcc2200-sqa.cloud.hrsoft.com/, userName=admin_user, password=eiwKka2yfPwwPaY]</td>
<td></td>
<td>29</td>
<td>com.hrsoft.test.datamanagement.ApiFeedTestSuite@3eb631b8</td></tr>
<tr>
<td title='com.hrsoft.test.common.GenericTestSuite.SM_07_CompView_Reviewing_EmpAwardChangesAccordingly()'><b>SM_07_CompView_Reviewing_EmpAwardChangesAccordingly</b><br>Test class: com.hrsoft.test.common.GenericTestSuite<br>Parameters: TestDataExcel [testCase=SM_07_CompView_Reviewing_EmpAwardChangesAccordingly, applicationURL=https://mercfin-tcc2200-sqa.cloud.hrsoft.com/, userName=admin_user, password=eiwKka2yfPwwPaY]</td>
<td></td>
<td>190</td>
<td>com.hrsoft.test.common.GenericTestSuite@577f9109</td></tr>
<tr>
<td title='com.hrsoft.test.modelview.ModelViewTestSuite.SM_206_207_208_209_ModelView_SessionProcess_CanSelectManagerFromManagerList()'><b>SM_206_207_208_209_ModelView_SessionProcess_CanSelectManagerFromManagerList</b><br>Test class: com.hrsoft.test.modelview.ModelViewTestSuite<br>Parameters: TestDataExcel [testCase=SM_206_207_208_209_ModelView_SessionProcess_CanSelectManagerFromManagerList, applicationURL=https://hrsofti-tcc2200-sqa.cloud.hrsoft.com/, userName=admin_user, password=ADQbxT1TjyiI9PM]</td>
<td></td>
<td>88</td>
<td>com.hrsoft.test.modelview.ModelViewTestSuite@69c6161d</td></tr>
<tr>
<td title='com.hrsoft.test.datamanagement.ApiFeedTestSuite.SMAPI46_UMEI_API_apiFeedPreviewTest_AdpEmpSpare()'><b>SMAPI46_UMEI_API_apiFeedPreviewTest_AdpEmpSpare</b><br>Test class: com.hrsoft.test.datamanagement.ApiFeedTestSuite<br>Parameters: TestDataExcel [testCase=SMAPI46_UMEI_API_apiFeedPreviewTest_AdpEmpSpare, applicationURL=https://mercfin-tcc2200-sqa.cloud.hrsoft.com/, userName=admin_user, password=eiwKka2yfPwwPaY]</td>
<td></td>
<td>98</td>
<td>com.hrsoft.test.datamanagement.ApiFeedTestSuite@3eb631b8</td></tr>
<tr>
<td title='com.hrsoft.test.datamanagement.FileFeedTestSuite.SM_UMEI_FILE_41_editUmeiAttribute()'><b>SM_UMEI_FILE_41_editUmeiAttribute</b><br>Test class: com.hrsoft.test.datamanagement.FileFeedTestSuite<br>Parameters: TestDataExcel [testCase=SM_UMEI_FILE_41_editUmeiAttribute, applicationURL=https://mercfin-tcc2200-sqa.cloud.hrsoft.com/, userName=admin_user, password=eiwKka2yfPwwPaY]</td>
<td></td>
<td>18</td>
<td>com.hrsoft.test.datamanagement.FileFeedTestSuite@796d3c9f</td></tr>
<tr>
<td title='com.hrsoft.test.compensation.ReviewingPageTestSuite.SM161A_CompensationReview_WithdrawRollupGroupFunctionality()'><b>SM161A_CompensationReview_WithdrawRollupGroupFunctionality</b><br>Test class: com.hrsoft.test.compensation.ReviewingPageTestSuite<br>Parameters: TestDataExcel [testCase=SM161A_CompensationReview_WithdrawRollupGroupFunctionality, applicationURL=https://mercfin-tcc2200-sqa.cloud.hrsoft.com/, userName=admin_user, password=eiwKka2yfPwwPaY]</td>
<td></td>
<td>82</td>
<td>com.hrsoft.test.compensation.ReviewingPageTestSuite@6722db6e</td></tr>
<tr>
<td title='com.hrsoft.test.datamanagement.FileFeedTestSuite.SM_UMEI_FILE_22_UMEI_importShouldBeSuccessForPartialMode()'><b>SM_UMEI_FILE_22_UMEI_importShouldBeSuccessForPartialMode</b><br>Test class: com.hrsoft.test.datamanagement.FileFeedTestSuite<br>Parameters: TestDataExcel [testCase=SM_UMEI_FILE_22_UMEI_importShouldBeSuccessForPartialMode, applicationURL=https://mercfin-tcc2200-sqa.cloud.hrsoft.com/, userName=admin_user, password=eiwKka2yfPwwPaY]</td>
<td></td>
<td>207</td>
<td>com.hrsoft.test.datamanagement.FileFeedTestSuite@796d3c9f</td></tr>
<tr>
<td title='com.hrsoft.test.compensation.PlanningPageTestSuite.SM_139_SM140_PlanningGrid_Verifications()'><b>SM_139_SM140_PlanningGrid_Verifications</b><br>Test class: com.hrsoft.test.compensation.PlanningPageTestSuite<br>Parameters: TestDataExcel [testCase=SM_139_SM140_PlanningGrid_Verifications, applicationURL=https://mercfin-tcc2200-sqa.cloud.hrsoft.com/, userName=admin_user, password=eiwKka2yfPwwPaY]</td>
<td></td>
<td>100</td>
<td>com.hrsoft.test.compensation.PlanningPageTestSuite@4678a2eb</td></tr>
<tr>
<td title='com.hrsoft.test.compensation.ReviewingPageTestSuite.SM_16_CompViewReviewPage_PlanningPaginationAndScrolling()'><b>SM_16_CompViewReviewPage_PlanningPaginationAndScrolling</b><br>Test class: com.hrsoft.test.compensation.ReviewingPageTestSuite<br>Parameters: TestDataExcel [testCase=SM_16_CompViewReviewPage_PlanningPaginationAndScrolling, applicationURL=https://mercfin-tcc2200-sqa.cloud.hrsoft.com/, userName=admin_user, password=eiwKka2yfPwwPaY]</td>
<td></td>
<td>116</td>
<td>com.hrsoft.test.compensation.ReviewingPageTestSuite@6722db6e</td></tr>
<tr>
<td title='com.hrsoft.test.rewardsview.ManagerViewTestSuite.SM_20_21_RewardsView_ManagerViewDownloadStatements()'><b>SM_20_21_RewardsView_ManagerViewDownloadStatements</b><br>Test class: com.hrsoft.test.rewardsview.ManagerViewTestSuite<br>Parameters: TestDataExcel [testCase=SM_20_21_RewardsView_ManagerViewDownloadStatements, applicationURL=https://mercfin-tcc2200-sqa.cloud.hrsoft.com/, userName=admin_user, password=eiwKka2yfPwwPaY]</td>
<td></td>
<td>72</td>
<td>com.hrsoft.test.rewardsview.ManagerViewTestSuite@464a4442</td></tr>
<tr>
<td title='com.hrsoft.test.datamanagement.FileFeedTestSuite.SM_UMEI_FILE_32_UMEI_dataFileDropDownListShouldBeProductSpecific()'><b>SM_UMEI_FILE_32_UMEI_dataFileDropDownListShouldBeProductSpecific</b><br>Test class: com.hrsoft.test.datamanagement.FileFeedTestSuite<br>Parameters: TestDataExcel [testCase=SM_UMEI_FILE_32_UMEI_dataFileDropDownListShouldBeProductSpecific, applicationURL=https://mercfin-tcc2200-sqa.cloud.hrsoft.com/, userName=admin_user, password=eiwKka2yfPwwPaY]</td>
<td></td>
<td>10</td>
<td>com.hrsoft.test.datamanagement.FileFeedTestSuite@796d3c9f</td></tr>
<tr>
<td title='com.hrsoft.test.datamanagement.FileFeedTestSuite.SM_UMEI_FILE_38_UMEI_previewShouldContainErrorRowsOnTop()'><b>SM_UMEI_FILE_38_UMEI_previewShouldContainErrorRowsOnTop</b><br>Test class: com.hrsoft.test.datamanagement.FileFeedTestSuite<br>Parameters: TestDataExcel [testCase=SM_UMEI_FILE_38_UMEI_previewShouldContainErrorRowsOnTop, applicationURL=https://mercfin-tcc2200-sqa.cloud.hrsoft.com/, userName=admin_user, password=eiwKka2yfPwwPaY]</td>
<td></td>
<td>44</td>
<td>com.hrsoft.test.datamanagement.FileFeedTestSuite@796d3c9f</td></tr>
<tr>
<td title='com.hrsoft.test.datamanagement.FileFeedTestSuite.SM_UMEI_FILE_50_UMEI_validateShouldFailForPartialModeNewUserError()'><b>SM_UMEI_FILE_50_UMEI_validateShouldFailForPartialModeNewUserError</b><br>Test class: com.hrsoft.test.datamanagement.FileFeedTestSuite<br>Parameters: TestDataExcel [testCase=SM_UMEI_FILE_50_UMEI_validateShouldFailForPartialModeNewUserError, applicationURL=https://mercfin-tcc2200-sqa.cloud.hrsoft.com/, userName=admin_user, password=eiwKka2yfPwwPaY]</td>
<td></td>
<td>73</td>
<td>com.hrsoft.test.datamanagement.FileFeedTestSuite@796d3c9f</td></tr>
<tr>
<td title='com.hrsoft.test.modelview.ModelViewTestSuite.SM_178ModelviewEditAnySession()'><b>SM_178ModelviewEditAnySession</b><br>Test class: com.hrsoft.test.modelview.ModelViewTestSuite<br>Parameters: TestDataExcel [testCase=SM_178ModelviewEditAnySession, applicationURL=https://hrsofti-tcc2200-sqa.cloud.hrsoft.com/, userName=admin_user, password=ADQbxT1TjyiI9PM]</td>
<td></td>
<td>15</td>
<td>com.hrsoft.test.modelview.ModelViewTestSuite@69c6161d</td></tr>
<tr>
<td title='com.hrsoft.test.datamanagement.FileFeedTestSuite.SM_UMEI_FILE_29_UMEI_previewAndImportShouldWorkIfValidationErrorIsLessThanThresholdElseAbort()'><b>SM_UMEI_FILE_29_UMEI_previewAndImportShouldWorkIfValidationErrorIsLessThanThresholdElseAbort</b><br>Test class: com.hrsoft.test.datamanagement.FileFeedTestSuite<br>Parameters: TestDataExcel [testCase=SM_UMEI_FILE_29_UMEI_previewAndImportShouldWorkIfValidationErrorIsLessThanThresholdElseAbort, applicationURL=https://mercfin-tcc2200-sqa.cloud.hrsoft.com/, userName=admin_user, password=eiwKka2yfPwwPaY]</td>
<td></td>
<td>184</td>
<td>com.hrsoft.test.datamanagement.FileFeedTestSuite@796d3c9f</td></tr>
<tr>
<td title='com.hrsoft.test.datamanagement.ApiFeedTestSuite.SMAPI09_UMEI_API_isEndpointNameDisableTest()'><b>SMAPI09_UMEI_API_isEndpointNameDisableTest</b><br>Test class: com.hrsoft.test.datamanagement.ApiFeedTestSuite<br>Parameters: TestDataExcel [testCase=SMAPI09_UMEI_API_isEndpointNameDisableTest, applicationURL=https://mercfin-tcc2200-sqa.cloud.hrsoft.com/, userName=admin_user, password=eiwKka2yfPwwPaY]</td>
<td></td>
<td>10</td>
<td>com.hrsoft.test.datamanagement.ApiFeedTestSuite@3eb631b8</td></tr>
<tr>
<td title='com.hrsoft.test.compensation.ReviewingPageTestSuite.SM_169_CompensationReview_VerifyBudgetValuesShouldChangeOnGroupsSwitch()'><b>SM_169_CompensationReview_VerifyBudgetValuesShouldChangeOnGroupsSwitch</b><br>Test class: com.hrsoft.test.compensation.ReviewingPageTestSuite<br>Parameters: TestDataExcel [testCase=SM_169_CompensationReview_VerifyBudgetValuesShouldChangeOnGroupsSwitch, applicationURL=https://mercfin-tcc2200-sqa.cloud.hrsoft.com/, userName=admin_user, password=eiwKka2yfPwwPaY]</td>
<td></td>
<td>29</td>
<td>com.hrsoft.test.compensation.ReviewingPageTestSuite@6722db6e</td></tr>
<tr>
<td title='com.hrsoft.test.datamanagement.ApiFeedTestSuite.SMAPI12_UMEI_API_apiEndpointIdEditTest()'><b>SMAPI12_UMEI_API_apiEndpointIdEditTest</b><br>Test class: com.hrsoft.test.datamanagement.ApiFeedTestSuite<br>Parameters: TestDataExcel [testCase=SMAPI12_UMEI_API_apiEndpointIdEditTest, applicationURL=https://mercfin-tcc2200-sqa.cloud.hrsoft.com/, userName=admin_user, password=eiwKka2yfPwwPaY]</td>
<td></td>
<td>57</td>
<td>com.hrsoft.test.datamanagement.ApiFeedTestSuite@3eb631b8</td></tr>
<tr>
<td title='com.hrsoft.test.datamanagement.FileFeedTestSuite.SM_UMEI_FILE_26_UMEI_validateShouldFailForMANDATORYFILTERNAME_Filter()'><b>SM_UMEI_FILE_26_UMEI_validateShouldFailForMANDATORYFILTERNAME_Filter</b><br>Test class: com.hrsoft.test.datamanagement.FileFeedTestSuite<br>Parameters: TestDataExcel [testCase=SM_UMEI_FILE_26_UMEI_validateShouldFailForMANDATORYFILTERNAME_Filter, applicationURL=https://mercfin-tcc2200-sqa.cloud.hrsoft.com/, userName=admin_user, password=eiwKka2yfPwwPaY]</td>
<td></td>
<td>90</td>
<td>com.hrsoft.test.datamanagement.FileFeedTestSuite@796d3c9f</td></tr>
<tr>
<td title='com.hrsoft.test.compensation.PlanningPageTestSuite.SM_116_PlanningPageTest_ChangeColumnOrder()'><b>SM_116_PlanningPageTest_ChangeColumnOrder</b><br>Test class: com.hrsoft.test.compensation.PlanningPageTestSuite<br>Parameters: TestDataExcel [testCase=SM_116_PlanningPageTest_ChangeColumnOrder, applicationURL=https://mercfin-tcc2200-sqa.cloud.hrsoft.com/, userName=admin_user, password=eiwKka2yfPwwPaY]</td>
<td></td>
<td>43</td>
<td>com.hrsoft.test.compensation.PlanningPageTestSuite@4678a2eb</td></tr>
<tr>
<td title='com.hrsoft.test.datamanagement.FileFeedTestSuite.SM_UMEI_FILE_17_UMEI_previewShouldBeSuccessForIncrementalMode()'><b>SM_UMEI_FILE_17_UMEI_previewShouldBeSuccessForIncrementalMode</b><br>Test class: com.hrsoft.test.datamanagement.FileFeedTestSuite<br>Parameters: TestDataExcel [testCase=SM_UMEI_FILE_17_UMEI_previewShouldBeSuccessForIncrementalMode, applicationURL=https://mercfin-tcc2200-sqa.cloud.hrsoft.com/, userName=admin_user, password=eiwKka2yfPwwPaY]</td>
<td></td>
<td>26</td>
<td>com.hrsoft.test.datamanagement.FileFeedTestSuite@796d3c9f</td></tr>
<tr>
<td title='com.hrsoft.test.datamanagement.ApiFeedTestSuite.SMAPI23_UMEI_API_apiFeedPreviewTest_AdpMarkerData()'><b>SMAPI23_UMEI_API_apiFeedPreviewTest_AdpMarkerData</b><br>Test class: com.hrsoft.test.datamanagement.ApiFeedTestSuite<br>Parameters: TestDataExcel [testCase=SMAPI23_UMEI_API_apiFeedPreviewTest_AdpMarkerData, applicationURL=https://mercfin-tcc2200-sqa.cloud.hrsoft.com/, userName=admin_user, password=eiwKka2yfPwwPaY]</td>
<td></td>
<td>80</td>
<td>com.hrsoft.test.datamanagement.ApiFeedTestSuite@3eb631b8</td></tr>
<tr>
<td title='com.hrsoft.test.dataview.DataViewTestSuite.SM_35_DataviewReportCloning()'><b>SM_35_DataviewReportCloning</b><br>Test class: com.hrsoft.test.dataview.DataViewTestSuite<br>Parameters: TestDataExcel [testCase=SM_35_DataviewReportCloning, applicationURL=https://mercfin-tcc2200-sqa.cloud.hrsoft.com/, userName=admin_user, password=eiwKka2yfPwwPaY]</td>
<td></td>
<td>44</td>
<td>com.hrsoft.test.dataview.DataViewTestSuite@18f20260</td></tr>
<tr>
<td title='com.hrsoft.test.datamanagement.ApiFeedTestSuite.SMAPI11_UMEI_API_editTransformValueAndActiveStatusTest()'><b>SMAPI11_UMEI_API_editTransformValueAndActiveStatusTest</b><br>Test class: com.hrsoft.test.datamanagement.ApiFeedTestSuite<br>Parameters: TestDataExcel [testCase=SMAPI11_UMEI_API_editTransformValueAndActiveStatusTest, applicationURL=https://mercfin-tcc2200-sqa.cloud.hrsoft.com/, userName=admin_user, password=eiwKka2yfPwwPaY]</td>
<td></td>
<td>33</td>
<td>com.hrsoft.test.datamanagement.ApiFeedTestSuite@3eb631b8</td></tr>
<tr>
<td title='com.hrsoft.test.modelview.ModelViewTestSuite.SM_189_191ModelView_AddAndSaveNewUnitAndCurrencyAndDelete()'><b>SM_189_191ModelView_AddAndSaveNewUnitAndCurrencyAndDelete</b><br>Test class: com.hrsoft.test.modelview.ModelViewTestSuite<br>Parameters: TestDataExcel [testCase=SM_189_191ModelView_AddAndSaveNewUnitAndCurrencyAndDelete, applicationURL=https://hrsofti-tcc2200-sqa.cloud.hrsoft.com/, userName=admin_user, password=ADQbxT1TjyiI9PM]</td>
<td></td>
<td>35</td>
<td>com.hrsoft.test.modelview.ModelViewTestSuite@69c6161d</td></tr>
<tr>
<td title='com.hrsoft.test.common.LoginLogoutTestSuite.SM_00_loginAndLogout()'><b>SM_00_loginAndLogout</b><br>Test class: com.hrsoft.test.common.LoginLogoutTestSuite<br>Parameters: TestDataExcel [testCase=SM_00_loginAndLogout, applicationURL=https://mercfin-tcc2200-sqa.cloud.hrsoft.com/, userName=admin_user, password=eiwKka2yfPwwPaY]</td>
<td></td>
<td>12</td>
<td>com.hrsoft.test.common.LoginLogoutTestSuite@4303b7f0</td></tr>
<tr>
<td title='com.hrsoft.test.datamanagement.FileFeedTestSuite.SM_UMEI_FILE_23_UMEI_validateShouldFailForDuplicateUsers()'><b>SM_UMEI_FILE_23_UMEI_validateShouldFailForDuplicateUsers</b><br>Test class: com.hrsoft.test.datamanagement.FileFeedTestSuite<br>Parameters: TestDataExcel [testCase=SM_UMEI_FILE_23_UMEI_validateShouldFailForDuplicateUsers, applicationURL=https://mercfin-tcc2200-sqa.cloud.hrsoft.com/, userName=admin_user, password=eiwKka2yfPwwPaY]</td>
<td></td>
<td>67</td>
<td>com.hrsoft.test.datamanagement.FileFeedTestSuite@796d3c9f</td></tr>
<tr>
<td title='com.hrsoft.test.dataview.DataViewTestSuite.SM_51_52_DataviewReport_FeaturedAndUnpublished()'><b>SM_51_52_DataviewReport_FeaturedAndUnpublished</b><br>Test class: com.hrsoft.test.dataview.DataViewTestSuite<br>Parameters: TestDataExcel [testCase=SM_51_52_DataviewReport_FeaturedAndUnpublished, applicationURL=https://mercfin-tcc2200-sqa.cloud.hrsoft.com/, userName=admin_user, password=eiwKka2yfPwwPaY]</td>
<td></td>
<td>37</td>
<td>com.hrsoft.test.dataview.DataViewTestSuite@18f20260</td></tr>
<tr>
<td title='com.hrsoft.test.datamanagement.FileFeedTestSuite.SM_UMEI_FILE_31_UMEI_productDropDownListShouldBeClientSpecific()'><b>SM_UMEI_FILE_31_UMEI_productDropDownListShouldBeClientSpecific</b><br>Test class: com.hrsoft.test.datamanagement.FileFeedTestSuite<br>Parameters: TestDataExcel [testCase=SM_UMEI_FILE_31_UMEI_productDropDownListShouldBeClientSpecific, applicationURL=https://mercfin-tcc2200-sqa.cloud.hrsoft.com/, userName=admin_user, password=eiwKka2yfPwwPaY]</td>
<td></td>
<td>24</td>
<td>com.hrsoft.test.datamanagement.FileFeedTestSuite@796d3c9f</td></tr>
<tr>
<td title='com.hrsoft.test.compensation.ReviewingPageTestSuite.SM_160_CompensationReview_CannotSubmitGroupWhenThereIsRedAlert()'><b>SM_160_CompensationReview_CannotSubmitGroupWhenThereIsRedAlert</b><br>Test class: com.hrsoft.test.compensation.ReviewingPageTestSuite<br>Parameters: TestDataExcel [testCase=SM_160_CompensationReview_CannotSubmitGroupWhenThereIsRedAlert, applicationURL=https://mercfin-tcc2200-sqa.cloud.hrsoft.com/, userName=admin_user, password=eiwKka2yfPwwPaY]</td>
<td></td>
<td>33</td>
<td>com.hrsoft.test.compensation.ReviewingPageTestSuite@6722db6e</td></tr>
<tr>
<td title='com.hrsoft.test.compensation.ReviewingPageTestSuite.SM_16_CompViewReviewPage_PlanningPaginationAndScrolling()'><b>SM_16_CompViewReviewPage_PlanningPaginationAndScrolling</b><br>Test class: com.hrsoft.test.compensation.ReviewingPageTestSuite<br>Parameters: TestDataExcel [testCase=SM_16_CompViewReviewPage_PlanningPaginationAndScrolling, applicationURL=https://mercfin-tcc2200-sqa.cloud.hrsoft.com/, userName=admin_user, password=eiwKka2yfPwwPaY]</td>
<td></td>
<td>114</td>
<td>com.hrsoft.test.compensation.ReviewingPageTestSuite@6722db6e</td></tr>
<tr>
<td title='com.hrsoft.test.datamanagement.FileFeedTestSuite.SM_UMEI_FILE_16_UMEI_feedValidationsShouldBeEditable()'><b>SM_UMEI_FILE_16_UMEI_feedValidationsShouldBeEditable</b><br>Test class: com.hrsoft.test.datamanagement.FileFeedTestSuite<br>Parameters: TestDataExcel [testCase=SM_UMEI_FILE_16_UMEI_feedValidationsShouldBeEditable, applicationURL=https://mercfin-tcc2200-sqa.cloud.hrsoft.com/, userName=admin_user, password=eiwKka2yfPwwPaY]</td>
<td></td>
<td>78</td>
<td>com.hrsoft.test.datamanagement.FileFeedTestSuite@796d3c9f</td></tr>
<tr>
<td title='com.hrsoft.test.common.GenericTestSuite.SM_6A_CompView_PlanningCan_AccessCoPlannedGroup()'><b>SM_6A_CompView_PlanningCan_AccessCoPlannedGroup</b><br>Test class: com.hrsoft.test.common.GenericTestSuite<br>Parameters: TestDataExcel [testCase=SM_6A_CompView_PlanningCan_AccessCoPlannedGroup, applicationURL=https://mercfin-tcc2200-sqa.cloud.hrsoft.com/, userName=admin_user, password=eiwKka2yfPwwPaY]</td>
<td></td>
<td>96</td>
<td>com.hrsoft.test.common.GenericTestSuite@577f9109</td></tr>
</table><p>
</body>
</html>