<?xml version="1.0" encoding="UTF-8"?>
<!-- Generated by org.testng.reporters.JUnitXMLReporter -->
<testsuite ignored="89" hostname="QA001Ohio" failures="7" tests="13" name="Test(failed)" time="980.615" errors="0" timestamp="2023-07-14T15:38:18 UTC">
  <testcase classname="com.hrsoft.test.rewardsview.ManagerViewTestSuite" name="SM29_RewardsView_SearchForManagersGroups" time="0.061">
    <failure type="java.lang.NullPointerException" message="Cannot invoke &amp;quot;java.lang.Integer.intValue()&amp;quot; because the return value of &amp;quot;java.lang.reflect.InvocationHandler.invoke(Object, java.lang.reflect.Method, Object[])&amp;quot; is null">
      <![CDATA[java.lang.NullPointerException: Cannot invoke "java.lang.Integer.intValue()" because the return value of "java.lang.reflect.InvocationHandler.invoke(Object, java.lang.reflect.Method, Object[])" is null
at jdk.proxy2/jdk.proxy2.$Proxy18.compPlanId(Unknown Source)
at com.hrsoft.db.CompViewDbHelper.getEmployeesByManagerGuid(CompViewDbHelper.java:407)
at com.hrsoft.test.rewardsview.ManagerViewTestSuite.SM29_RewardsView_SearchForManagersGroups(ManagerViewTestSuite.java:108)
at java.base/java.util.ArrayList.forEach(ArrayList.java:1511)
... Removed 27 stack frames]]>
    </failure>
  </testcase> <!-- SM29_RewardsView_SearchForManagersGroups -->
  <testcase classname="com.hrsoft.test.rewardsview.ManagerViewTestSuite" name="SM30_RewardsView_SearchForManagerGroup_ThroughEmployee" time="0.063">
    <failure type="java.lang.NullPointerException" message="Cannot invoke &amp;quot;java.lang.Integer.intValue()&amp;quot; because the return value of &amp;quot;java.lang.reflect.InvocationHandler.invoke(Object, java.lang.reflect.Method, Object[])&amp;quot; is null">
      <![CDATA[java.lang.NullPointerException: Cannot invoke "java.lang.Integer.intValue()" because the return value of "java.lang.reflect.InvocationHandler.invoke(Object, java.lang.reflect.Method, Object[])" is null
at jdk.proxy2/jdk.proxy2.$Proxy18.compPlanId(Unknown Source)
at com.hrsoft.db.CompViewDbHelper.getEmployeesByManagerGuid(CompViewDbHelper.java:407)
at com.hrsoft.test.rewardsview.ManagerViewTestSuite.SM30_RewardsView_SearchForManagerGroup_ThroughEmployee(ManagerViewTestSuite.java:142)
at java.base/java.util.ArrayList.forEach(ArrayList.java:1511)
... Removed 27 stack frames]]>
    </failure>
  </testcase> <!-- SM30_RewardsView_SearchForManagerGroup_ThroughEmployee -->
  <testcase classname="com.hrsoft.test.rewardsview.ManagerViewTestSuite" name="SM_23_RewardsViewManagerViewShareFunctionalFailIfPlanFails" time="61.025"/>
  <testcase classname="com.hrsoft.test.dataview.DataViewTestSuite" name="SM50_Dataview_DataviewExplorer_SearchGroupAndVerifyWithDropdownValue" time="98.085">
    <failure type="org.openqa.selenium.TimeoutException" message="Expected condition failed: waiting for visibility of element located by By.xpath: //div[@itemid=&amp;apos;GRID_2344943517659758&amp;apos;]//div[@column=&amp;apos;0&amp;apos;]/div/input (tried for 10 second(s) with 500 milliseconds interval)
Build info: version: &amp;apos;4.10.0&amp;apos;, revision: &amp;apos;c14d967899&amp;apos;
System info: os.name: &amp;apos;Windows Server 2022&amp;apos;, os.arch: &amp;apos;amd64&amp;apos;, os.version: &amp;apos;10.0&amp;apos;, java.version: &amp;apos;17.0.7&amp;apos;
Driver info: org.openqa.selenium.edge.EdgeDriver
Capabilities {acceptInsecureCerts: false, browserName: msedge, browserVersion: 114.0.1823.67, ms:edgeOptions: {debuggerAddress: localhost:55174}, msedge: {msedgedriverVersion: 114.0.1823.82 (ac4903679dd6..., userDataDir: C:\Users\KIRAN~1.YAJ\AppDat...}, networkConnectionEnabled: false, pageLoadStrategy: normal, platformName: windows, proxy: Proxy(), se:cdp: ws://localhost:55174/devtoo..., se:cdpVersion: 114.0.1823.67, setWindowRect: true, strictFileInteractability: false, timeouts: {implicit: 0, pageLoad: 300000, script: 30000}, unhandledPromptBehavior: dismiss and notify, webauthn:extension:credBlob: true, webauthn:extension:largeBlob: true, webauthn:extension:minPinLength: true, webauthn:extension:prf: true, webauthn:virtualAuthenticators: true}
Session ID: ee2bf69a1f3e6ebce779a859fffa2eeb">
      <![CDATA[org.openqa.selenium.TimeoutException: Expected condition failed: waiting for visibility of element located by By.xpath: //div[@itemid='GRID_2344943517659758']//div[@column='0']/div/input (tried for 10 second(s) with 500 milliseconds interval)
Build info: version: '4.10.0', revision: 'c14d967899'
System info: os.name: 'Windows Server 2022', os.arch: 'amd64', os.version: '10.0', java.version: '17.0.7'
Driver info: org.openqa.selenium.edge.EdgeDriver
Capabilities {acceptInsecureCerts: false, browserName: msedge, browserVersion: 114.0.1823.67, ms:edgeOptions: {debuggerAddress: localhost:55174}, msedge: {msedgedriverVersion: 114.0.1823.82 (ac4903679dd6..., userDataDir: C:\Users\KIRAN~1.YAJ\AppDat...}, networkConnectionEnabled: false, pageLoadStrategy: normal, platformName: windows, proxy: Proxy(), se:cdp: ws://localhost:55174/devtoo..., se:cdpVersion: 114.0.1823.67, setWindowRect: true, strictFileInteractability: false, timeouts: {implicit: 0, pageLoad: 300000, script: 30000}, unhandledPromptBehavior: dismiss and notify, webauthn:extension:credBlob: true, webauthn:extension:largeBlob: true, webauthn:extension:minPinLength: true, webauthn:extension:prf: true, webauthn:virtualAuthenticators: true}
Session ID: ee2bf69a1f3e6ebce779a859fffa2eeb
at org.openqa.selenium.support.ui.WebDriverWait.timeoutException(WebDriverWait.java:84)
at org.openqa.selenium.support.ui.FluentWait.until(FluentWait.java:230)
at com.hrsoft.utils.seleniumfy.BasePage.waitForElementVisible(BasePage.java:409)
at com.hrsoft.utils.seleniumfy.BasePage.waitForElementVisible(BasePage.java:387)
at com.hrsoft.utils.seleniumfy.BasePage.click(BasePage.java:617)
at com.hrsoft.gui.dataview.DataViewPage.selectAndAddSearchedGroup(DataViewPage.java:574)
at com.hrsoft.test.dataview.DataViewTestSuite.SM50_Dataview_DataviewExplorer_SearchGroupAndVerifyWithDropdownValue(DataViewTestSuite.java:695)
at java.base/java.util.ArrayList.forEach(ArrayList.java:1511)
... Removed 27 stack frames]]>
    </failure>
  </testcase> <!-- SM50_Dataview_DataviewExplorer_SearchGroupAndVerifyWithDropdownValue -->
  <testcase classname="com.hrsoft.test.dataview.DataViewTestSuite" name="SM_57_DataviewReport_Group_By_Dropdown_in_the_Grid" time="41.835"/>
  <testcase classname="com.hrsoft.test.compensation.CompOverviewTestSuite" name="SM_14_CompViewPlanningVerifyCoPlannerField" time="137.298"/>
  <testcase classname="com.hrsoft.test.compensation.CompOverviewTestSuite" name="SM_19_CompView_PlannerCanResetEnteredAwardAndChangedJob" time="220.97">
    <failure type="java.lang.AssertionError" message="expected [true] but found [false]">
      <![CDATA[java.lang.AssertionError: expected [true] but found [false]
at com.hrsoft.test.compensation.CompOverviewTestSuite.SM_19_CompView_PlannerCanResetEnteredAwardAndChangedJob(CompOverviewTestSuite.java:161)
at java.base/java.util.ArrayList.forEach(ArrayList.java:1511)
... Removed 31 stack frames]]>
    </failure>
  </testcase> <!-- SM_19_CompView_PlannerCanResetEnteredAwardAndChangedJob -->
  <testcase classname="com.hrsoft.test.compensation.ReviewingPageTestSuite" name="SM_16_CompViewReviewPage_PlanningPaginationAndScrolling" time="118.01"/>
  <testcase classname="com.hrsoft.test.compensation.PlanningPageTestSuite" name="SM_129_Compensation_VerifyEmpHistoryColumnAndHistoryAreVisible" time="55.459"/>
  <testcase classname="com.hrsoft.test.compensation.PlanningPageTestSuite" name="SM_139_SM140_PlanningGrid_Verifications" time="82.247">
    <failure type="org.openqa.selenium.TimeoutException" message="Expected condition failed: waiting for element to be clickable: By.xpath: //input[@actiontype=&amp;apos;ResetGroupAwards&amp;apos;] (tried for 10 second(s) with 500 milliseconds interval)
Build info: version: &amp;apos;4.10.0&amp;apos;, revision: &amp;apos;c14d967899&amp;apos;
System info: os.name: &amp;apos;Windows Server 2022&amp;apos;, os.arch: &amp;apos;amd64&amp;apos;, os.version: &amp;apos;10.0&amp;apos;, java.version: &amp;apos;17.0.7&amp;apos;
Driver info: org.openqa.selenium.edge.EdgeDriver
Capabilities {acceptInsecureCerts: false, browserName: msedge, browserVersion: 114.0.1823.67, ms:edgeOptions: {debuggerAddress: localhost:55774}, msedge: {msedgedriverVersion: 114.0.1823.82 (ac4903679dd6..., userDataDir: C:\Users\KIRAN~1.YAJ\AppDat...}, networkConnectionEnabled: false, pageLoadStrategy: normal, platformName: windows, proxy: Proxy(), se:cdp: ws://localhost:55774/devtoo..., se:cdpVersion: 114.0.1823.67, setWindowRect: true, strictFileInteractability: false, timeouts: {implicit: 0, pageLoad: 300000, script: 30000}, unhandledPromptBehavior: dismiss and notify, webauthn:extension:credBlob: true, webauthn:extension:largeBlob: true, webauthn:extension:minPinLength: true, webauthn:extension:prf: true, webauthn:virtualAuthenticators: true}
Session ID: 7b470129a35547e97364980f5453a548">
      <![CDATA[org.openqa.selenium.TimeoutException: Expected condition failed: waiting for element to be clickable: By.xpath: //input[@actiontype='ResetGroupAwards'] (tried for 10 second(s) with 500 milliseconds interval)
Build info: version: '4.10.0', revision: 'c14d967899'
System info: os.name: 'Windows Server 2022', os.arch: 'amd64', os.version: '10.0', java.version: '17.0.7'
Driver info: org.openqa.selenium.edge.EdgeDriver
Capabilities {acceptInsecureCerts: false, browserName: msedge, browserVersion: 114.0.1823.67, ms:edgeOptions: {debuggerAddress: localhost:55774}, msedge: {msedgedriverVersion: 114.0.1823.82 (ac4903679dd6..., userDataDir: C:\Users\KIRAN~1.YAJ\AppDat...}, networkConnectionEnabled: false, pageLoadStrategy: normal, platformName: windows, proxy: Proxy(), se:cdp: ws://localhost:55774/devtoo..., se:cdpVersion: 114.0.1823.67, setWindowRect: true, strictFileInteractability: false, timeouts: {implicit: 0, pageLoad: 300000, script: 30000}, unhandledPromptBehavior: dismiss and notify, webauthn:extension:credBlob: true, webauthn:extension:largeBlob: true, webauthn:extension:minPinLength: true, webauthn:extension:prf: true, webauthn:virtualAuthenticators: true}
Session ID: 7b470129a35547e97364980f5453a548
at org.openqa.selenium.support.ui.WebDriverWait.timeoutException(WebDriverWait.java:84)
at org.openqa.selenium.support.ui.FluentWait.until(FluentWait.java:230)
at com.hrsoft.utils.seleniumfy.BasePage.waitForElementClickable(BasePage.java:534)
at com.hrsoft.utils.seleniumfy.BasePage.waitForElementClickable(BasePage.java:512)
at com.hrsoft.utils.seleniumfy.BasePage.click(BasePage.java:618)
at com.hrsoft.gui.compensation.PlanningPage.clickResetAwards(PlanningPage.java:326)
at com.hrsoft.test.compensation.PlanningPageTestSuite.SM_139_SM140_PlanningGrid_Verifications(PlanningPageTestSuite.java:244)
at java.base/java.util.ArrayList.forEach(ArrayList.java:1511)
... Removed 27 stack frames]]>
    </failure>
  </testcase> <!-- SM_139_SM140_PlanningGrid_Verifications -->
  <testcase classname="com.hrsoft.test.modelview.ModelViewTestSuite" name="SM_183_ModelView_EditSessionAndDiscardItAndVerifySessionGotRemoved" time="50.135"/>
  <testcase classname="com.hrsoft.test.modelview.ModelViewTestSuite" name="SM_184ModelViewSelectDiscardStatusFromDropdownAndVerifySessionStatus" time="72.562">
    <failure type="org.openqa.selenium.TimeoutException" message="Expected condition failed: waiting for visibility of element located by By.xpath: //span[text()=&amp;apos;Discarded&amp;apos;] (tried for 10 second(s) with 500 milliseconds interval)
Build info: version: &amp;apos;4.10.0&amp;apos;, revision: &amp;apos;c14d967899&amp;apos;
System info: os.name: &amp;apos;Windows Server 2022&amp;apos;, os.arch: &amp;apos;amd64&amp;apos;, os.version: &amp;apos;10.0&amp;apos;, java.version: &amp;apos;17.0.7&amp;apos;
Driver info: org.openqa.selenium.edge.EdgeDriver
Capabilities {acceptInsecureCerts: false, browserName: msedge, browserVersion: 114.0.1823.67, ms:edgeOptions: {debuggerAddress: localhost:55927}, msedge: {msedgedriverVersion: 114.0.1823.82 (ac4903679dd6..., userDataDir: C:\Users\KIRAN~1.YAJ\AppDat...}, networkConnectionEnabled: false, pageLoadStrategy: normal, platformName: windows, proxy: Proxy(), se:cdp: ws://localhost:55927/devtoo..., se:cdpVersion: 114.0.1823.67, setWindowRect: true, strictFileInteractability: false, timeouts: {implicit: 0, pageLoad: 300000, script: 30000}, unhandledPromptBehavior: dismiss and notify, webauthn:extension:credBlob: true, webauthn:extension:largeBlob: true, webauthn:extension:minPinLength: true, webauthn:extension:prf: true, webauthn:virtualAuthenticators: true}
Session ID: af5573738b37b5acce49f531be1f3a19">
      <![CDATA[org.openqa.selenium.TimeoutException: Expected condition failed: waiting for visibility of element located by By.xpath: //span[text()='Discarded'] (tried for 10 second(s) with 500 milliseconds interval)
Build info: version: '4.10.0', revision: 'c14d967899'
System info: os.name: 'Windows Server 2022', os.arch: 'amd64', os.version: '10.0', java.version: '17.0.7'
Driver info: org.openqa.selenium.edge.EdgeDriver
Capabilities {acceptInsecureCerts: false, browserName: msedge, browserVersion: 114.0.1823.67, ms:edgeOptions: {debuggerAddress: localhost:55927}, msedge: {msedgedriverVersion: 114.0.1823.82 (ac4903679dd6..., userDataDir: C:\Users\KIRAN~1.YAJ\AppDat...}, networkConnectionEnabled: false, pageLoadStrategy: normal, platformName: windows, proxy: Proxy(), se:cdp: ws://localhost:55927/devtoo..., se:cdpVersion: 114.0.1823.67, setWindowRect: true, strictFileInteractability: false, timeouts: {implicit: 0, pageLoad: 300000, script: 30000}, unhandledPromptBehavior: dismiss and notify, webauthn:extension:credBlob: true, webauthn:extension:largeBlob: true, webauthn:extension:minPinLength: true, webauthn:extension:prf: true, webauthn:virtualAuthenticators: true}
Session ID: af5573738b37b5acce49f531be1f3a19
at org.openqa.selenium.support.ui.WebDriverWait.timeoutException(WebDriverWait.java:84)
at org.openqa.selenium.support.ui.FluentWait.until(FluentWait.java:230)
at com.hrsoft.utils.seleniumfy.BasePage.waitForElementVisible(BasePage.java:409)
at com.hrsoft.utils.seleniumfy.BasePage.getText(BasePage.java:1431)
at com.hrsoft.utils.seleniumfy.BasePage.getText(BasePage.java:1421)
at com.hrsoft.gui.modelview.ModelViewPage.statusList(ModelViewPage.java:81)
at com.hrsoft.test.modelview.ModelViewTestSuite.SM_184ModelViewSelectDiscardStatusFromDropdownAndVerifySessionStatus(ModelViewTestSuite.java:86)
at java.base/java.util.ArrayList.forEach(ArrayList.java:1511)
... Removed 27 stack frames]]>
    </failure>
  </testcase> <!-- SM_184ModelViewSelectDiscardStatusFromDropdownAndVerifySessionStatus -->
  <testcase classname="com.hrsoft.test.common.GenericTestSuite" name="SM_09_CompView_Planning_ManagerCanOpenOwnLinkFromLeftNav" time="0.004">
    <failure type="java.lang.NullPointerException" message="Cannot invoke &amp;quot;java.lang.Integer.intValue()&amp;quot; because the return value of &amp;quot;java.lang.reflect.InvocationHandler.invoke(Object, java.lang.reflect.Method, Object[])&amp;quot; is null">
      <![CDATA[java.lang.NullPointerException: Cannot invoke "java.lang.Integer.intValue()" because the return value of "java.lang.reflect.InvocationHandler.invoke(Object, java.lang.reflect.Method, Object[])" is null
at jdk.proxy2/jdk.proxy2.$Proxy18.compPlanId(Unknown Source)
at com.hrsoft.test.common.GenericTestSuite.SM_09_CompView_Planning_ManagerCanOpenOwnLinkFromLeftNav(GenericTestSuite.java:139)
at java.base/java.util.ArrayList.forEach(ArrayList.java:1511)
... Removed 27 stack frames]]>
    </failure>
  </testcase> <!-- SM_09_CompView_Planning_ManagerCanOpenOwnLinkFromLeftNav -->
  <testcase classname="com.hrsoft.test.dataview.DataViewTestSuite" name="SM_36_Dataview_EditInDesignerPage" time="0.0">
    <ignored/>
  </testcase> <!-- SM_36_Dataview_EditInDesignerPage -->
  <testcase classname="com.hrsoft.test.modelview.ModelViewTestSuite" name="SM_197_ModelView_clickAddPoolButtonForAddingNewPool" time="0.0">
    <ignored/>
  </testcase> <!-- SM_197_ModelView_clickAddPoolButtonForAddingNewPool -->
  <testcase classname="com.hrsoft.test.compensation.CompOverviewTestSuite" name="SM_25_CompView_ChangeJob" time="0.0">
    <ignored/>
  </testcase> <!-- SM_25_CompView_ChangeJob -->
  <testcase classname="com.hrsoft.test.modelview.ModelViewTestSuite" name="SM_192_193ModelView_CreateNewCurrencySetAndDeleteIt" time="0.0">
    <ignored/>
  </testcase> <!-- SM_192_193ModelView_CreateNewCurrencySetAndDeleteIt -->
  <testcase classname="com.hrsoft.test.compensation.PlanningPageTestSuite" name="SM_16_CompViewPlanningPage_PlanningPaginationAndScrolling" time="0.0">
    <ignored/>
  </testcase> <!-- SM_16_CompViewPlanningPage_PlanningPaginationAndScrolling -->
  <testcase classname="com.hrsoft.test.modelview.ModelViewTestSuite" name="SM_205_ModelView_SessionProcess_CanHideChart" time="0.0">
    <ignored/>
  </testcase> <!-- SM_205_ModelView_SessionProcess_CanHideChart -->
  <testcase classname="com.hrsoft.test.compensation.PlanningPageTestSuite" name="SM_132_To_137_PlanningGrid_Verifications" time="0.0">
    <ignored/>
  </testcase> <!-- SM_132_To_137_PlanningGrid_Verifications -->
  <testcase classname="com.hrsoft.test.modelview.ModelViewTestSuite" name="SM_199_ModelView_EditAnyRowValueInFieldMapping" time="0.0">
    <ignored/>
  </testcase> <!-- SM_199_ModelView_EditAnyRowValueInFieldMapping -->
  <testcase classname="com.hrsoft.test.dataview.DataViewTestSuite" name="SM_223_224_DataviewReport_PublishingAndSharing_Individual_And_Verification" time="0.0">
    <ignored/>
  </testcase> <!-- SM_223_224_DataviewReport_PublishingAndSharing_Individual_And_Verification -->
  <testcase classname="com.hrsoft.test.setuphelpers.WebBaseTest" name="@BeforeSuite setupFramework" time="0.0">
    <ignored/>
  </testcase> <!-- @BeforeSuite setupFramework -->
  <testcase classname="com.hrsoft.test.dataview.DataViewTestSuite" name="SM_54_55_DataviewReport_DownloadReportWithPrintOptions" time="0.0">
    <ignored/>
  </testcase> <!-- SM_54_55_DataviewReport_DownloadReportWithPrintOptions -->
  <testcase classname="com.hrsoft.test.modelview.ModelViewTestSuite" name="SM_204_ModelView_SessionProcess_CanEnableOrDisable" time="0.0">
    <ignored/>
  </testcase> <!-- SM_204_ModelView_SessionProcess_CanEnableOrDisable -->
  <testcase classname="com.hrsoft.test.dataview.DataViewTestSuite" name="SM40To45_DataviewReport_runEmployeeListingReport" time="0.0">
    <ignored/>
  </testcase> <!-- SM40To45_DataviewReport_runEmployeeListingReport -->
  <testcase classname="com.hrsoft.test.compensation.ReviewingPageTestSuite" name="SM161161B_Compensation_CompensationReview_SubmitRejectRollupGroup" time="0.0">
    <ignored/>
  </testcase> <!-- SM161161B_Compensation_CompensationReview_SubmitRejectRollupGroup -->
  <testcase classname="com.hrsoft.test.modelview.ModelViewTestSuite" name="SM_179AModelViewclickNewTemplatWhichPopupsTemplate" time="0.0">
    <ignored/>
  </testcase> <!-- SM_179AModelViewclickNewTemplatWhichPopupsTemplate -->
  <testcase classname="com.hrsoft.test.modelview.ModelViewTestSuite" name="SM_177AModelviewEditAnySessionByCloning" time="0.0">
    <ignored/>
  </testcase> <!-- SM_177AModelviewEditAnySessionByCloning -->
  <testcase classname="com.hrsoft.test.modelview.ModelViewTestSuite" name="SM_219_220_221_ModelView_SessionProcess_UserActions" time="0.0">
    <ignored/>
  </testcase> <!-- SM_219_220_221_ModelView_SessionProcess_UserActions -->
  <testcase classname="com.hrsoft.test.compensation.CompOverviewTestSuite" name="SM_82_86_CompensationCompOverview_areLinksClickable" time="0.0">
    <ignored/>
  </testcase> <!-- SM_82_86_CompensationCompOverview_areLinksClickable -->
  <testcase classname="com.hrsoft.test.compensation.CompOverviewTestSuite" name="SM_18_CompViewPlannerCanResetEnteredAwardAndChangedJob" time="0.0">
    <ignored/>
  </testcase> <!-- SM_18_CompViewPlannerCanResetEnteredAwardAndChangedJob -->
  <testcase classname="com.hrsoft.test.compensation.ReviewingPageTestSuite" name="SM_170_CompensationReview_VerifyGroupValuesShouldChangeOnGroupsSwitch" time="0.0">
    <ignored/>
  </testcase> <!-- SM_170_CompensationReview_VerifyGroupValuesShouldChangeOnGroupsSwitch -->
  <testcase classname="com.hrsoft.test.modelview.ModelViewTestSuite" name="SM_26_ModelViewCalibrationFilters" time="0.0">
    <ignored/>
  </testcase> <!-- SM_26_ModelViewCalibrationFilters -->
  <testcase classname="com.hrsoft.test.compensation.ReviewingPageTestSuite" name="SM161A_CompensationReview_WithdrawRollupGroupFunctionality" time="0.0">
    <ignored/>
  </testcase> <!-- SM161A_CompensationReview_WithdrawRollupGroupFunctionality -->
  <testcase classname="com.hrsoft.test.modelview.ModelViewTestSuite" name="SM_187_ModelViewCanCloneTemplateWithEditIconInSettingPage" time="0.0">
    <ignored/>
  </testcase> <!-- SM_187_ModelViewCanCloneTemplateWithEditIconInSettingPage -->
  <testcase classname="com.hrsoft.test.modelview.ModelViewTestSuite" name="SM_194_196ModelView_UserPoolsDetails" time="0.0">
    <ignored/>
  </testcase> <!-- SM_194_196ModelView_UserPoolsDetails -->
  <testcase classname="com.hrsoft.test.compensation.ReviewingPageTestSuite" name="SM_168_CompensationCompareBudgetValuesWithBelowSection" time="0.0">
    <ignored/>
  </testcase> <!-- SM_168_CompensationCompareBudgetValuesWithBelowSection -->
  <testcase classname="com.hrsoft.test.compensation.ReviewingPageTestSuite" name="SM162A_CompensationReview_WithdrawDirectGroupFunctionality" time="0.0">
    <ignored/>
  </testcase> <!-- SM162A_CompensationReview_WithdrawDirectGroupFunctionality -->
  <testcase classname="com.hrsoft.test.compensation.CompOverviewTestSuite" name="SM_38_39_CompView_PlannerCanResetEnteredAwardAndChangedJob" time="0.0">
    <ignored/>
  </testcase> <!-- SM_38_39_CompView_PlannerCanResetEnteredAwardAndChangedJob -->
  <testcase classname="com.hrsoft.test.compensation.CompOverviewTestSuite" name="SM_24_CompView_ChangeJob" time="0.0">
    <ignored/>
  </testcase> <!-- SM_24_CompView_ChangeJob -->
  <testcase classname="com.hrsoft.test.compensation.ReviewingPageTestSuite" name="SM_156_165_Compensation_ReviewPageClickOperationAndAddingNoteFunctionality" time="0.0">
    <ignored/>
  </testcase> <!-- SM_156_165_Compensation_ReviewPageClickOperationAndAddingNoteFunctionality -->
  <testcase classname="com.hrsoft.test.modelview.ModelViewTestSuite" name="SM_202_ModelView_CanDeleteSession" time="0.0">
    <ignored/>
  </testcase> <!-- SM_202_ModelView_CanDeleteSession -->
  <testcase classname="com.hrsoft.test.modelview.ModelViewTestSuite" name="SM_213_ModelView_SessionProcess_CanDoBulkUpdate" time="0.0">
    <ignored/>
  </testcase> <!-- SM_213_ModelView_SessionProcess_CanDoBulkUpdate -->
  <testcase classname="com.hrsoft.test.modelview.ModelViewTestSuite" name="SM_189_191ModelView_AddAndSaveNewUnitAndCurrencyAndDelete" time="0.0">
    <ignored/>
  </testcase> <!-- SM_189_191ModelView_AddAndSaveNewUnitAndCurrencyAndDelete -->
  <testcase classname="com.hrsoft.test.common.GenericTestSuite" name="SM_07_CompView_Reviewing_EmpAwardChangesAccordingly" time="0.0">
    <ignored/>
  </testcase> <!-- SM_07_CompView_Reviewing_EmpAwardChangesAccordingly -->
  <testcase classname="com.hrsoft.test.compensation.PlanningPageTestSuite" name="SM_141_143_CompensationEmployeeDetails_VerifyingEmployeeDetails" time="0.0">
    <ignored/>
  </testcase> <!-- SM_141_143_CompensationEmployeeDetails_VerifyingEmployeeDetails -->
  <testcase classname="com.hrsoft.test.dataview.DataViewTestSuite" name="SM46_49_Dataview_DataviewExplorer_SearchAnyGroupAndReset" time="0.0">
    <ignored/>
  </testcase> <!-- SM46_49_Dataview_DataviewExplorer_SearchAnyGroupAndReset -->
  <testcase classname="com.hrsoft.test.modelview.ModelViewTestSuite" name="SM_212_ModelView_SessionProcess_CanDoBulkUpdate" time="0.0">
    <ignored/>
  </testcase> <!-- SM_212_ModelView_SessionProcess_CanDoBulkUpdate -->
  <testcase classname="com.hrsoft.test.compensation.PlanningPageTestSuite" name="SM_148_CompensationEmployeeDetails_IsEmpSpareHistoryReportVisible" time="0.0">
    <ignored/>
  </testcase> <!-- SM_148_CompensationEmployeeDetails_IsEmpSpareHistoryReportVisible -->
  <testcase classname="com.hrsoft.test.modelview.ModelViewTestSuite" name="SM_201_ModelView_CanSaveMapping" time="0.0">
    <ignored/>
  </testcase> <!-- SM_201_ModelView_CanSaveMapping -->
  <testcase classname="com.hrsoft.test.modelview.ModelViewTestSuite" name="SM_200_ModelView_CanSaveMapping" time="0.0">
    <ignored/>
  </testcase> <!-- SM_200_ModelView_CanSaveMapping -->
  <testcase classname="com.hrsoft.test.compensation.PlanningPageTestSuite" name="SM_154_CompensationPlanDataSupport_AreBothCascadingBudgetsVisible" time="0.0">
    <ignored/>
  </testcase> <!-- SM_154_CompensationPlanDataSupport_AreBothCascadingBudgetsVisible -->
  <testcase classname="com.hrsoft.test.dataview.DataViewTestSuite" name="SM_51_52_DataviewReport_FeaturedAndUnpublished" time="0.0">
    <ignored/>
  </testcase> <!-- SM_51_52_DataviewReport_FeaturedAndUnpublished -->
  <testcase classname="com.hrsoft.test.modelview.ModelViewTestSuite" name="SM_203_ModelView_ChangeCurrency" time="0.0">
    <ignored/>
  </testcase> <!-- SM_203_ModelView_ChangeCurrency -->
  <testcase classname="com.hrsoft.test.compensation.CompOverviewTestSuite" name="SM_09C_CompViewPlanning_CanRevertPLanToConfigureStage" time="0.0">
    <ignored/>
  </testcase> <!-- SM_09C_CompViewPlanning_CanRevertPLanToConfigureStage -->
  <testcase classname="com.hrsoft.test.compensation.PlanningPageTestSuite" name="SM_138_PlanningGrid_ColorChangeToGrey" time="0.0">
    <ignored/>
  </testcase> <!-- SM_138_PlanningGrid_ColorChangeToGrey -->
  <testcase classname="com.hrsoft.test.compensation.ReviewingPageTestSuite" name="SM_167_CompensationVerifyTopGrpValueEqualsToSumOfBelowGrpValues" time="0.0">
    <ignored/>
  </testcase> <!-- SM_167_CompensationVerifyTopGrpValueEqualsToSumOfBelowGrpValues -->
  <testcase classname="com.hrsoft.test.modelview.ModelViewTestSuite" name="SM_206_207_208_209_ModelView_SessionProcess_CanSelectManagerFromManagerList" time="0.0">
    <ignored/>
  </testcase> <!-- SM_206_207_208_209_ModelView_SessionProcess_CanSelectManagerFromManagerList -->
  <testcase classname="com.hrsoft.test.compensation.CompOverviewTestSuite" name="SM_87_CompensationCompOverview_OpenCompTasksLinks" time="0.0">
    <ignored/>
  </testcase> <!-- SM_87_CompensationCompOverview_OpenCompTasksLinks -->
  <testcase classname="com.hrsoft.test.compensation.PlanningPageTestSuite" name="SM_149_CompensationJobSearch_SearchJobsBasedOnCriterias" time="0.0">
    <ignored/>
  </testcase> <!-- SM_149_CompensationJobSearch_SearchJobsBasedOnCriterias -->
  <testcase classname="com.hrsoft.test.dataview.DataViewTestSuite" name="SM_53_DataviewReport_RunReportAndRefresh" time="0.0">
    <ignored/>
  </testcase> <!-- SM_53_DataviewReport_RunReportAndRefresh -->
  <testcase classname="com.hrsoft.test.modelview.ModelViewTestSuite" name="SM_214_215_216_217_ModelView_SessionProcess_UserActions" time="0.0">
    <ignored/>
  </testcase> <!-- SM_214_215_216_217_ModelView_SessionProcess_UserActions -->
  <testcase classname="com.hrsoft.test.compensation.PlanningPageTestSuite" name="SM_108_To_SM119_PlanningPage_PageVerifications" time="0.0">
    <ignored/>
  </testcase> <!-- SM_108_To_SM119_PlanningPage_PageVerifications -->
  <testcase classname="com.hrsoft.test.compensation.ReviewingPageTestSuite" name="SM162162B_CompensationReview_SubmitRejectDirectGroupFunctionality" time="0.0">
    <ignored/>
  </testcase> <!-- SM162162B_CompensationReview_SubmitRejectDirectGroupFunctionality -->
  <testcase classname="com.hrsoft.test.dataview.DataViewTestSuite" name="SM_37_Dataview_EditInDesignerPage" time="0.0">
    <ignored/>
  </testcase> <!-- SM_37_Dataview_EditInDesignerPage -->
  <testcase classname="com.hrsoft.test.dataview.DataViewTestSuite" name="SM_56_DataviewReport_FieldListInTheGrid" time="0.0">
    <ignored/>
  </testcase> <!-- SM_56_DataviewReport_FieldListInTheGrid -->
  <testcase classname="com.hrsoft.test.modelview.ModelViewTestSuite" name="SM_177CreateModelviewSession" time="0.0">
    <ignored/>
  </testcase> <!-- SM_177CreateModelviewSession -->
  <testcase classname="com.hrsoft.test.setuphelpers.WebBaseTest" name="@BeforeSuite setupFramework" time="0.0">
    <ignored/>
  </testcase> <!-- @BeforeSuite setupFramework -->
  <testcase classname="com.hrsoft.test.modelview.ModelViewTestSuite" name="SM_190_ModelViewManageUnitPage" time="0.0">
    <ignored/>
  </testcase> <!-- SM_190_ModelViewManageUnitPage -->
  <testcase classname="com.hrsoft.test.dataview.DataViewTestSuite" name="SM_58_DataviewReport_QueryBuilder" time="0.0">
    <ignored/>
  </testcase> <!-- SM_58_DataviewReport_QueryBuilder -->
  <testcase classname="com.hrsoft.test.setuphelpers.WebBaseTest" name="@BeforeSuite setupFramework" time="0.0">
    <ignored/>
  </testcase> <!-- @BeforeSuite setupFramework -->
  <testcase classname="com.hrsoft.test.modelview.ModelViewTestSuite" name="SM_198_ModelView_clickBrowsebuttonTopopupSearchAPP" time="0.0">
    <ignored/>
  </testcase> <!-- SM_198_ModelView_clickBrowsebuttonTopopupSearchAPP -->
  <testcase classname="com.hrsoft.test.compensation.ReviewingPageTestSuite" name="SM_160_CompensationReview_CannotSubmitGroupWhenThereIsRedAlert" time="0.0">
    <ignored/>
  </testcase> <!-- SM_160_CompensationReview_CannotSubmitGroupWhenThereIsRedAlert -->
  <testcase classname="com.hrsoft.test.compensation.PlanningPageTestSuite" name="SM_155_Compensation_displayCorrectReportsAtSupportingDataSection" time="0.0">
    <ignored/>
  </testcase> <!-- SM_155_Compensation_displayCorrectReportsAtSupportingDataSection -->
  <testcase classname="com.hrsoft.test.compensation.PlanningPageTestSuite" name="SM_116_PlanningPageTest_ChangeColumnOrder" time="0.0">
    <ignored/>
  </testcase> <!-- SM_116_PlanningPageTest_ChangeColumnOrder -->
  <testcase classname="com.hrsoft.test.modelview.ModelViewTestSuite" name="SM_182_ModelView_EditSessionAndVerifyItgotEdited" time="0.0">
    <ignored/>
  </testcase> <!-- SM_182_ModelView_EditSessionAndVerifyItgotEdited -->
  <testcase classname="com.hrsoft.test.modelview.ModelViewTestSuite" name="SM_27_28_ModelViewCalibrationFilters" time="0.0">
    <ignored/>
  </testcase> <!-- SM_27_28_ModelViewCalibrationFilters -->
  <testcase classname="com.hrsoft.test.modelview.ModelViewTestSuite" name="SM_185ModelViewOpenSettingsPage" time="0.0">
    <ignored/>
  </testcase> <!-- SM_185ModelViewOpenSettingsPage -->
  <testcase classname="com.hrsoft.test.dataview.DataViewTestSuite" name="SM_222_DataviewReportCloning" time="0.0">
    <ignored/>
  </testcase> <!-- SM_222_DataviewReportCloning -->
  <testcase classname="com.hrsoft.test.compensation.PlanningPageTestSuite" name="SM_31_CompViewPlanningPage_ShowOnlyEligibleEmployees" time="0.0">
    <ignored/>
  </testcase> <!-- SM_31_CompViewPlanningPage_ShowOnlyEligibleEmployees -->
  <testcase classname="com.hrsoft.test.modelview.ModelViewTestSuite" name="SM_210_211_ModelView_SessionProcess_CanSelectManagerFromManagerList" time="0.0">
    <ignored/>
  </testcase> <!-- SM_210_211_ModelView_SessionProcess_CanSelectManagerFromManagerList -->
  <testcase classname="com.hrsoft.test.setuphelpers.WebBaseTest" name="@BeforeSuite setupFramework" time="0.0">
    <ignored/>
  </testcase> <!-- @BeforeSuite setupFramework -->
  <testcase classname="com.hrsoft.test.rewardsview.ManagerViewTestSuite" name="SM_20_21_RewardsView_ManagerViewDownloadStatements" time="0.0">
    <ignored/>
  </testcase> <!-- SM_20_21_RewardsView_ManagerViewDownloadStatements -->
  <testcase classname="com.hrsoft.test.modelview.ModelViewTestSuite" name="SM_186_ModelViewCanEditTemplateWithEditIconInSettingPage" time="0.0">
    <ignored/>
  </testcase> <!-- SM_186_ModelViewCanEditTemplateWithEditIconInSettingPage -->
  <testcase classname="com.hrsoft.test.rewardsview.ManagerViewTestSuite" name="SM_22_RewardsView_ManagerViewDownloadStatements" time="0.0">
    <ignored/>
  </testcase> <!-- SM_22_RewardsView_ManagerViewDownloadStatements -->
  <testcase classname="com.hrsoft.test.common.GenericTestSuite" name="SM_6B_CompView_Reviewing_CanOpenReviewedGroups" time="0.0">
    <ignored/>
  </testcase> <!-- SM_6B_CompView_Reviewing_CanOpenReviewedGroups -->
  <testcase classname="com.hrsoft.test.setuphelpers.WebBaseTest" name="@BeforeSuite setupFramework" time="0.0">
    <ignored/>
  </testcase> <!-- @BeforeSuite setupFramework -->
  <testcase classname="com.hrsoft.test.compensation.PlanningPageTestSuite" name="SM_112_To_SM113_PlanningPage_Verifications" time="0.0">
    <ignored/>
  </testcase> <!-- SM_112_To_SM113_PlanningPage_Verifications -->
  <testcase classname="com.hrsoft.test.common.GenericTestSuite" name="SM_6A_CompView_PlanningCan_AccessCoPlannedGroup" time="0.0">
    <ignored/>
  </testcase> <!-- SM_6A_CompView_PlanningCan_AccessCoPlannedGroup -->
  <testcase classname="com.hrsoft.test.dataview.DataViewTestSuite" name="SM_225_DataViewReport_PublishingAndMarkingAsFeatured_Individual" time="0.0">
    <ignored/>
  </testcase> <!-- SM_225_DataViewReport_PublishingAndMarkingAsFeatured_Individual -->
  <testcase classname="com.hrsoft.test.compensation.PlanningPageTestSuite" name="SM_146_147_CompensationEmployeeDetails_VerifyingEmployeeAwardAmountValue" time="0.0">
    <ignored/>
  </testcase> <!-- SM_146_147_CompensationEmployeeDetails_VerifyingEmployeeAwardAmountValue -->
  <testcase classname="com.hrsoft.test.setuphelpers.WebBaseTest" name="@BeforeSuite setupFramework" time="0.0">
    <ignored/>
  </testcase> <!-- @BeforeSuite setupFramework -->
  <testcase classname="com.hrsoft.test.modelview.ModelViewTestSuite" name="SM_178ModelviewEditAnySession" time="0.0">
    <ignored/>
  </testcase> <!-- SM_178ModelviewEditAnySession -->
  <testcase classname="com.hrsoft.test.dataview.DataViewTestSuite" name="SM_35_DataviewReportCloning" time="0.0">
    <ignored/>
  </testcase> <!-- SM_35_DataviewReportCloning -->
  <testcase classname="com.hrsoft.test.compensation.CompOverviewTestSuite" name="SM_17_CompViewPlanningEnterNoteBasedOnEnvironmentRule" time="0.0">
    <ignored/>
  </testcase> <!-- SM_17_CompViewPlanningEnterNoteBasedOnEnvironmentRule -->
  <testcase classname="com.hrsoft.test.compensation.PlanningPageTestSuite" name="SM_144_AddPerfRatingForAnyEmployeeAndVerifyBelowInGrid" time="0.0">
    <ignored/>
  </testcase> <!-- SM_144_AddPerfRatingForAnyEmployeeAndVerifyBelowInGrid -->
  <testcase classname="com.hrsoft.test.compensation.PlanningPageTestSuite" name="SM_121_To_SM128_SM130_SM131_PlanningGrid_Verifications" time="0.0">
    <ignored/>
  </testcase> <!-- SM_121_To_SM128_SM130_SM131_PlanningGrid_Verifications -->
  <testcase classname="com.hrsoft.test.modelview.ModelViewTestSuite" name="SM_188_ModelViewEditManageCurrencyAndVerifyTheChanges" time="0.0">
    <ignored/>
  </testcase> <!-- SM_188_ModelViewEditManageCurrencyAndVerifyTheChanges -->
  <testcase classname="com.hrsoft.test.modelview.ModelViewTestSuite" name="SM_218_ModelView_SessionProcess_BulkLock" time="0.0">
    <ignored/>
  </testcase> <!-- SM_218_ModelView_SessionProcess_BulkLock -->
  <testcase classname="com.hrsoft.test.compensation.ReviewingPageTestSuite" name="SM_169_CompensationReview_VerifyBudgetValuesShouldChangeOnGroupsSwitch" time="0.0">
    <ignored/>
  </testcase> <!-- SM_169_CompensationReview_VerifyBudgetValuesShouldChangeOnGroupsSwitch -->
  <testcase classname="com.hrsoft.test.compensation.PlanningPageTestSuite" name="SM_150_152_CompensationJobRecommendation_VerifyJobRecommendationAndRevertingFunctionality" time="0.0">
    <ignored/>
  </testcase> <!-- SM_150_152_CompensationJobRecommendation_VerifyJobRecommendationAndRevertingFunctionality -->
</testsuite> <!-- Test(failed) -->
