

<!DOCTYPE html>
<html>
<head>
<meta charset="UTF-8">
<meta name="viewport" content="width=device-width, initial-scale=1, shrink-to-fit=no">
<title>Automation Result</title>
<link rel="apple-touch-icon" href="https://cdn.jsdelivr.net/gh/extent-framework/extent-github-cdn@b00a2d0486596e73dd7326beacf352c639623a0e/commons/img/logo.png">
<link rel="shortcut icon" href="https://cdn.jsdelivr.net/gh/extent-framework/extent-github-cdn@b00a2d0486596e73dd7326beacf352c639623a0e/commons/img/logo.png">
<link href="https://cdn.jsdelivr.net/gh/extent-framework/extent-github-cdn@d6562a79075e061305ccfdb82f01e5e195e2d307/spark/css/spark-style.css" rel="stylesheet" />
<link href="https://stackpath.bootstrapcdn.com/font-awesome/4.7.0/css/font-awesome.min.css" rel="stylesheet">
<script src="https://cdn.jsdelivr.net/gh/extent-framework/extent-github-cdn@7cc78ce/spark/js/jsontree.js"></script>
<style type="text/css"></style></head><body class="spa -report standard">
  <div class="app">
    <div class="layout">
<div class="header navbar">
<div class="vheader">
<div class="nav-logo">
<a href="#">
<div class="logo" style="background-image: url('https://cdn.jsdelivr.net/gh/extent-framework/extent-github-cdn@b00a2d0486596e73dd7326beacf352c639623a0e/commons/img/logo.png')"></div>
</a>
</div>
<ul class="nav-left">
<li class="search-box">
<a class="search-toggle" href="#">
<i class="search-icon fa fa-search"></i>
<i class="search-icon-close fa fa-close"></i>
</a>
</li>
<li class="search-input"><input id="search-tests" class="form-control" type="text" placeholder="Search..."></li>
</ul>
<ul class="nav-right">
<li class="m-r-10">
<a href="#"><span class="badge badge-primary">
<img src='HRSoft-logo-scaled.png' style='position:absolute;left:-295px;top:3px;height:85%;max-width:59%;'/>
HR Soft Smoke Test Report
</span></a>
</li>
<li class="m-r-10">
<a href="#"><span class="badge badge-primary">Jun 28, 2023 05:10:39</span></a>
</li>
</ul>
</div>
</div><div class="side-nav">
<div class="side-nav-inner">
<ul class="side-nav-menu">
<li class="nav-item dropdown" onclick="toggleView('test-view')">
<a id="nav-test" class="dropdown-toggle" href="#">
<span class="ico"><i class="fa fa-list"></i></span>
</a>
</li>
<li class="nav-item dropdown" onclick="toggleView('category-view')">
<a id="nav-category" class="dropdown-toggle" href="#">
<span class="ico"><i class="fa fa-tag"></i></span>
</a>
</li>
<li class="nav-item dropdown" onclick="toggleView('author-view')">
<a id="nav-author" class="dropdown-toggle" href="#">
<span class="ico"><i class="fa fa-user"></i></span>
</a>
</li>
<li class="nav-item dropdown" onclick="toggleView('dashboard-view')">
<a id="nav-dashboard" class="dropdown-toggle" href="#">
<span class="ico"><i class="fa fa-bar-chart"></i></span>
</a>
</li>
</ul>
</div>
</div>      <div class="vcontainer">
        <div class="main-content">
<div class="test-wrapper row view test-view">
  <div class="test-list">
    <div class="test-list-tools">
<ul class="tools pull-left">
<li><a href="#"><span class="font-size-14">Tests</span></a></li>
</ul>
<ul class="tools text-right">
<li class="dropdown">
<a href="#" class="dropdown-toggle" data-toggle="dropdown"><i class="fa fa-exclamation-circle"></i></a>
<ul id="status-toggle" class="dropdown-menu dropdown-md p-v-0">
<a class="dropdown-item" status="fail" href="#"><span>Fail</span><span class="status danger"></span></a>
<a class="dropdown-item" status="skip" href="#"><span>Skip</span><span class="status warning"></span></a>
<div class="dropdown-divider"></div>
<a status="clear" class="dropdown-item" href="#"><span>Clear</span><span class="pull-right"><i class="fa fa-close"></i></span></a>
</ul>
</li>
<li class="dropdown">
<a href="#" class="dropdown-toggle" data-toggle="dropdown"><i class="fa fa-user"></i></a>
<ul id="author-toggle" class="dropdown-menu dropdown-md p-v-0">
<a class="dropdown-item" href="#">MashoodKhan</a><a class="dropdown-item" href="#">SrinivasAnnameni</a>
</ul>
</li>
<li class="dropdown">
<a href="#" class="dropdown-toggle" data-toggle="dropdown"><i class="fa fa-tag"></i></a>
<ul id="tag-toggle" class="dropdown-menu dropdown-md p-v-0">
<a class="dropdown-item" href="#">Component-Compensation</a>
</ul>
</li>
</ul>
</div>    <div class="test-list-wrapper scrollable">
      <ul class="test-list-item">
        <li class="test-item"  status="skip" test-id="1"
          author="MashoodKhan"
          tag="Component-Compensation"
          device="">
          <div class="test-detail">
            <p class="name">SM_88_90_CompensationFilters_copyAndDeleteFilter</p>
            <p class="text-sm">
              <span>5:10:50 AM</span> / <span>00:00:00:573</span>
              <span class="badge skip-bg log float-right">Skip</span>
            </p>
          </div>
          <div class="test-contents d-none">
<div class="detail-head">
<div class="p-v-10">
<div class="info">
<h5 class="test-status text-skip">SM_88_90_CompensationFilters_copyAndDeleteFilter</h5>
<span class='badge badge-success'>06.28.2023 5:10:50 AM</span>
<span class='badge badge-danger'>06.28.2023 5:10:50 AM</span>
<span class='badge badge-default'>00:00:00:573</span>
&middot; <span class='uri-anchor badge badge-default'>#test-id=1</span>
<span class='badge badge-default pointer float-right ml-1 et'><i class="fa fa-chevron-down"></i></span>
<span class='badge badge-default pointer float-right ct'><i class="fa fa-chevron-up"></i></span>
</div>
<div class="m-t-15"><span class="badge badge-pill badge-default">MashoodKhan</span>
<span class="badge badge-pill badge-default">Component-Compensation</span></div>
</div>
</div><div class="detail-body mt-4">
<table class="table table-sm">
  <thead><tr><th class="status-col">Status</th><th class="timestamp-col">Timestamp</th><th class="details-col">Details</th></tr></thead>
  <tbody>
      <tr class="event-row">
        <td><span class="badge log info-bg">Info</span></td>
        <td>5:10:50 AM</td>
        <td>
          Test scipt execution started: SM_88_90_CompensationFilters_copyAndDeleteFilter
        </td>
      </tr>
      <tr class="event-row">
        <td><span class="badge log skip-bg">Skip</span></td>
        <td>5:10:50 AM</td>
        <td>
          Label(text=<b>Test Case:- SM_88_90_CompensationFilters_copyAndDeleteFilter Skipped</b>, color=YELLOW)Could not start a new session. Response code 500. Message: unknown error: Chrome failed to start: exited normally.
  (unknown error: DevToolsActivePort file doesn't exist)
  (The process started from chrome location C:\Program Files\Google\Chrome\Application\chrome.exe is no longer running, so ChromeDriver is assuming that Chrome has crashed.) 
Host info: host: 'QA001OHIO', ip: '10.42.252.37'
Build info: version: '4.10.0', revision: 'c14d967899'
System info: os.name: 'Windows Server 2022', os.arch: 'amd64', os.version: '10.0', java.version: '17.0.7'
Driver info: org.openqa.selenium.chrome.ChromeDriver
Command: [null, newSession {capabilities=[Capabilities {browserName: chrome, goog:chromeOptions: {args: [--remote-allow-origins=*, --disable-extensions, --start-maximized], excludeSwitches: [load-extension, enable-automation], extensions: [], prefs: {credentials_enable_service: false, profile.password_manager_enabled: false}}}]}]
[org.openqa.selenium.remote.ProtocolHandshake.createSession(ProtocolHandshake.java:140), org.openqa.selenium.remote.ProtocolHandshake.createSession(ProtocolHandshake.java:96), org.openqa.selenium.remote.ProtocolHandshake.createSession(ProtocolHandshake.java:68), org.openqa.selenium.remote.HttpCommandExecutor.execute(HttpCommandExecutor.java:163), org.openqa.selenium.remote.service.DriverCommandExecutor.invokeExecute(DriverCommandExecutor.java:196), org.openqa.selenium.remote.service.DriverCommandExecutor.execute(DriverCommandExecutor.java:171), org.openqa.selenium.remote.RemoteWebDriver.execute(RemoteWebDriver.java:531), org.openqa.selenium.remote.RemoteWebDriver.startSession(RemoteWebDriver.java:227), org.openqa.selenium.remote.RemoteWebDriver.<init>(RemoteWebDriver.java:154), org.openqa.selenium.chromium.ChromiumDriver.<init>(ChromiumDriver.java:107), org.openqa.selenium.chrome.ChromeDriver.<init>(ChromeDriver.java:87), org.openqa.selenium.chrome.ChromeDriver.<init>(ChromeDriver.java:82), org.openqa.selenium.chrome.ChromeDriver.<init>(ChromeDriver.java:71), com.hrsoft.driver.manager.web.local.ChromeManager.getDriver(ChromeManager.java:31), com.hrsoft.driver.factory.web.local.LocalDriverFactory.getDriver(LocalDriverFactory.java:28), com.hrsoft.driver.implement.LocalWebDriveImp.getDriver(LocalWebDriveImp.java:14), com.hrsoft.driver.Driver.initDriverWeb(Driver.java:20), com.hrsoft.test.setuphelpers.WebBaseTest.setup(WebBaseTest.java:34), java.base/jdk.internal.reflect.NativeMethodAccessorImpl.invoke0(Native Method), java.base/jdk.internal.reflect.NativeMethodAccessorImpl.invoke(NativeMethodAccessorImpl.java:77), java.base/jdk.internal.reflect.DelegatingMethodAccessorImpl.invoke(DelegatingMethodAccessorImpl.java:43), java.base/java.lang.reflect.Method.invoke(Method.java:568), org.testng.internal.MethodInvocationHelper.invokeMethod(MethodInvocationHelper.java:133), org.testng.internal.MethodInvocationHelper.invokeMethodConsideringTimeout(MethodInvocationHelper.java:62), org.testng.internal.ConfigInvoker.invokeConfigurationMethod(ConfigInvoker.java:385), org.testng.internal.ConfigInvoker.invokeConfigurations(ConfigInvoker.java:321), org.testng.internal.TestInvoker.runConfigMethods(TestInvoker.java:700), org.testng.internal.TestInvoker.invokeMethod(TestInvoker.java:527), org.testng.internal.TestInvoker.invokeTestMethod(TestInvoker.java:173), org.testng.internal.MethodRunner.runInSequence(MethodRunner.java:46), org.testng.internal.TestInvoker$MethodInvocationAgent.invoke(TestInvoker.java:824), org.testng.internal.TestInvoker.invokeTestMethods(TestInvoker.java:146), org.testng.internal.TestMethodWorker.invokeTestMethods(TestMethodWorker.java:146), org.testng.internal.TestMethodWorker.run(TestMethodWorker.java:128), java.base/java.util.ArrayList.forEach(ArrayList.java:1511), org.testng.TestRunner.privateRun(TestRunner.java:794), org.testng.TestRunner.run(TestRunner.java:596), org.testng.SuiteRunner.runTest(SuiteRunner.java:377), org.testng.SuiteRunner.runSequentially(SuiteRunner.java:371), org.testng.SuiteRunner.privateRun(SuiteRunner.java:332), org.testng.SuiteRunner.run(SuiteRunner.java:276), org.testng.SuiteRunnerWorker.runSuite(SuiteRunnerWorker.java:53), org.testng.SuiteRunnerWorker.run(SuiteRunnerWorker.java:96), org.testng.TestNG.runSuitesSequentially(TestNG.java:1212), org.testng.TestNG.runSuitesLocally(TestNG.java:1134), org.testng.TestNG.runSuites(TestNG.java:1063), org.testng.TestNG.run(TestNG.java:1031), org.testng.remote.AbstractRemoteTestNG.run(AbstractRemoteTestNG.java:115), org.testng.remote.RemoteTestNG.initAndRun(RemoteTestNG.java:251), org.testng.remote.RemoteTestNG.main(RemoteTestNG.java:77)]
        </td>
      </tr>
  </tbody>
</table>
</div>
          </div>
        </li>
        <li class="test-item"  status="skip" test-id="2"
          author="MashoodKhan"
          tag="Component-Compensation"
          device="">
          <div class="test-detail">
            <p class="name">SM_91_94_CompensationFilters_CreateNewFilterAndDelete</p>
            <p class="text-sm">
              <span>5:10:54 AM</span> / <span>00:00:00:002</span>
              <span class="badge skip-bg log float-right">Skip</span>
            </p>
          </div>
          <div class="test-contents d-none">
<div class="detail-head">
<div class="p-v-10">
<div class="info">
<h5 class="test-status text-skip">SM_91_94_CompensationFilters_CreateNewFilterAndDelete</h5>
<span class='badge badge-success'>06.28.2023 5:10:54 AM</span>
<span class='badge badge-danger'>06.28.2023 5:10:54 AM</span>
<span class='badge badge-default'>00:00:00:002</span>
&middot; <span class='uri-anchor badge badge-default'>#test-id=2</span>
<span class='badge badge-default pointer float-right ml-1 et'><i class="fa fa-chevron-down"></i></span>
<span class='badge badge-default pointer float-right ct'><i class="fa fa-chevron-up"></i></span>
</div>
<div class="m-t-15"><span class="badge badge-pill badge-default">MashoodKhan</span>
<span class="badge badge-pill badge-default">Component-Compensation</span></div>
</div>
</div><div class="detail-body mt-4">
<table class="table table-sm">
  <thead><tr><th class="status-col">Status</th><th class="timestamp-col">Timestamp</th><th class="details-col">Details</th></tr></thead>
  <tbody>
      <tr class="event-row">
        <td><span class="badge log info-bg">Info</span></td>
        <td>5:10:54 AM</td>
        <td>
          Test scipt execution started: SM_91_94_CompensationFilters_CreateNewFilterAndDelete
        </td>
      </tr>
      <tr class="event-row">
        <td><span class="badge log skip-bg">Skip</span></td>
        <td>5:10:54 AM</td>
        <td>
          Label(text=<b>Test Case:- SM_91_94_CompensationFilters_CreateNewFilterAndDelete Skipped</b>, color=YELLOW)Cannot invoke "org.assertj.core.api.SoftAssertions.assertAll()" because "this.softAssertions" is null
[com.hrsoft.test.setuphelpers.WebBaseTest.teardown(WebBaseTest.java:42), java.base/jdk.internal.reflect.NativeMethodAccessorImpl.invoke0(Native Method), java.base/jdk.internal.reflect.NativeMethodAccessorImpl.invoke(NativeMethodAccessorImpl.java:77), java.base/jdk.internal.reflect.DelegatingMethodAccessorImpl.invoke(DelegatingMethodAccessorImpl.java:43), java.base/java.lang.reflect.Method.invoke(Method.java:568), org.testng.internal.MethodInvocationHelper.invokeMethod(MethodInvocationHelper.java:133), org.testng.internal.MethodInvocationHelper.invokeMethodConsideringTimeout(MethodInvocationHelper.java:62), org.testng.internal.ConfigInvoker.invokeConfigurationMethod(ConfigInvoker.java:385), org.testng.internal.ConfigInvoker.invokeConfigurations(ConfigInvoker.java:321), org.testng.internal.TestInvoker.runConfigMethods(TestInvoker.java:700), org.testng.internal.TestInvoker.runAfterGroupsConfigurations(TestInvoker.java:676), org.testng.internal.TestInvoker.invokeMethod(TestInvoker.java:546), org.testng.internal.TestInvoker.invokeTestMethod(TestInvoker.java:173), org.testng.internal.MethodRunner.runInSequence(MethodRunner.java:46), org.testng.internal.TestInvoker$MethodInvocationAgent.invoke(TestInvoker.java:824), org.testng.internal.TestInvoker.invokeTestMethods(TestInvoker.java:146), org.testng.internal.TestMethodWorker.invokeTestMethods(TestMethodWorker.java:146), org.testng.internal.TestMethodWorker.run(TestMethodWorker.java:128), java.base/java.util.ArrayList.forEach(ArrayList.java:1511), org.testng.TestRunner.privateRun(TestRunner.java:794), org.testng.TestRunner.run(TestRunner.java:596), org.testng.SuiteRunner.runTest(SuiteRunner.java:377), org.testng.SuiteRunner.runSequentially(SuiteRunner.java:371), org.testng.SuiteRunner.privateRun(SuiteRunner.java:332), org.testng.SuiteRunner.run(SuiteRunner.java:276), org.testng.SuiteRunnerWorker.runSuite(SuiteRunnerWorker.java:53), org.testng.SuiteRunnerWorker.run(SuiteRunnerWorker.java:96), org.testng.TestNG.runSuitesSequentially(TestNG.java:1212), org.testng.TestNG.runSuitesLocally(TestNG.java:1134), org.testng.TestNG.runSuites(TestNG.java:1063), org.testng.TestNG.run(TestNG.java:1031), org.testng.remote.AbstractRemoteTestNG.run(AbstractRemoteTestNG.java:115), org.testng.remote.RemoteTestNG.initAndRun(RemoteTestNG.java:251), org.testng.remote.RemoteTestNG.main(RemoteTestNG.java:77)]
        </td>
      </tr>
  </tbody>
</table>
</div>
          </div>
        </li>
        <li class="test-item"  status="fail" test-id="3"
          author="SrinivasAnnameni"
          tag="Component-Compensation"
          device="">
          <div class="test-detail">
            <p class="name">SM_108_To_SM119_PlanningPage_PageVerifications</p>
            <p class="text-sm">
              <span>5:10:57 AM</span> / <span>00:01:42:966</span>
              <span class="badge fail-bg log float-right">Fail</span>
            </p>
          </div>
          <div class="test-contents d-none">
<div class="detail-head">
<div class="p-v-10">
<div class="info">
<h5 class="test-status text-fail">SM_108_To_SM119_PlanningPage_PageVerifications</h5>
<span class='badge badge-success'>06.28.2023 5:10:57 AM</span>
<span class='badge badge-danger'>06.28.2023 5:12:40 AM</span>
<span class='badge badge-default'>00:01:42:966</span>
&middot; <span class='uri-anchor badge badge-default'>#test-id=3</span>
<span class='badge badge-default pointer float-right ml-1 et'><i class="fa fa-chevron-down"></i></span>
<span class='badge badge-default pointer float-right ct'><i class="fa fa-chevron-up"></i></span>
</div>
<div class="m-t-15"><span class="badge badge-pill badge-default">SrinivasAnnameni</span>
<span class="badge badge-pill badge-default">Component-Compensation</span></div>
</div>
</div><div class="detail-body mt-4">
<table class="table table-sm">
  <thead><tr><th class="status-col">Status</th><th class="timestamp-col">Timestamp</th><th class="details-col">Details</th></tr></thead>
  <tbody>
      <tr class="event-row">
        <td><span class="badge log info-bg">Info</span></td>
        <td>5:10:57 AM</td>
        <td>
          Test scipt execution started: SM_108_To_SM119_PlanningPage_PageVerifications
        </td>
      </tr>
      <tr class="event-row">
        <td><span class="badge log info-bg">Info</span></td>
        <td>5:11:15 AM</td>
        <td>
          Logged in as: admin_user
        </td>
      </tr>
      <tr class="event-row">
        <td><span class="badge log info-bg">Info</span></td>
        <td>5:11:39 AM</td>
        <td>
          Clicked on link to navigate to Comp planning page for Joe Poxson
        </td>
      </tr>
      <tr class="event-row">
        <td><span class="badge log info-bg">Info</span></td>
        <td>5:12:21 AM</td>
        <td>
          Switched to direct
        </td>
      </tr>
      <tr class="event-row">
        <td><span class="badge log info-bg">Info</span></td>
        <td>5:12:23 AM</td>
        <td>
          Entered group notes
        </td>
      </tr>
      <tr class="event-row">
        <td><span class="badge log info-bg">Info</span></td>
        <td>5:12:40 AM</td>
        <td>
          unable to find elemet: //span[text()='Current Salary']/following::nobr[contains(text(),'USD')][2], exception: org.openqa.selenium.NoSuchElementException: Unable to find element with locator By.xpath: //span[text()='Current Salary']/following::nobr[contains(text(),'USD')][2]
For documentation on this error, please visit: https://www.selenium.dev/documentation/webdriver/troubleshooting/errors#no-such-element-exception
Build info: version: '4.10.0', revision: 'c14d967899'
System info: os.name: 'Windows Server 2022', os.arch: 'amd64', os.version: '10.0', java.version: '17.0.7'
Driver info: driver.version: RemoteWebDriver
        </td>
      </tr>
      <tr class="event-row">
        <td><span class="badge log info-bg">Info</span></td>
        <td>5:12:40 AM</td>
        <td>
          Currency hidden
        </td>
      </tr>
      <tr class="event-row">
        <td><span class="badge log fail-bg">Fail</span></td>
        <td>5:12:40 AM</td>
        <td>
          <details><summary><b><font color=red>Exception Occured:Click to see</font></b ></summary>no such window: target window already closed
from unknown error: web view not found
  (Session info: chrome=114.0.5735.199)
Build info: version: '4.10.0'<br> revision: 'c14d967899'
System info: os.name: 'Windows Server 2022'<br> os.arch: 'amd64'<br> os.version: '10.0'<br> java.version: '17.0.7'
Driver info: org.openqa.selenium.chrome.ChromeDriver
Command: [656908130ef977d277b5bd87450d33fb<br> switchToFrame {id=null}]
Capabilities {acceptInsecureCerts: false<br> browserName: chrome<br> browserVersion: 114.0.5735.199<br> chrome: {chromedriverVersion: 114.0.5735.90 (386bc09e8f4f...<br> userDataDir: C:\Users\KIRAN~1.YAJ\AppDat...}<br> goog:chromeOptions: {debuggerAddress: localhost:49911}<br> networkConnectionEnabled: false<br> pageLoadStrategy: normal<br> platformName: windows<br> proxy: Proxy()<br> se:cdp: ws://localhost:49911/devtoo...<br> se:cdpVersion: 114.0.5735.199<br> setWindowRect: true<br> strictFileInteractability: false<br> timeouts: {implicit: 0<br> pageLoad: 300000<br> script: 30000}<br> unhandledPromptBehavior: dismiss and notify<br> webauthn:extension:credBlob: true<br> webauthn:extension:largeBlob: true<br> webauthn:extension:minPinLength: true<br> webauthn:extension:prf: true<br> webauthn:virtualAuthenticators: true}
Session ID: 656908130ef977d277b5bd87450d33fb
[java.base/jdk.internal.reflect.NativeConstructorAccessorImpl.newInstance0(Native Method)<br> java.base/jdk.internal.reflect.NativeConstructorAccessorImpl.newInstance(NativeConstructorAccessorImpl.java:77)<br> java.base/jdk.internal.reflect.DelegatingConstructorAccessorImpl.newInstance(DelegatingConstructorAccessorImpl.java:45)<br> java.base/java.lang.reflect.Constructor.newInstanceWithCaller(Constructor.java:499)<br> java.base/java.lang.reflect.Constructor.newInstance(Constructor.java:480)<br> org.openqa.selenium.remote.codec.w3c.W3CHttpResponseCodec.createException(W3CHttpResponseCodec.java:199)<br> org.openqa.selenium.remote.codec.w3c.W3CHttpResponseCodec.decode(W3CHttpResponseCodec.java:132)<br> org.openqa.selenium.remote.codec.w3c.W3CHttpResponseCodec.decode(W3CHttpResponseCodec.java:51)<br> org.openqa.selenium.remote.HttpCommandExecutor.execute(HttpCommandExecutor.java:191)<br> org.openqa.selenium.remote.service.DriverCommandExecutor.invokeExecute(DriverCommandExecutor.java:196)<br> org.openqa.selenium.remote.service.DriverCommandExecutor.execute(DriverCommandExecutor.java:171)<br> org.openqa.selenium.remote.RemoteWebDriver.execute(RemoteWebDriver.java:531)<br> org.openqa.selenium.remote.RemoteWebDriver$RemoteTargetLocator.defaultContent(RemoteWebDriver.java:1072)<br> com.hrsoft.utils.seleniumfy.BasePage.switchToDefaultContent(BasePage.java:1977)<br> com.hrsoft.utils.seleniumfy.BasePage.switchToInnerFrame(BasePage.java:1962)<br> com.hrsoft.gui.compensation.PlanningPage.clickCurrencyPayRate(PlanningPage.java:650)<br> com.hrsoft.test.compensation.PlanningPageTestSuite.SM_108_To_SM119_PlanningPage_PageVerifications(PlanningPageTestSuite.java:63)<br> java.base/jdk.internal.reflect.NativeMethodAccessorImpl.invoke0(Native Method)<br> java.base/jdk.internal.reflect.NativeMethodAccessorImpl.invoke(NativeMethodAccessorImpl.java:77)<br> java.base/jdk.internal.reflect.DelegatingMethodAccessorImpl.invoke(DelegatingMethodAccessorImpl.java:43)<br> java.base/java.lang.reflect.Method.invoke(Method.java:568)<br> org.testng.internal.MethodInvocationHelper.invokeMethod(MethodInvocationHelper.java:133)<br> org.testng.internal.TestInvoker.invokeMethod(TestInvoker.java:598)<br> org.testng.internal.TestInvoker.invokeTestMethod(TestInvoker.java:173)<br> org.testng.internal.MethodRunner.runInSequence(MethodRunner.java:46)<br> org.testng.internal.TestInvoker$MethodInvocationAgent.invoke(TestInvoker.java:824)<br> org.testng.internal.TestInvoker.invokeTestMethods(TestInvoker.java:146)<br> org.testng.internal.TestMethodWorker.invokeTestMethods(TestMethodWorker.java:146)<br> org.testng.internal.TestMethodWorker.run(TestMethodWorker.java:128)<br> java.base/java.util.ArrayList.forEach(ArrayList.java:1511)<br> org.testng.TestRunner.privateRun(TestRunner.java:794)<br> org.testng.TestRunner.run(TestRunner.java:596)<br> org.testng.SuiteRunner.runTest(SuiteRunner.java:377)<br> org.testng.SuiteRunner.runSequentially(SuiteRunner.java:371)<br> org.testng.SuiteRunner.privateRun(SuiteRunner.java:332)<br> org.testng.SuiteRunner.run(SuiteRunner.java:276)<br> org.testng.SuiteRunnerWorker.runSuite(SuiteRunnerWorker.java:53)<br> org.testng.SuiteRunnerWorker.run(SuiteRunnerWorker.java:96)<br> org.testng.TestNG.runSuitesSequentially(TestNG.java:1212)<br> org.testng.TestNG.runSuitesLocally(TestNG.java:1134)<br> org.testng.TestNG.runSuites(TestNG.java:1063)<br> org.testng.TestNG.run(TestNG.java:1031)<br> org.testng.remote.AbstractRemoteTestNG.run(AbstractRemoteTestNG.java:115)<br> org.testng.remote.RemoteTestNG.initAndRun(RemoteTestNG.java:251)<br> org.testng.remote.RemoteTestNG.main(RemoteTestNG.java:77)]</details> 

        </td>
      </tr>
      <tr class="event-row">
        <td><span class="badge log fail-bg">Fail</span></td>
        <td>5:12:40 AM</td>
        <td>
          <details><summary><b><font color=red>Exception Occured:Click to see</font></b ></summary>org.openqa.selenium.NoSuchWindowException: no such window: target window already closed
from unknown error: web view not found
  (Session info: chrome=114.0.5735.199)
Build info: version: '4.10.0'<br> revision: 'c14d967899'
System info: os.name: 'Windows Server 2022'<br> os.arch: 'amd64'<br> os.version: '10.0'<br> java.version: '17.0.7'
Driver info: org.openqa.selenium.chrome.ChromeDriver
Command: [656908130ef977d277b5bd87450d33fb<br> executeScript {script=return Math.max(document.body.scrollHeight<br> document.body.offsetHeight<br>
    document.documentElement.clientHeight<br> document.documentElement.scrollHeight<br> document.documentElement.offsetHeight);<br> args=[]}]
Capabilities {acceptInsecureCerts: false<br> browserName: chrome<br> browserVersion: 114.0.5735.199<br> chrome: {chromedriverVersion: 114.0.5735.90 (386bc09e8f4f...<br> userDataDir: C:\Users\KIRAN~1.YAJ\AppDat...}<br> goog:chromeOptions: {debuggerAddress: localhost:49911}<br> networkConnectionEnabled: false<br> pageLoadStrategy: normal<br> platformName: windows<br> proxy: Proxy()<br> se:cdp: ws://localhost:49911/devtoo...<br> se:cdpVersion: 114.0.5735.199<br> setWindowRect: true<br> strictFileInteractability: false<br> timeouts: {implicit: 0<br> pageLoad: 300000<br> script: 30000}<br> unhandledPromptBehavior: dismiss and notify<br> webauthn:extension:credBlob: true<br> webauthn:extension:largeBlob: true<br> webauthn:extension:minPinLength: true<br> webauthn:extension:prf: true<br> webauthn:virtualAuthenticators: true}
Session ID: 656908130ef977d277b5bd87450d33fb
[ru.yandex.qatools.ashot.util.InnerScript.execute(InnerScript.java:32)<br> ru.yandex.qatools.ashot.shooting.ViewportPastingDecorator.getFullHeight(ViewportPastingDecorator.java:67)<br> ru.yandex.qatools.ashot.shooting.ViewportPastingDecorator.getScreenshot(ViewportPastingDecorator.java:41)<br> ru.yandex.qatools.ashot.shooting.ViewportPastingDecorator.getScreenshot(ViewportPastingDecorator.java:35)<br> ru.yandex.qatools.ashot.AShot.takeScreenshot(AShot.java:145)<br> com.hrsoft.reports.ExtentManager.captureScreenshot(ExtentManager.java:42)<br> com.hrsoft.reports.ExtentListener.onTestFailure(ExtentListener.java:96)<br> org.testng.internal.TestListenerHelper.runTestListeners(TestListenerHelper.java:96)<br> org.testng.internal.TestInvoker.runTestResultListener(TestInvoker.java:219)<br> org.testng.internal.TestInvoker.invokeMethod(TestInvoker.java:656)<br> org.testng.internal.TestInvoker.invokeTestMethod(TestInvoker.java:173)<br> org.testng.internal.MethodRunner.runInSequence(MethodRunner.java:46)<br> org.testng.internal.TestInvoker$MethodInvocationAgent.invoke(TestInvoker.java:824)<br> org.testng.internal.TestInvoker.invokeTestMethods(TestInvoker.java:146)<br> org.testng.internal.TestMethodWorker.invokeTestMethods(TestMethodWorker.java:146)<br> org.testng.internal.TestMethodWorker.run(TestMethodWorker.java:128)<br> java.base/java.util.ArrayList.forEach(ArrayList.java:1511)<br> org.testng.TestRunner.privateRun(TestRunner.java:794)<br> org.testng.TestRunner.run(TestRunner.java:596)<br> org.testng.SuiteRunner.runTest(SuiteRunner.java:377)<br> org.testng.SuiteRunner.runSequentially(SuiteRunner.java:371)<br> org.testng.SuiteRunner.privateRun(SuiteRunner.java:332)<br> org.testng.SuiteRunner.run(SuiteRunner.java:276)<br> org.testng.SuiteRunnerWorker.runSuite(SuiteRunnerWorker.java:53)<br> org.testng.SuiteRunnerWorker.run(SuiteRunnerWorker.java:96)<br> org.testng.TestNG.runSuitesSequentially(TestNG.java:1212)<br> org.testng.TestNG.runSuitesLocally(TestNG.java:1134)<br> org.testng.TestNG.runSuites(TestNG.java:1063)<br> org.testng.TestNG.run(TestNG.java:1031)<br> org.testng.remote.AbstractRemoteTestNG.run(AbstractRemoteTestNG.java:115)<br> org.testng.remote.RemoteTestNG.initAndRun(RemoteTestNG.java:251)<br> org.testng.remote.RemoteTestNG.main(RemoteTestNG.java:77)]</details> 

        </td>
      </tr>
  </tbody>
</table>
</div>
          </div>
        </li>
      </ul>
    </div>
  </div>
<div class="test-content scrollable">
<div class="test-content-tools">
<ul><li><a class="back-to-test" href="#"><i class="fa fa-arrow-left"></i></a></li></ul>
</div>
<div class="test-content-detail"><div class="detail-body"></div></div>
</div></div>
<div class="test-wrapper row view category-view attributes-view">
<div class="test-list">
<div class="test-list-tools">
<ul class="tools pull-left"><li><a href=""><span class="font-size-14">Category</span></a></li></ul>
<ul class="tools text-right"><li><a href="#"><span class="badge badge-primary">1</span></a></li></ul>
</div>
<div class="test-list-wrapper scrollable">
<ul class="test-list-item">
<li class="test-item">
<div class="test-detail">
<span class="meta">
<span class='badge log badge-danger'>1</span>
<span class='badge log badge-skip'>2</span>
</span>
<p class="name">Component-Compensation</p>
<p class="duration text-sm">3 tests</p>
</div>
<div class="test-contents d-none">
<div class="info">
<h4>Component-Compensation</h4>
<span status="fail" class='badge log badge-danger'>1 failed</span>
<span status="skip" class='badge log badge-skip'>2 skipped</span>
</div>
<table class='table table-sm mt-4'>
<thead>
<tr>
<th class="status-col">Status</th>
<th class="timestamp-col">Timestamp</th>
<th>TestName</th>
</tr>
</thead>
<tbody>
<tr class="tag-test-status" status="skip">
<td><span class="badge log skip-bg">Skip</span></td>
<td>05:10:50 AM</td>
<td>
<a href="#" class="linked" test-id='1' id='1'>SM_88_90_CompensationFilters_copyAndDeleteFilter</a>
</td>
</tr>
<tr class="tag-test-status" status="skip">
<td><span class="badge log skip-bg">Skip</span></td>
<td>05:10:54 AM</td>
<td>
<a href="#" class="linked" test-id='2' id='2'>SM_91_94_CompensationFilters_CreateNewFilterAndDelete</a>
</td>
</tr>
<tr class="tag-test-status" status="fail">
<td><span class="badge log fail-bg">Fail</span></td>
<td>05:10:57 AM</td>
<td>
<a href="#" class="linked" test-id='3' id='3'>SM_108_To_SM119_PlanningPage_PageVerifications</a>
</td>
</tr>
</tbody>
</table>
</div>
</li>
</ul>
</div>
</div>
<div class="test-content scrollable">
<div class="test-content-detail">
<div class="detail-body"></div>
</div>
</div>
</div><div class="test-wrapper row view author-view attributes-view">
<div class="test-list">
<div class="test-list-tools">
<ul class="tools pull-left"><li><a href=""><span class="font-size-14">Author</span></a></li></ul>
<ul class="tools text-right"><li><a href="#"><span class="badge badge-primary">2</span></a></li></ul>
</div>
<div class="test-list-wrapper scrollable">
<ul class="test-list-item">
<li class="test-item">
<div class="test-detail">
<span class="meta">
<span class='badge log badge-skip'>2</span>
</span>
<p class="name">MashoodKhan</p>
<p class="duration text-sm">2 tests</p>
</div>
<div class="test-contents d-none">
<div class="info">
<h4>MashoodKhan</h4>
<span status="skip" class='badge log badge-skip'>2 skipped</span>
</div>
<table class='table table-sm mt-4'>
<thead>
<tr>
<th class="status-col">Status</th>
<th class="timestamp-col">Timestamp</th>
<th>TestName</th>
</tr>
</thead>
<tbody>
<tr class="tag-test-status" status="skip">
<td><span class="badge log skip-bg">Skip</span></td>
<td>05:10:50 AM</td>
<td>
<a href="#" class="linked" test-id='1' id='1'>SM_88_90_CompensationFilters_copyAndDeleteFilter</a>
</td>
</tr>
<tr class="tag-test-status" status="skip">
<td><span class="badge log skip-bg">Skip</span></td>
<td>05:10:54 AM</td>
<td>
<a href="#" class="linked" test-id='2' id='2'>SM_91_94_CompensationFilters_CreateNewFilterAndDelete</a>
</td>
</tr>
</tbody>
</table>
</div>
</li>
<li class="test-item">
<div class="test-detail">
<span class="meta">
<span class='badge log badge-danger'>1</span>
</span>
<p class="name">SrinivasAnnameni</p>
<p class="duration text-sm">1 tests</p>
</div>
<div class="test-contents d-none">
<div class="info">
<h4>SrinivasAnnameni</h4>
<span status="fail" class='badge log badge-danger'>1 failed</span>
</div>
<table class='table table-sm mt-4'>
<thead>
<tr>
<th class="status-col">Status</th>
<th class="timestamp-col">Timestamp</th>
<th>TestName</th>
</tr>
</thead>
<tbody>
<tr class="tag-test-status" status="fail">
<td><span class="badge log fail-bg">Fail</span></td>
<td>05:10:57 AM</td>
<td>
<a href="#" class="linked" test-id='3' id='3'>SM_108_To_SM119_PlanningPage_PageVerifications</a>
</td>
</tr>
</tbody>
</table>
</div>
</li>
</ul>
</div>
</div>
<div class="test-content scrollable">
<div class="test-content-detail">
<div class="detail-body"></div>
</div>
</div>
</div><div class="container-fluid p-4 view dashboard-view">
<div class="row">
<div class="col-md-3">
<div class="card"><div class="card-body">
<p class="m-b-0">Started</p>
<h3>Jun 28, 2023 05:10:39</h3>
</div></div>
</div>
<div class="col-md-3">
<div class="card"><div class="card-body">
<p class="m-b-0">Ended</p>
<h3>Jun 28, 2023 05:12:40</h3>
</div></div>
</div>
<div class="col-md-3">
<div class="card"><div class="card-body">
<p class="m-b-0 text-pass">Tests Passed</p>
<h3>0</h3>
</div></div>
</div>
<div class="col-md-3">
<div class="card"><div class="card-body">
<p class="m-b-0 text-fail">Tests Failed</p>
<h3>1</h3>
</div></div>
</div>
</div>
<div class="row">
<div class="col-md-6">
<div class="card">
<div class="card-header">
<h6 class="card-title">Tests</h6>
</div>
<div class="card-body">
<div class="">
<canvas id='parent-analysis' width='115' height='90'></canvas>
</div>
</div>
<div class="card-footer">
<div><small data-tooltip='0%'>
<b>0</b> tests passed
</small>
</div>
<div>
<small data-tooltip='33%'><b>1</b> tests failed,
<b>2</b> skipped, <b data-tooltip='0%'>0</b> others
</small>
</div>
</div>
</div>
</div>
<div class="col-md-6">
<div class="card">
<div class="card-header">
<h6 class="card-title">Log events</h6>
</div>
<div class="card-body">
<div class="">
<canvas id='events-analysis' width='115' height='90'></canvas>
</div>
</div>
<div class="card-footer">
<div><small data-tooltip='0%'><b>0</b> events passed</small></div>
<div>
<small data-tooltip='15%'><b>2</b> events failed,
<b data-tooltip='%'>11</b> others
</small>
</div>
</div>
</div>
</div>
</div>
<div class="row"><div class="col-md-12">
<div class="card"><div class="card-header"><p>Timeline</p></div>
<div class="card-body pt-0"><div>
<canvas id="timeline" height="120"></canvas>
</div></div>
</div>
</div></div>
<script>
var timeline = {
"SM_88_90_CompensationFilters_copyAndDeleteFilter":0.573,"SM_91_94_CompensationFilters_CreateNewFilterAndDelete":0.002,"SM_108_To_SM119_PlanningPage_PageVerifications":102.966
};
</script>
<div class="row">
<div class="col-lg-6 col-md-12 author-container">
<div class="card">
<div class="card-header"><p>Author</p></div>
<div class="card-body pb-0 pt-0"><table class="table table-sm table-bordered">
<thead><tr class="bg-gray"><th>Name</th><th>Passed</th><th>Failed</th><th>Skipped</th><th>Others</th><th>Passed %</th></tr></thead>
<tbody>
<tr>
<td>MashoodKhan</td>
<td>0</td>
<td>0</td>
<td>2</td>
<td>0</td>
<td>0%</td>
</tr>
<tr>
<td>SrinivasAnnameni</td>
<td>0</td>
<td>1</td>
<td>0</td>
<td>0</td>
<td>0%</td>
</tr>
</tbody>
</table></div>
</div>
</div>
<div class="col-lg-6 col-md-12 category-container">
<div class="card">
<div class="card-header"><p>Tags</p></div>
<div class="card-body pb-0 pt-0"><table class="table table-sm table-bordered">
<thead><tr class="bg-gray"><th>Name</th><th>Passed</th><th>Failed</th><th>Skipped</th><th>Others</th><th>Passed %</th></tr></thead><tbody>
<tr>
<td>Component-Compensation</td>
<td>0</td>
<td>1</td>
<td>2</td>
<td>0</td>
<td>0%</td>
</tr>
</tbody>
</table></div>
</div>
</div>
<div class="col-lg-6 col-md-12 sysenv-container">
<div class="card">
<div class="card-header"><p>System/Environment</p></div>
<div class="card-body pb-0 pt-0"><table class="table table-sm table-bordered">
<thead><tr class="bg-gray"><th>Name</th><th>Value</th></tr></thead>
<tbody>
<tr>
<td>Automation Tester</td>
<td>HRSoft Automation Team</td>
</tr>
<tr>
<td>Organization</td>
<td>HR SOft</td>
</tr>
<tr>
<td>Environment</td>
<td>SQA</td>
</tr>
</tbody>
</table></div>
</div>
</div>
</div>
</div>
<script>
var statusGroup = {
parentCount: 5,
passParent: 0,
failParent: 1,
warningParent: 0,
skipParent: 2,
childCount: 5,
passChild: 0,
failChild: 0,
warningChild: 0,
skipChild: 0,
infoChild: 0,
grandChildCount: 5,
passGrandChild: 0,
failGrandChild: 0,
warningGrandChild: 0,
skipGrandChild: 0,
infoGrandChild: 0,
eventsCount: 5,
passEvents: 0,
failEvents: 2,
warningEvents: 0,
skipEvents: 2,
infoEvents: 9
};
</script>        </div>
      </div>
    </div>
  </div>
<script src="https://cdn.jsdelivr.net/gh/extent-framework/extent-github-cdn@d6562a79075e061305ccfdb82f01e5e195e2d307/spark/js/spark-script.js"></script>
<script type="text/javascript"></script></body>
</html>